{"/Users/joshpankin/My Drive/Obsidian/1. Projects/Antibiotic Learning app/src/App.js": {"path":"/Users/joshpankin/My Drive/Obsidian/1. Projects/Antibiotic Learning app/src/App.js","statementMap":{"0":{"start":{"line":21,"column":25},"end":{"line":21,"column":76}},"1":{"start":{"line":21,"column":36},"end":{"line":21,"column":75}},"2":{"start":{"line":22,"column":31},"end":{"line":22,"column":88}},"3":{"start":{"line":22,"column":42},"end":{"line":22,"column":87}},"4":{"start":{"line":23,"column":27},"end":{"line":23,"column":80}},"5":{"start":{"line":23,"column":38},"end":{"line":23,"column":79}},"6":{"start":{"line":24,"column":26},"end":{"line":24,"column":78}},"7":{"start":{"line":24,"column":37},"end":{"line":24,"column":77}},"8":{"start":{"line":30,"column":19},"end":{"line":175,"column":1}},"9":{"start":{"line":31,"column":2},"end":{"line":31,"column":50}},"10":{"start":{"line":48,"column":6},"end":{"line":48,"column":21}},"11":{"start":{"line":50,"column":75},"end":{"line":50,"column":85}},"12":{"start":{"line":52,"column":2},"end":{"line":52,"column":57}},"13":{"start":{"line":53,"column":2},"end":{"line":53,"column":57}},"14":{"start":{"line":54,"column":2},"end":{"line":54,"column":61}},"15":{"start":{"line":56,"column":2},"end":{"line":174,"column":4}},"16":{"start":{"line":145,"column":50},"end":{"line":145,"column":93}},"17":{"start":{"line":156,"column":39},"end":{"line":156,"column":71}},"18":{"start":{"line":167,"column":31},"end":{"line":167,"column":57}},"19":{"start":{"line":182,"column":2},"end":{"line":186,"column":4}}},"fnMap":{"0":{"name":"(anonymous_0)","decl":{"start":{"line":21,"column":30},"end":{"line":21,"column":31}},"loc":{"start":{"line":21,"column":36},"end":{"line":21,"column":75}},"line":21},"1":{"name":"(anonymous_1)","decl":{"start":{"line":22,"column":36},"end":{"line":22,"column":37}},"loc":{"start":{"line":22,"column":42},"end":{"line":22,"column":87}},"line":22},"2":{"name":"(anonymous_2)","decl":{"start":{"line":23,"column":32},"end":{"line":23,"column":33}},"loc":{"start":{"line":23,"column":38},"end":{"line":23,"column":79}},"line":23},"3":{"name":"(anonymous_3)","decl":{"start":{"line":24,"column":31},"end":{"line":24,"column":32}},"loc":{"start":{"line":24,"column":37},"end":{"line":24,"column":77}},"line":24},"4":{"name":"(anonymous_4)","decl":{"start":{"line":30,"column":19},"end":{"line":30,"column":20}},"loc":{"start":{"line":30,"column":25},"end":{"line":175,"column":1}},"line":30},"5":{"name":"(anonymous_5)","decl":{"start":{"line":145,"column":36},"end":{"line":145,"column":37}},"loc":{"start":{"line":145,"column":50},"end":{"line":145,"column":93}},"line":145},"6":{"name":"(anonymous_6)","decl":{"start":{"line":156,"column":33},"end":{"line":156,"column":34}},"loc":{"start":{"line":156,"column":39},"end":{"line":156,"column":71}},"line":156},"7":{"name":"(anonymous_7)","decl":{"start":{"line":167,"column":25},"end":{"line":167,"column":26}},"loc":{"start":{"line":167,"column":31},"end":{"line":167,"column":57}},"line":167},"8":{"name":"App","decl":{"start":{"line":181,"column":9},"end":{"line":181,"column":12}},"loc":{"start":{"line":181,"column":15},"end":{"line":187,"column":1}},"line":181}},"branchMap":{"0":{"loc":{"start":{"line":73,"column":11},"end":{"line":77,"column":11}},"type":"binary-expr","locations":[{"start":{"line":73,"column":11},"end":{"line":73,"column":31}},{"start":{"line":74,"column":12},"end":{"line":76,"column":28}}],"line":73},"1":{"loc":{"start":{"line":79,"column":11},"end":{"line":88,"column":11}},"type":"binary-expr","locations":[{"start":{"line":79,"column":11},"end":{"line":79,"column":37}},{"start":{"line":80,"column":12},"end":{"line":87,"column":28}}],"line":79},"2":{"loc":{"start":{"line":90,"column":11},"end":{"line":97,"column":11}},"type":"binary-expr","locations":[{"start":{"line":90,"column":11},"end":{"line":90,"column":31}},{"start":{"line":91,"column":12},"end":{"line":96,"column":28}}],"line":90},"3":{"loc":{"start":{"line":99,"column":11},"end":{"line":106,"column":11}},"type":"binary-expr","locations":[{"start":{"line":99,"column":11},"end":{"line":99,"column":36}},{"start":{"line":100,"column":12},"end":{"line":105,"column":28}}],"line":99},"4":{"loc":{"start":{"line":108,"column":11},"end":{"line":116,"column":11}},"type":"binary-expr","locations":[{"start":{"line":108,"column":11},"end":{"line":108,"column":44}},{"start":{"line":109,"column":12},"end":{"line":115,"column":28}}],"line":108},"5":{"loc":{"start":{"line":118,"column":11},"end":{"line":124,"column":11}},"type":"binary-expr","locations":[{"start":{"line":118,"column":11},"end":{"line":118,"column":51}},{"start":{"line":119,"column":12},"end":{"line":123,"column":28}}],"line":118},"6":{"loc":{"start":{"line":126,"column":11},"end":{"line":135,"column":11}},"type":"binary-expr","locations":[{"start":{"line":126,"column":11},"end":{"line":126,"column":46}},{"start":{"line":127,"column":12},"end":{"line":134,"column":28}}],"line":126},"7":{"loc":{"start":{"line":137,"column":11},"end":{"line":149,"column":11}},"type":"binary-expr","locations":[{"start":{"line":137,"column":11},"end":{"line":137,"column":41}},{"start":{"line":138,"column":12},"end":{"line":148,"column":28}}],"line":137},"8":{"loc":{"start":{"line":151,"column":11},"end":{"line":159,"column":11}},"type":"binary-expr","locations":[{"start":{"line":151,"column":11},"end":{"line":151,"column":40}},{"start":{"line":152,"column":12},"end":{"line":158,"column":28}}],"line":151},"9":{"loc":{"start":{"line":162,"column":11},"end":{"line":170,"column":11}},"type":"binary-expr","locations":[{"start":{"line":162,"column":11},"end":{"line":162,"column":28}},{"start":{"line":163,"column":12},"end":{"line":169,"column":28}}],"line":162}},"s":{"0":1,"1":0,"2":1,"3":0,"4":1,"5":0,"6":1,"7":0,"8":1,"9":28,"10":28,"11":28,"12":28,"13":28,"14":28,"15":28,"16":0,"17":0,"18":0,"19":19},"f":{"0":0,"1":0,"2":0,"3":0,"4":28,"5":0,"6":0,"7":0,"8":19},"b":{"0":[28,20],"1":[28,6],"2":[28,2],"3":[28,0],"4":[28,0],"5":[28,0],"6":[28,0],"7":[28,0],"8":[28,0],"9":[28,0]},"_coverageSchema":"1a1c01bbd47fc00a2c39e90264f33305004495a9","hash":"11259979a8699f70ebe61e315ab05e9ed5e27b3b"}
,"/Users/joshpankin/My Drive/Obsidian/1. Projects/Antibiotic Learning app/src/index.js": {"path":"/Users/joshpankin/My Drive/Obsidian/1. Projects/Antibiotic Learning app/src/index.js","statementMap":{"0":{"start":{"line":6,"column":13},"end":{"line":6,"column":65}},"1":{"start":{"line":7,"column":0},"end":{"line":11,"column":2}}},"fnMap":{},"branchMap":{},"s":{"0":0,"1":0},"f":{},"b":{}}
,"/Users/joshpankin/My Drive/Obsidian/1. Projects/Antibiotic Learning app/src/components/AntibioticExplorer.js": {"path":"/Users/joshpankin/My Drive/Obsidian/1. Projects/Antibiotic Learning app/src/components/AntibioticExplorer.js","statementMap":{"0":{"start":{"line":10,"column":27},"end":{"line":377,"column":1}},"1":{"start":{"line":35,"column":6},"end":{"line":35,"column":20}},"2":{"start":{"line":37,"column":2},"end":{"line":43,"column":3}},"3":{"start":{"line":38,"column":4},"end":{"line":42,"column":6}},"4":{"start":{"line":45,"column":28},"end":{"line":57,"column":3}},"5":{"start":{"line":46,"column":19},"end":{"line":55,"column":5}},"6":{"start":{"line":56,"column":4},"end":{"line":56,"column":60}},"7":{"start":{"line":59,"column":2},"end":{"line":376,"column":4}},"8":{"start":{"line":99,"column":16},"end":{"line":105,"column":25}},"9":{"start":{"line":101,"column":33},"end":{"line":101,"column":61}},"10":{"start":{"line":126,"column":31},"end":{"line":126,"column":64}},"11":{"start":{"line":139,"column":33},"end":{"line":139,"column":66}},"12":{"start":{"line":144,"column":18},"end":{"line":144,"column":80}},"13":{"start":{"line":155,"column":33},"end":{"line":155,"column":61}},"14":{"start":{"line":179,"column":18},"end":{"line":190,"column":24}},"15":{"start":{"line":181,"column":35},"end":{"line":181,"column":68}},"16":{"start":{"line":206,"column":14},"end":{"line":227,"column":20}},"17":{"start":{"line":208,"column":31},"end":{"line":208,"column":59}},"18":{"start":{"line":256,"column":35},"end":{"line":256,"column":72}},"19":{"start":{"line":257,"column":12},"end":{"line":269,"column":14}},"20":{"start":{"line":265,"column":20},"end":{"line":265,"column":49}},"21":{"start":{"line":281,"column":18},"end":{"line":305,"column":24}},"22":{"start":{"line":283,"column":35},"end":{"line":283,"column":63}},"23":{"start":{"line":299,"column":26},"end":{"line":301,"column":32}},"24":{"start":{"line":318,"column":37},"end":{"line":318,"column":83}},"25":{"start":{"line":319,"column":16},"end":{"line":342,"column":18}},"26":{"start":{"line":322,"column":22},"end":{"line":339,"column":28}},"27":{"start":{"line":324,"column":39},"end":{"line":324,"column":68}},"28":{"start":{"line":349,"column":33},"end":{"line":349,"column":77}},"29":{"start":{"line":350,"column":12},"end":{"line":371,"column":14}},"30":{"start":{"line":358,"column":20},"end":{"line":367,"column":26}}},"fnMap":{"0":{"name":"(anonymous_0)","decl":{"start":{"line":10,"column":27},"end":{"line":10,"column":28}},"loc":{"start":{"line":13,"column":6},"end":{"line":377,"column":1}},"line":13},"1":{"name":"(anonymous_1)","decl":{"start":{"line":45,"column":28},"end":{"line":45,"column":29}},"loc":{"start":{"line":45,"column":43},"end":{"line":57,"column":3}},"line":45},"2":{"name":"(anonymous_2)","decl":{"start":{"line":98,"column":50},"end":{"line":98,"column":51}},"loc":{"start":{"line":99,"column":16},"end":{"line":105,"column":25}},"line":99},"3":{"name":"(anonymous_3)","decl":{"start":{"line":101,"column":27},"end":{"line":101,"column":28}},"loc":{"start":{"line":101,"column":33},"end":{"line":101,"column":61}},"line":101},"4":{"name":"(anonymous_4)","decl":{"start":{"line":126,"column":24},"end":{"line":126,"column":25}},"loc":{"start":{"line":126,"column":31},"end":{"line":126,"column":64}},"line":126},"5":{"name":"(anonymous_5)","decl":{"start":{"line":139,"column":26},"end":{"line":139,"column":27}},"loc":{"start":{"line":139,"column":33},"end":{"line":139,"column":66}},"line":139},"6":{"name":"(anonymous_6)","decl":{"start":{"line":143,"column":42},"end":{"line":143,"column":43}},"loc":{"start":{"line":144,"column":18},"end":{"line":144,"column":80}},"line":144},"7":{"name":"(anonymous_7)","decl":{"start":{"line":155,"column":26},"end":{"line":155,"column":27}},"loc":{"start":{"line":155,"column":33},"end":{"line":155,"column":61}},"line":155},"8":{"name":"(anonymous_8)","decl":{"start":{"line":178,"column":48},"end":{"line":178,"column":49}},"loc":{"start":{"line":179,"column":18},"end":{"line":190,"column":24}},"line":179},"9":{"name":"(anonymous_9)","decl":{"start":{"line":181,"column":29},"end":{"line":181,"column":30}},"loc":{"start":{"line":181,"column":35},"end":{"line":181,"column":68}},"line":181},"10":{"name":"(anonymous_10)","decl":{"start":{"line":205,"column":29},"end":{"line":205,"column":30}},"loc":{"start":{"line":206,"column":14},"end":{"line":227,"column":20}},"line":206},"11":{"name":"(anonymous_11)","decl":{"start":{"line":208,"column":25},"end":{"line":208,"column":26}},"loc":{"start":{"line":208,"column":31},"end":{"line":208,"column":59}},"line":208},"12":{"name":"(anonymous_12)","decl":{"start":{"line":255,"column":12},"end":{"line":255,"column":13}},"loc":{"start":{"line":255,"column":18},"end":{"line":270,"column":11}},"line":255},"13":{"name":"(anonymous_13)","decl":{"start":{"line":264,"column":38},"end":{"line":264,"column":39}},"loc":{"start":{"line":265,"column":20},"end":{"line":265,"column":49}},"line":265},"14":{"name":"(anonymous_14)","decl":{"start":{"line":280,"column":50},"end":{"line":280,"column":51}},"loc":{"start":{"line":281,"column":18},"end":{"line":305,"column":24}},"line":281},"15":{"name":"(anonymous_15)","decl":{"start":{"line":283,"column":29},"end":{"line":283,"column":30}},"loc":{"start":{"line":283,"column":35},"end":{"line":283,"column":63}},"line":283},"16":{"name":"(anonymous_16)","decl":{"start":{"line":298,"column":73},"end":{"line":298,"column":74}},"loc":{"start":{"line":299,"column":26},"end":{"line":301,"column":32}},"line":299},"17":{"name":"(anonymous_17)","decl":{"start":{"line":317,"column":16},"end":{"line":317,"column":17}},"loc":{"start":{"line":317,"column":22},"end":{"line":343,"column":15}},"line":317},"18":{"name":"(anonymous_18)","decl":{"start":{"line":321,"column":50},"end":{"line":321,"column":51}},"loc":{"start":{"line":322,"column":22},"end":{"line":339,"column":28}},"line":322},"19":{"name":"(anonymous_19)","decl":{"start":{"line":324,"column":33},"end":{"line":324,"column":34}},"loc":{"start":{"line":324,"column":39},"end":{"line":324,"column":68}},"line":324},"20":{"name":"(anonymous_20)","decl":{"start":{"line":348,"column":12},"end":{"line":348,"column":13}},"loc":{"start":{"line":348,"column":18},"end":{"line":372,"column":11}},"line":348},"21":{"name":"(anonymous_21)","decl":{"start":{"line":357,"column":36},"end":{"line":357,"column":37}},"loc":{"start":{"line":358,"column":20},"end":{"line":367,"column":26}},"line":358}},"branchMap":{"0":{"loc":{"start":{"line":37,"column":2},"end":{"line":43,"column":3}},"type":"if","locations":[{"start":{"line":37,"column":2},"end":{"line":43,"column":3}},{"start":{},"end":{}}],"line":37},"1":{"loc":{"start":{"line":56,"column":11},"end":{"line":56,"column":59}},"type":"binary-expr","locations":[{"start":{"line":56,"column":11},"end":{"line":56,"column":28}},{"start":{"line":56,"column":32},"end":{"line":56,"column":59}}],"line":56},"2":{"loc":{"start":{"line":72,"column":9},"end":{"line":91,"column":9}},"type":"binary-expr","locations":[{"start":{"line":72,"column":9},"end":{"line":72,"column":24}},{"start":{"line":73,"column":10},"end":{"line":90,"column":16}}],"line":72},"3":{"loc":{"start":{"line":94,"column":9},"end":{"line":109,"column":9}},"type":"binary-expr","locations":[{"start":{"line":94,"column":9},"end":{"line":94,"column":40}},{"start":{"line":95,"column":10},"end":{"line":108,"column":16}}],"line":94},"4":{"loc":{"start":{"line":174,"column":11},"end":{"line":194,"column":11}},"type":"binary-expr","locations":[{"start":{"line":174,"column":11},"end":{"line":174,"column":36}},{"start":{"line":175,"column":12},"end":{"line":193,"column":18}}],"line":174},"5":{"loc":{"start":{"line":210,"column":18},"end":{"line":212,"column":78}},"type":"cond-expr","locations":[{"start":{"line":211,"column":22},"end":{"line":211,"column":50}},{"start":{"line":212,"column":22},"end":{"line":212,"column":78}}],"line":210},"6":{"loc":{"start":{"line":234,"column":7},"end":{"line":374,"column":7}},"type":"binary-expr","locations":[{"start":{"line":234,"column":7},"end":{"line":234,"column":25}},{"start":{"line":235,"column":8},"end":{"line":373,"column":14}}],"line":234},"7":{"loc":{"start":{"line":257,"column":19},"end":{"line":269,"column":13}},"type":"binary-expr","locations":[{"start":{"line":257,"column":19},"end":{"line":257,"column":33}},{"start":{"line":258,"column":14},"end":{"line":268,"column":20}}],"line":257},"8":{"loc":{"start":{"line":295,"column":21},"end":{"line":304,"column":21}},"type":"binary-expr","locations":[{"start":{"line":295,"column":21},"end":{"line":295,"column":48}},{"start":{"line":295,"column":52},"end":{"line":295,"column":103}},{"start":{"line":296,"column":22},"end":{"line":303,"column":28}}],"line":295},"9":{"loc":{"start":{"line":300,"column":77},"end":{"line":300,"column":143}},"type":"cond-expr","locations":[{"start":{"line":300,"column":100},"end":{"line":300,"column":133}},{"start":{"line":300,"column":136},"end":{"line":300,"column":143}}],"line":300},"10":{"loc":{"start":{"line":350,"column":19},"end":{"line":371,"column":13}},"type":"binary-expr","locations":[{"start":{"line":350,"column":19},"end":{"line":350,"column":42}},{"start":{"line":351,"column":14},"end":{"line":370,"column":20}}],"line":350},"11":{"loc":{"start":{"line":365,"column":56},"end":{"line":365,"column":94}},"type":"cond-expr","locations":[{"start":{"line":365,"column":86},"end":{"line":365,"column":89}},{"start":{"line":365,"column":92},"end":{"line":365,"column":94}}],"line":365}},"s":{"0":0,"1":0,"2":0,"3":0,"4":0,"5":0,"6":0,"7":0,"8":0,"9":0,"10":0,"11":0,"12":0,"13":0,"14":0,"15":0,"16":0,"17":0,"18":0,"19":0,"20":0,"21":0,"22":0,"23":0,"24":0,"25":0,"26":0,"27":0,"28":0,"29":0,"30":0},"f":{"0":0,"1":0,"2":0,"3":0,"4":0,"5":0,"6":0,"7":0,"8":0,"9":0,"10":0,"11":0,"12":0,"13":0,"14":0,"15":0,"16":0,"17":0,"18":0,"19":0,"20":0,"21":0},"b":{"0":[0,0],"1":[0,0],"2":[0,0],"3":[0,0],"4":[0,0],"5":[0,0],"6":[0,0],"7":[0,0],"8":[0,0,0],"9":[0,0],"10":[0,0],"11":[0,0]}}
,"/Users/joshpankin/My Drive/Obsidian/1. Projects/Antibiotic Learning app/src/components/AntibioticList.js": {"path":"/Users/joshpankin/My Drive/Obsidian/1. Projects/Antibiotic Learning app/src/components/AntibioticList.js","statementMap":{"0":{"start":{"line":10,"column":23},"end":{"line":197,"column":1}},"1":{"start":{"line":16,"column":2},"end":{"line":23,"column":3}},"2":{"start":{"line":17,"column":4},"end":{"line":22,"column":6}},"3":{"start":{"line":26,"column":34},"end":{"line":59,"column":3}},"4":{"start":{"line":27,"column":4},"end":{"line":58,"column":5}},"5":{"start":{"line":29,"column":8},"end":{"line":33,"column":10}},"6":{"start":{"line":35,"column":8},"end":{"line":39,"column":10}},"7":{"start":{"line":41,"column":8},"end":{"line":45,"column":10}},"8":{"start":{"line":47,"column":8},"end":{"line":51,"column":10}},"9":{"start":{"line":53,"column":8},"end":{"line":57,"column":10}},"10":{"start":{"line":62,"column":29},"end":{"line":69,"column":8}},"11":{"start":{"line":63,"column":26},"end":{"line":63,"column":50}},"12":{"start":{"line":64,"column":4},"end":{"line":66,"column":5}},"13":{"start":{"line":65,"column":6},"end":{"line":65,"column":33}},"14":{"start":{"line":67,"column":4},"end":{"line":67,"column":43}},"15":{"start":{"line":68,"column":4},"end":{"line":68,"column":18}},"16":{"start":{"line":72,"column":29},"end":{"line":72,"column":67}},"17":{"start":{"line":73,"column":24},"end":{"line":73,"column":81}},"18":{"start":{"line":73,"column":57},"end":{"line":73,"column":80}},"19":{"start":{"line":75,"column":2},"end":{"line":196,"column":4}},"20":{"start":{"line":117,"column":26},"end":{"line":117,"column":64}},"21":{"start":{"line":118,"column":35},"end":{"line":118,"column":68}},"22":{"start":{"line":120,"column":10},"end":{"line":180,"column":12}},"23":{"start":{"line":138,"column":18},"end":{"line":176,"column":24}},"24":{"start":{"line":140,"column":35},"end":{"line":140,"column":87}},"25":{"start":{"line":191,"column":49},"end":{"line":191,"column":109}}},"fnMap":{"0":{"name":"(anonymous_0)","decl":{"start":{"line":10,"column":23},"end":{"line":10,"column":24}},"loc":{"start":{"line":15,"column":6},"end":{"line":197,"column":1}},"line":15},"1":{"name":"(anonymous_1)","decl":{"start":{"line":26,"column":34},"end":{"line":26,"column":35}},"loc":{"start":{"line":26,"column":53},"end":{"line":59,"column":3}},"line":26},"2":{"name":"(anonymous_2)","decl":{"start":{"line":62,"column":48},"end":{"line":62,"column":49}},"loc":{"start":{"line":62,"column":72},"end":{"line":69,"column":3}},"line":62},"3":{"name":"(anonymous_3)","decl":{"start":{"line":73,"column":50},"end":{"line":73,"column":51}},"loc":{"start":{"line":73,"column":57},"end":{"line":73,"column":80}},"line":73},"4":{"name":"(anonymous_4)","decl":{"start":{"line":116,"column":27},"end":{"line":116,"column":28}},"loc":{"start":{"line":116,"column":46},"end":{"line":181,"column":9}},"line":116},"5":{"name":"(anonymous_5)","decl":{"start":{"line":137,"column":38},"end":{"line":137,"column":39}},"loc":{"start":{"line":138,"column":18},"end":{"line":176,"column":24}},"line":138},"6":{"name":"(anonymous_6)","decl":{"start":{"line":140,"column":29},"end":{"line":140,"column":30}},"loc":{"start":{"line":140,"column":35},"end":{"line":140,"column":87}},"line":140},"7":{"name":"(anonymous_7)","decl":{"start":{"line":191,"column":43},"end":{"line":191,"column":44}},"loc":{"start":{"line":191,"column":49},"end":{"line":191,"column":109}},"line":191}},"branchMap":{"0":{"loc":{"start":{"line":16,"column":2},"end":{"line":23,"column":3}},"type":"if","locations":[{"start":{"line":16,"column":2},"end":{"line":23,"column":3}},{"start":{},"end":{}}],"line":16},"1":{"loc":{"start":{"line":16,"column":6},"end":{"line":16,"column":59}},"type":"binary-expr","locations":[{"start":{"line":16,"column":6},"end":{"line":16,"column":15}},{"start":{"line":16,"column":19},"end":{"line":16,"column":31}},{"start":{"line":16,"column":35},"end":{"line":16,"column":59}}],"line":16},"2":{"loc":{"start":{"line":27,"column":4},"end":{"line":58,"column":5}},"type":"switch","locations":[{"start":{"line":28,"column":6},"end":{"line":33,"column":10}},{"start":{"line":34,"column":6},"end":{"line":39,"column":10}},{"start":{"line":40,"column":6},"end":{"line":45,"column":10}},{"start":{"line":46,"column":6},"end":{"line":51,"column":10}},{"start":{"line":52,"column":6},"end":{"line":57,"column":10}}],"line":27},"3":{"loc":{"start":{"line":64,"column":4},"end":{"line":66,"column":5}},"type":"if","locations":[{"start":{"line":64,"column":4},"end":{"line":66,"column":5}},{"start":{},"end":{}}],"line":64},"4":{"loc":{"start":{"line":88,"column":52},"end":{"line":88,"column":87}},"type":"cond-expr","locations":[{"start":{"line":88,"column":79},"end":{"line":88,"column":82}},{"start":{"line":88,"column":85},"end":{"line":88,"column":87}}],"line":88},"5":{"loc":{"start":{"line":130,"column":57},"end":{"line":130,"column":97}},"type":"cond-expr","locations":[{"start":{"line":130,"column":89},"end":{"line":130,"column":92}},{"start":{"line":130,"column":95},"end":{"line":130,"column":97}}],"line":130},"6":{"loc":{"start":{"line":140,"column":35},"end":{"line":140,"column":87}},"type":"binary-expr","locations":[{"start":{"line":140,"column":35},"end":{"line":140,"column":53}},{"start":{"line":140,"column":57},"end":{"line":140,"column":87}}],"line":140},"7":{"loc":{"start":{"line":142,"column":22},"end":{"line":144,"column":72}},"type":"cond-expr","locations":[{"start":{"line":143,"column":26},"end":{"line":143,"column":63}},{"start":{"line":144,"column":26},"end":{"line":144,"column":72}}],"line":142},"8":{"loc":{"start":{"line":158,"column":25},"end":{"line":162,"column":25}},"type":"binary-expr","locations":[{"start":{"line":158,"column":25},"end":{"line":158,"column":41}},{"start":{"line":159,"column":26},"end":{"line":161,"column":30}}],"line":158},"9":{"loc":{"start":{"line":170,"column":23},"end":{"line":174,"column":23}},"type":"binary-expr","locations":[{"start":{"line":170,"column":23},"end":{"line":170,"column":83}},{"start":{"line":171,"column":24},"end":{"line":173,"column":30}}],"line":170},"10":{"loc":{"start":{"line":188,"column":51},"end":{"line":188,"column":86}},"type":"cond-expr","locations":[{"start":{"line":188,"column":78},"end":{"line":188,"column":81}},{"start":{"line":188,"column":84},"end":{"line":188,"column":86}}],"line":188},"11":{"loc":{"start":{"line":191,"column":49},"end":{"line":191,"column":109}},"type":"binary-expr","locations":[{"start":{"line":191,"column":49},"end":{"line":191,"column":76}},{"start":{"line":191,"column":80},"end":{"line":191,"column":109}}],"line":191}},"s":{"0":0,"1":0,"2":0,"3":0,"4":0,"5":0,"6":0,"7":0,"8":0,"9":0,"10":0,"11":0,"12":0,"13":0,"14":0,"15":0,"16":0,"17":0,"18":0,"19":0,"20":0,"21":0,"22":0,"23":0,"24":0,"25":0},"f":{"0":0,"1":0,"2":0,"3":0,"4":0,"5":0,"6":0,"7":0},"b":{"0":[0,0],"1":[0,0,0],"2":[0,0,0,0,0],"3":[0,0],"4":[0,0],"5":[0,0],"6":[0,0],"7":[0,0],"8":[0,0],"9":[0,0],"10":[0,0],"11":[0,0]}}
,"/Users/joshpankin/My Drive/Obsidian/1. Projects/Antibiotic Learning app/src/components/ConditionDetailModal.js": {"path":"/Users/joshpankin/My Drive/Obsidian/1. Projects/Antibiotic Learning app/src/components/ConditionDetailModal.js","statementMap":{"0":{"start":{"line":16,"column":29},"end":{"line":378,"column":1}},"1":{"start":{"line":18,"column":2},"end":{"line":35,"column":27}},"2":{"start":{"line":19,"column":25},"end":{"line":23,"column":5}},"3":{"start":{"line":20,"column":6},"end":{"line":22,"column":7}},"4":{"start":{"line":21,"column":8},"end":{"line":21,"column":18}},"5":{"start":{"line":25,"column":4},"end":{"line":29,"column":5}},"6":{"start":{"line":26,"column":6},"end":{"line":26,"column":57}},"7":{"start":{"line":28,"column":6},"end":{"line":28,"column":46}},"8":{"start":{"line":31,"column":4},"end":{"line":34,"column":6}},"9":{"start":{"line":32,"column":6},"end":{"line":32,"column":60}},"10":{"start":{"line":33,"column":6},"end":{"line":33,"column":45}},"11":{"start":{"line":38,"column":26},"end":{"line":148,"column":32}},"12":{"start":{"line":40,"column":4},"end":{"line":42,"column":5}},"13":{"start":{"line":41,"column":6},"end":{"line":41,"column":18}},"14":{"start":{"line":44,"column":4},"end":{"line":147,"column":5}},"15":{"start":{"line":47,"column":6},"end":{"line":52,"column":7}},"16":{"start":{"line":48,"column":8},"end":{"line":48,"column":46}},"17":{"start":{"line":50,"column":8},"end":{"line":50,"column":60}},"18":{"start":{"line":51,"column":8},"end":{"line":51,"column":20}},"19":{"start":{"line":55,"column":6},"end":{"line":58,"column":7}},"20":{"start":{"line":56,"column":8},"end":{"line":56,"column":50}},"21":{"start":{"line":57,"column":8},"end":{"line":57,"column":20}},"22":{"start":{"line":61,"column":40},"end":{"line":63,"column":12}},"23":{"start":{"line":64,"column":42},"end":{"line":64,"column":44}},"24":{"start":{"line":67,"column":6},"end":{"line":93,"column":7}},"25":{"start":{"line":68,"column":8},"end":{"line":90,"column":9}},"26":{"start":{"line":69,"column":10},"end":{"line":89,"column":13}},"27":{"start":{"line":70,"column":12},"end":{"line":88,"column":13}},"28":{"start":{"line":71,"column":34},"end":{"line":71,"column":80}},"29":{"start":{"line":72,"column":14},"end":{"line":87,"column":17}},"30":{"start":{"line":73,"column":16},"end":{"line":86,"column":17}},"31":{"start":{"line":74,"column":34},"end":{"line":78,"column":27}},"32":{"start":{"line":80,"column":18},"end":{"line":83,"column":19}},"33":{"start":{"line":82,"column":20},"end":{"line":82,"column":62}},"34":{"start":{"line":85,"column":18},"end":{"line":85,"column":78}},"35":{"start":{"line":92,"column":8},"end":{"line":92,"column":71}},"36":{"start":{"line":96,"column":32},"end":{"line":96,"column":41}},"37":{"start":{"line":97,"column":6},"end":{"line":116,"column":7}},"38":{"start":{"line":98,"column":8},"end":{"line":113,"column":11}},"39":{"start":{"line":99,"column":10},"end":{"line":112,"column":11}},"40":{"start":{"line":100,"column":34},"end":{"line":100,"column":77}},"41":{"start":{"line":101,"column":12},"end":{"line":111,"column":13}},"42":{"start":{"line":102,"column":40},"end":{"line":102,"column":87}},"43":{"start":{"line":103,"column":14},"end":{"line":110,"column":15}},"44":{"start":{"line":104,"column":43},"end":{"line":106,"column":17}},"45":{"start":{"line":105,"column":18},"end":{"line":105,"column":49}},"46":{"start":{"line":107,"column":16},"end":{"line":109,"column":17}},"47":{"start":{"line":108,"column":18},"end":{"line":108,"column":75}},"48":{"start":{"line":115,"column":8},"end":{"line":115,"column":78}},"49":{"start":{"line":119,"column":34},"end":{"line":119,"column":43}},"50":{"start":{"line":120,"column":6},"end":{"line":136,"column":7}},"51":{"start":{"line":121,"column":8},"end":{"line":133,"column":11}},"52":{"start":{"line":122,"column":10},"end":{"line":132,"column":11}},"53":{"start":{"line":123,"column":38},"end":{"line":123,"column":84}},"54":{"start":{"line":124,"column":12},"end":{"line":131,"column":13}},"55":{"start":{"line":125,"column":41},"end":{"line":127,"column":15}},"56":{"start":{"line":126,"column":16},"end":{"line":126,"column":47}},"57":{"start":{"line":128,"column":14},"end":{"line":130,"column":15}},"58":{"start":{"line":129,"column":16},"end":{"line":129,"column":72}},"59":{"start":{"line":135,"column":8},"end":{"line":135,"column":82}},"60":{"start":{"line":138,"column":6},"end":{"line":143,"column":8}},"61":{"start":{"line":145,"column":6},"end":{"line":145,"column":62}},"62":{"start":{"line":146,"column":6},"end":{"line":146,"column":18}},"63":{"start":{"line":151,"column":2},"end":{"line":151,"column":30}},"64":{"start":{"line":151,"column":18},"end":{"line":151,"column":30}},"65":{"start":{"line":154,"column":30},"end":{"line":158,"column":3}},"66":{"start":{"line":155,"column":4},"end":{"line":157,"column":5}},"67":{"start":{"line":156,"column":6},"end":{"line":156,"column":16}},"68":{"start":{"line":160,"column":2},"end":{"line":377,"column":4}},"69":{"start":{"line":195,"column":16},"end":{"line":198,"column":17}},"70":{"start":{"line":196,"column":18},"end":{"line":196,"column":37}},"71":{"start":{"line":197,"column":18},"end":{"line":197,"column":28}},"72":{"start":{"line":231,"column":16},"end":{"line":231,"column":47}},"73":{"start":{"line":244,"column":16},"end":{"line":247,"column":22}},"74":{"start":{"line":271,"column":16},"end":{"line":271,"column":72}},"75":{"start":{"line":284,"column":16},"end":{"line":289,"column":22}},"76":{"start":{"line":309,"column":24},"end":{"line":326,"column":30}},"77":{"start":{"line":315,"column":30},"end":{"line":318,"column":36}},"78":{"start":{"line":341,"column":24},"end":{"line":358,"column":30}},"79":{"start":{"line":347,"column":30},"end":{"line":350,"column":36}}},"fnMap":{"0":{"name":"(anonymous_0)","decl":{"start":{"line":16,"column":29},"end":{"line":16,"column":30}},"loc":{"start":{"line":16,"column":117},"end":{"line":378,"column":1}},"line":16},"1":{"name":"(anonymous_1)","decl":{"start":{"line":18,"column":12},"end":{"line":18,"column":13}},"loc":{"start":{"line":18,"column":18},"end":{"line":35,"column":3}},"line":18},"2":{"name":"(anonymous_2)","decl":{"start":{"line":19,"column":25},"end":{"line":19,"column":26}},"loc":{"start":{"line":19,"column":32},"end":{"line":23,"column":5}},"line":19},"3":{"name":"(anonymous_3)","decl":{"start":{"line":31,"column":11},"end":{"line":31,"column":12}},"loc":{"start":{"line":31,"column":17},"end":{"line":34,"column":5}},"line":31},"4":{"name":"(anonymous_4)","decl":{"start":{"line":38,"column":34},"end":{"line":38,"column":35}},"loc":{"start":{"line":38,"column":40},"end":{"line":148,"column":3}},"line":38},"5":{"name":"(anonymous_5)","decl":{"start":{"line":69,"column":58},"end":{"line":69,"column":59}},"loc":{"start":{"line":69,"column":69},"end":{"line":89,"column":11}},"line":69},"6":{"name":"(anonymous_6)","decl":{"start":{"line":72,"column":34},"end":{"line":72,"column":35}},"loc":{"start":{"line":72,"column":48},"end":{"line":87,"column":15}},"line":72},"7":{"name":"(anonymous_7)","decl":{"start":{"line":98,"column":42},"end":{"line":98,"column":43}},"loc":{"start":{"line":98,"column":54},"end":{"line":113,"column":9}},"line":98},"8":{"name":"(anonymous_8)","decl":{"start":{"line":104,"column":68},"end":{"line":104,"column":69}},"loc":{"start":{"line":105,"column":18},"end":{"line":105,"column":49}},"line":105},"9":{"name":"(anonymous_9)","decl":{"start":{"line":121,"column":44},"end":{"line":121,"column":45}},"loc":{"start":{"line":121,"column":58},"end":{"line":133,"column":9}},"line":121},"10":{"name":"(anonymous_10)","decl":{"start":{"line":125,"column":66},"end":{"line":125,"column":67}},"loc":{"start":{"line":126,"column":16},"end":{"line":126,"column":47}},"line":126},"11":{"name":"(anonymous_11)","decl":{"start":{"line":154,"column":30},"end":{"line":154,"column":31}},"loc":{"start":{"line":154,"column":37},"end":{"line":158,"column":3}},"line":154},"12":{"name":"(anonymous_12)","decl":{"start":{"line":194,"column":25},"end":{"line":194,"column":26}},"loc":{"start":{"line":194,"column":32},"end":{"line":199,"column":15}},"line":194},"13":{"name":"(anonymous_13)","decl":{"start":{"line":230,"column":53},"end":{"line":230,"column":54}},"loc":{"start":{"line":231,"column":16},"end":{"line":231,"column":47}},"line":231},"14":{"name":"(anonymous_14)","decl":{"start":{"line":243,"column":88},"end":{"line":243,"column":89}},"loc":{"start":{"line":244,"column":16},"end":{"line":247,"column":22}},"line":244},"15":{"name":"(anonymous_15)","decl":{"start":{"line":270,"column":47},"end":{"line":270,"column":48}},"loc":{"start":{"line":271,"column":16},"end":{"line":271,"column":72}},"line":271},"16":{"name":"(anonymous_16)","decl":{"start":{"line":283,"column":52},"end":{"line":283,"column":53}},"loc":{"start":{"line":284,"column":16},"end":{"line":289,"column":22}},"line":284},"17":{"name":"(anonymous_17)","decl":{"start":{"line":308,"column":95},"end":{"line":308,"column":96}},"loc":{"start":{"line":309,"column":24},"end":{"line":326,"column":30}},"line":309},"18":{"name":"(anonymous_18)","decl":{"start":{"line":314,"column":56},"end":{"line":314,"column":57}},"loc":{"start":{"line":315,"column":30},"end":{"line":318,"column":36}},"line":315},"19":{"name":"(anonymous_19)","decl":{"start":{"line":340,"column":97},"end":{"line":340,"column":98}},"loc":{"start":{"line":341,"column":24},"end":{"line":358,"column":30}},"line":341},"20":{"name":"(anonymous_20)","decl":{"start":{"line":346,"column":56},"end":{"line":346,"column":57}},"loc":{"start":{"line":347,"column":30},"end":{"line":350,"column":36}},"line":347}},"branchMap":{"0":{"loc":{"start":{"line":16,"column":52},"end":{"line":16,"column":72}},"type":"default-arg","locations":[{"start":{"line":16,"column":67},"end":{"line":16,"column":72}}],"line":16},"1":{"loc":{"start":{"line":16,"column":92},"end":{"line":16,"column":110}},"type":"default-arg","locations":[{"start":{"line":16,"column":108},"end":{"line":16,"column":110}}],"line":16},"2":{"loc":{"start":{"line":20,"column":6},"end":{"line":22,"column":7}},"type":"if","locations":[{"start":{"line":20,"column":6},"end":{"line":22,"column":7}},{"start":{},"end":{}}],"line":20},"3":{"loc":{"start":{"line":25,"column":4},"end":{"line":29,"column":5}},"type":"if","locations":[{"start":{"line":25,"column":4},"end":{"line":29,"column":5}},{"start":{},"end":{}}],"line":25},"4":{"loc":{"start":{"line":40,"column":4},"end":{"line":42,"column":5}},"type":"if","locations":[{"start":{"line":40,"column":4},"end":{"line":42,"column":5}},{"start":{},"end":{}}],"line":40},"5":{"loc":{"start":{"line":40,"column":8},"end":{"line":40,"column":99}},"type":"binary-expr","locations":[{"start":{"line":40,"column":8},"end":{"line":40,"column":18}},{"start":{"line":40,"column":22},"end":{"line":40,"column":36}},{"start":{"line":40,"column":40},"end":{"line":40,"column":69}},{"start":{"line":40,"column":73},"end":{"line":40,"column":99}}],"line":40},"6":{"loc":{"start":{"line":55,"column":6},"end":{"line":58,"column":7}},"type":"if","locations":[{"start":{"line":55,"column":6},"end":{"line":58,"column":7}},{"start":{},"end":{}}],"line":55},"7":{"loc":{"start":{"line":55,"column":10},"end":{"line":55,"column":86}},"type":"binary-expr","locations":[{"start":{"line":55,"column":10},"end":{"line":55,"column":18}},{"start":{"line":55,"column":22},"end":{"line":55,"column":51}},{"start":{"line":55,"column":55},"end":{"line":55,"column":86}}],"line":55},"8":{"loc":{"start":{"line":61,"column":40},"end":{"line":63,"column":12}},"type":"cond-expr","locations":[{"start":{"line":62,"column":10},"end":{"line":62,"column":35}},{"start":{"line":63,"column":10},"end":{"line":63,"column":12}}],"line":61},"9":{"loc":{"start":{"line":68,"column":8},"end":{"line":90,"column":9}},"type":"if","locations":[{"start":{"line":68,"column":8},"end":{"line":90,"column":9}},{"start":{},"end":{}}],"line":68},"10":{"loc":{"start":{"line":68,"column":12},"end":{"line":68,"column":84}},"type":"binary-expr","locations":[{"start":{"line":68,"column":12},"end":{"line":68,"column":36}},{"start":{"line":68,"column":40},"end":{"line":68,"column":84}}],"line":68},"11":{"loc":{"start":{"line":70,"column":12},"end":{"line":88,"column":13}},"type":"if","locations":[{"start":{"line":70,"column":12},"end":{"line":88,"column":13}},{"start":{},"end":{}}],"line":70},"12":{"loc":{"start":{"line":80,"column":18},"end":{"line":83,"column":19}},"type":"if","locations":[{"start":{"line":80,"column":18},"end":{"line":83,"column":19}},{"start":{},"end":{}}],"line":80},"13":{"loc":{"start":{"line":80,"column":22},"end":{"line":81,"column":76}},"type":"binary-expr","locations":[{"start":{"line":80,"column":22},"end":{"line":80,"column":29}},{"start":{"line":80,"column":33},"end":{"line":80,"column":51}},{"start":{"line":81,"column":22},"end":{"line":81,"column":76}}],"line":80},"14":{"loc":{"start":{"line":99,"column":10},"end":{"line":112,"column":11}},"type":"if","locations":[{"start":{"line":99,"column":10},"end":{"line":112,"column":11}},{"start":{},"end":{}}],"line":99},"15":{"loc":{"start":{"line":101,"column":12},"end":{"line":111,"column":13}},"type":"if","locations":[{"start":{"line":101,"column":12},"end":{"line":111,"column":13}},{"start":{},"end":{}}],"line":101},"16":{"loc":{"start":{"line":101,"column":16},"end":{"line":101,"column":112}},"type":"binary-expr","locations":[{"start":{"line":101,"column":16},"end":{"line":101,"column":29}},{"start":{"line":101,"column":33},"end":{"line":101,"column":61}},{"start":{"line":101,"column":65},"end":{"line":101,"column":112}}],"line":101},"17":{"loc":{"start":{"line":103,"column":14},"end":{"line":110,"column":15}},"type":"if","locations":[{"start":{"line":103,"column":14},"end":{"line":110,"column":15}},{"start":{},"end":{}}],"line":103},"18":{"loc":{"start":{"line":105,"column":18},"end":{"line":105,"column":49}},"type":"binary-expr","locations":[{"start":{"line":105,"column":18},"end":{"line":105,"column":22}},{"start":{"line":105,"column":26},"end":{"line":105,"column":49}}],"line":105},"19":{"loc":{"start":{"line":107,"column":16},"end":{"line":109,"column":17}},"type":"if","locations":[{"start":{"line":107,"column":16},"end":{"line":109,"column":17}},{"start":{},"end":{}}],"line":107},"20":{"loc":{"start":{"line":122,"column":10},"end":{"line":132,"column":11}},"type":"if","locations":[{"start":{"line":122,"column":10},"end":{"line":132,"column":11}},{"start":{},"end":{}}],"line":122},"21":{"loc":{"start":{"line":122,"column":14},"end":{"line":122,"column":128}},"type":"binary-expr","locations":[{"start":{"line":122,"column":14},"end":{"line":122,"column":44}},{"start":{"line":122,"column":48},"end":{"line":122,"column":78}},{"start":{"line":122,"column":82},"end":{"line":122,"column":128}}],"line":122},"22":{"loc":{"start":{"line":124,"column":12},"end":{"line":131,"column":13}},"type":"if","locations":[{"start":{"line":124,"column":12},"end":{"line":131,"column":13}},{"start":{},"end":{}}],"line":124},"23":{"loc":{"start":{"line":126,"column":16},"end":{"line":126,"column":47}},"type":"binary-expr","locations":[{"start":{"line":126,"column":16},"end":{"line":126,"column":20}},{"start":{"line":126,"column":24},"end":{"line":126,"column":47}}],"line":126},"24":{"loc":{"start":{"line":128,"column":14},"end":{"line":130,"column":15}},"type":"if","locations":[{"start":{"line":128,"column":14},"end":{"line":130,"column":15}},{"start":{},"end":{}}],"line":128},"25":{"loc":{"start":{"line":151,"column":2},"end":{"line":151,"column":30}},"type":"if","locations":[{"start":{"line":151,"column":2},"end":{"line":151,"column":30}},{"start":{},"end":{}}],"line":151},"26":{"loc":{"start":{"line":155,"column":4},"end":{"line":157,"column":5}},"type":"if","locations":[{"start":{"line":155,"column":4},"end":{"line":157,"column":5}},{"start":{},"end":{}}],"line":155},"27":{"loc":{"start":{"line":176,"column":13},"end":{"line":188,"column":13}},"type":"binary-expr","locations":[{"start":{"line":176,"column":13},"end":{"line":176,"column":29}},{"start":{"line":177,"column":14},"end":{"line":187,"column":23}}],"line":176},"28":{"loc":{"start":{"line":179,"column":18},"end":{"line":181,"column":78}},"type":"cond-expr","locations":[{"start":{"line":180,"column":22},"end":{"line":180,"column":73}},{"start":{"line":181,"column":22},"end":{"line":181,"column":78}}],"line":179},"29":{"loc":{"start":{"line":184,"column":28},"end":{"line":184,"column":77}},"type":"cond-expr","locations":[{"start":{"line":184,"column":43},"end":{"line":184,"column":60}},{"start":{"line":184,"column":63},"end":{"line":184,"column":77}}],"line":184},"30":{"loc":{"start":{"line":186,"column":38},"end":{"line":186,"column":76}},"type":"cond-expr","locations":[{"start":{"line":186,"column":53},"end":{"line":186,"column":67}},{"start":{"line":186,"column":70},"end":{"line":186,"column":76}}],"line":186},"31":{"loc":{"start":{"line":195,"column":16},"end":{"line":198,"column":17}},"type":"if","locations":[{"start":{"line":195,"column":16},"end":{"line":198,"column":17}},{"start":{},"end":{}}],"line":195},"32":{"loc":{"start":{"line":195,"column":20},"end":{"line":195,"column":54}},"type":"binary-expr","locations":[{"start":{"line":195,"column":20},"end":{"line":195,"column":37}},{"start":{"line":195,"column":41},"end":{"line":195,"column":54}}],"line":195},"33":{"loc":{"start":{"line":210,"column":11},"end":{"line":215,"column":11}},"type":"binary-expr","locations":[{"start":{"line":210,"column":11},"end":{"line":210,"column":29}},{"start":{"line":211,"column":12},"end":{"line":214,"column":18}}],"line":210},"34":{"loc":{"start":{"line":217,"column":11},"end":{"line":221,"column":11}},"type":"binary-expr","locations":[{"start":{"line":217,"column":11},"end":{"line":217,"column":32}},{"start":{"line":218,"column":12},"end":{"line":220,"column":18}}],"line":217},"35":{"loc":{"start":{"line":230,"column":16},"end":{"line":230,"column":47}},"type":"binary-expr","locations":[{"start":{"line":230,"column":16},"end":{"line":230,"column":41}},{"start":{"line":230,"column":45},"end":{"line":230,"column":47}}],"line":230},"36":{"loc":{"start":{"line":243,"column":15},"end":{"line":248,"column":16}},"type":"binary-expr","locations":[{"start":{"line":243,"column":15},"end":{"line":243,"column":39}},{"start":{"line":243,"column":43},"end":{"line":248,"column":16}}],"line":243},"37":{"loc":{"start":{"line":259,"column":15},"end":{"line":259,"column":61}},"type":"binary-expr","locations":[{"start":{"line":259,"column":15},"end":{"line":259,"column":33}},{"start":{"line":259,"column":37},"end":{"line":259,"column":61}}],"line":259},"38":{"loc":{"start":{"line":270,"column":16},"end":{"line":270,"column":41}},"type":"binary-expr","locations":[{"start":{"line":270,"column":16},"end":{"line":270,"column":35}},{"start":{"line":270,"column":39},"end":{"line":270,"column":41}}],"line":270},"39":{"loc":{"start":{"line":283,"column":16},"end":{"line":283,"column":46}},"type":"binary-expr","locations":[{"start":{"line":283,"column":16},"end":{"line":283,"column":40}},{"start":{"line":283,"column":44},"end":{"line":283,"column":46}}],"line":283},"40":{"loc":{"start":{"line":295,"column":11},"end":{"line":373,"column":11}},"type":"binary-expr","locations":[{"start":{"line":295,"column":11},"end":{"line":295,"column":26}},{"start":{"line":295,"column":31},"end":{"line":295,"column":73}},{"start":{"line":295,"column":77},"end":{"line":295,"column":121}},{"start":{"line":296,"column":12},"end":{"line":372,"column":22}}],"line":295},"41":{"loc":{"start":{"line":301,"column":17},"end":{"line":330,"column":17}},"type":"binary-expr","locations":[{"start":{"line":301,"column":17},"end":{"line":301,"column":59}},{"start":{"line":302,"column":18},"end":{"line":329,"column":24}}],"line":301},"42":{"loc":{"start":{"line":320,"column":29},"end":{"line":324,"column":29}},"type":"binary-expr","locations":[{"start":{"line":320,"column":29},"end":{"line":320,"column":50}},{"start":{"line":321,"column":30},"end":{"line":323,"column":36}}],"line":320},"43":{"loc":{"start":{"line":333,"column":17},"end":{"line":362,"column":17}},"type":"binary-expr","locations":[{"start":{"line":333,"column":17},"end":{"line":333,"column":61}},{"start":{"line":334,"column":18},"end":{"line":361,"column":24}}],"line":333},"44":{"loc":{"start":{"line":352,"column":29},"end":{"line":356,"column":29}},"type":"binary-expr","locations":[{"start":{"line":352,"column":29},"end":{"line":352,"column":50}},{"start":{"line":353,"column":30},"end":{"line":355,"column":36}}],"line":352}},"s":{"0":2,"1":14,"2":14,"3":2,"4":1,"5":14,"6":12,"7":12,"8":14,"9":14,"10":14,"11":14,"12":14,"13":14,"14":0,"15":0,"16":0,"17":0,"18":0,"19":0,"20":0,"21":0,"22":0,"23":0,"24":0,"25":0,"26":0,"27":0,"28":0,"29":0,"30":0,"31":0,"32":0,"33":0,"34":0,"35":0,"36":0,"37":0,"38":0,"39":0,"40":0,"41":0,"42":0,"43":0,"44":0,"45":0,"46":0,"47":0,"48":0,"49":0,"50":0,"51":0,"52":0,"53":0,"54":0,"55":0,"56":0,"57":0,"58":0,"59":0,"60":0,"61":0,"62":0,"63":14,"64":2,"65":12,"66":3,"67":1,"68":12,"69":1,"70":1,"71":1,"72":34,"73":22,"74":11,"75":11,"76":0,"77":0,"78":0,"79":0},"f":{"0":14,"1":14,"2":2,"3":14,"4":14,"5":0,"6":0,"7":0,"8":0,"9":0,"10":0,"11":3,"12":1,"13":34,"14":22,"15":11,"16":11,"17":0,"18":0,"19":0,"20":0},"b":{"0":[14],"1":[14],"2":[1,1],"3":[12,2],"4":[14,0],"5":[14,12,12,12],"6":[0,0],"7":[0,0,0],"8":[0,0],"9":[0,0],"10":[0,0],"11":[0,0],"12":[0,0],"13":[0,0,0],"14":[0,0],"15":[0,0],"16":[0,0,0],"17":[0,0],"18":[0,0],"19":[0,0],"20":[0,0],"21":[0,0,0],"22":[0,0],"23":[0,0],"24":[0,0],"25":[2,12],"26":[1,2],"27":[12,0],"28":[0,0],"29":[0,0],"30":[0,0],"31":[1,0],"32":[1,0],"33":[12,12],"34":[12,12],"35":[12,0],"36":[12,11],"37":[12,1],"38":[12,1],"39":[12,1],"40":[12,0,0,0],"41":[0,0],"42":[0,0],"43":[0,0],"44":[0,0]},"_coverageSchema":"1a1c01bbd47fc00a2c39e90264f33305004495a9","hash":"7ce5a2484a2c348664a0badb493bb2521ccb29b2"}
,"/Users/joshpankin/My Drive/Obsidian/1. Projects/Antibiotic Learning app/src/components/ConditionsTab.js": {"path":"/Users/joshpankin/My Drive/Obsidian/1. Projects/Antibiotic Learning app/src/components/ConditionsTab.js","statementMap":{"0":{"start":{"line":17,"column":22},"end":{"line":133,"column":1}},"1":{"start":{"line":23,"column":36},"end":{"line":23,"column":50}},"2":{"start":{"line":24,"column":28},"end":{"line":24,"column":42}},"3":{"start":{"line":27,"column":2},"end":{"line":31,"column":27}},"4":{"start":{"line":28,"column":4},"end":{"line":30,"column":5}},"5":{"start":{"line":29,"column":6},"end":{"line":29,"column":26}},"6":{"start":{"line":34,"column":2},"end":{"line":55,"column":3}},"7":{"start":{"line":35,"column":4},"end":{"line":54,"column":6}},"8":{"start":{"line":43,"column":29},"end":{"line":43,"column":58}},"9":{"start":{"line":50,"column":12},"end":{"line":50,"column":45}},"10":{"start":{"line":58,"column":2},"end":{"line":70,"column":3}},"11":{"start":{"line":59,"column":4},"end":{"line":69,"column":6}},"12":{"start":{"line":64,"column":10},"end":{"line":64,"column":25}},"13":{"start":{"line":65,"column":10},"end":{"line":65,"column":29}},"14":{"start":{"line":71,"column":2},"end":{"line":132,"column":4}},"15":{"start":{"line":80,"column":27},"end":{"line":80,"column":56}},"16":{"start":{"line":89,"column":10},"end":{"line":119,"column":16}},"17":{"start":{"line":92,"column":27},"end":{"line":92,"column":58}},"18":{"start":{"line":96,"column":14},"end":{"line":99,"column":15}},"19":{"start":{"line":97,"column":16},"end":{"line":97,"column":35}},"20":{"start":{"line":98,"column":16},"end":{"line":98,"column":48}}},"fnMap":{"0":{"name":"(anonymous_0)","decl":{"start":{"line":17,"column":22},"end":{"line":17,"column":23}},"loc":{"start":{"line":22,"column":6},"end":{"line":133,"column":1}},"line":22},"1":{"name":"(anonymous_1)","decl":{"start":{"line":27,"column":12},"end":{"line":27,"column":13}},"loc":{"start":{"line":27,"column":18},"end":{"line":31,"column":3}},"line":27},"2":{"name":"(anonymous_2)","decl":{"start":{"line":43,"column":22},"end":{"line":43,"column":23}},"loc":{"start":{"line":43,"column":29},"end":{"line":43,"column":58}},"line":43},"3":{"name":"(anonymous_3)","decl":{"start":{"line":49,"column":29},"end":{"line":49,"column":30}},"loc":{"start":{"line":50,"column":12},"end":{"line":50,"column":45}},"line":50},"4":{"name":"(anonymous_4)","decl":{"start":{"line":63,"column":17},"end":{"line":63,"column":18}},"loc":{"start":{"line":63,"column":23},"end":{"line":66,"column":9}},"line":63},"5":{"name":"(anonymous_5)","decl":{"start":{"line":80,"column":20},"end":{"line":80,"column":21}},"loc":{"start":{"line":80,"column":27},"end":{"line":80,"column":56}},"line":80},"6":{"name":"(anonymous_6)","decl":{"start":{"line":88,"column":40},"end":{"line":88,"column":41}},"loc":{"start":{"line":89,"column":10},"end":{"line":119,"column":16}},"line":89},"7":{"name":"(anonymous_7)","decl":{"start":{"line":92,"column":21},"end":{"line":92,"column":22}},"loc":{"start":{"line":92,"column":27},"end":{"line":92,"column":58}},"line":92},"8":{"name":"(anonymous_8)","decl":{"start":{"line":95,"column":23},"end":{"line":95,"column":24}},"loc":{"start":{"line":95,"column":30},"end":{"line":100,"column":13}},"line":95}},"branchMap":{"0":{"loc":{"start":{"line":28,"column":4},"end":{"line":30,"column":5}},"type":"if","locations":[{"start":{"line":28,"column":4},"end":{"line":30,"column":5}},{"start":{},"end":{}}],"line":28},"1":{"loc":{"start":{"line":34,"column":2},"end":{"line":55,"column":3}},"type":"if","locations":[{"start":{"line":34,"column":2},"end":{"line":55,"column":3}},{"start":{},"end":{}}],"line":34},"2":{"loc":{"start":{"line":58,"column":2},"end":{"line":70,"column":3}},"type":"if","locations":[{"start":{"line":58,"column":2},"end":{"line":70,"column":3}},{"start":{},"end":{}}],"line":58},"3":{"loc":{"start":{"line":88,"column":10},"end":{"line":88,"column":34}},"type":"binary-expr","locations":[{"start":{"line":88,"column":10},"end":{"line":88,"column":28}},{"start":{"line":88,"column":32},"end":{"line":88,"column":34}}],"line":88},"4":{"loc":{"start":{"line":96,"column":14},"end":{"line":99,"column":15}},"type":"if","locations":[{"start":{"line":96,"column":14},"end":{"line":99,"column":15}},{"start":{},"end":{}}],"line":96},"5":{"loc":{"start":{"line":96,"column":18},"end":{"line":96,"column":52}},"type":"binary-expr","locations":[{"start":{"line":96,"column":18},"end":{"line":96,"column":35}},{"start":{"line":96,"column":39},"end":{"line":96,"column":52}}],"line":96},"6":{"loc":{"start":{"line":116,"column":16},"end":{"line":116,"column":47}},"type":"binary-expr","locations":[{"start":{"line":116,"column":16},"end":{"line":116,"column":41}},{"start":{"line":116,"column":45},"end":{"line":116,"column":47}}],"line":116},"7":{"loc":{"start":{"line":117,"column":15},"end":{"line":117,"column":68}},"type":"binary-expr","locations":[{"start":{"line":117,"column":15},"end":{"line":117,"column":59}},{"start":{"line":117,"column":63},"end":{"line":117,"column":68}}],"line":117},"8":{"loc":{"start":{"line":117,"column":16},"end":{"line":117,"column":47}},"type":"binary-expr","locations":[{"start":{"line":117,"column":16},"end":{"line":117,"column":41}},{"start":{"line":117,"column":45},"end":{"line":117,"column":47}}],"line":117},"9":{"loc":{"start":{"line":124,"column":7},"end":{"line":130,"column":7}},"type":"binary-expr","locations":[{"start":{"line":124,"column":7},"end":{"line":124,"column":46}},{"start":{"line":125,"column":8},"end":{"line":129,"column":14}}],"line":124},"10":{"loc":{"start":{"line":124,"column":8},"end":{"line":124,"column":32}},"type":"binary-expr","locations":[{"start":{"line":124,"column":8},"end":{"line":124,"column":26}},{"start":{"line":124,"column":30},"end":{"line":124,"column":32}}],"line":124}},"s":{"0":2,"1":54,"2":54,"3":54,"4":29,"5":24,"6":54,"7":30,"8":1,"9":180,"10":24,"11":0,"12":0,"13":0,"14":24,"15":7,"16":139,"17":1,"18":1,"19":1,"20":1},"f":{"0":54,"1":29,"2":1,"3":180,"4":0,"5":7,"6":139,"7":1,"8":1},"b":{"0":[24,5],"1":[30,24],"2":[0,24],"3":[24,0],"4":[1,0],"5":[1,0],"6":[139,0],"7":[139,0],"8":[139,0],"9":[24,3],"10":[24,0]},"_coverageSchema":"1a1c01bbd47fc00a2c39e90264f33305004495a9","hash":"83cea040b9ebb307ad88eae50992b12e0ca8228b"}
,"/Users/joshpankin/My Drive/Obsidian/1. Projects/Antibiotic Learning app/src/components/ErrorBoundary.js": {"path":"/Users/joshpankin/My Drive/Obsidian/1. Projects/Antibiotic Learning app/src/components/ErrorBoundary.js","statementMap":{"0":{"start":{"line":5,"column":4},"end":{"line":5,"column":17}},"1":{"start":{"line":6,"column":4},"end":{"line":6,"column":67}},"2":{"start":{"line":11,"column":4},"end":{"line":11,"column":30}},"3":{"start":{"line":16,"column":4},"end":{"line":16,"column":60}},"4":{"start":{"line":17,"column":4},"end":{"line":17,"column":44}},"5":{"start":{"line":19,"column":4},"end":{"line":22,"column":7}},"6":{"start":{"line":26,"column":4},"end":{"line":63,"column":5}},"7":{"start":{"line":28,"column":6},"end":{"line":62,"column":8}},"8":{"start":{"line":54,"column":31},"end":{"line":54,"column":55}},"9":{"start":{"line":65,"column":4},"end":{"line":65,"column":31}}},"fnMap":{"0":{"name":"(anonymous_0)","decl":{"start":{"line":4,"column":2},"end":{"line":4,"column":3}},"loc":{"start":{"line":4,"column":21},"end":{"line":7,"column":3}},"line":4},"1":{"name":"(anonymous_1)","decl":{"start":{"line":9,"column":2},"end":{"line":9,"column":3}},"loc":{"start":{"line":9,"column":41},"end":{"line":12,"column":3}},"line":9},"2":{"name":"(anonymous_2)","decl":{"start":{"line":14,"column":2},"end":{"line":14,"column":3}},"loc":{"start":{"line":14,"column":38},"end":{"line":23,"column":3}},"line":14},"3":{"name":"(anonymous_3)","decl":{"start":{"line":25,"column":2},"end":{"line":25,"column":3}},"loc":{"start":{"line":25,"column":11},"end":{"line":66,"column":3}},"line":25},"4":{"name":"(anonymous_4)","decl":{"start":{"line":54,"column":25},"end":{"line":54,"column":26}},"loc":{"start":{"line":54,"column":31},"end":{"line":54,"column":55}},"line":54}},"branchMap":{"0":{"loc":{"start":{"line":26,"column":4},"end":{"line":63,"column":5}},"type":"if","locations":[{"start":{"line":26,"column":4},"end":{"line":63,"column":5}},{"start":{},"end":{}}],"line":26},"1":{"loc":{"start":{"line":39,"column":17},"end":{"line":39,"column":64}},"type":"binary-expr","locations":[{"start":{"line":39,"column":17},"end":{"line":39,"column":33}},{"start":{"line":39,"column":37},"end":{"line":39,"column":64}}],"line":39},"2":{"loc":{"start":{"line":42,"column":15},"end":{"line":51,"column":15}},"type":"binary-expr","locations":[{"start":{"line":42,"column":15},"end":{"line":42,"column":35}},{"start":{"line":43,"column":16},"end":{"line":50,"column":19}}],"line":42}},"s":{"0":65,"1":65,"2":0,"3":0,"4":0,"5":0,"6":84,"7":0,"8":0,"9":84},"f":{"0":65,"1":0,"2":0,"3":84,"4":0},"b":{"0":[0,84],"1":[0,0],"2":[0,0]},"_coverageSchema":"1a1c01bbd47fc00a2c39e90264f33305004495a9","hash":"1c6dd6721e16c0f716a1e9c8b950b6bfa327dfce"}
,"/Users/joshpankin/My Drive/Obsidian/1. Projects/Antibiotic Learning app/src/components/ErrorMessage.js": {"path":"/Users/joshpankin/My Drive/Obsidian/1. Projects/Antibiotic Learning app/src/components/ErrorMessage.js","statementMap":{"0":{"start":{"line":8,"column":21},"end":{"line":58,"column":1}},"1":{"start":{"line":18,"column":21},"end":{"line":22,"column":3}},"2":{"start":{"line":24,"column":2},"end":{"line":57,"column":4}},"3":{"start":{"line":61,"column":29},"end":{"line":70,"column":1}},"4":{"start":{"line":62,"column":2},"end":{"line":69,"column":4}},"5":{"start":{"line":72,"column":28},"end":{"line":79,"column":1}},"6":{"start":{"line":73,"column":2},"end":{"line":78,"column":4}},"7":{"start":{"line":81,"column":29},"end":{"line":89,"column":1}},"8":{"start":{"line":82,"column":2},"end":{"line":88,"column":4}},"9":{"start":{"line":91,"column":31},"end":{"line":98,"column":1}},"10":{"start":{"line":92,"column":2},"end":{"line":97,"column":4}},"11":{"start":{"line":101,"column":27},"end":{"line":105,"column":1}},"12":{"start":{"line":102,"column":2},"end":{"line":104,"column":8}},"13":{"start":{"line":108,"column":37},"end":{"line":134,"column":1}},"14":{"start":{"line":109,"column":2},"end":{"line":133,"column":8}},"15":{"start":{"line":125,"column":25},"end":{"line":125,"column":51}}},"fnMap":{"0":{"name":"(anonymous_0)","decl":{"start":{"line":8,"column":21},"end":{"line":8,"column":22}},"loc":{"start":{"line":17,"column":6},"end":{"line":58,"column":1}},"line":17},"1":{"name":"(anonymous_1)","decl":{"start":{"line":61,"column":29},"end":{"line":61,"column":30}},"loc":{"start":{"line":62,"column":2},"end":{"line":69,"column":4}},"line":62},"2":{"name":"(anonymous_2)","decl":{"start":{"line":72,"column":28},"end":{"line":72,"column":29}},"loc":{"start":{"line":73,"column":2},"end":{"line":78,"column":4}},"line":73},"3":{"name":"(anonymous_3)","decl":{"start":{"line":81,"column":29},"end":{"line":81,"column":30}},"loc":{"start":{"line":82,"column":2},"end":{"line":88,"column":4}},"line":82},"4":{"name":"(anonymous_4)","decl":{"start":{"line":91,"column":31},"end":{"line":91,"column":32}},"loc":{"start":{"line":92,"column":2},"end":{"line":97,"column":4}},"line":92},"5":{"name":"(anonymous_5)","decl":{"start":{"line":101,"column":27},"end":{"line":101,"column":28}},"loc":{"start":{"line":102,"column":2},"end":{"line":104,"column":8}},"line":102},"6":{"name":"(anonymous_6)","decl":{"start":{"line":108,"column":37},"end":{"line":108,"column":38}},"loc":{"start":{"line":109,"column":2},"end":{"line":133,"column":8}},"line":109},"7":{"name":"(anonymous_7)","decl":{"start":{"line":125,"column":19},"end":{"line":125,"column":20}},"loc":{"start":{"line":125,"column":25},"end":{"line":125,"column":51}},"line":125}},"branchMap":{"0":{"loc":{"start":{"line":9,"column":2},"end":{"line":9,"column":32}},"type":"default-arg","locations":[{"start":{"line":9,"column":10},"end":{"line":9,"column":32}}],"line":9},"1":{"loc":{"start":{"line":10,"column":2},"end":{"line":10,"column":74}},"type":"default-arg","locations":[{"start":{"line":10,"column":12},"end":{"line":10,"column":74}}],"line":10},"2":{"loc":{"start":{"line":11,"column":2},"end":{"line":11,"column":16}},"type":"default-arg","locations":[{"start":{"line":11,"column":9},"end":{"line":11,"column":16}}],"line":11},"3":{"loc":{"start":{"line":12,"column":2},"end":{"line":12,"column":18}},"type":"default-arg","locations":[{"start":{"line":12,"column":14},"end":{"line":12,"column":18}}],"line":12},"4":{"loc":{"start":{"line":13,"column":2},"end":{"line":13,"column":18}},"type":"default-arg","locations":[{"start":{"line":13,"column":13},"end":{"line":13,"column":18}}],"line":13},"5":{"loc":{"start":{"line":14,"column":2},"end":{"line":14,"column":16}},"type":"default-arg","locations":[{"start":{"line":14,"column":12},"end":{"line":14,"column":16}}],"line":14},"6":{"loc":{"start":{"line":15,"column":2},"end":{"line":15,"column":15}},"type":"default-arg","locations":[{"start":{"line":15,"column":11},"end":{"line":15,"column":15}}],"line":15},"7":{"loc":{"start":{"line":16,"column":2},"end":{"line":16,"column":16}},"type":"default-arg","locations":[{"start":{"line":16,"column":14},"end":{"line":16,"column":16}}],"line":16},"8":{"loc":{"start":{"line":32,"column":11},"end":{"line":53,"column":11}},"type":"binary-expr","locations":[{"start":{"line":32,"column":12},"end":{"line":32,"column":21}},{"start":{"line":32,"column":25},"end":{"line":32,"column":33}},{"start":{"line":33,"column":12},"end":{"line":52,"column":18}}],"line":32},"9":{"loc":{"start":{"line":34,"column":15},"end":{"line":42,"column":15}},"type":"binary-expr","locations":[{"start":{"line":34,"column":15},"end":{"line":34,"column":24}},{"start":{"line":34,"column":28},"end":{"line":34,"column":35}},{"start":{"line":35,"column":16},"end":{"line":41,"column":25}}],"line":34},"10":{"loc":{"start":{"line":43,"column":15},"end":{"line":51,"column":15}},"type":"binary-expr","locations":[{"start":{"line":43,"column":15},"end":{"line":43,"column":23}},{"start":{"line":43,"column":27},"end":{"line":43,"column":33}},{"start":{"line":44,"column":16},"end":{"line":50,"column":25}}],"line":43},"11":{"loc":{"start":{"line":81,"column":32},"end":{"line":81,"column":52}},"type":"default-arg","locations":[{"start":{"line":81,"column":43},"end":{"line":81,"column":52}}],"line":81},"12":{"loc":{"start":{"line":101,"column":39},"end":{"line":101,"column":53}},"type":"default-arg","locations":[{"start":{"line":101,"column":51},"end":{"line":101,"column":53}}],"line":101}},"s":{"0":3,"1":0,"2":0,"3":3,"4":0,"5":3,"6":0,"7":3,"8":0,"9":3,"10":0,"11":3,"12":0,"13":3,"14":0,"15":0},"f":{"0":0,"1":0,"2":0,"3":0,"4":0,"5":0,"6":0,"7":0},"b":{"0":[0],"1":[0],"2":[0],"3":[0],"4":[0],"5":[0],"6":[0],"7":[0],"8":[0,0,0],"9":[0,0,0],"10":[0,0,0],"11":[0],"12":[0]},"_coverageSchema":"1a1c01bbd47fc00a2c39e90264f33305004495a9","hash":"0f9e72f87cb28fc54d70fd63387ad38f3b171fb2"}
,"/Users/joshpankin/My Drive/Obsidian/1. Projects/Antibiotic Learning app/src/components/Header.js": {"path":"/Users/joshpankin/My Drive/Obsidian/1. Projects/Antibiotic Learning app/src/components/Header.js","statementMap":{"0":{"start":{"line":28,"column":15},"end":{"line":154,"column":1}},"1":{"start":{"line":36,"column":19},"end":{"line":46,"column":3}},"2":{"start":{"line":49,"column":2},"end":{"line":71,"column":42}},"3":{"start":{"line":50,"column":26},"end":{"line":54,"column":5}},"4":{"start":{"line":51,"column":6},"end":{"line":53,"column":7}},"5":{"start":{"line":52,"column":8},"end":{"line":52,"column":33}},"6":{"start":{"line":56,"column":31},"end":{"line":60,"column":5}},"7":{"start":{"line":57,"column":6},"end":{"line":59,"column":7}},"8":{"start":{"line":58,"column":8},"end":{"line":58,"column":33}},"9":{"start":{"line":62,"column":4},"end":{"line":65,"column":5}},"10":{"start":{"line":63,"column":6},"end":{"line":63,"column":58}},"11":{"start":{"line":64,"column":6},"end":{"line":64,"column":65}},"12":{"start":{"line":67,"column":4},"end":{"line":70,"column":6}},"13":{"start":{"line":68,"column":6},"end":{"line":68,"column":61}},"14":{"start":{"line":69,"column":6},"end":{"line":69,"column":68}},"15":{"start":{"line":73,"column":2},"end":{"line":153,"column":4}},"16":{"start":{"line":86,"column":14},"end":{"line":103,"column":20}},"17":{"start":{"line":93,"column":31},"end":{"line":93,"column":47}},"18":{"start":{"line":95,"column":18},"end":{"line":98,"column":19}},"19":{"start":{"line":96,"column":20},"end":{"line":96,"column":39}},"20":{"start":{"line":97,"column":20},"end":{"line":97,"column":37}},"21":{"start":{"line":111,"column":27},"end":{"line":111,"column":61}},"22":{"start":{"line":126,"column":14},"end":{"line":147,"column":20}},"23":{"start":{"line":134,"column":18},"end":{"line":134,"column":35}},"24":{"start":{"line":135,"column":18},"end":{"line":135,"column":43}},"25":{"start":{"line":138,"column":18},"end":{"line":142,"column":19}},"26":{"start":{"line":139,"column":20},"end":{"line":139,"column":39}},"27":{"start":{"line":140,"column":20},"end":{"line":140,"column":37}},"28":{"start":{"line":141,"column":20},"end":{"line":141,"column":45}}},"fnMap":{"0":{"name":"(anonymous_0)","decl":{"start":{"line":28,"column":15},"end":{"line":28,"column":16}},"loc":{"start":{"line":34,"column":6},"end":{"line":154,"column":1}},"line":34},"1":{"name":"(anonymous_1)","decl":{"start":{"line":49,"column":12},"end":{"line":49,"column":13}},"loc":{"start":{"line":49,"column":18},"end":{"line":71,"column":3}},"line":49},"2":{"name":"(anonymous_2)","decl":{"start":{"line":50,"column":26},"end":{"line":50,"column":27}},"loc":{"start":{"line":50,"column":33},"end":{"line":54,"column":5}},"line":50},"3":{"name":"(anonymous_3)","decl":{"start":{"line":56,"column":31},"end":{"line":56,"column":32}},"loc":{"start":{"line":56,"column":38},"end":{"line":60,"column":5}},"line":56},"4":{"name":"(anonymous_4)","decl":{"start":{"line":67,"column":11},"end":{"line":67,"column":12}},"loc":{"start":{"line":67,"column":17},"end":{"line":70,"column":5}},"line":67},"5":{"name":"(anonymous_5)","decl":{"start":{"line":85,"column":26},"end":{"line":85,"column":27}},"loc":{"start":{"line":86,"column":14},"end":{"line":103,"column":20}},"line":86},"6":{"name":"(anonymous_6)","decl":{"start":{"line":93,"column":25},"end":{"line":93,"column":26}},"loc":{"start":{"line":93,"column":31},"end":{"line":93,"column":47}},"line":93},"7":{"name":"(anonymous_7)","decl":{"start":{"line":94,"column":27},"end":{"line":94,"column":28}},"loc":{"start":{"line":94,"column":34},"end":{"line":99,"column":17}},"line":94},"8":{"name":"(anonymous_8)","decl":{"start":{"line":111,"column":21},"end":{"line":111,"column":22}},"loc":{"start":{"line":111,"column":27},"end":{"line":111,"column":61}},"line":111},"9":{"name":"(anonymous_9)","decl":{"start":{"line":125,"column":26},"end":{"line":125,"column":27}},"loc":{"start":{"line":126,"column":14},"end":{"line":147,"column":20}},"line":126},"10":{"name":"(anonymous_10)","decl":{"start":{"line":133,"column":25},"end":{"line":133,"column":26}},"loc":{"start":{"line":133,"column":31},"end":{"line":136,"column":17}},"line":133},"11":{"name":"(anonymous_11)","decl":{"start":{"line":137,"column":27},"end":{"line":137,"column":28}},"loc":{"start":{"line":137,"column":34},"end":{"line":143,"column":17}},"line":137}},"branchMap":{"0":{"loc":{"start":{"line":51,"column":6},"end":{"line":53,"column":7}},"type":"if","locations":[{"start":{"line":51,"column":6},"end":{"line":53,"column":7}},{"start":{},"end":{}}],"line":51},"1":{"loc":{"start":{"line":51,"column":10},"end":{"line":51,"column":46}},"type":"binary-expr","locations":[{"start":{"line":51,"column":10},"end":{"line":51,"column":28}},{"start":{"line":51,"column":32},"end":{"line":51,"column":46}}],"line":51},"2":{"loc":{"start":{"line":57,"column":6},"end":{"line":59,"column":7}},"type":"if","locations":[{"start":{"line":57,"column":6},"end":{"line":59,"column":7}},{"start":{},"end":{}}],"line":57},"3":{"loc":{"start":{"line":57,"column":10},"end":{"line":57,"column":55}},"type":"binary-expr","locations":[{"start":{"line":57,"column":10},"end":{"line":57,"column":24}},{"start":{"line":57,"column":28},"end":{"line":57,"column":55}}],"line":57},"4":{"loc":{"start":{"line":62,"column":4},"end":{"line":65,"column":5}},"type":"if","locations":[{"start":{"line":62,"column":4},"end":{"line":65,"column":5}},{"start":{},"end":{}}],"line":62},"5":{"loc":{"start":{"line":83,"column":9},"end":{"line":106,"column":9}},"type":"binary-expr","locations":[{"start":{"line":83,"column":9},"end":{"line":83,"column":18}},{"start":{"line":84,"column":10},"end":{"line":105,"column":16}}],"line":83},"6":{"loc":{"start":{"line":91,"column":18},"end":{"line":91,"column":100}},"type":"cond-expr","locations":[{"start":{"line":91,"column":37},"end":{"line":91,"column":61}},{"start":{"line":91,"column":64},"end":{"line":91,"column":100}}],"line":91},"7":{"loc":{"start":{"line":95,"column":18},"end":{"line":98,"column":19}},"type":"if","locations":[{"start":{"line":95,"column":18},"end":{"line":98,"column":19}},{"start":{},"end":{}}],"line":95},"8":{"loc":{"start":{"line":95,"column":22},"end":{"line":95,"column":56}},"type":"binary-expr","locations":[{"start":{"line":95,"column":22},"end":{"line":95,"column":39}},{"start":{"line":95,"column":43},"end":{"line":95,"column":56}}],"line":95},"9":{"loc":{"start":{"line":109,"column":9},"end":{"line":118,"column":9}},"type":"binary-expr","locations":[{"start":{"line":109,"column":9},"end":{"line":109,"column":17}},{"start":{"line":110,"column":10},"end":{"line":117,"column":19}}],"line":109},"10":{"loc":{"start":{"line":116,"column":13},"end":{"line":116,"column":66}},"type":"cond-expr","locations":[{"start":{"line":116,"column":30},"end":{"line":116,"column":45}},{"start":{"line":116,"column":48},"end":{"line":116,"column":66}}],"line":116},"11":{"loc":{"start":{"line":122,"column":7},"end":{"line":151,"column":7}},"type":"binary-expr","locations":[{"start":{"line":122,"column":7},"end":{"line":122,"column":15}},{"start":{"line":122,"column":19},"end":{"line":122,"column":33}},{"start":{"line":123,"column":8},"end":{"line":150,"column":14}}],"line":122},"12":{"loc":{"start":{"line":131,"column":18},"end":{"line":131,"column":100}},"type":"cond-expr","locations":[{"start":{"line":131,"column":37},"end":{"line":131,"column":61}},{"start":{"line":131,"column":64},"end":{"line":131,"column":100}}],"line":131},"13":{"loc":{"start":{"line":138,"column":18},"end":{"line":142,"column":19}},"type":"if","locations":[{"start":{"line":138,"column":18},"end":{"line":142,"column":19}},{"start":{},"end":{}}],"line":138},"14":{"loc":{"start":{"line":138,"column":22},"end":{"line":138,"column":56}},"type":"binary-expr","locations":[{"start":{"line":138,"column":22},"end":{"line":138,"column":39}},{"start":{"line":138,"column":43},"end":{"line":138,"column":56}}],"line":138}},"s":{"0":2,"1":50,"2":50,"3":40,"4":1,"5":1,"6":40,"7":1,"8":1,"9":40,"10":6,"11":6,"12":40,"13":40,"14":40,"15":50,"16":360,"17":12,"18":2,"19":2,"20":2,"21":1,"22":54,"23":1,"24":1,"25":0,"26":0,"27":0,"28":0},"f":{"0":50,"1":40,"2":1,"3":1,"4":40,"5":360,"6":12,"7":2,"8":1,"9":54,"10":1,"11":0},"b":{"0":[1,0],"1":[1,1],"2":[1,0],"3":[1,1],"4":[6,34],"5":[50,40],"6":[40,320],"7":[2,0],"8":[2,1],"9":[50,10],"10":[6,4],"11":[50,10,6],"12":[6,48],"13":[0,0],"14":[0,0]},"_coverageSchema":"1a1c01bbd47fc00a2c39e90264f33305004495a9","hash":"e45bad55953321f7d11b618e4681c10a6255cc26"}
,"/Users/joshpankin/My Drive/Obsidian/1. Projects/Antibiotic Learning app/src/components/HomeTab.js": {"path":"/Users/joshpankin/My Drive/Obsidian/1. Projects/Antibiotic Learning app/src/components/HomeTab.js","statementMap":{"0":{"start":{"line":13,"column":16},"end":{"line":138,"column":1}},"1":{"start":{"line":15,"column":23},"end":{"line":22,"column":3}},"2":{"start":{"line":23,"column":27},"end":{"line":29,"column":3}},"3":{"start":{"line":24,"column":4},"end":{"line":28,"column":5}},"4":{"start":{"line":25,"column":6},"end":{"line":25,"column":28}},"5":{"start":{"line":27,"column":6},"end":{"line":27,"column":49}},"6":{"start":{"line":31,"column":24},"end":{"line":36,"column":3}},"7":{"start":{"line":32,"column":4},"end":{"line":35,"column":5}},"8":{"start":{"line":33,"column":6},"end":{"line":33,"column":29}},"9":{"start":{"line":34,"column":6},"end":{"line":34,"column":32}},"10":{"start":{"line":38,"column":2},"end":{"line":137,"column":4}},"11":{"start":{"line":50,"column":25},"end":{"line":50,"column":55}},"12":{"start":{"line":51,"column":28},"end":{"line":51,"column":58}}},"fnMap":{"0":{"name":"(anonymous_0)","decl":{"start":{"line":13,"column":16},"end":{"line":13,"column":17}},"loc":{"start":{"line":13,"column":38},"end":{"line":138,"column":1}},"line":13},"1":{"name":"(anonymous_1)","decl":{"start":{"line":23,"column":27},"end":{"line":23,"column":28}},"loc":{"start":{"line":23,"column":40},"end":{"line":29,"column":3}},"line":23},"2":{"name":"(anonymous_2)","decl":{"start":{"line":31,"column":24},"end":{"line":31,"column":25}},"loc":{"start":{"line":31,"column":44},"end":{"line":36,"column":3}},"line":31},"3":{"name":"(anonymous_3)","decl":{"start":{"line":50,"column":19},"end":{"line":50,"column":20}},"loc":{"start":{"line":50,"column":25},"end":{"line":50,"column":55}},"line":50},"4":{"name":"(anonymous_4)","decl":{"start":{"line":51,"column":21},"end":{"line":51,"column":22}},"loc":{"start":{"line":51,"column":28},"end":{"line":51,"column":58}},"line":51}},"branchMap":{"0":{"loc":{"start":{"line":32,"column":4},"end":{"line":35,"column":5}},"type":"if","locations":[{"start":{"line":32,"column":4},"end":{"line":35,"column":5}},{"start":{},"end":{}}],"line":32},"1":{"loc":{"start":{"line":32,"column":8},"end":{"line":32,"column":50}},"type":"binary-expr","locations":[{"start":{"line":32,"column":8},"end":{"line":32,"column":29}},{"start":{"line":32,"column":33},"end":{"line":32,"column":50}}],"line":32},"2":{"loc":{"start":{"line":58,"column":7},"end":{"line":102,"column":7}},"type":"binary-expr","locations":[{"start":{"line":58,"column":7},"end":{"line":58,"column":36}},{"start":{"line":59,"column":8},"end":{"line":101,"column":14}}],"line":58}},"s":{"0":2,"1":36,"2":36,"3":6,"4":6,"5":1,"6":36,"7":2,"8":2,"9":2,"10":36,"11":4,"12":2},"f":{"0":36,"1":6,"2":2,"3":4,"4":2},"b":{"0":[2,0],"1":[2,1],"2":[36,36]},"_coverageSchema":"1a1c01bbd47fc00a2c39e90264f33305004495a9","hash":"bf0e881959207652bd798cdd5d343ff307a79d26"}
,"/Users/joshpankin/My Drive/Obsidian/1. Projects/Antibiotic Learning app/src/components/LoadingSpinner.js": {"path":"/Users/joshpankin/My Drive/Obsidian/1. Projects/Antibiotic Learning app/src/components/LoadingSpinner.js","statementMap":{"0":{"start":{"line":8,"column":23},"end":{"line":36,"column":1}},"1":{"start":{"line":15,"column":22},"end":{"line":19,"column":3}},"2":{"start":{"line":21,"column":19},"end":{"line":21,"column":36}},"3":{"start":{"line":22,"column":15},"end":{"line":22,"column":87}},"4":{"start":{"line":24,"column":2},"end":{"line":35,"column":4}},"5":{"start":{"line":39,"column":29},"end":{"line":45,"column":1}},"6":{"start":{"line":40,"column":2},"end":{"line":44,"column":4}},"7":{"start":{"line":48,"column":30},"end":{"line":52,"column":1}},"8":{"start":{"line":49,"column":2},"end":{"line":51,"column":8}},"9":{"start":{"line":54,"column":20},"end":{"line":58,"column":1}}},"fnMap":{"0":{"name":"(anonymous_0)","decl":{"start":{"line":8,"column":23},"end":{"line":8,"column":24}},"loc":{"start":{"line":14,"column":6},"end":{"line":36,"column":1}},"line":14},"1":{"name":"(anonymous_1)","decl":{"start":{"line":39,"column":29},"end":{"line":39,"column":30}},"loc":{"start":{"line":40,"column":2},"end":{"line":44,"column":4}},"line":40},"2":{"name":"(anonymous_2)","decl":{"start":{"line":48,"column":30},"end":{"line":48,"column":31}},"loc":{"start":{"line":49,"column":2},"end":{"line":51,"column":8}},"line":49}},"branchMap":{"0":{"loc":{"start":{"line":9,"column":2},"end":{"line":9,"column":24}},"type":"default-arg","locations":[{"start":{"line":9,"column":12},"end":{"line":9,"column":24}}],"line":9},"1":{"loc":{"start":{"line":10,"column":2},"end":{"line":10,"column":13}},"type":"default-arg","locations":[{"start":{"line":10,"column":9},"end":{"line":10,"column":13}}],"line":10},"2":{"loc":{"start":{"line":11,"column":2},"end":{"line":11,"column":21}},"type":"default-arg","locations":[{"start":{"line":11,"column":12},"end":{"line":11,"column":21}}],"line":11},"3":{"loc":{"start":{"line":12,"column":2},"end":{"line":12,"column":20}},"type":"default-arg","locations":[{"start":{"line":12,"column":16},"end":{"line":12,"column":20}}],"line":12},"4":{"loc":{"start":{"line":13,"column":2},"end":{"line":13,"column":16}},"type":"default-arg","locations":[{"start":{"line":13,"column":14},"end":{"line":13,"column":16}}],"line":13},"5":{"loc":{"start":{"line":22,"column":15},"end":{"line":22,"column":87}},"type":"cond-expr","locations":[{"start":{"line":22,"column":39},"end":{"line":22,"column":48}},{"start":{"line":22,"column":51},"end":{"line":22,"column":87}}],"line":22},"6":{"loc":{"start":{"line":22,"column":51},"end":{"line":22,"column":87}},"type":"cond-expr","locations":[{"start":{"line":22,"column":73},"end":{"line":22,"column":78}},{"start":{"line":22,"column":81},"end":{"line":22,"column":87}}],"line":22},"7":{"loc":{"start":{"line":31,"column":7},"end":{"line":33,"column":7}},"type":"binary-expr","locations":[{"start":{"line":31,"column":7},"end":{"line":31,"column":18}},{"start":{"line":32,"column":8},"end":{"line":32,"column":72}}],"line":31},"8":{"loc":{"start":{"line":39,"column":32},"end":{"line":39,"column":43}},"type":"default-arg","locations":[{"start":{"line":39,"column":39},"end":{"line":39,"column":43}}],"line":39},"9":{"loc":{"start":{"line":39,"column":45},"end":{"line":39,"column":59}},"type":"default-arg","locations":[{"start":{"line":39,"column":57},"end":{"line":39,"column":59}}],"line":39},"10":{"loc":{"start":{"line":48,"column":33},"end":{"line":48,"column":47}},"type":"default-arg","locations":[{"start":{"line":48,"column":45},"end":{"line":48,"column":47}}],"line":48}},"s":{"0":2,"1":8,"2":8,"3":8,"4":8,"5":2,"6":0,"7":2,"8":0,"9":2},"f":{"0":8,"1":0,"2":0},"b":{"0":[3],"1":[8],"2":[8],"3":[8],"4":[8],"5":[0,8],"6":[0,8],"7":[8,8],"8":[0],"9":[0],"10":[0]},"_coverageSchema":"1a1c01bbd47fc00a2c39e90264f33305004495a9","hash":"b2de71a90ab5c102f2f22904266844d0ff94d984"}
,"/Users/joshpankin/My Drive/Obsidian/1. Projects/Antibiotic Learning app/src/components/PathogenCard.js": {"path":"/Users/joshpankin/My Drive/Obsidian/1. Projects/Antibiotic Learning app/src/components/PathogenCard.js","statementMap":{"0":{"start":{"line":10,"column":21},"end":{"line":182,"column":1}},"1":{"start":{"line":11,"column":2},"end":{"line":18,"column":3}},"2":{"start":{"line":12,"column":4},"end":{"line":17,"column":6}},"3":{"start":{"line":21,"column":23},"end":{"line":30,"column":3}},"4":{"start":{"line":22,"column":4},"end":{"line":29,"column":5}},"5":{"start":{"line":24,"column":8},"end":{"line":24,"column":65}},"6":{"start":{"line":26,"column":8},"end":{"line":26,"column":56}},"7":{"start":{"line":28,"column":8},"end":{"line":28,"column":59}},"8":{"start":{"line":33,"column":27},"end":{"line":44,"column":3}},"9":{"start":{"line":34,"column":4},"end":{"line":43,"column":5}},"10":{"start":{"line":36,"column":8},"end":{"line":36,"column":56}},"11":{"start":{"line":38,"column":8},"end":{"line":38,"column":65}},"12":{"start":{"line":40,"column":8},"end":{"line":40,"column":62}},"13":{"start":{"line":42,"column":8},"end":{"line":42,"column":59}},"14":{"start":{"line":47,"column":26},"end":{"line":58,"column":3}},"15":{"start":{"line":48,"column":4},"end":{"line":57,"column":5}},"16":{"start":{"line":50,"column":8},"end":{"line":50,"column":53}},"17":{"start":{"line":52,"column":8},"end":{"line":52,"column":44}},"18":{"start":{"line":54,"column":8},"end":{"line":54,"column":44}},"19":{"start":{"line":56,"column":8},"end":{"line":56,"column":44}},"20":{"start":{"line":60,"column":2},"end":{"line":181,"column":4}},"21":{"start":{"line":122,"column":14},"end":{"line":127,"column":21}}},"fnMap":{"0":{"name":"(anonymous_0)","decl":{"start":{"line":10,"column":21},"end":{"line":10,"column":22}},"loc":{"start":{"line":10,"column":48},"end":{"line":182,"column":1}},"line":10},"1":{"name":"(anonymous_1)","decl":{"start":{"line":21,"column":23},"end":{"line":21,"column":24}},"loc":{"start":{"line":21,"column":39},"end":{"line":30,"column":3}},"line":21},"2":{"name":"(anonymous_2)","decl":{"start":{"line":33,"column":27},"end":{"line":33,"column":28}},"loc":{"start":{"line":33,"column":41},"end":{"line":44,"column":3}},"line":33},"3":{"name":"(anonymous_3)","decl":{"start":{"line":47,"column":26},"end":{"line":47,"column":27}},"loc":{"start":{"line":47,"column":40},"end":{"line":58,"column":3}},"line":47},"4":{"name":"(anonymous_4)","decl":{"start":{"line":121,"column":38},"end":{"line":121,"column":39}},"loc":{"start":{"line":122,"column":14},"end":{"line":127,"column":21}},"line":122}},"branchMap":{"0":{"loc":{"start":{"line":11,"column":2},"end":{"line":18,"column":3}},"type":"if","locations":[{"start":{"line":11,"column":2},"end":{"line":18,"column":3}},{"start":{},"end":{}}],"line":11},"1":{"loc":{"start":{"line":22,"column":4},"end":{"line":29,"column":5}},"type":"switch","locations":[{"start":{"line":23,"column":6},"end":{"line":24,"column":65}},{"start":{"line":25,"column":6},"end":{"line":26,"column":56}},{"start":{"line":27,"column":6},"end":{"line":28,"column":59}}],"line":22},"2":{"loc":{"start":{"line":34,"column":4},"end":{"line":43,"column":5}},"type":"switch","locations":[{"start":{"line":35,"column":6},"end":{"line":36,"column":56}},{"start":{"line":37,"column":6},"end":{"line":38,"column":65}},{"start":{"line":39,"column":6},"end":{"line":40,"column":62}},{"start":{"line":41,"column":6},"end":{"line":42,"column":59}}],"line":34},"3":{"loc":{"start":{"line":48,"column":4},"end":{"line":57,"column":5}},"type":"switch","locations":[{"start":{"line":49,"column":6},"end":{"line":50,"column":53}},{"start":{"line":51,"column":6},"end":{"line":52,"column":44}},{"start":{"line":53,"column":6
[...]
":249,"column":90}},"104":{"start":{"line":249,"column":56},"end":{"line":249,"column":83}},"105":{"start":{"line":250,"column":25},"end":{"line":250,"column":90}},"106":{"start":{"line":250,"column":56},"end":{"line":250,"column":83}},"107":{"start":{"line":252,"column":4},"end":{"line":256,"column":7}},"108":{"start":{"line":258,"column":4},"end":{"line":262,"column":7}},"109":{"start":{"line":265,"column":4},"end":{"line":276,"column":5}},"110":{"start":{"line":266,"column":6},"end":{"line":275,"column":9}},"111":{"start":{"line":267,"column":34},"end":{"line":267,"column":80}},"112":{"start":{"line":268,"column":8},"end":{"line":274,"column":9}},"113":{"start":{"line":269,"column":10},"end":{"line":273,"column":13}},"114":{"start":{"line":279,"column":2},"end":{"line":279,"column":22}},"115":{"start":{"line":285,"column":41},"end":{"line":300,"column":1}},"116":{"start":{"line":286,"column":22},"end":{"line":294,"column":3}},"117":{"start":{"line":287,"column":43},"end":{"line":287,"column":67}},"118":{"start":{"line":288,"column":50},"end":{"line":288,"column":81}},"119":{"start":{"line":289,"column":46},"end":{"line":289,"column":73}},"120":{"start":{"line":290,"column":52},"end":{"line":290,"column":85}},"121":{"start":{"line":292,"column":6},"end":{"line":292,"column":91}},"122":{"start":{"line":297,"column":2},"end":{"line":299,"column":4}},"123":{"start":{"line":298,"column":53},"end":{"line":298,"column":68}}},"fnMap":{"0":{"name":"(anonymous_0)","decl":{"start":{"line":10,"column":39},"end":{"line":10,"column":40}},"loc":{"start":{"line":10,"column":57},"end":{"line":62,"column":1}},"line":10},"1":{"name":"(anonymous_1)","decl":{"start":{"line":26,"column":18},"end":{"line":26,"column":19}},"loc":{"start":{"line":26,"column":26},"end":{"line":46,"column":3}},"line":26},"2":{"name":"(anonymous_2)","decl":{"start":{"line":29,"column":39},"end":{"line":29,"column":40}},"loc":{"start":{"line":29,"column":54},"end":{"line":33,"column":7}},"line":29},"3":{"name":"(anonymous_3)","decl":{"start":{"line":53,"column":12},"end":{"line":53,"column":13}},"loc":{"start":{"line":53,"column":28},"end":{"line":53,"column":33}},"line":53},"4":{"name":"(anonymous_4)","decl":{"start":{"line":55,"column":11},"end":{"line":55,"column":12}},"loc":{"start":{"line":55,"column":27},"end":{"line":55,"column":35}},"line":55},"5":{"name":"(anonymous_5)","decl":{"start":{"line":57,"column":12},"end":{"line":57,"column":13}},"loc":{"start":{"line":57,"column":28},"end":{"line":57,"column":33}},"line":57},"6":{"name":"(anonymous_6)","decl":{"start":{"line":67,"column":34},"end":{"line":67,"column":35}},"loc":{"start":{"line":67,"column":47},"end":{"line":77,"column":1}},"line":67},"7":{"name":"(anonymous_7)","decl":{"start":{"line":71,"column":33},"end":{"line":71,"column":34}},"loc":{"start":{"line":71,"column":41},"end":{"line":71,"column":64}},"line":71},"8":{"name":"(anonymous_8)","decl":{"start":{"line":82,"column":48},"end":{"line":82,"column":49}},"loc":{"start":{"line":82,"column":114},"end":{"line":124,"column":1}},"line":82},"9":{"name":"(anonymous_9)","decl":{"start":{"line":89,"column":47},"end":{"line":89,"column":48}},"loc":{"start":{"line":89,"column":60},"end":{"line":94,"column":3}},"line":89},"10":{"name":"(anonymous_10)","decl":{"start":{"line":102,"column":56},"end":{"line":102,"column":57}},"loc":{"start":{"line":102,"column":69},"end":{"line":107,"column":5}},"line":102},"11":{"name":"(anonymous_11)","decl":{"start":{"line":112,"column":49},"end":{"line":112,"column":50}},"loc":{"start":{"line":112,"column":62},"end":{"line":117,"column":3}},"line":112},"12":{"name":"(anonymous_12)","decl":{"start":{"line":122,"column":10},"end":{"line":122,"column":11}},"loc":{"start":{"line":122,"column":20},"end":{"line":122,"column":37}},"line":122},"13":{"name":"(anonymous_13)","decl":{"start":{"line":129,"column":29},"end":{"line":129,"column":30}},"loc":{"start":{"line":129,"column":60},"end":{"line":146,"column":1}},"line":129},"14":{"name":"(anonymous_14)","decl":{"start":{"line":133,"column":12},"end":{"line":133,"column":13}},"loc":{"start":{"line":133,"column":24},"end":{"line":133,"column":63}},"line":133},"15":{"name":"(anonymous_15)","decl":{"start":{"line":134,"column":12},"end":{"line":134,"column":13}},"loc":{"start":{"line":134,"column":24},"end":{"line":144,"column":5}},"line":134},"16":{"name":"(anonymous_16)","decl":{"start":{"line":139,"column":59},"end":{"line":139,"column":60}},"loc":{"start":{"line":140,"column":8},"end":{"line":140,"column":56}},"line":140},"17":{"name":"(anonymous_17)","decl":{"start":{"line":151,"column":34},"end":{"line":151,"column":35}},"loc":{"start":{"line":151,"column":68},"end":{"line":160,"column":1}},"line":151},"18":{"name":"(anonymous_18)","decl":{"start":{"line":154,"column":34},"end":{"line":154,"column":35}},"loc":{"start":{"line":154,"column":46},"end":{"line":159,"column":3}},"line":154},"19":{"name":"(anonymous_19)","decl":{"start":{"line":156,"column":36},"end":{"line":156,"column":37}},"loc":{"start":{"line":157,"column":6},"end":{"line":157,"column":36}},"line":157},"20":{"name":"(anonymous_20)","decl":{"start":{"line":165,"column":31},"end":{"line":165,"column":32}},"loc":{"start":{"line":165,"column":62},"end":{"line":177,"column":1}},"line":165},"21":{"name":"(anonymous_21)","decl":{"start":{"line":171,"column":12},"end":{"line":171,"column":13}},"loc":{"start":{"line":171,"column":24},"end":{"line":175,"column":5}},"line":171},"22":{"name":"(anonymous_22)","decl":{"start":{"line":182,"column":33},"end":{"line":182,"column":34}},"loc":{"start":{"line":182,"column":59},"end":{"line":198,"column":1}},"line":182},"23":{"name":"(anonymous_23)","decl":{"start":{"line":189,"column":56},"end":{"line":189,"column":57}},"loc":{"start":{"line":190,"column":4},"end":{"line":190,"column":45}},"line":190},"24":{"name":"(anonymous_24)","decl":{"start":{"line":203,"column":36},"end":{"line":203,"column":37}},"loc":{"start":{"line":203,"column":68},"end":{"line":217,"column":1}},"line":203},"25":{"name":"(anonymous_25)","decl":{"start":{"line":222,"column":33},"end":{"line":222,"column":34}},"loc":{"start":{"line":222,"column":47},"end":{"line":225,"column":1}},"line":222},"26":{"name":"(anonymous_26)","decl":{"start":{"line":230,"column":39},"end":{"line":230,"column":40}},"loc":{"start":{"line":230,"column":60},"end":{"line":237,"column":1}},"line":230},"27":{"name":"(anonymous_27)","decl":{"start":{"line":232,"column":32},"end":{"line":232,"column":33}},"loc":{"start":{"line":232,"column":39},"end":{"line":236,"column":3}},"line":232},"28":{"name":"(anonymous_28)","decl":{"start":{"line":242,"column":36},"end":{"line":242,"column":37}},"loc":{"start":{"line":242,"column":84},"end":{"line":280,"column":1}},"line":242},"29":{"name":"(anonymous_29)","decl":{"start":{"line":249,"column":51},"end":{"line":249,"column":52}},"loc":{"start":{"line":249,"column":56},"end":{"line":249,"column":83}},"line":249},"30":{"name":"(anonymous_30)","decl":{"start":{"line":250,"column":51},"end":{"line":250,"column":52}},"loc":{"start":{"line":250,"column":56},"end":{"line":250,"column":83}},"line":250},"31":{"name":"(anonymous_31)","decl":{"start":{"line":266,"column":52},"end":{"line":266,"column":53}},"loc":{"start":{"line":266,"column":64},"end":{"line":275,"column":7}},"line":266},"32":{"name":"(anonymous_32)","decl":{"start":{"line":285,"column":41},"end":{"line":285,"column":42}},"loc":{"start":{"line":285,"column":80},"end":{"line":300,"column":1}},"line":285},"33":{"name":"(anonymous_33)","decl":{"start":{"line":287,"column":38},"end":{"line":287,"column":39}},"loc":{"start":{"line":287,"column":43},"end":{"line":287,"column":67}},"line":287},"34":{"name":"(anonymous_34)","decl":{"start":{"line":288,"column":45},"end":{"line":288,"column":46}},"loc":{"start":{"line":288,"column":50},"end":{"line":288,"column":81}},"line":288},"35":{"name":"(anonymous_35)","decl":{"start":{"line":289,"column":41},"end":{"line":289,"column":42}},"loc":{"start":{"line":289,"column":46},"end":{"line":289,"column":73}},"line":289},"36":{"name":"(anonymous_36)","decl":{"start":{"line":290,"column":47},"end":{"line":290,"column":48}},"loc":{"start":{"line":290,"column":52},"end":{"line":290,"column":85}},"line":290},"37":{"name":"(anonymous_37)","decl":{"start":{"line":291,"column":39},"end":{"line":291,"column":40}},"loc":{"start":{"line":292,"column":6},"end":{"line":292,"column":91}},"line":292},"38":{"name":"(anonymous_38)","decl":{"start":{"line":298,"column":39},"end":{"line":298,"column":40}},"loc":{"start":{"line":298,"column":53},"end":{"line":298,"column":68}},"line":298}},"branchMap":{"0":{"loc":{"start":{"line":11,"column":2},"end":{"line":19,"column":3}},"type":"if","locations":[{"start":{"line":11,"column":2},"end":{"line":19,"column":3}},{"start":{},"end":{}}],"line":11},"1":{"loc":{"start":{"line":11,"column":6},"end":{"line":11,"column":64}},"type":"binary-expr","locations":[{"start":{"line":11,"column":6},"end":{"line":11,"column":27}},{"start":{"line":11,"column":31},"end":{"line":11,"column":64}}],"line":11},"2":{"loc":{"start":{"line":28,"column":4},"end":{"line":34,"column":5}},"type":"if","locations":[{"start":{"line":28,"column":4},"end":{"line":34,"column":5}},{"start":{},"end":{}}],"line":28},"3":{"loc":{"start":{"line":31,"column":25},"end":{"line":31,"column":51}},"type":"binary-expr","locations":[{"start":{"line":31,"column":25},"end":{"line":31,"column":38}},{"start":{"line":31,"column":42},"end":{"line":31,"column":51}}],"line":31},"4":{"loc":{"start":{"line":32,"column":37},"end":{"line":32,"column":69}},"type":"binary-expr","locations":[{"start":{"line":32,"column":37},"end":{"line":32,"column":64}},{"start":{"line":32,"column":68},"end":{"line":32,"column":69}}],"line":32},"5":{"loc":{"start":{"line":37,"column":4},"end":{"line":42,"column":5}},"type":"if","locations":[{"start":{"line":37,"column":4},"end":{"line":42,"column":5}},{"start":{},"end":{}}],"line":37},"6":{"loc":{"start":{"line":40,"column":9},"end":{"line":40,"column":59}},"type":"binary-expr","locations":[{"start":{"line":40,"column":9},"end":{"line":40,"column":54}},{"start":{"line":40,"column":58},"end":{"line":40,"column":59}}],"line":40},"7":{"loc":{"start":{"line":45,"column":24},"end":{"line":45,"column":43}},"type":"binary-expr","locations":[{"start":{"line":45,"column":24},"end":{"line":45,"column":38}},{"start":{"line":45,"column":42},"end":{"line":45,"column":43}}],"line":45},"8":{"loc":{"start":{"line":56,"column":26},"end":{"line":57,"column":50}},"type":"binary-expr","locations":[{"start":{"line":56,"column":26},"end":{"line":57,"column":42}},{"start":{"line":57,"column":46},"end":{"line":57,"column":50}}],"line":56},"9":{"loc":{"start":{"line":68,"column":2},"end":{"line":68,"column":46}},"type":"if","locations":[{"start":{"line":68,"column":2},"end":{"line":68,"column":46}},{"start":{},"end":{}}],"line":68},"10":{"loc":{"start":{"line":74,"column":2},"end":{"line":74,"column":52}},"type":"if","locations":[{"start":{"line":74,"column":2},"end":{"line":74,"column":52}},{"start":{},"end":{}}],"line":74},"11":{"loc":{"start":{"line":75,"column":2},"end":{"line":75,"column":71}},"type":"if","locations":[{"start":{"line":75,"column":2},"end":{"line":75,"column":71}},{"start":{},"end":{}}],"line":75},"12":{"loc":{"start":{"line":83,"column":2},"end":{"line":83,"column":47}},"type":"if","locations":[{"start":{"line":83,"column":2},"end":{"line":83,"column":47}},{"start":{},"end":{}}],"line":83},"13":{"loc":{"start":{"line":83,"column":6},"end":{"line":83,"column":35}},"type":"binary-expr","locations":[{"start":{"line":83,"column":6},"end":{"line":83,"column":14}},{"start":{"line":83,"column":18},"end":{"line":83,"column":35}}],"line":83},"14":{"loc":{"start":{"line":97,"column":2},"end":{"line":108,"column":3}},"type":"if","locations":[{"start":{"line":97,"column":2},"end":{"line":108,"column":3}},{"start":{},"end":{}}],"line":97},"15":{"loc":{"start":{"line":130,"column":2},"end":{"line":130,"column":36}},"type":"if","locations":[{"start":{"line":130,"column":2},"end":{"line":130,"column":36}},{"start":{},"end":{}}],"line":130},"16":{"loc":{"start":{"line":136,"column":6},"end":{"line":136,"column":75}},"type":"if","locations":[{"start":{"line":136,"column":6},"end":{"line":136,"column":75}},{"start":{},"end":{}}],"line":136},"17":{"loc":{"start":{"line":139,"column":31},"end":{"line":141,"column":13}},"type":"binary-expr","locations":[{"start":{"line":139,"column":31},"end":{"line":141,"column":7}},{"start":{"line":141,"column":11},"end":{"line":141,"column":13}}],"line":139},"18":{"loc":{"start":{"line":152,"column":2},"end":{"line":152,"column":36}},"type":"if","locations":[{"start":{"line":152,"column":2},"end":{"line":152,"column":36}},{"start":{},"end":{}}],"line":152},"19":{"loc":{"start":{"line":166,"column":2},"end":{"line":166,"column":36}},"type":"if","locations":[{"start":{"line":166,"column":2},"end":{"line":166,"column":36}},{"start":{},"end":{}}],"line":166},"20":{"loc":{"start":{"line":168,"column":28},"end":{"line":168,"column":68}},"type":"binary-expr","locations":[{"start":{"line":168,"column":28},"end":{"line":168,"column":63}},{"start":{"line":168,"column":67},"end":{"line":168,"column":68}}],"line":168},"21":{"loc":{"start":{"line":172,"column":33},"end":{"line":172,"column":65}},"type":"binary-expr","locations":[{"start":{"line":172,"column":33},"end":{"line":172,"column":60}},{"start":{"line":172,"column":64},"end":{"line":172,"column":65}}],"line":172},"22":{"loc":{"start":{"line":173,"column":13},"end":{"line":174,"column":56}},"type":"binary-expr","locations":[{"start":{"line":173,"column":13},"end":{"line":173,"column":51}},{"start":{"line":174,"column":13},"end":{"line":174,"column":56}}],"line":173},"23":{"loc":{"start":{"line":186,"column":2},"end":{"line":186,"column":65}},"type":"if","locations":[{"start":{"line":186,"column":2},"end":{"line":186,"column":65}},{"start":{},"end":{}}],"line":186},"24":{"loc":{"start":{"line":189,"column":27},"end":{"line":191,"column":9}},"type":"binary-expr","locations":[{"start":{"line":189,"column":27},"end":{"line":191,"column":3}},{"start":{"line":191,"column":7},"end":{"line":191,"column":9}}],"line":189},"25":{"loc":{"start":{"line":195,"column":2},"end":{"line":195,"column":65}},"type":"if","locations":[{"start":{"line":195,"column":2},"end":{"line":195,"column":65}},{"start":{},"end":{}}],"line":195},"26":{"loc":{"start":{"line":207,"column":2},"end":{"line":209,"column":3}},"type":"if","locations":[{"start":{"line":207,"column":2},"end":{"line":209,"column":3}},{"start":{},"end":{}}],"line":207},"27":{"loc":{"start":{"line":212,"column":2},"end":{"line":214,"column":3}},"type":"if","locations":[{"start":{"line":212,"column":2},"end":{"line":214,"column":3}},{"start":{},"end":{}}],"line":212},"28":{"loc":{"start":{"line":223,"column":21},"end":{"line":223,"column":53}},"type":"binary-expr","locations":[{"start":{"line":223,"column":21},"end":{"line":223,"column":48}},{"start":{"line":223,"column":52},"end":{"line":223,"column":53}}],"line":223},"29":{"loc":{"start":{"line":233,"column":4},"end":{"line":233,"column":41}},"type":"if","locations":[{"start":{"line":233,"column":4},"end":{"line":233,"column":41}},{"start":{},"end":{}}],"line":233},"30":{"loc":{"start":{"line":243,"column":2},"end":{"line":243,"column":26}},"type":"if","locations":[{"start":{"line":243,"column":2},"end":{"line":243,"column":26}},{"start":{},"end":{}}],"line":243},"31":{"loc":{"start":{"line":247,"column":2},"end":{"line":277,"column":3}},"type":"if","locations":[{"start":{"line":247,"column":2},"end":{"line":277,"column":3}},{"start":{"line":263,"column":9},"end":{"line":277,"column":3}}],"line":247},"32":{"loc":{"start":{"line":249,"column":25},"end":{"line":249,"column":90}},"type":"binary-expr","locations":[{"start":{"line":249,"column":25},"end":{"line":249,"column":84}},{"start":{"line":249,"column":88},"end":{"line":249,"column":90}}],"line":249},"33":{"loc":{"start":{"line":250,"column":25},"end":{"line":250,"column":90}},"type":"binary-expr","locations":[{"start":{"line":250,"column":25},"end":{"line":250,"column":84}},{"start":{"line":250,"column":88},"end":{"line":250,"column":90}}],"line":250},"34":{"loc":{"start":{"line":265,"column":4},"end":{"line":276,"column":5}},"type":"if","locations":[{"start":{"line":265,"column":4},"end":{"line":276,"column":5}},{"start":{},"end":{}}],"line":265},"35":{"loc":{"start":{"line":268,"column":8},"end":{"line":274,"column":9}},"type":"if","locations":[{"start":{"line":268,"column":8},"end":{"line":274,"column":9}},{"start":{},"end":{}}],"line":268}},"s":{"0":0,"1":0,"2":0,"3":0,"4":0,"5":0,"6":0,"7":0,"8":0,"9":0,"10":0,"11":0,"12":0,"13":0,"14":0,"15":0,"16":0,"17":0,"18":0,"19":0,"20":0,"21":0,"22":0,"23":0,"24":0,"25":0,"26":0,"27":0,"28":0,"29":0,"30":0,"31":0,"32":0,"33":0,"34":0,"35":0,"36":0,"37":0,"38":0,"39":0,"40":0,"41":0,"42":0,"43":0,"44":0,"45":0,"46":0,"47":0,"48":0,"49":0,"50":0,"51":0,"52":0,"53":0,"54":0,"55":0,"56":0,"57":0,"58":0,"59":0,"60":0,"61":0,"62":0,"63":0,"64":0,"65":0,"66":0,"67":0,"68":0,"69":0,"70":0,"71":0,"72":0,"73":0,"74":0,"75":0,"76":0,"77":0,"78":0,"79":0,"80":0,"81":0,"82":0,"83":0,"84":0,"85":0,"86":0,"87":0,"88":0,"89":0,"90":0,"91":0,"92":0,"93":0,"94":0,"95":0,"96":0,"97":0,"98":0,"99":0,"100":0,"101":0,"102":0,"103":0,"104":0,"105":0,"106":0,"107":0,"108":0,"109":0,"110":0,"111":0,"112":0,"113":0,"114":0,"115":0,"116":0,"117":0,"118":0,"119":0,"120":0,"121":0,"122":0,"123":0},"f":{"0":0,"1":0,"2":0,"3":0,"4":0,"5":0,"6":0,"7":0,"8":0,"9":0,"10":0,"11":0,"12":0,"13":0,"14":0,"15":0,"16":0,"17":0,"18":0,"19":0,"20":0,"21":0,"22":0,"23":0,"24":0,"25":0,"26":0,"27":0,"28":0,"29":0,"30":0,"31":0,"32":0,"33":0,"34":0,"35":0,"36":0,"37":0,"38":0},"b":{"0":[0,0],"1":[0,0],"2":[0,0],"3":[0,0],"4":[0,0],"5":[0,0],"6":[0,0],"7":[0,0],"8":[0,0],"9":[0,0],"10":[0,0],"11":[0,0],"12":[0,0],"13":[0,0],"14":[0,0],"15":[0,0],"16":[0,0],"17":[0,0],"18":[0,0],"19":[0,0],"20":[0,0],"21":[0,0],"22":[0,0],"23":[0,0],"24":[0,0],"25":[0,0],"26":[0,0],"27":[0,0],"28":[0,0],"29":[0,0],"30":[0,0],"31":[0,0],"32":[0,0],"33":[0,0],"34":[0,0],"35":[0,0]}}
,"/Users/joshpankin/My Drive/Obsidian/1. Projects/Antibiotic Learning app/src/utils/transformRboData.js": {"path":"/Users/joshpankin/My Drive/Obsidian/1. Projects/Antibiotic Learning app/src/utils/transformRboData.js","statementMap":{"0":{"start":{"line":9,"column":20},"end":{"line":68,"column":1}},"1":{"start":{"line":73,"column":39},"end":{"line":91,"column":1}},"2":{"start":{"line":74,"column":2},"end":{"line":90,"column":3}},"3":{"start":{"line":77,"column":4},"end":{"line":77,"column":44}},"4":{"start":{"line":80,"column":28},"end":{"line":80,"column":60}},"5":{"start":{"line":83,"column":18},"end":{"line":83,"column":50}},"6":{"start":{"line":84,"column":4},"end":{"line":84,"column":46}},"7":{"start":{"line":86,"column":4},"end":{"line":86,"column":27}},"8":{"start":{"line":88,"column":4},"end":{"line":88,"column":52}},"9":{"start":{"line":89,"column":4},"end":{"line":89,"column":14}},"10":{"start":{"line":96,"column":45},"end":{"line":116,"column":1}},"11":{"start":{"line":97,"column":21},"end":{"line":107,"column":27}},"12":{"start":{"line":109,"column":21},"end":{"line":109,"column":61}},"13":{"start":{"line":111,"column":21},"end":{"line":113,"column":34}},"14":{"start":{"line":115,"column":2},"end":{"line":115,"column":46}}},"fnMap":{"0":{"name":"(anonymous_0)","decl":{"start":{"line":73,"column":39},"end":{"line":73,"column":40}},"loc":{"start":{"line":73,"column":51},"end":{"line":91,"column":1}},"line":73},"1":{"name":"(anonymous_1)","decl":{"start":{"line":96,"column":45},"end":{"line":96,"column":46}},"loc":{"start":{"line":96,"column":66},"end":{"line":116,"column":1}},"line":96}},"branchMap":{},"s":{"0":0,"1":0,"2":0,"3":0,"4":0,"5":0,"6":0,"7":0,"8":0,"9":0,"10":0,"11":0,"12":0,"13":0,"14":0},"f":{"0":0,"1":0},"b":{}}
}
