TN:
SF:src/App.js
FN:17,(anonymous_0)
FN:18,(anonymous_1)
FN:19,(anonymous_2)
FN:20,(anonymous_3)
FN:26,(anonymous_4)
FN:90,(anonymous_5)
FN:132,(anonymous_6)
FN:143,(anonymous_7)
FN:154,(anonymous_8)
FN:168,App
FNF:10
FNH:0
FNDA:0,(anonymous_0)
FNDA:0,(anonymous_1)
FNDA:0,(anonymous_2)
FNDA:0,(anonymous_3)
FNDA:0,(anonymous_4)
FNDA:0,(anonymous_5)
FNDA:0,(anonymous_6)
FNDA:0,(anonymous_7)
FNDA:0,(anonymous_8)
FNDA:0,App
DA:17,0
DA:18,0
DA:19,0
DA:20,0
DA:26,0
DA:27,0
DA:44,0
DA:46,0
DA:48,0
DA:49,0
DA:50,0
DA:52,0
DA:90,0
DA:132,0
DA:143,0
DA:154,0
DA:169,0
LF:17
LH:0
BRDA:69,0,0,0
BRDA:69,0,1,0
BRDA:75,1,0,0
BRDA:75,1,1,0
BRDA:86,2,0,0
BRDA:86,2,1,0
BRDA:95,3,0,0
BRDA:95,3,1,0
BRDA:105,4,0,0
BRDA:105,4,1,0
BRDA:113,5,0,0
BRDA:113,5,1,0
BRDA:124,6,0,0
BRDA:124,6,1,0
BRDA:138,7,0,0
BRDA:138,7,1,0
BRDA:149,8,0,0
BRDA:149,8,1,0
BRF:18
BRH:0
end_of_record
TN:
SF:src/index.js
FNF:0
FNH:0
DA:5,0
DA:6,0
LF:2
LH:0
BRF:0
BRH:0
end_of_record
TN:
SF:src/components/AntibioticExplorer.js
FN:10,(anonymous_0)
FN:45,(anonymous_1)
FN:98,(anonymous_2)
FN:101,(anonymous_3)
FN:126,(anonymous_4)
FN:139,(anonymous_5)
FN:143,(anonymous_6)
FN:155,(anonymous_7)
FN:178,(anonymous_8)
FN:181,(anonymous_9)
FN:205,(anonymous_10)
FN:208,(anonymous_11)
FN:255,(anonymous_12)
FN:264,(anonymous_13)
FN:280,(anonymous_14)
FN:283,(anonymous_15)
FN:298,(anonymous_16)
FN:317,(anonymous_17)
FN:321,(anonymous_18)
FN:324,(anonymous_19)
FN:348,(anonymous_20)
FN:357,(anonymous_21)
FNF:22
FNH:0
FNDA:0,(anonymous_0)
FNDA:0,(anonymous_1)
FNDA:0,(anonymous_2)
FNDA:0,(anonymous_3)
FNDA:0,(anonymous_4)
FNDA:0,(anonymous_5)
FNDA:0,(anonymous_6)
FNDA:0,(anonymous_7)
FNDA:0,(anonymous_8)
FNDA:0,(anonymous_9)
FNDA:0,(anonymous_10)
FNDA:0,(anonymous_11)
FNDA:0,(anonymous_12)
FNDA:0,(anonymous_13)
FNDA:0,(anonymous_14)
FNDA:0,(anonymous_15)
FNDA:0,(anonymous_16)
FNDA:0,(anonymous_17)
FNDA:0,(anonymous_18)
FNDA:0,(anonymous_19)
FNDA:0,(anonymous_20)
FNDA:0,(anonymous_21)
DA:10,0
DA:35,0
DA:37,0
DA:38,0
DA:45,0
DA:46,0
DA:56,0
DA:59,0
DA:99,0
DA:101,0
DA:126,0
DA:139,0
DA:144,0
DA:155,0
DA:179,0
DA:181,0
DA:206,0
DA:208,0
DA:256,0
DA:257,0
DA:265,0
DA:281,0
DA:283,0
DA:299,0
DA:318,0
DA:319,0
DA:322,0
DA:324,0
DA:349,0
DA:350,0
DA:358,0
LF:31
LH:0
BRDA:37,0,0,0
BRDA:37,0,1,0
BRDA:56,1,0,0
BRDA:56,1,1,0
BRDA:72,2,0,0
BRDA:72,2,1,0
BRDA:94,3,0,0
BRDA:94,3,1,0
BRDA:174,4,0,0
BRDA:174,4,1,0
BRDA:210,5,0,0
BRDA:210,5,1,0
BRDA:234,6,0,0
BRDA:234,6,1,0
BRDA:257,7,0,0
BRDA:257,7,1,0
BRDA:295,8,0,0
BRDA:295,8,1,0
BRDA:295,8,2,0
BRDA:300,9,0,0
BRDA:300,9,1,0
BRDA:350,10,0,0
BRDA:350,10,1,0
BRDA:365,11,0,0
BRDA:365,11,1,0
BRF:25
BRH:0
end_of_record
TN:
SF:src/components/AntibioticList.js
FN:10,(anonymous_0)
FN:26,(anonymous_1)
FN:62,(anonymous_2)
FN:73,(anonymous_3)
FN:116,(anonymous_4)
FN:137,(anonymous_5)
FN:140,(anonymous_6)
FN:191,(anonymous_7)
FNF:8
FNH:0
FNDA:0,(anonymous_0)
FNDA:0,(anonymous_1)
FNDA:0,(anonymous_2)
FNDA:0,(anonymous_3)
FNDA:0,(anonymous_4)
FNDA:0,(anonymous_5)
FNDA:0,(anonymous_6)
FNDA:0,(anonymous_7)
DA:10,0
DA:16,0
DA:17,0
DA:26,0
DA:27,0
DA:29,0
DA:35,0
DA:41,0
DA:47,0
DA:53,0
DA:62,0
DA:63,0
DA:64,0
DA:65,0
DA:67,0
DA:68,0
DA:72,0
DA:73,0
DA:75,0
DA:117,0
DA:118,0
DA:120,0
DA:138,0
DA:140,0
DA:191,0
LF:25
LH:0
BRDA:16,0,0,0
BRDA:16,0,1,0
BRDA:16,1,0,0
BRDA:16,1,1,0
BRDA:16,1,2,0
BRDA:27,2,0,0
BRDA:27,2,1,0
BRDA:27,2,2,0
BRDA:27,2,3,0
BRDA:27,2,4,0
BRDA:64,3,0,0
BRDA:64,3,1,0
BRDA:88,4,0,0
BRDA:88,4,1,0
BRDA:130,5,0,0
BRDA:130,5,1,0
BRDA:140,6,0,0
BRDA:140,6,1,0
BRDA:142,7,0,0
BRDA:142,7,1,0
BRDA:158,8,0,0
BRDA:158,8,1,0
BRDA:170,9,0,0
BRDA:170,9,1,0
BRDA:188,10,0,0
BRDA:188,10,1,0
BRDA:191,11,0,0
BRDA:191,11,1,0
BRF:28
BRH:0
end_of_record
TN:
SF:src/components/ConditionDetailModal.js
FN:16,(anonymous_0)
FN:18,(anonymous_1)
FN:19,(anonymous_2)
FN:31,(anonymous_3)
FN:38,(anonymous_4)
FN:69,(anonymous_5)
FN:72,(anonymous_6)
FN:98,(anonymous_7)
FN:104,(anonymous_8)
FN:121,(anonymous_9)
FN:125,(anonymous_10)
FN:154,(anonymous_11)
FN:194,(anonymous_12)
FN:230,(anonymous_13)
FN:243,(anonymous_14)
FN:270,(anonymous_15)
FN:283,(anonymous_16)
FN:308,(anonymous_17)
FN:314,(anonymous_18)
FN:340,(anonymous_19)
FN:346,(anonymous_20)
FNF:21
FNH:11
FNDA:14,(anonymous_0)
FNDA:14,(anonymous_1)
FNDA:2,(anonymous_2)
FNDA:14,(anonymous_3)
FNDA:14,(anonymous_4)
FNDA:0,(anonymous_5)
FNDA:0,(anonymous_6)
FNDA:0,(anonymous_7)
FNDA:0,(anonymous_8)
FNDA:0,(anonymous_9)
FNDA:0,(anonymous_10)
FNDA:2,(anonymous_11)
FNDA:1,(anonymous_12)
FNDA:34,(anonymous_13)
FNDA:22,(anonymous_14)
FNDA:11,(anonymous_15)
FNDA:11,(anonymous_16)
FNDA:0,(anonymous_17)
FNDA:0,(anonymous_18)
FNDA:0,(anonymous_19)
FNDA:0,(anonymous_20)
DA:16,1
DA:18,14
DA:19,14
DA:20,2
DA:21,1
DA:25,14
DA:26,12
DA:28,12
DA:31,14
DA:32,14
DA:33,14
DA:38,14
DA:40,14
DA:41,14
DA:44,0
DA:47,0
DA:48,0
DA:50,0
DA:51,0
DA:55,0
DA:56,0
DA:57,0
DA:61,0
DA:64,0
DA:67,0
DA:68,0
DA:69,0
DA:70,0
DA:71,0
DA:72,0
DA:73,0
DA:74,0
DA:80,0
DA:82,0
DA:85,0
DA:92,0
DA:96,0
DA:97,0
DA:98,0
DA:99,0
DA:100,0
DA:101,0
DA:102,0
DA:103,0
DA:104,0
DA:105,0
DA:107,0
DA:108,0
DA:115,0
DA:119,0
DA:120,0
DA:121,0
DA:122,0
DA:123,0
DA:124,0
DA:125,0
DA:126,0
DA:128,0
DA:129,0
DA:135,0
DA:138,0
DA:145,0
DA:146,0
DA:151,14
DA:154,12
DA:155,2
DA:156,0
DA:160,12
DA:195,1
DA:196,1
DA:197,1
DA:231,34
DA:244,22
DA:271,11
DA:284,11
DA:309,0
DA:315,0
DA:341,0
DA:347,0
LF:79
LH:25
BRDA:16,0,0,14
BRDA:16,1,0,14
BRDA:20,2,0,1
BRDA:20,2,1,1
BRDA:25,3,0,12
BRDA:25,3,1,2
BRDA:40,4,0,14
BRDA:40,4,1,0
BRDA:40,5,0,14
BRDA:40,5,1,12
BRDA:40,5,2,12
BRDA:40,5,3,12
BRDA:55,6,0,0
BRDA:55,6,1,0
BRDA:55,7,0,0
BRDA:55,7,1,0
BRDA:55,7,2,0
BRDA:61,8,0,0
BRDA:61,8,1,0
BRDA:68,9,0,0
BRDA:68,9,1,0
BRDA:68,10,0,0
BRDA:68,10,1,0
BRDA:70,11,0,0
BRDA:70,11,1,0
BRDA:80,12,0,0
BRDA:80,12,1,0
BRDA:80,13,0,0
BRDA:80,13,1,0
BRDA:80,13,2,0
BRDA:99,14,0,0
BRDA:99,14,1,0
BRDA:101,15,0,0
BRDA:101,15,1,0
BRDA:101,16,0,0
BRDA:101,16,1,0
BRDA:101,16,2,0
BRDA:103,17,0,0
BRDA:103,17,1,0
BRDA:105,18,0,0
BRDA:105,18,1,0
BRDA:107,19,0,0
BRDA:107,19,1,0
BRDA:122,20,0,0
BRDA:122,20,1,0
BRDA:122,21,0,0
BRDA:122,21,1,0
BRDA:122,21,2,0
BRDA:124,22,0,0
BRDA:124,22,1,0
BRDA:126,23,0,0
BRDA:126,23,1,0
BRDA:128,24,0,0
BRDA:128,24,1,0
BRDA:151,25,0,2
BRDA:151,25,1,12
BRDA:155,26,0,0
BRDA:155,26,1,2
BRDA:176,27,0,12
BRDA:176,27,1,0
BRDA:179,28,0,0
BRDA:179,28,1,0
BRDA:184,29,0,0
BRDA:184,29,1,0
BRDA:186,30,0,0
BRDA:186,30,1,0
BRDA:195,31,0,1
BRDA:195,31,1,0
BRDA:195,32,0,1
BRDA:195,32,1,0
BRDA:210,33,0,12
BRDA:210,33,1,12
BRDA:217,34,0,12
BRDA:217,34,1,12
BRDA:230,35,0,12
BRDA:230,35,1,0
BRDA:243,36,0,12
BRDA:243,36,1,11
BRDA:259,37,0,12
BRDA:259,37,1,1
BRDA:270,38,0,12
BRDA:270,38,1,1
BRDA:283,39,0,12
BRDA:283,39,1,1
BRDA:295,40,0,12
BRDA:295,40,1,0
BRDA:295,40,2,0
BRDA:295,40,3,0
BRDA:301,41,0,0
BRDA:301,41,1,0
BRDA:320,42,0,0
BRDA:320,42,1,0
BRDA:333,43,0,0
BRDA:333,43,1,0
BRDA:352,44,0,0
BRDA:352,44,1,0
BRF:96
BRH:31
end_of_record
TN:
SF:src/components/ConditionsTab.js
FN:15,(anonymous_0)
FN:30,(anonymous_1)
FN:38,(anonymous_2)
FN:42,(anonymous_3)
FN:45,(anonymous_4)
FNF:5
FNH:5
FNDA:24,(anonymous_0)
FNDA:7,(anonymous_1)
FNDA:139,(anonymous_2)
FNDA:1,(anonymous_3)
FNDA:1,(anonymous_4)
DA:15,1
DA:21,24
DA:30,7
DA:39,139
DA:42,1
DA:46,1
DA:47,1
DA:48,1
LF:8
LH:8
BRDA:38,0,0,24
BRDA:38,0,1,0
BRDA:46,1,0,1
BRDA:46,1,1,0
BRDA:46,2,0,1
BRDA:46,2,1,0
BRDA:66,3,0,139
BRDA:66,3,1,0
BRDA:67,4,0,139
BRDA:67,4,1,0
BRDA:67,5,0,139
BRDA:67,5,1,0
BRDA:74,6,0,24
BRDA:74,6,1,3
BRDA:74,7,0,24
BRDA:74,7,1,0
BRF:16
BRH:9
end_of_record
TN:
SF:src/components/ErrorBoundary.js
FN:4,(anonymous_0)
FN:9,(anonymous_1)
FN:14,(anonymous_2)
FN:25,(anonymous_3)
FN:54,(anonymous_4)
FNF:5
FNH:0
FNDA:0,(anonymous_0)
FNDA:0,(anonymous_1)
FNDA:0,(anonymous_2)
FNDA:0,(anonymous_3)
FNDA:0,(anonymous_4)
DA:5,0
DA:6,0
DA:11,0
DA:16,0
DA:17,0
DA:19,0
DA:26,0
DA:28,0
DA:54,0
DA:65,0
LF:10
LH:0
BRDA:26,0,0,0
BRDA:26,0,1,0
BRDA:39,1,0,0
BRDA:39,1,1,0
BRDA:42,2,0,0
BRDA:42,2,1,0
BRF:6
BRH:0
end_of_record
TN:
SF:src/components/Header.js
FN:27,(anonymous_0)
FN:47,(anonymous_1)
FN:48,(anonymous_2)
FN:54,(anonymous_3)
FN:65,(anonymous_4)
FN:83,(anonymous_5)
FN:91,(anonymous_6)
FN:92,(anonymous_7)
FN:109,(anonymous_8)
FN:122,(anonymous_9)
FN:130,(anonymous_10)
FN:134,(anonymous_11)
FNF:12
FNH:11
FNDA:22,(anonymous_0)
FNDA:21,(anonymous_1)
FNDA:1,(anonymous_2)
FNDA:1,(anonymous_3)
FNDA:21,(anonymous_4)
FNDA:96,(anonymous_5)
FNDA:5,(anonymous_6)
FNDA:2,(anonymous_7)
FNDA:1,(anonymous_8)
FNDA:48,(anonymous_9)
FNDA:1,(anonymous_10)
FNDA:0,(anonymous_11)
DA:27,1
DA:35,22
DA:47,22
DA:48,21
DA:49,1
DA:50,1
DA:54,21
DA:55,1
DA:56,1
DA:60,21
DA:61,6
DA:62,6
DA:65,21
DA:66,21
DA:67,21
DA:71,22
DA:84,96
DA:91,5
DA:93,2
DA:94,2
DA:95,2
DA:109,1
DA:123,48
DA:131,1
DA:132,1
DA:135,0
DA:136,0
DA:137,0
DA:138,0
LF:29
LH:25
BRDA:49,0,0,1
BRDA:49,0,1,0
BRDA:49,1,0,1
BRDA:49,1,1,1
BRDA:55,2,0,1
BRDA:55,2,1,0
BRDA:55,3,0,1
BRDA:55,3,1,1
BRDA:60,4,0,6
BRDA:60,4,1,15
BRDA:81,5,0,22
BRDA:81,5,1,12
BRDA:89,6,0,12
BRDA:89,6,1,84
BRDA:93,7,0,2
BRDA:93,7,1,0
BRDA:93,8,0,2
BRDA:93,8,1,1
BRDA:107,9,0,22
BRDA:107,9,1,10
BRDA:119,10,0,22
BRDA:119,10,1,10
BRDA:119,10,2,6
BRDA:128,11,0,6
BRDA:128,11,1,42
BRDA:135,12,0,0
BRDA:135,12,1,0
BRDA:135,13,0,0
BRDA:135,13,1,0
BRF:29
BRH:22
end_of_record
TN:
SF:src/components/HomeTab.js
FN:12,(anonymous_0)
FN:25,(anonymous_1)
FNF:2
FNH:0
FNDA:0,(anonymous_0)
FNDA:0,(anonymous_1)
DA:12,0
DA:13,0
DA:25,0
LF:3
LH:0
BRF:0
BRH:0
end_of_record
TN:
SF:src/components/LoadingSpinner.js
FN:8,(anonymous_0)
FNF:1
FNH:1
FNDA:8,(anonymous_0)
DA:8,1
DA:9,8
LF:2
LH:2
BRDA:8,0,0,3
BRF:1
BRH:1
end_of_record
TN:
SF:src/components/PathogenCard.js
FN:10,(anonymous_0)
FN:21,(anonymous_1)
FN:33,(anonymous_2)
FN:47,(anonymous_3)
FN:121,(anonymous_4)
FNF:5
FNH:0
FNDA:0,(anonymous_0)
FNDA:0,(anonymous_1)
FNDA:0,(anonymous_2)
FNDA:0,(anonymous_3)
FNDA:0,(anonymous_4)
DA:10,0
DA:11,0
DA:12,0
DA:21,0
DA:22,0
DA:24,0
DA:26,0
DA:28,0
DA:33,0
DA:34,0
DA:36,0
DA:38,0
DA:40,0
DA:42,0
DA:47,0
DA:48,0
DA:50,0
DA:52,0
DA:54,0
DA:56,0
DA:60,0
DA:122,0
LF:22
LH:0
BRDA:11,0,0,0
BRDA:11,0,1,0
BRDA:22,1,0,0
BRDA:22,1,1,0
BRDA:22,1,2,0
BRDA:34,2,0,0
BRDA:34,2,1,0
BRDA:34,2,2,0
BRDA:34,2,3,0
BRDA:48,3,0,0
BRDA:48,3,1,0
BRDA:48,3,2,0
BRDA:48,3,3,0
BRDA:79,4,0,0
BRDA:79,4,1,0
BRDA:92,5,0,0
BRDA:92,5,1,0
BRF:17
BRH:0
end_of_record
TN:
SF:src/components/PathogenConnectionExplorer.js
FN:15,(anonymous_0)
FN:36,(anonymous_1)
FN:46,(anonymous_2)
FN:51,(anonymous_3)
FN:57,(anonymous_4)
FN:67,(anonymous_5)
FN:80,(anonymous_6)
FN:83,(anonymous_7)
FN:84,(anonymous_8)
FN:95,(anonymous_9)
FN:112,(anonymous_10)
FN:121,(anonymous_11)
FN:122,(anonymous_12)
FN:123,(anonymous_13)
FN:128,(anonymous_14)
FN:136,(anonymous_15)
FN:141,(anonymous_16)
FN:145,(anonymous_17)
FN:156,(anonymous_18)
FN:159,(anonymous_19)
FN:160,(anonymous_20)
FN:164,(anonymous_21)
FN:170,(anonymous_22)
FN:193,(anonymous_23)
FN:213,(anonymous_24)
FN:216,(anonymous_25)
FN:261,(anonymous_26)
FN:272,(anonymous_27)
FN:273,(anonymous_28)
FN:279,(anonymous_29)
FN:330,(anonymous_30)
FN:338,(anonymous_31)
FN:352,(anonymous_32)
FN:355,(anonymous_33)
FN:371,(anonymous_34)
FN:374,(anonymous_35)
FN:417,(anonymous_36)
FN:420,(anonymous_37)
FN:431,(anonymous_38)
FN:433,(anonymous_39)
FN:434,(anonymous_40)
FN:436,(anonymous_41)
FNF:42
FNH:0
FNDA:0,(anonymous_0)
FNDA:0,(anonymous_1)
FNDA:0,(anonymous_2)
FNDA:0,(anonymous_3)
FNDA:0,(anonymous_4)
FNDA:0,(anonymous_5)
FNDA:0,(anonymous_6)
FNDA:0,(anonymous_7)
FNDA:0,(anonymous_8)
FNDA:0,(anonymous_9)
FNDA:0,(anonymous_10)
FNDA:0,(anonymous_11)
FNDA:0,(anonymous_12)
FNDA:0,(anonymous_13)
FNDA:0,(anonymous_14)
FNDA:0,(anonymous_15)
FNDA:0,(anonymous_16)
FNDA:0,(anonymous_17)
FNDA:0,(anonymous_18)
FNDA:0,(anonymous_19)
FNDA:0,(anonymous_20)
FNDA:0,(anonymous_21)
FNDA:0,(anonymous_22)
FNDA:0,(anonymous_23)
FNDA:0,(anonymous_24)
FNDA:0,(anonymous_25)
FNDA:0,(anonymous_26)
FNDA:0,(anonymous_27)
FNDA:0,(anonymous_28)
FNDA:0,(anonymous_29)
FNDA:0,(anonymous_30)
FNDA:0,(anonymous_31)
FNDA:0,(anonymous_32)
FNDA:0,(anonymous_33)
FNDA:0,(anonymous_34)
FNDA:0,(anonymous_35)
FNDA:0,(anonymous_36)
FNDA:0,(anonymous_37)
FNDA:0,(anonymous_38)
FNDA:0,(anonymous_39)
FNDA:0,(anonymous_40)
FNDA:0,(anonymous_41)
DA:15,0
DA:25,0
DA:26,0
DA:27,0
DA:28,0
DA:29,0
DA:30,0
DA:31,0
DA:32,0
DA:33,0
DA:36,0
DA:37,0
DA:38,0
DA:39,0
DA:41,0
DA:44,0
DA:46,0
DA:47,0
DA:49,0
DA:51,0
DA:52,0
DA:54,0
DA:57,0
DA:58,0
DA:61,0
DA:67,0
DA:68,0
DA:69,0
DA:75,0
DA:80,0
DA:81,0
DA:83,0
DA:84,0
DA:85,0
DA:87,0
DA:95,0
DA:96,0
DA:97,0
DA:98,0
DA:100,0
DA:101,0
DA:107,0
DA:108,0
DA:112,0
DA:113,0
DA:121,0
DA:122,0
DA:123,0
DA:125,0
DA:128,0
DA:129,0
DA:130,0
DA:131,0
DA:132,0
DA:133,0
DA:136,0
DA:137,0
DA:138,0
DA:139,0
DA:140,0
DA:141,0
DA:145,0
DA:146,0
DA:148,0
DA:157,0
DA:160,0
DA:161,0
DA:164,0
DA:170,0
DA:193,0
DA:194,0
DA:196,0
DA:214,0
DA:216,0
DA:261,0
DA:262,0
DA:264,0
DA:273,0
DA:274,0
DA:276,0
DA:279,0
DA:302,0
DA:303,0
DA:313,0
DA:330,0
DA:338,0
DA:353,0
DA:355,0
DA:372,0
DA:374,0
DA:418,0
DA:419,0
DA:420,0
DA:421,0
DA:433,0
DA:434,0
DA:436,0
DA:437,0
DA:440,0
DA:441,0
LF:100
LH:0
BRDA:21,0,0,0
BRDA:22,1,0,0
BRDA:23,2,0,0
BRDA:37,3,0,0
BRDA:37,3,1,0
BRDA:37,4,0,0
BRDA:37,4,1,0
BRDA:37,4,2,0
BRDA:41,5,0,0
BRDA:41,5,1,0
BRDA:44,6,0,0
BRDA:44,6,1,0
BRDA:44,6,2,0
BRDA:44,6,3,0
BRDA:47,7,0,0
BRDA:47,7,1,0
BRDA:52,8,0,0
BRDA:52,8,1,0
BRDA:58,9,0,0
BRDA:58,9,1,0
BRDA:68,10,0,0
BRDA:68,10,1,0
BRDA:68,11,0,0
BRDA:68,11,1,0
BRDA:81,12,0,0
BRDA:81,12,1,0
BRDA:84,13,0,0
BRDA:84,13,1,0
BRDA:91,14,0,0
BRDA:91,14,1,0
BRDA:95,15,0,0
BRDA:100,16,0,0
BRDA:100,16,1,0
BRDA:112,17,0,0
BRDA:112,18,0,0
BRDA:137,19,0,0
BRDA:137,19,1,0
BRDA:146,20,0,0
BRDA:146,20,1,0
BRDA:146,21,0,0
BRDA:146,21,1,0
BRDA:161,22,0,0
BRDA:161,22,1,0
BRDA:164,23,0,0
BRDA:164,23,1,0
BRDA:170,24,0,0
BRDA:170,24,1,0
BRDA:177,25,0,0
BRDA:177,25,1,0
BRDA:184,26,0,0
BRDA:184,26,1,0
BRDA:194,27,0,0
BRDA:194,27,1,0
BRDA:194,28,0,0
BRDA:194,28,1,0
BRDA:218,29,0,0
BRDA:218,29,1,0
BRDA:229,30,0,0
BRDA:229,30,1,0
BRDA:243,31,0,0
BRDA:243,31,1,0
BRDA:262,32,0,0
BRDA:262,32,1,0
BRDA:274,33,0,0
BRDA:274,33,1,0
BRDA:302,34,0,0
BRDA:302,34,1,0
BRDA:328,35,0,0
BRDA:328,35,1,0
BRDA:349,36,0,0
BRDA:349,36,1,0
BRDA:360,37,0,0
BRDA:360,37,1,0
BRDA:376,38,0,0
BRDA:376,38,1,0
BRDA:395,39,0,0
BRDA:395,39,1,0
BRDA:406,40,0,0
BRDA:406,40,1,0
BRDA:406,40,2,0
BRDA:409,41,0,0
BRDA:409,41,1,0
BRDA:418,42,0,0
BRDA:418,42,1,0
BRDA:421,43,0,0
BRDA:421,43,1,0
BRDA:437,44,0,0
BRDA:437,44,1,0
BRDA:437,45,0,0
BRDA:437,45,1,0
BRDA:440,46,0,0
BRDA:440,46,1,0
BRF:92
BRH:0
end_of_record
TN:
SF:src/components/PathogenDetailPanel.js
FN:15,(anonymous_0)
FN:32,(anonymous_1)
FN:35,(anonymous_2)
FN:55,(anonymous_3)
FN:66,(anonymous_4)
FN:82,(anonymous_5)
FN:94,(anonymous_6)
FN:102,(anonymous_7)
FN:175,(anonymous_8)
FN:180,(anonymous_9)
FN:202,(anonymous_10)
FN:245,(anonymous_11)
FN:306,(anonymous_12)
FN:309,(anonymous_13)
FN:345,(anonymous_14)
FN:356,(anonymous_15)
FN:394,(anonymous_16)
FN:397,(anonymous_17)
FN:449,(anonymous_18)
FNF:19
FNH:0
FNDA:0,(anonymous_0)
FNDA:0,(anonymous_1)
FNDA:0,(anonymous_2)
FNDA:0,(anonymous_3)
FNDA:0,(anonymous_4)
FNDA:0,(anonymous_5)
FNDA:0,(anonymous_6)
FNDA:0,(anonymous_7)
FNDA:0,(anonymous_8)
FNDA:0,(anonymous_9)
FNDA:0,(anonymous_10)
FNDA:0,(anonymous_11)
FNDA:0,(anonymous_12)
FNDA:0,(anonymous_13)
FNDA:0,(anonymous_14)
FNDA:0,(anonymous_15)
FNDA:0,(anonymous_16)
FNDA:0,(anonymous_17)
FNDA:0,(anonymous_18)
DA:15,0
DA:26,0
DA:27,0
DA:28,0
DA:29,0
DA:32,0
DA:33,0
DA:35,0
DA:36,0
DA:37,0
DA:38,0
DA:44,0
DA:45,0
DA:55,0
DA:56,0
DA:57,0
DA:58,0
DA:60,0
DA:62,0
DA:66,0
DA:67,0
DA:68,0
DA:69,0
DA:71,0
DA:82,0
DA:83,0
DA:85,0
DA:87,0
DA:89,0
DA:94,0
DA:95,0
DA:96,0
DA:97,0
DA:98,0
DA:102,0
DA:103,0
DA:104,0
DA:106,0
DA:120,0
DA:176,0
DA:177,0
DA:180,0
DA:202,0
DA:245,0
DA:307,0
DA:309,0
DA:345,0
DA:357,0
DA:395,0
DA:397,0
DA:449,0
LF:51
LH:0
BRDA:18,0,0,0
BRDA:19,1,0,0
BRDA:20,2,0,0
BRDA:24,3,0,0
BRDA:33,4,0,0
BRDA:33,4,1,0
BRDA:37,5,0,0
BRDA:37,5,1,0
BRDA:44,6,0,0
BRDA:44,6,1,0
BRDA:57,7,0,0
BRDA:57,7,1,0
BRDA:83,8,0,0
BRDA:83,8,1,0
BRDA:83,8,2,0
BRDA:95,9,0,0
BRDA:95,9,1,0
BRDA:96,10,0,0
BRDA:96,10,1,0
BRDA:97,11,0,0
BRDA:97,11,1,0
BRDA:104,12,0,0
BRDA:104,12,1,0
BRDA:104,13,0,0
BRDA:104,13,1,0
BRDA:133,14,0,0
BRDA:133,14,1,0
BRDA:137,15,0,0
BRDA:137,15,1,0
BRDA:141,16,0,0
BRDA:141,16,1,0
BRDA:182,17,0,0
BRDA:182,17,1,0
BRDA:197,18,0,0
BRDA:197,18,1,0
BRDA:209,19,0,0
BRDA:209,19,1,0
BRDA:212,20,0,0
BRDA:212,20,1,0
BRDA:220,21,0,0
BRDA:220,21,1,0
BRDA:224,22,0,0
BRDA:224,22,1,0
BRDA:252,23,0,0
BRDA:252,23,1,0
BRDA:255,24,0,0
BRDA:255,24,1,0
BRDA:282,25,0,0
BRDA:282,25,1,0
BRDA:283,26,0,0
BRDA:283,26,1,0
BRDA:286,27,0,0
BRDA:286,27,1,0
BRDA:286,28,0,0
BRDA:286,28,1,0
BRDA:298,29,0,0
BRDA:298,29,1,0
BRDA:316,30,0,0
BRDA:316,30,1,0
BRDA:323,31,0,0
BRDA:323,31,1,0
BRDA:323,31,2,0
BRDA:327,32,0,0
BRDA:327,32,1,0
BRDA:337,33,0,0
BRDA:337,33,1,0
BRDA:361,34,0,0
BRDA:361,34,1,0
BRDA:374,35,0,0
BRDA:374,35,1,0
BRDA:374,35,2,0
BRDA:377,36,0,0
BRDA:377,36,1,0
BRDA:386,37,0,0
BRDA:386,37,1,0
BRDA:405,38,0,0
BRDA:405,38,1,0
BRDA:408,39,0,0
BRDA:408,39,1,0
BRDA:422,40,0,0
BRDA:422,40,1,0
BRDA:425,41,0,0
BRDA:425,41,1,0
BRDA:433,42,0,0
BRDA:433,42,1,0
BRDA:446,43,0,0
BRDA:446,43,1,0
BRDA:446,43,2,0
BRF:88
BRH:0
end_of_record
TN:
SF:src/components/PathogenExplorer.js
FN:16,(anonymous_0)
FN:17,(anonymous_1)
FN:18,(anonymous_2)
FN:20,(anonymous_3)
FN:58,(anonymous_4)
FN:64,(anonymous_5)
FN:75,(anonymous_6)
FN:77,(anonymous_7)
FN:85,(anonymous_8)
FN:89,(anonymous_9)
FN:105,(anonymous_10)
FN:122,(anonymous_11)
FN:130,(anonymous_12)
FN:159,(anonymous_13)
FN:162,(anonymous_14)
FN:215,(anonymous_15)
FN:245,(anonymous_16)
FN:258,(anonymous_17)
FN:274,(anonymous_18)
FN:290,(anonymous_19)
FN:322,(anonymous_20)
FN:325,(anonymous_21)
FN:365,(anonymous_22)
FN:397,(anonymous_23)
FN:398,(anonymous_24)
FN:429,(anonymous_25)
FN:437,(anonymous_26)
FN:438,(anonymous_27)
FN:444,(anonymous_28)
FNF:29
FNH:0
FNDA:0,(anonymous_0)
FNDA:0,(anonymous_1)
FNDA:0,(anonymous_2)
FNDA:0,(anonymous_3)
FNDA:0,(anonymous_4)
FNDA:0,(anonymous_5)
FNDA:0,(anonymous_6)
FNDA:0,(anonymous_7)
FNDA:0,(anonymous_8)
FNDA:0,(anonymous_9)
FNDA:0,(anonymous_10)
FNDA:0,(anonymous_11)
FNDA:0,(anonymous_12)
FNDA:0,(anonymous_13)
FNDA:0,(anonymous_14)
FNDA:0,(anonymous_15)
FNDA:0,(anonymous_16)
FNDA:0,(anonymous_17)
FNDA:0,(anonymous_18)
FNDA:0,(anonymous_19)
FNDA:0,(anonymous_20)
FNDA:0,(anonymous_21)
FNDA:0,(anonymous_22)
FNDA:0,(anonymous_23)
FNDA:0,(anonymous_24)
FNDA:0,(anonymous_25)
FNDA:0,(anonymous_26)
FNDA:0,(anonymous_27)
FNDA:0,(anonymous_28)
DA:16,0
DA:17,0
DA:18,0
DA:20,0
DA:46,0
DA:49,0
DA:50,0
DA:51,0
DA:52,0
DA:55,0
DA:58,0
DA:59,0
DA:60,0
DA:64,0
DA:65,0
DA:67,0
DA:68,0
DA:69,0
DA:71,0
DA:75,0
DA:77,0
DA:85,0
DA:86,0
DA:89,0
DA:99,0
DA:100,0
DA:105,0
DA:106,0
DA:109,0
DA:110,0
DA:114,0
DA:115,0
DA:122,0
DA:123,0
DA:124,0
DA:125,0
DA:126,0
DA:130,0
DA:131,0
DA:132,0
DA:133,0
DA:134,0
DA:138,0
DA:160,0
DA:162,0
DA:215,0
DA:245,0
DA:258,0
DA:274,0
DA:290,0
DA:323,0
DA:325,0
DA:365,0
DA:397,0
DA:398,0
DA:429,0
DA:438,0
DA:439,0
DA:441,0
DA:444,0
LF:60
LH:0
BRDA:23,0,0,0
BRDA:59,1,0,0
BRDA:59,1,1,0
BRDA:65,2,0,0
BRDA:65,2,1,0
BRDA:65,3,0,0
BRDA:65,3,1,0
BRDA:77,4,0,0
BRDA:77,4,1,0
BRDA:99,5,0,0
BRDA:99,5,1,0
BRDA:109,6,0,0
BRDA:109,6,1,0
BRDA:109,7,0,0
BRDA:109,7,1,0
BRDA:109,7,2,0
BRDA:114,8,0,0
BRDA:114,8,1,0
BRDA:123,9,0,0
BRDA:123,9,1,0
BRDA:123,9,2,0
BRDA:131,10,0,0
BRDA:131,10,1,0
BRDA:131,10,2,0
BRDA:164,11,0,0
BRDA:164,11,1,0
BRDA:178,12,0,0
BRDA:178,12,1,0
BRDA:213,13,0,0
BRDA:213,13,1,0
BRDA:217,14,0,0
BRDA:217,14,1,0
BRDA:230,15,0,0
BRDA:230,15,1,0
BRDA:301,16,0,0
BRDA:301,16,1,0
BRDA:327,17,0,0
BRDA:327,17,1,0
BRDA:335,18,0,0
BRDA:335,18,1,0
BRDA:354,19,0,0
BRDA:354,19,1,0
BRDA:362,20,0,0
BRDA:362,20,1,0
BRDA:376,21,0,0
BRDA:376,21,1,0
BRDA:377,22,0,0
BRDA:377,22,1,0
BRDA:378,23,0,0
BRDA:378,23,1,0
BRDA:389,24,0,0
BRDA:389,24,1,0
BRDA:408,25,0,0
BRDA:408,25,1,0
BRDA:409,26,0,0
BRDA:409,26,1,0
BRDA:410,27,0,0
BRDA:410,27,1,0
BRDA:421,28,0,0
BRDA:421,28,1,0
BRDA:421,28,2,0
BRDA:439,29,0,0
BRDA:439,29,1,0
BRDA:450,30,0,0
BRDA:450,30,1,0
BRF:65
BRH:0
end_of_record
TN:
SF:src/components/PathogenList.js
FN:10,(anonymous_0)
FN:22,(anonymous_1)
FN:27,(anonymous_2)
FN:32,(anonymous_3)
FN:37,(anonymous_4)
FN:49,(anonymous_5)
FN:123,(anonymous_6)
FN:126,(anonymous_7)
FNF:8
FNH:0
FNDA:0,(anonymous_0)
FNDA:0,(anonymous_1)
FNDA:0,(anonymous_2)
FNDA:0,(anonymous_3)
FNDA:0,(anonymous_4)
FNDA:0,(anonymous_5)
FNDA:0,(anonymous_6)
FNDA:0,(anonymous_7)
DA:10,0
DA:22,0
DA:23,0
DA:27,0
DA:28,0
DA:32,0
DA:33,0
DA:37,0
DA:38,0
DA:40,0
DA:42,0
DA:44,0
DA:49,0
DA:50,0
DA:52,0
DA:54,0
DA:56,0
DA:58,0
DA:62,0
DA:124,0
DA:126,0
LF:21
LH:0
BRDA:38,0,0,0
BRDA:38,0,1,0
BRDA:38,0,2,0
BRDA:50,1,0,0
BRDA:50,1,1,0
BRDA:50,1,2,0
BRDA:50,1,3,0
BRDA:115,2,0,0
BRDA:115,2,1,0
BRDA:128,3,0,0
BRDA:128,3,1,0
BRDA:140,4,0,0
BRDA:140,4,1,0
BRDA:162,5,0,0
BRDA:162,5,1,0
BRDA:175,6,0,0
BRDA:175,6,1,0
BRDA:177,7,0,0
BRDA:177,7,1,0
BRF:19
BRH:0
end_of_record
TN:
SF:src/components/PathogenNetworkVisualization.js
FN:10,(anonymous_0)
FN:24,(anonymous_1)
FN:25,(anonymous_2)
FN:38,(anonymous_3)
FN:58,(anonymous_4)
FN:71,(anonymous_5)
FN:90,(anonymous_6)
FN:95,(anonymous_7)
FN:97,(anonymous_8)
FN:101,(anonymous_9)
FN:127,(anonymous_10)
FN:141,(anonymous_11)
FN:167,(anonymous_12)
FN:168,(anonymous_13)
FN:169,(anonymous_14)
FN:200,(anonymous_15)
FN:220,(anonymous_16)
FN:221,(anonymous_17)
FN:222,(anonymous_18)
FNF:19
FNH:0
FNDA:0,(anonymous_0)
FNDA:0,(anonymous_1)
FNDA:0,(anonymous_2)
FNDA:0,(anonymous_3)
FNDA:0,(anonymous_4)
FNDA:0,(anonymous_5)
FNDA:0,(anonymous_6)
FNDA:0,(anonymous_7)
FNDA:0,(anonymous_8)
FNDA:0,(anonymous_9)
FNDA:0,(anonymous_10)
FNDA:0,(anonymous_11)
FNDA:0,(anonymous_12)
FNDA:0,(anonymous_13)
FNDA:0,(anonymous_14)
FNDA:0,(anonymous_15)
FNDA:0,(anonymous_16)
FNDA:0,(anonymous_17)
FNDA:0,(anonymous_18)
DA:10,0
DA:17,0
DA:18,0
DA:19,0
DA:20,0
DA:21,0
DA:24,0
DA:25,0
DA:26,0
DA:27,0
DA:28,0
DA:35,0
DA:36,0
DA:38,0
DA:42,0
DA:58,0
DA:59,0
DA:60,0
DA:61,0
DA:62,0
DA:64,0
DA:71,0
DA:72,0
DA:73,0
DA:75,0
DA:81,0
DA:90,0
DA:91,0
DA:95,0
DA:96,0
DA:97,0
DA:101,0
DA:102,0
DA:103,0
DA:107,0
DA:127,0
DA:141,0
DA:168,0
DA:169,0
DA:171,0
DA:173,0
DA:174,0
DA:176,0
DA:182,0
DA:201,0
DA:202,0
DA:203,0
DA:204,0
DA:205,0
DA:207,0
DA:220,0
DA:221,0
DA:222,0
LF:53
LH:0
BRDA:15,0,0,0
BRDA:26,1,0,0
BRDA:26,1,1,0
BRDA:42,2,0,0
BRDA:42,2,1,0
BRDA:72,3,0,0
BRDA:72,3,1,0
BRDA:73,4,0,0
BRDA:73,4,1,0
BRDA:82,5,0,0
BRDA:82,5,1,0
BRDA:83,6,0,0
BRDA:83,6,1,0
BRDA:84,7,0,0
BRDA:84,7,1,0
BRDA:85,8,0,0
BRDA:85,8,1,0
BRDA:91,9,0,0
BRDA:91,9,1,0
BRDA:96,10,0,0
BRDA:96,10,1,0
BRDA:102,11,0,0
BRDA:102,11,1,0
BRDA:171,12,0,0
BRDA:171,12,1,0
BRDA:171,13,0,0
BRDA:171,13,1,0
BRDA:189,14,0,0
BRDA:189,14,1,0
BRDA:190,15,0,0
BRDA:190,15,1,0
BRDA:190,16,0,0
BRDA:190,16,1,0
BRDA:204,17,0,0
BRDA:204,17,1,0
BRDA:205,18,0,0
BRDA:205,18,1,0
BRDA:218,19,0,0
BRDA:218,19,1,0
BRDA:226,20,0,0
BRDA:226,20,1,0
BRDA:239,21,0,0
BRDA:239,21,1,0
BRDA:255,22,0,0
BRDA:255,22,1,0
BRDA:266,23,0,0
BRDA:266,23,1,0
BRF:47
BRH:0
end_of_record
TN:
SF:src/components/QuizTab.js
FN:13,(anonymous_0)
FN:22,(anonymous_1)
FN:31,(anonymous_2)
FN:43,(anonymous_3)
FN:53,(anonymous_4)
FN:154,(anonymous_5)
FN:189,(anonymous_6)
FN:214,(anonymous_7)
FNF:8
FNH:8
FNDA:81,(anonymous_0)
FNDA:19,(anonymous_1)
FNDA:20,(anonymous_2)
FNDA:19,(anonymous_3)
FNDA:1,(anonymous_4)
FNDA:1,(anonymous_5)
FNDA:188,(anonymous_6)
FNDA:20,(anonymous_7)
DA:13,1
DA:15,81
DA:16,81
DA:17,81
DA:18,81
DA:19,81
DA:22,81
DA:23,19
DA:24,19
DA:25,19
DA:26,19
DA:27,19
DA:31,81
DA:33,20
DA:34,20
DA:35,20
DA:38,20
DA:39,17
DA:43,20
DA:44,19
DA:45,12
DA:47,7
DA:53,81
DA:54,1
DA:55,1
DA:56,1
DA:57,1
DA:58,1
DA:62,81
DA:65,81
DA:67,81
DA:154,1
DA:190,188
DA:191,188
DA:192,188
DA:193,188
DA:196,188
DA:198,188
DA:199,80
DA:200,20
DA:201,60
DA:202,3
DA:204,57
DA:207,108
DA:210,188
DA:214,20
LF:46
LH:46
BRDA:38,0,0,17
BRDA:38,0,1,3
BRDA:44,1,0,12
BRDA:44,1,1,7
BRDA:62,2,0,79
BRDA:62,2,1,2
BRDA:65,3,0,79
BRDA:65,3,1,2
BRDA:70,4,0,26
BRDA:70,4,1,55
BRDA:93,5,0,7
BRDA:93,5,1,48
BRDA:98,6,0,0
BRDA:98,6,1,7
BRDA:111,7,0,5
BRDA:111,7,1,2
BRDA:111,8,0,0
BRDA:111,8,1,2
BRDA:120,9,0,5
BRDA:120,9,1,2
BRDA:121,10,0,0
BRDA:121,10,1,2
BRDA:125,11,0,5
BRDA:125,11,1,2
BRDA:126,12,0,0
BRDA:126,12,1,2
BRDA:129,13,0,5
BRDA:129,13,1,2
BRDA:130,14,0,0
BRDA:130,14,1,2
BRDA:134,15,0,5
BRDA:134,15,1,2
BRDA:135,16,0,0
BRDA:135,16,1,2
BRDA:138,17,0,5
BRDA:138,17,1,2
BRDA:139,18,0,0
BRDA:139,18,1,2
BRDA:163,19,0,1
BRDA:163,19,1,47
BRDA:198,20,0,80
BRDA:198,20,1,108
BRDA:199,21,0,20
BRDA:199,21,1,60
BRDA:201,22,0,3
BRDA:201,22,1,57
BRDA:201,23,0,60
BRDA:201,23,1,3
BRDA:214,24,0,20
BRDA:214,24,1,20
BRDA:222,25,0,188
BRDA:222,25,1,80
BRDA:222,25,2,20
BRDA:225,26,0,188
BRDA:225,26,1,80
BRDA:225,26,2,20
BRDA:225,26,3,3
BRDA:235,27,0,47
BRDA:235,27,1,20
BRF:59
BRH:52
end_of_record
TN:
SF:src/components/SimpleNetworkView.js
FN:10,(anonymous_0)
FN:27,(anonymous_1)
FN:33,(anonymous_2)
FN:45,(anonymous_3)
FN:59,(anonymous_4)
FN:61,(anonymous_5)
FN:81,(anonymous_6)
FN:97,(anonymous_7)
FN:112,(anonymous_8)
FN:119,(anonymous_9)
FN:119,(anonymous_10)
FN:120,(anonymous_11)
FN:120,(anonymous_12)
FN:121,(anonymous_13)
FN:154,(anonymous_14)
FN:221,(anonymous_15)
FN:242,(anonymous_16)
FN:263,(anonymous_17)
FN:264,(anonymous_18)
FN:265,(anonymous_19)
FN:277,(anonymous_20)
FNF:21
FNH:0
FNDA:0,(anonymous_0)
FNDA:0,(anonymous_1)
FNDA:0,(anonymous_2)
FNDA:0,(anonymous_3)
FNDA:0,(anonymous_4)
FNDA:0,(anonymous_5)
FNDA:0,(anonymous_6)
FNDA:0,(anonymous_7)
FNDA:0,(anonymous_8)
FNDA:0,(anonymous_9)
FNDA:0,(anonymous_10)
FNDA:0,(anonymous_11)
FNDA:0,(anonymous_12)
FNDA:0,(anonymous_13)
FNDA:0,(anonymous_14)
FNDA:0,(anonymous_15)
FNDA:0,(anonymous_16)
FNDA:0,(anonymous_17)
FNDA:0,(anonymous_18)
FNDA:0,(anonymous_19)
FNDA:0,(anonymous_20)
DA:10,0
DA:16,0
DA:17,0
DA:18,0
DA:21,0
DA:22,0
DA:23,0
DA:24,0
DA:27,0
DA:28,0
DA:30,0
DA:31,0
DA:33,0
DA:34,0
DA:35,0
DA:41,0
DA:45,0
DA:46,0
DA:48,0
DA:50,0
DA:51,0
DA:52,0
DA:53,0
DA:55,0
DA:56,0
DA:59,0
DA:60,0
DA:62,0
DA:66,0
DA:67,0
DA:77,0
DA:81,0
DA:82,0
DA:83,0
DA:86,0
DA:88,0
DA:90,0
DA:92,0
DA:97,0
DA:98,0
DA:99,0
DA:101,0
DA:103,0
DA:105,0
DA:107,0
DA:112,0
DA:113,0
DA:114,0
DA:119,0
DA:120,0
DA:121,0
DA:123,0
DA:124,0
DA:132,0
DA:154,0
DA:222,0
DA:223,0
DA:225,0
DA:227,0
DA:243,0
DA:244,0
DA:246,0
DA:247,0
DA:248,0
DA:249,0
DA:251,0
DA:263,0
DA:264,0
DA:265,0
DA:277,0
LF:70
LH:0
BRDA:28,0,0,0
BRDA:28,0,1,0
BRDA:28,1,0,0
BRDA:28,1,1,0
BRDA:46,2,0,0
BRDA:46,2,1,0
BRDA:46,3,0,0
BRDA:46,3,1,0
BRDA:55,4,0,0
BRDA:55,4,1,0
BRDA:56,5,0,0
BRDA:56,5,1,0
BRDA:60,6,0,0
BRDA:60,6,1,0
BRDA:62,7,0,0
BRDA:62,7,1,0
BRDA:66,8,0,0
BRDA:66,8,1,0
BRDA:82,9,0,0
BRDA:82,9,1,0
BRDA:86,10,0,0
BRDA:86,10,1,0
BRDA:86,10,2,0
BRDA:99,11,0,0
BRDA:99,11,1,0
BRDA:99,11,2,0
BRDA:99,11,3,0
BRDA:113,12,0,0
BRDA:113,12,1,0
BRDA:123,13,0,0
BRDA:123,13,1,0
BRDA:123,14,0,0
BRDA:123,14,1,0
BRDA:155,15,0,0
BRDA:155,15,1,0
BRDA:225,16,0,0
BRDA:225,16,1,0
BRDA:225,17,0,0
BRDA:225,17,1,0
BRDA:244,18,0,0
BRDA:244,18,1,0
BRDA:259,19,0,0
BRDA:259,19,1,0
BRDA:260,20,0,0
BRDA:260,20,1,0
BRDA:261,21,0,0
BRDA:261,21,1,0
BRDA:269,22,0,0
BRDA:269,22,1,0
BRDA:289,23,0,0
BRDA:289,23,1,0
BRDA:301,24,0,0
BRDA:301,24,1,0
BRF:53
BRH:0
end_of_record
TN:
SF:src/components/SimplePathogenExplorer.js
FN:19,(anonymous_0)
FN:29,(anonymous_1)
FN:39,(anonymous_2)
FN:44,(anonymous_3)
FN:51,(anonymous_4)
FN:57,(anonymous_5)
FN:67,(anonymous_6)
FN:73,(anonymous_7)
FN:78,(anonymous_8)
FN:84,(anonymous_9)
FN:107,(anonymous_10)
FN:118,(anonymous_11)
FN:200,(anonymous_12)
FN:230,(anonymous_13)
FN:272,(anonymous_14)
FNF:15
FNH:0
FNDA:0,(anonymous_0)
FNDA:0,(anonymous_1)
FNDA:0,(anonymous_2)
FNDA:0,(anonymous_3)
FNDA:0,(anonymous_4)
FNDA:0,(anonymous_5)
FNDA:0,(anonymous_6)
FNDA:0,(anonymous_7)
FNDA:0,(anonymous_8)
FNDA:0,(anonymous_9)
FNDA:0,(anonymous_10)
FNDA:0,(anonymous_11)
FNDA:0,(anonymous_12)
FNDA:0,(anonymous_13)
FNDA:0,(anonymous_14)
DA:19,0
DA:21,0
DA:22,0
DA:23,0
DA:24,0
DA:25,0
DA:26,0
DA:29,0
DA:30,0
DA:33,0
DA:34,0
DA:38,0
DA:39,0
DA:43,0
DA:44,0
DA:47,0
DA:51,0
DA:52,0
DA:54,0
DA:57,0
DA:58,0
DA:59,0
DA:67,0
DA:68,0
DA:69,0
DA:73,0
DA:74,0
DA:78,0
DA:79,0
DA:80,0
DA:84,0
DA:85,0
DA:86,0
DA:87,0
DA:90,0
DA:107,0
DA:118,0
DA:200,0
DA:230,0
DA:272,0
LF:40
LH:0
BRDA:33,0,0,0
BRDA:33,0,1,0
BRDA:38,1,0,0
BRDA:38,1,1,0
BRDA:43,2,0,0
BRDA:43,2,1,0
BRDA:52,3,0,0
BRDA:52,3,1,0
BRDA:109,4,0,0
BRDA:109,4,1,0
BRDA:120,5,0,0
BRDA:120,5,1,0
BRDA:156,6,0,0
BRDA:156,6,1,0
BRDA:156,6,2,0
BRDA:156,6,3,0
BRDA:156,6,4,0
BRDA:158,7,0,0
BRDA:158,7,1,0
BRDA:166,8,0,0
BRDA:166,8,1,0
BRDA:166,8,2,0
BRDA:166,8,3,0
BRDA:179,9,0,0
BRDA:179,9,1,0
BRDA:233,10,0,0
BRDA:233,10,1,0
BRDA:246,11,0,0
BRDA:246,11,1,0
BRDA:267,12,0,0
BRDA:267,12,1,0
BRF:31
BRH:0
end_of_record
TN:
SF:src/components/UserProgress.js
FN:15,(anonymous_0)
FN:33,(anonymous_1)
FN:40,(anonymous_2)
FN:51,(anonymous_3)
FN:112,(anonymous_4)
FN:149,(anonymous_5)
FN:175,(anonymous_6)
FN:178,(anonymous_7)
FNF:8
FNH:0
FNDA:0,(anonymous_0)
FNDA:0,(anonymous_1)
FNDA:0,(anonymous_2)
FNDA:0,(anonymous_3)
FNDA:0,(anonymous_4)
FNDA:0,(anonymous_5)
FNDA:0,(anonymous_6)
FNDA:0,(anonymous_7)
DA:15,0
DA:22,0
DA:31,0
DA:33,0
DA:34,0
DA:35,0
DA:36,0
DA:37,0
DA:40,0
DA:41,0
DA:43,0
DA:45,0
DA:47,0
DA:51,0
DA:52,0
DA:54,0
DA:56,0
DA:58,0
DA:60,0
DA:64,0
DA:113,0
DA:150,0
DA:176,0
DA:178,0
LF:24
LH:0
BRDA:17,0,0,0
BRDA:22,1,0,0
BRDA:22,1,1,0
BRDA:31,2,0,0
BRDA:31,2,1,0
BRDA:34,3,0,0
BRDA:34,3,1,0
BRDA:35,4,0,0
BRDA:35,4,1,0
BRDA:36,5,0,0
BRDA:36,5,1,0
BRDA:41,6,0,0
BRDA:41,6,1,0
BRDA:41,6,2,0
BRDA:52,7,0,0
BRDA:52,7,1,0
BRDA:52,7,2,0
BRDA:52,7,3,0
BRDA:110,8,0,0
BRDA:110,8,1,0
BRDA:141,9,0,0
BRDA:141,9,1,0
BRDA:141,9,2,0
BRDA:173,10,0,0
BRDA:173,10,1,0
BRDA:199,11,0,0
BRDA:199,11,1,0
BRF:27
BRH:0
end_of_record
TN:
SF:src/components/VisualizationsTab.js
FN:24,(anonymous_0)
FN:26,(anonymous_1)
FN:41,(anonymous_2)
FN:42,(anonymous_3)
FN:46,(anonymous_4)
FN:52,(anonymous_5)
FN:90,(anonymous_6)
FN:183,(anonymous_7)
FN:185,(anonymous_8)
FN:199,(anonymous_9)
FN:208,(anonymous_10)
FN:209,(anonymous_11)
FN:238,(anonymous_12)
FN:246,(anonymous_13)
FN:247,(anonymous_14)
FN:277,(anonymous_15)
FN:318,(anonymous_16)
FN:331,(anonymous_17)
FN:347,(anonymous_18)
FN:385,(anonymous_19)
FN:396,(anonymous_20)
FN:401,(anonymous_21)
FNF:22
FNH:0
FNDA:0,(anonymous_0)
FNDA:0,(anonymous_1)
FNDA:0,(anonymous_2)
FNDA:0,(anonymous_3)
FNDA:0,(anonymous_4)
FNDA:0,(anonymous_5)
FNDA:0,(anonymous_6)
FNDA:0,(anonymous_7)
FNDA:0,(anonymous_8)
FNDA:0,(anonymous_9)
FNDA:0,(anonymous_10)
FNDA:0,(anonymous_11)
FNDA:0,(anonymous_12)
FNDA:0,(anonymous_13)
FNDA:0,(anonymous_14)
FNDA:0,(anonymous_15)
FNDA:0,(anonymous_16)
FNDA:0,(anonymous_17)
FNDA:0,(anonymous_18)
FNDA:0,(anonymous_19)
FNDA:0,(anonymous_20)
FNDA:0,(anonymous_21)
DA:24,0
DA:26,0
DA:33,0
DA:34,0
DA:37,0
DA:41,0
DA:42,0
DA:46,0
DA:47,0
DA:48,0
DA:52,0
DA:53,0
DA:54,0
DA:57,0
DA:90,0
DA:91,0
DA:183,0
DA:186,0
DA:199,0
DA:200,0
DA:208,0
DA:210,0
DA:211,0
DA:238,0
DA:239,0
DA:246,0
DA:248,0
DA:249,0
DA:258,0
DA:277,0
DA:278,0
DA:318,0
DA:319,0
DA:331,0
DA:347,0
DA:348,0
DA:350,0
DA:352,0
DA:354,0
DA:356,0
DA:358,0
DA:360,0
DA:364,0
DA:385,0
DA:397,0
DA:398,0
DA:401,0
LF:47
LH:0
BRDA:38,0,0,0
BRDA:38,0,1,0
BRDA:39,1,0,0
BRDA:39,1,1,0
BRDA:40,2,0,0
BRDA:40,2,1,0
BRDA:41,3,0,0
BRDA:41,3,1,0
BRDA:42,4,0,0
BRDA:42,4,1,0
BRDA:46,5,0,0
BRDA:46,5,1,0
BRDA:47,6,0,0
BRDA:47,6,1,0
BRDA:52,7,0,0
BRDA:52,7,1,0
BRDA:53,8,0,0
BRDA:53,8,1,0
BRDA:249,9,0,0
BRDA:249,9,1,0
BRDA:326,10,0,0
BRDA:326,10,1,0
BRDA:348,11,0,0
BRDA:348,11,1,0
BRDA:348,11,2,0
BRDA:348,11,3,0
BRDA:348,11,4,0
BRDA:348,11,5,0
BRDA:403,12,0,0
BRDA:403,12,1,0
BRDA:409,13,0,0
BRDA:409,13,1,0
BRF:32
BRH:0
end_of_record
TN:
SF:src/contexts/AppContext.js
FN:21,(anonymous_0)
FN:32,(anonymous_1)
FN:38,(anonymous_2)
FN:44,(anonymous_3)
FN:50,(anonymous_4)
FN:56,(anonymous_5)
FN:64,(anonymous_6)
FN:105,(anonymous_7)
FNF:8
FNH:8
FNDA:8,(anonymous_0)
FNDA:8,(anonymous_1)
FNDA:8,(anonymous_2)
FNDA:8,(anonymous_3)
FNDA:8,(anonymous_4)
FNDA:8,(anonymous_5)
FNDA:8,(anonymous_6)
FNDA:11,(anonymous_7)
DA:15,1
DA:21,1
DA:23,8
DA:24,8
DA:25,8
DA:28,8
DA:31,8
DA:32,8
DA:37,8
DA:38,8
DA:43,8
DA:44,8
DA:49,8
DA:50,8
DA:55,8
DA:56,8
DA:62,8
DA:63,8
DA:64,8
DA:70,8
DA:93,8
DA:105,1
DA:106,11
DA:108,11
DA:109,4
DA:112,7
LF:26
LH:26
BRDA:108,0,0,4
BRDA:108,0,1,7
BRF:2
BRH:2
end_of_record
TN:
SF:src/data/SimpleAntibioticData.js
FN:191,(anonymous_0)
FN:192,(anonymous_1)
FN:195,(anonymous_2)
FN:196,(anonymous_3)
FN:201,(anonymous_4)
FN:202,(anonymous_5)
FN:205,(anonymous_6)
FN:206,(anonymous_7)
FN:209,(anonymous_8)
FN:213,(anonymous_9)
FN:220,(anonymous_10)
FN:221,(anonymous_11)
FN:225,(anonymous_12)
FN:226,(anonymous_13)
FN:231,(anonymous_14)
FN:234,(anonymous_15)
FNF:16
FNH:6
FNDA:9,(anonymous_0)
FNDA:60,(anonymous_1)
FNDA:0,(anonymous_2)
FNDA:0,(anonymous_3)
FNDA:0,(anonymous_4)
FNDA:0,(anonymous_5)
FNDA:0,(anonymous_6)
FNDA:0,(anonymous_7)
FNDA:1,(anonymous_8)
FNDA:15,(anonymous_9)
FNDA:0,(anonymous_10)
FNDA:0,(anonymous_11)
FNDA:0,(anonymous_12)
FNDA:0,(anonymous_13)
FNDA:1,(anonymous_14)
FNDA:15,(anonymous_15)
DA:7,1
DA:191,1
DA:192,60
DA:195,1
DA:196,0
DA:197,0
DA:201,1
DA:202,0
DA:205,1
DA:206,0
DA:209,1
DA:210,1
DA:212,1
DA:213,1
DA:214,15
DA:220,1
DA:221,0
DA:222,0
DA:225,1
DA:226,0
DA:227,0
DA:231,1
DA:232,1
DA:234,1
DA:235,15
DA:236,15
DA:237,15
DA:240,1
LF:28
LH:20
BRDA:210,0,0,0
BRDA:210,0,1,1
BRDA:214,1,0,15
BRDA:214,1,1,14
BRDA:214,1,2,12
BRDA:235,2,0,0
BRDA:235,2,1,15
BRDA:236,3,0,0
BRDA:236,3,1,15
BRDA:237,4,0,0
BRDA:237,4,1,15
BRDA:240,5,0,1
BRDA:240,5,1,0
BRF:13
BRH:8
end_of_record
TN:
SF:src/data/SimplePathogenData.js
FN:121,(anonymous_0)
FN:122,(anonymous_1)
FN:125,(anonymous_2)
FN:126,(anonymous_3)
FN:132,(anonymous_4)
FN:133,(anonymous_5)
FN:136,(anonymous_6)
FN:137,(anonymous_7)
FN:140,(anonymous_8)
FN:144,(anonymous_9)
FN:152,(anonymous_10)
FN:155,(anonymous_11)
FNF:12
FNH:6
FNDA:3,(anonymous_0)
FNDA:12,(anonymous_1)
FNDA:0,(anonymous_2)
FNDA:0,(anonymous_3)
FNDA:0,(anonymous_4)
FNDA:0,(anonymous_5)
FNDA:0,(anonymous_6)
FNDA:0,(anonymous_7)
FNDA:1,(anonymous_8)
FNDA:10,(anonymous_9)
FNDA:1,(anonymous_10)
FNDA:10,(anonymous_11)
DA:7,1
DA:121,1
DA:122,12
DA:125,1
DA:126,0
DA:127,0
DA:132,1
DA:133,0
DA:136,1
DA:137,0
DA:140,1
DA:141,1
DA:143,1
DA:144,1
DA:145,10
DA:152,1
DA:153,1
DA:155,1
DA:156,10
DA:157,10
DA:158,10
DA:161,1
LF:22
LH:18
BRDA:127,0,0,0
BRDA:127,0,1,0
BRDA:141,1,0,0
BRDA:141,1,1,1
BRDA:145,2,0,10
BRDA:145,2,1,9
BRDA:145,2,2,9
BRDA:156,3,0,0
BRDA:156,3,1,10
BRDA:157,4,0,0
BRDA:157,4,1,10
BRDA:158,5,0,0
BRDA:158,5,1,10
BRDA:161,6,0,1
BRDA:161,6,1,0
BRF:15
BRH:8
end_of_record
TN:
SF:src/data/medicalConditions.js
FNF:0
FNH:0
DA:12,1
LF:1
LH:1
BRF:0
BRH:0
end_of_record
TN:
SF:src/data/pathogenAntibioticMap.js
FN:133,(anonymous_0)
FN:137,(anonymous_1)
FN:141,(anonymous_2)
FN:145,(anonymous_3)
FN:147,(anonymous_4)
FN:150,(anonymous_5)
FN:152,(anonymous_6)
FN:155,(anonymous_7)
FN:158,(anonymous_8)
FN:160,(anonymous_9)
FN:175,(anonymous_10)
FN:183,(anonymous_11)
FN:184,(anonymous_12)
FN:193,(anonymous_13)
FN:196,(anonymous_14)
FN:207,(anonymous_15)
FNF:16
FNH:4
FNDA:4,(anonymous_0)
FNDA:0,(anonymous_1)
FNDA:0,(anonymous_2)
FNDA:0,(anonymous_3)
FNDA:0,(anonymous_4)
FNDA:0,(anonymous_5)
FNDA:0,(anonymous_6)
FNDA:0,(anonymous_7)
FNDA:0,(anonymous_8)
FNDA:0,(anonymous_9)
FNDA:0,(anonymous_10)
FNDA:0,(anonymous_11)
FNDA:0,(anonymous_12)
FNDA:2,(anonymous_13)
FNDA:20,(anonymous_14)
FNDA:106,(anonymous_15)
DA:7,1
DA:133,1
DA:134,4
DA:137,1
DA:138,0
DA:139,0
DA:141,0
DA:142,0
DA:145,1
DA:146,0
DA:147,0
DA:150,1
DA:151,0
DA:152,0
DA:155,1
DA:156,0
DA:158,0
DA:159,0
DA:160,0
DA:162,0
DA:163,0
DA:172,0
DA:175,1
DA:176,0
DA:183,0
DA:184,0
DA:185,0
DA:189,0
DA:193,1
DA:194,2
DA:196,2
DA:197,20
DA:199,20
DA:200,0
DA:203,20
DA:204,0
DA:207,20
DA:208,106
DA:209,0
DA:211,106
DA:212,0
DA:214,106
DA:215,0
DA:220,2
LF:44
LH:19
BRDA:134,0,0,4
BRDA:134,0,1,1
BRDA:139,1,0,0
BRDA:139,1,1,0
BRDA:142,2,0,0
BRDA:142,2,1,0
BRDA:162,3,0,0
BRDA:162,3,1,0
BRDA:199,4,0,0
BRDA:199,4,1,20
BRDA:203,5,0,0
BRDA:203,5,1,20
BRDA:203,6,0,20
BRDA:203,6,1,20
BRDA:208,7,0,0
BRDA:208,7,1,106
BRDA:211,8,0,0
BRDA:211,8,1,106
BRDA:214,9,0,0
BRDA:214,9,1,106
BRDA:220,10,0,2
BRDA:220,10,1,0
BRF:22
BRH:10
end_of_record
TN:
SF:src/data/quizQuestions.js
FNF:0
FNH:0
DA:12,0
LF:1
LH:0
BRF:0
BRH:0
end_of_record
TN:
SF:src/hooks/useAntibioticData.js
FN:10,(anonymous_0)
FN:17,(anonymous_1)
FN:25,(anonymous_2)
FN:36,(anonymous_3)
FN:42,(anonymous_4)
FN:48,(anonymous_5)
FN:54,(anonymous_6)
FN:58,(anonymous_7)
FN:61,(anonymous_8)
FN:66,(anonymous_9)
FN:79,(anonymous_10)
FN:81,(anonymous_11)
FN:92,(anonymous_12)
FN:96,(anonymous_13)
FN:100,(anonymous_14)
FN:104,(anonymous_15)
FN:108,(anonymous_16)
FN:112,(anonymous_17)
FN:119,(anonymous_18)
FN:121,(anonymous_19)
FN:125,(anonymous_20)
FN:129,(anonymous_21)
FN:130,(anonymous_22)
FN:137,(anonymous_23)
FN:140,(anonymous_24)
FN:146,(anonymous_25)
FN:147,(anonymous_26)
FN:154,(anonymous_27)
FN:160,(anonymous_28)
FN:165,(anonymous_29)
FN:184,(anonymous_30)
FN:189,(anonymous_31)
FNF:32
FNH:0
FNDA:0,(anonymous_0)
FNDA:0,(anonymous_1)
FNDA:0,(anonymous_2)
FNDA:0,(anonymous_3)
FNDA:0,(anonymous_4)
FNDA:0,(anonymous_5)
FNDA:0,(anonymous_6)
FNDA:0,(anonymous_7)
FNDA:0,(anonymous_8)
FNDA:0,(anonymous_9)
FNDA:0,(anonymous_10)
FNDA:0,(anonymous_11)
FNDA:0,(anonymous_12)
FNDA:0,(anonymous_13)
FNDA:0,(anonymous_14)
FNDA:0,(anonymous_15)
FNDA:0,(anonymous_16)
FNDA:0,(anonymous_17)
FNDA:0,(anonymous_18)
FNDA:0,(anonymous_19)
FNDA:0,(anonymous_20)
FNDA:0,(anonymous_21)
FNDA:0,(anonymous_22)
FNDA:0,(anonymous_23)
FNDA:0,(anonymous_24)
FNDA:0,(anonymous_25)
FNDA:0,(anonymous_26)
FNDA:0,(anonymous_27)
FNDA:0,(anonymous_28)
FNDA:0,(anonymous_29)
FNDA:0,(anonymous_30)
FNDA:0,(anonymous_31)
DA:10,0
DA:11,0
DA:12,0
DA:13,0
DA:14,0
DA:17,0
DA:18,0
DA:19,0
DA:21,0
DA:25,0
DA:26,0
DA:28,0
DA:36,0
DA:37,0
DA:38,0
DA:42,0
DA:43,0
DA:44,0
DA:48,0
DA:49,0
DA:50,0
DA:54,0
DA:55,0
DA:57,0
DA:58,0
DA:59,0
DA:60,0
DA:61,0
DA:65,0
DA:66,0
DA:69,0
DA:79,0
DA:80,0
DA:81,0
DA:82,0
DA:85,0
DA:92,0
DA:93,0
DA:96,0
DA:97,0
DA:100,0
DA:101,0
DA:104,0
DA:105,0
DA:108,0
DA:109,0
DA:112,0
DA:113,0
DA:114,0
DA:115,0
DA:119,0
DA:120,0
DA:121,0
DA:125,0
DA:126,0
DA:128,0
DA:129,0
DA:132,0
DA:133,0
DA:137,0
DA:138,0
DA:142,0
DA:143,0
DA:146,0
DA:147,0
DA:148,0
DA:154,0
DA:155,0
DA:158,0
DA:160,0
DA:161,0
DA:164,0
DA:165,0
DA:166,0
DA:168,0
DA:169,0
DA:174,0
DA:180,0
DA:184,0
DA:185,0
DA:187,0
DA:189,0
DA:190,0
DA:192,0
DA:193,0
DA:195,0
DA:196,0
DA:198,0
DA:199,0
DA:203,0
DA:206,0
LF:91
LH:0
BRDA:18,0,0,0
BRDA:18,0,1,0
BRDA:18,1,0,0
BRDA:18,1,1,0
BRDA:26,2,0,0
BRDA:26,2,1,0
BRDA:37,3,0,0
BRDA:37,3,1,0
BRDA:37,4,0,0
BRDA:37,4,1,0
BRDA:43,5,0,0
BRDA:43,5,1,0
BRDA:49,6,0,0
BRDA:49,6,1,0
BRDA:55,7,0,0
BRDA:55,7,1,0
BRDA:60,8,0,0
BRDA:60,8,1,0
BRDA:82,9,0,0
BRDA:82,9,1,0
BRDA:120,10,0,0
BRDA:120,10,1,0
BRDA:126,11,0,0
BRDA:126,11,1,0
BRDA:126,12,0,0
BRDA:126,12,1,0
BRDA:132,13,0,0
BRDA:132,13,1,0
BRDA:142,14,0,0
BRDA:142,14,1,0
BRDA:142,15,0,0
BRDA:142,15,1,0
BRDA:143,16,0,0
BRDA:143,16,1,0
BRDA:143,17,0,0
BRDA:143,17,1,0
BRDA:155,18,0,0
BRDA:155,18,1,0
BRDA:155,19,0,0
BRDA:155,19,1,0
BRDA:164,20,0,0
BRDA:164,20,1,0
BRDA:164,21,0,0
BRDA:164,21,1,0
BRDA:166,22,0,0
BRDA:166,22,1,0
BRDA:166,23,0,0
BRDA:166,23,1,0
BRDA:168,24,0,0
BRDA:168,24,1,0
BRDA:185,25,0,0
BRDA:185,25,1,0
BRDA:185,26,0,0
BRDA:185,26,1,0
BRDA:192,27,0,0
BRDA:192,27,1,0
BRDA:192,28,0,0
BRDA:192,28,1,0
BRDA:195,29,0,0
BRDA:195,29,1,0
BRDA:195,30,0,0
BRDA:195,30,1,0
BRDA:198,31,0,0
BRDA:198,31,1,0
BRDA:198,32,0,0
BRDA:198,32,1,0
BRDA:203,33,0,0
BRDA:203,33,1,0
BRF:68
BRH:0
end_of_record
TN:
SF:src/hooks/useBookmarks.js
FN:11,(anonymous_0)
FN:15,(anonymous_1)
FN:16,(anonymous_2)
FN:18,(anonymous_3)
FN:35,(anonymous_4)
FN:36,(anonymous_5)
FN:37,(anonymous_6)
FN:42,(anonymous_7)
FN:43,(anonymous_8)
FN:55,(anonymous_9)
FN:56,(anonymous_10)
FN:60,(anonymous_11)
FN:65,(anonymous_12)
FN:66,(anonymous_13)
FN:74,(anonymous_14)
FN:76,(anonymous_15)
FN:79,(anonymous_16)
FN:86,(anonymous_17)
FN:97,(anonymous_18)
FN:107,(anonymous_19)
FN:108,(anonymous_20)
FN:109,(anonymous_21)
FNF:22
FNH:0
FNDA:0,(anonymous_0)
FNDA:0,(anonymous_1)
FNDA:0,(anonymous_2)
FNDA:0,(anonymous_3)
FNDA:0,(anonymous_4)
FNDA:0,(anonymous_5)
FNDA:0,(anonymous_6)
FNDA:0,(anonymous_7)
FNDA:0,(anonymous_8)
FNDA:0,(anonymous_9)
FNDA:0,(anonymous_10)
FNDA:0,(anonymous_11)
FNDA:0,(anonymous_12)
FNDA:0,(anonymous_13)
FNDA:0,(anonymous_14)
FNDA:0,(anonymous_15)
FNDA:0,(anonymous_16)
FNDA:0,(anonymous_17)
FNDA:0,(anonymous_18)
FNDA:0,(anonymous_19)
FNDA:0,(anonymous_20)
FNDA:0,(anonymous_21)
DA:11,0
DA:12,0
DA:15,0
DA:16,0
DA:18,0
DA:19,0
DA:20,0
DA:24,0
DA:30,0
DA:35,0
DA:36,0
DA:37,0
DA:42,0
DA:43,0
DA:45,0
DA:46,0
DA:48,0
DA:51,0
DA:55,0
DA:56,0
DA:60,0
DA:61,0
DA:65,0
DA:66,0
DA:67,0
DA:72,0
DA:74,0
DA:76,0
DA:80,0
DA:86,0
DA:87,0
DA:93,0
DA:97,0
DA:98,0
DA:99,0
DA:101,0
DA:102,0
DA:105,0
DA:107,0
DA:108,0
DA:109,0
DA:110,0
DA:114,0
DA:117,0
DA:123,0
DA:131,0
LF:46
LH:0
BRDA:19,0,0,0
BRDA:19,0,1,0
BRDA:45,1,0,0
BRDA:45,1,1,0
BRDA:78,2,0,0
BRDA:78,2,1,0
BRDA:80,3,0,0
BRDA:80,3,1,0
BRDA:97,4,0,0
BRDA:101,5,0,0
BRDA:101,5,1,0
BRDA:101,6,0,0
BRDA:101,6,1,0
BRDA:105,7,0,0
BRDA:105,7,1,0
BRF:15
BRH:0
end_of_record
TN:
SF:src/hooks/useErrorHandler.js
FN:7,(anonymous_0)
FN:15,(anonymous_1)
FN:33,(anonymous_2)
FN:51,(anonymous_3)
FN:52,(anonymous_4)
FN:53,(anonymous_5)
FN:58,(anonymous_6)
FN:59,(anonymous_7)
FN:73,(anonymous_8)
FN:74,(anonymous_9)
FN:75,(anonymous_10)
FN:76,(anonymous_11)
FN:77,(anonymous_12)
FN:78,(anonymous_13)
FN:79,(anonymous_14)
FN:80,(anonymous_15)
FN:95,(anonymous_16)
FN:96,(anonymous_17)
FN:97,(anonymous_18)
FN:98,(anonymous_19)
FN:99,(anonymous_20)
FN:100,(anonymous_21)
FN:101,(anonymous_22)
FN:102,(anonymous_23)
FN:103,(anonymous_24)
FN:104,(anonymous_25)
FN:108,(anonymous_26)
FN:110,(anonymous_27)
FNF:28
FNH:7
FNDA:12,(anonymous_0)
FNDA:8,(anonymous_1)
FNDA:2,(anonymous_2)
FNDA:0,(anonymous_3)
FNDA:0,(anonymous_4)
FNDA:0,(anonymous_5)
FNDA:2,(anonymous_6)
FNDA:1,(anonymous_7)
FNDA:0,(anonymous_8)
FNDA:0,(anonymous_9)
FNDA:0,(anonymous_10)
FNDA:0,(anonymous_11)
FNDA:0,(anonymous_12)
FNDA:0,(anonymous_13)
FNDA:0,(anonymous_14)
FNDA:0,(anonymous_15)
FNDA:0,(anonymous_16)
FNDA:0,(anonymous_17)
FNDA:0,(anonymous_18)
FNDA:0,(anonymous_19)
FNDA:0,(anonymous_20)
FNDA:0,(anonymous_21)
FNDA:0,(anonymous_22)
FNDA:0,(anonymous_23)
FNDA:0,(anonymous_24)
FNDA:0,(anonymous_25)
FNDA:1,(anonymous_26)
FNDA:1,(anonymous_27)
DA:7,1
DA:15,12
DA:16,8
DA:17,8
DA:18,4
DA:19,4
DA:21,4
DA:22,4
DA:33,12
DA:34,2
DA:40,12
DA:53,0
DA:58,2
DA:80,0
DA:101,0
DA:102,0
DA:103,0
DA:104,0
DA:108,1
DA:115,12
LF:20
LH:14
BRDA:15,0,0,1
BRDA:108,1,0,0
BRF:2
BRH:1
end_of_record
TN:
SF:src/hooks/useLocalStorage.js
FN:12,(anonymous_0)
FN:20,(anonymous_1)
FN:39,(anonymous_2)
FN:67,(anonymous_3)
FN:68,(anonymous_4)
FN:82,(anonymous_5)
FN:88,(anonymous_6)
FN:93,(anonymous_7)
FNF:8
FNH:7
FNDA:54,(anonymous_0)
FNDA:29,(anonymous_1)
FNDA:24,(anonymous_2)
FNDA:29,(anonymous_3)
FNDA:4,(anonymous_4)
FNDA:29,(anonymous_5)
FNDA:1,(anonymous_6)
FNDA:0,(anonymous_7)
DA:12,1
DA:14,54
DA:15,3
DA:16,3
DA:20,54
DA:21,29
DA:23,29
DA:24,1
DA:27,28
DA:29,28
DA:32,1
DA:33,1
DA:39,54
DA:40,24
DA:42,24
DA:45,24
DA:46,1
DA:50,22
DA:53,22
DA:54,21
DA:55,2
DA:57,19
DA:62,2
DA:67,54
DA:68,29
DA:69,4
DA:70,3
DA:71,3
DA:73,0
DA:79,29
DA:82,29
DA:83,29
DA:88,54
DA:89,1
DA:93,54
DA:94,0
DA:95,0
DA:97,0
DA:101,54
LF:39
LH:35
BRDA:14,0,0,3
BRDA:14,0,1,51
BRDA:14,1,0,54
BRDA:14,1,1,51
BRDA:23,2,0,1
BRDA:23,2,1,28
BRDA:29,3,0,1
BRDA:29,3,1,27
BRDA:42,4,0,12
BRDA:42,4,1,12
BRDA:45,5,0,1
BRDA:45,5,1,22
BRDA:53,6,0,21
BRDA:53,6,1,1
BRDA:54,7,0,2
BRDA:54,7,1,19
BRDA:69,8,0,3
BRDA:69,8,1,1
BRDA:69,9,0,4
BRDA:69,9,1,3
BRF:20
BRH:20
end_of_record
TN:
SF:src/hooks/usePathogenData.js
FN:10,(anonymous_0)
FN:18,(anonymous_1)
FN:26,(anonymous_2)
FN:38,(anonymous_3)
FN:44,(anonymous_4)
FN:50,(anonymous_5)
FN:58,(anonymous_6)
FN:61,(anonymous_7)
FN:75,(anonymous_8)
FN:76,(anonymous_9)
FN:77,(anonymous_10)
FN:78,(anonymous_11)
FN:89,(anonymous_12)
FN:93,(anonymous_13)
FN:97,(anonymous_14)
FN:101,(anonymous_15)
FN:105,(anonymous_16)
FN:109,(anonymous_17)
FN:113,(anonymous_18)
FN:121,(anonymous_19)
FN:123,(anonymous_20)
FN:127,(anonymous_21)
FN:131,(anonymous_22)
FN:132,(anonymous_23)
FN:139,(anonymous_24)
FN:142,(anonymous_25)
FN:144,(anonymous_26)
FN:145,(anonymous_27)
FN:170,(anonymous_28)
FNF:29
FNH:0
FNDA:0,(anonymous_0)
FNDA:0,(anonymous_1)
FNDA:0,(anonymous_2)
FNDA:0,(anonymous_3)
FNDA:0,(anonymous_4)
FNDA:0,(anonymous_5)
FNDA:0,(anonymous_6)
FNDA:0,(anonymous_7)
FNDA:0,(anonymous_8)
FNDA:0,(anonymous_9)
FNDA:0,(anonymous_10)
FNDA:0,(anonymous_11)
FNDA:0,(anonymous_12)
FNDA:0,(anonymous_13)
FNDA:0,(anonymous_14)
FNDA:0,(anonymous_15)
FNDA:0,(anonymous_16)
FNDA:0,(anonymous_17)
FNDA:0,(anonymous_18)
FNDA:0,(anonymous_19)
FNDA:0,(anonymous_20)
FNDA:0,(anonymous_21)
FNDA:0,(anonymous_22)
FNDA:0,(anonymous_23)
FNDA:0,(anonymous_24)
FNDA:0,(anonymous_25)
FNDA:0,(anonymous_26)
FNDA:0,(anonymous_27)
FNDA:0,(anonymous_28)
DA:10,0
DA:11,0
DA:12,0
DA:13,0
DA:14,0
DA:15,0
DA:18,0
DA:19,0
DA:20,0
DA:22,0
DA:26,0
DA:27,0
DA:29,0
DA:38,0
DA:39,0
DA:40,0
DA:44,0
DA:45,0
DA:46,0
DA:50,0
DA:51,0
DA:53,0
DA:54,0
DA:55,0
DA:58,0
DA:59,0
DA:60,0
DA:61,0
DA:64,0
DA:75,0
DA:76,0
DA:77,0
DA:78,0
DA:80,0
DA:89,0
DA:90,0
DA:93,0
DA:94,0
DA:97,0
DA:98,0
DA:101,0
DA:102,0
DA:105,0
DA:106,0
DA:109,0
DA:110,0
DA:113,0
DA:114,0
DA:115,0
DA:116,0
DA:117,0
DA:121,0
DA:122,0
DA:123,0
DA:127,0
DA:128,0
DA:130,0
DA:131,0
DA:134,0
DA:135,0
DA:139,0
DA:140,0
DA:144,0
DA:145,0
DA:146,0
DA:151,0
DA:170,0
LF:67
LH:0
BRDA:19,0,0,0
BRDA:19,0,1,0
BRDA:19,1,0,0
BRDA:19,1,1,0
BRDA:27,2,0,0
BRDA:27,2,1,0
BRDA:39,3,0,0
BRDA:39,3,1,0
BRDA:39,4,0,0
BRDA:39,4,1,0
BRDA:45,5,0,0
BRDA:45,5,1,0
BRDA:45,6,0,0
BRDA:45,6,1,0
BRDA:51,7,0,0
BRDA:51,7,1,0
BRDA:60,8,0,0
BRDA:60,8,1,0
BRDA:122,9,0,0
BRDA:122,9,1,0
BRDA:128,10,0,0
BRDA:128,10,1,0
BRDA:128,11,0,0
BRDA:128,11,1,0
BRDA:134,12,0,0
BRDA:134,12,1,0
BRDA:134,13,0,0
BRDA:134,13,1,0
BRF:28
BRH:0
end_of_record
TN:
SF:src/hooks/usePathogenRecommendations.js
FN:16,(anonymous_0)
FN:31,(anonymous_1)
FN:36,(anonymous_2)
FN:53,(anonymous_3)
FN:69,(anonymous_4)
FN:74,(anonymous_5)
FN:79,(anonymous_6)
FNF:7
FNH:0
FNDA:0,(anonymous_0)
FNDA:0,(anonymous_1)
FNDA:0,(anonymous_2)
FNDA:0,(anonymous_3)
FNDA:0,(anonymous_4)
FNDA:0,(anonymous_5)
FNDA:0,(anonymous_6)
DA:16,0
DA:17,0
DA:18,0
DA:28,0
DA:31,0
DA:32,0
DA:36,0
DA:37,0
DA:38,0
DA:39,0
DA:42,0
DA:49,0
DA:53,0
DA:54,0
DA:55,0
DA:56,0
DA:59,0
DA:65,0
DA:69,0
DA:70,0
DA:74,0
DA:75,0
DA:79,0
DA:80,0
DA:83,0
LF:25
LH:0
BRDA:16,0,0,0
BRDA:37,1,0,0
BRDA:37,1,1,0
BRDA:37,2,0,0
BRDA:37,2,1,0
BRDA:54,3,0,0
BRDA:54,3,1,0
BRF:7
BRH:0
end_of_record
TN:
SF:src/hooks/useQuizProgress.js
FN:11,(anonymous_0)
FN:16,(anonymous_1)
FN:19,(anonymous_2)
FN:22,(anonymous_3)
FN:38,(anonymous_4)
FN:51,(anonymous_5)
FN:63,(anonymous_6)
FN:71,(anonymous_7)
FN:75,(anonymous_8)
FN:88,(anonymous_9)
FN:97,(anonymous_10)
FN:102,(anonymous_11)
FN:107,(anonymous_12)
FN:108,(anonymous_13)
FN:109,(anonymous_14)
FN:116,(anonymous_15)
FN:117,(anonymous_16)
FN:122,(anonymous_17)
FN:123,(anonymous_18)
FN:153,calculateDuration
FN:162,calculateImprovementTrend
FN:170,(anonymous_21)
FN:171,(anonymous_22)
FN:180,identifyWeakAreas
FN:183,(anonymous_24)
FN:184,(anonymous_25)
FN:188,(anonymous_26)
FN:203,(anonymous_27)
FN:208,(anonymous_28)
FN:209,(anonymous_29)
FN:212,extractTopicsFromQuestion
FN:226,calculateStreakCount
FNF:32
FNH:0
FNDA:0,(anonymous_0)
FNDA:0,(anonymous_1)
FNDA:0,(anonymous_2)
FNDA:0,(anonymous_3)
FNDA:0,(anonymous_4)
FNDA:0,(anonymous_5)
FNDA:0,(anonymous_6)
FNDA:0,(anonymous_7)
FNDA:0,(anonymous_8)
FNDA:0,(anonymous_9)
FNDA:0,(anonymous_10)
FNDA:0,(anonymous_11)
FNDA:0,(anonymous_12)
FNDA:0,(anonymous_13)
FNDA:0,(anonymous_14)
FNDA:0,(anonymous_15)
FNDA:0,(anonymous_16)
FNDA:0,(anonymous_17)
FNDA:0,(anonymous_18)
FNDA:0,calculateDuration
FNDA:0,calculateImprovementTrend
FNDA:0,(anonymous_21)
FNDA:0,(anonymous_22)
FNDA:0,identifyWeakAreas
FNDA:0,(anonymous_24)
FNDA:0,(anonymous_25)
FNDA:0,(anonymous_26)
FNDA:0,(anonymous_27)
FNDA:0,(anonymous_28)
FNDA:0,(anonymous_29)
FNDA:0,extractTopicsFromQuestion
FNDA:0,calculateStreakCount
DA:11,0
DA:12,0
DA:13,0
DA:16,0
DA:17,0
DA:18,0
DA:19,0
DA:21,0
DA:22,0
DA:24,0
DA:26,0
DA:38,0
DA:39,0
DA:46,0
DA:47,0
DA:51,0
DA:52,0
DA:54,0
DA:63,0
DA:71,0
DA:72,0
DA:74,0
DA:75,0
DA:76,0
DA:78,0
DA:88,0
DA:91,0
DA:93,0
DA:97,0
DA:98,0
DA:102,0
DA:103,0
DA:107,0
DA:108,0
DA:109,0
DA:110,0
DA:114,0
DA:116,0
DA:117,0
DA:118,0
DA:122,0
DA:123,0
DA:124,0
DA:128,0
DA:136,0
DA:154,0
DA:155,0
DA:156,0
DA:157,0
DA:158,0
DA:159,0
DA:163,0
DA:165,0
DA:166,0
DA:168,0
DA:170,0
DA:171,0
DA:173,0
DA:175,0
DA:176,0
DA:177,0
DA:181,0
DA:183,0
DA:184,0
DA:186,0
DA:188,0
DA:189,0
DA:190,0
DA:193,0
DA:194,0
DA:195,0
DA:202,0
DA:203,0
DA:208,0
DA:209,0
DA:213,0
DA:214,0
DA:217,0
DA:218,0
DA:219,0
DA:220,0
DA:221,0
DA:223,0
DA:227,0
DA:229,0
DA:231,0
DA:232,0
DA:233,0
DA:235,0
DA:239,0
LF:90
LH:0
BRDA:18,0,0,0
BRDA:18,0,1,0
BRDA:21,1,0,0
BRDA:21,1,1,0
BRDA:52,2,0,0
BRDA:52,2,1,0
BRDA:72,3,0,0
BRDA:72,3,1,0
BRDA:72,4,0,0
BRDA:72,4,1,0
BRDA:114,5,0,0
BRDA:114,5,1,0
BRDA:124,6,0,0
BRDA:124,6,1,0
BRDA:163,7,0,0
BRDA:163,7,1,0
BRDA:168,8,0,0
BRDA:168,8,1,0
BRDA:175,9,0,0
BRDA:175,9,1,0
BRDA:176,10,0,0
BRDA:176,10,1,0
BRDA:189,11,0,0
BRDA:189,11,1,0
BRDA:194,12,0,0
BRDA:194,12,1,0
BRDA:208,13,0,0
BRDA:208,13,1,0
BRDA:217,14,0,0
BRDA:217,14,1,0
BRDA:218,15,0,0
BRDA:218,15,1,0
BRDA:218,16,0,0
BRDA:218,16,1,0
BRDA:219,17,0,0
BRDA:219,17,1,0
BRDA:220,18,0,0
BRDA:220,18,1,0
BRDA:221,19,0,0
BRDA:221,19,1,0
BRDA:221,20,0,0
BRDA:221,20,1,0
BRDA:223,21,0,0
BRDA:223,21,1,0
BRDA:227,22,0,0
BRDA:227,22,1,0
BRDA:232,23,0,0
BRDA:232,23,1,0
BRF:48
BRH:0
end_of_record
TN:
SF:src/hooks/useResponsive.js
FN:12,(anonymous_0)
FN:15,(anonymous_1)
FN:17,(anonymous_2)
FN:28,(anonymous_3)
FNF:4
FNH:4
FNDA:18,(anonymous_0)
FNDA:11,(anonymous_1)
FNDA:12,(anonymous_2)
FNDA:11,(anonymous_3)
DA:12,1
DA:13,18
DA:15,18
DA:17,11
DA:18,12
DA:22,11
DA:25,11
DA:28,11
DA:31,18
LF:9
LH:9
BRF:0
BRH:0
end_of_record
TN:
SF:src/hooks/useSearch.js
FN:13,(anonymous_0)
FN:14,(anonymous_1)
FN:19,(anonymous_2)
FN:23,(anonymous_3)
FN:30,(anonymous_4)
FN:31,(anonymous_5)
FN:36,(anonymous_6)
FN:48,(anonymous_7)
FNF:8
FNH:8
FNDA:3906,(anonymous_0)
FNDA:3907,(anonymous_1)
FNDA:60,(anonymous_2)
FNDA:59,(anonymous_3)
FNDA:1099,(anonymous_4)
FNDA:3906,(anonymous_5)
FNDA:1869,(anonymous_6)
FNDA:1,(anonymous_7)
DA:13,1
DA:14,3906
DA:15,3907
DA:19,1
DA:20,60
DA:23,60
DA:24,59
DA:25,27
DA:28,32
DA:30,32
DA:31,1099
DA:32,3906
DA:34,3906
DA:36,936
DA:37,1869
DA:42,2970
DA:48,60
DA:49,1
DA:53,60
DA:60,60
LF:20
LH:20
BRDA:15,0,0,3905
BRDA:15,0,1,2
BRDA:15,1,0,3907
BRDA:15,1,1,3907
BRDA:19,2,0,1
BRDA:19,3,0,0
BRDA:24,4,0,27
BRDA:24,4,1,32
BRDA:34,5,0,936
BRDA:34,5,1,2970
BRF:10
BRH:9
end_of_record
TN:
SF:src/hooks/useUserSession.js
FN:9,(anonymous_0)
FN:29,(anonymous_1)
FN:30,(anonymous_2)
FN:43,(anonymous_3)
FN:44,(anonymous_4)
FN:65,(anonymous_5)
FN:78,(anonymous_6)
FN:79,(anonymous_7)
FNF:8
FNH:0
FNDA:0,(anonymous_0)
FNDA:0,(anonymous_1)
FNDA:0,(anonymous_2)
FNDA:0,(anonymous_3)
FNDA:0,(anonymous_4)
FNDA:0,(anonymous_5)
FNDA:0,(anonymous_6)
FNDA:0,(anonymous_7)
DA:9,0
DA:10,0
DA:18,0
DA:29,0
DA:30,0
DA:31,0
DA:38,0
DA:39,0
DA:42,0
DA:43,0
DA:44,0
DA:45,0
DA:46,0
DA:47,0
DA:53,0
DA:54,0
DA:55,0
DA:58,0
DA:65,0
DA:66,0
DA:78,0
DA:79,0
DA:85,0
LF:23
LH:0
BRDA:29,0,0,0
BRDA:29,1,0,0
BRDA:42,2,0,0
BRDA:42,2,1,0
BRDA:45,3,0,0
BRDA:45,3,1,0
BRDA:46,4,0,0
BRDA:46,4,1,0
BRDA:53,5,0,0
BRDA:53,5,1,0
BRDA:54,6,0,0
BRDA:54,6,1,0
BRF:12
BRH:0
end_of_record
TN:
SF:src/utils/animations.js
FN:125,(anonymous_0)
FN:143,(anonymous_1)
FN:150,(anonymous_2)
FN:151,(anonymous_3)
FN:166,(anonymous_4)
FN:179,(anonymous_5)
FN:188,(anonymous_6)
FN:198,(anonymous_7)
FN:208,(anonymous_8)
FN:209,(anonymous_9)
FN:210,(anonymous_10)
FN:223,(anonymous_11)
FN:224,(anonymous_12)
FN:235,(anonymous_13)
FN:236,(anonymous_14)
FN:240,(anonymous_15)
FN:263,(anonymous_16)
FN:271,(anonymous_17)
FN:272,(anonymous_18)
FN:281,(anonymous_19)
FN:296,(anonymous_20)
FN:297,(anonymous_21)
FN:311,(anonymous_22)
FN:316,(anonymous_23)
FN:321,(anonymous_24)
FN:329,(anonymous_25)
FNF:26
FNH:0
FNDA:0,(anonymous_0)
FNDA:0,(anonymous_1)
FNDA:0,(anonymous_2)
FNDA:0,(anonymous_3)
FNDA:0,(anonymous_4)
FNDA:0,(anonymous_5)
FNDA:0,(anonymous_6)
FNDA:0,(anonymous_7)
FNDA:0,(anonymous_8)
FNDA:0,(anonymous_9)
FNDA:0,(anonymous_10)
FNDA:0,(anonymous_11)
FNDA:0,(anonymous_12)
FNDA:0,(anonymous_13)
FNDA:0,(anonymous_14)
FNDA:0,(anonymous_15)
FNDA:0,(anonymous_16)
FNDA:0,(anonymous_17)
FNDA:0,(anonymous_18)
FNDA:0,(anonymous_19)
FNDA:0,(anonymous_20)
FNDA:0,(anonymous_21)
FNDA:0,(anonymous_22)
FNDA:0,(anonymous_23)
FNDA:0,(anonymous_24)
FNDA:0,(anonymous_25)
DA:8,0
DA:125,0
DA:126,0
DA:129,0
DA:130,0
DA:131,0
DA:135,0
DA:136,0
DA:137,0
DA:138,0
DA:144,0
DA:145,0
DA:146,0
DA:151,0
DA:152,0
DA:153,0
DA:154,0
DA:158,0
DA:159,0
DA:163,0
DA:166,0
DA:167,0
DA:168,0
DA:170,0
DA:171,0
DA:172,0
DA:175,0
DA:176,0
DA:179,0
DA:180,0
DA:181,0
DA:189,0
DA:190,0
DA:191,0
DA:192,0
DA:193,0
DA:199,0
DA:200,0
DA:201,0
DA:203,0
DA:209,0
DA:210,0
DA:211,0
DA:212,0
DA:214,0
DA:215,0
DA:219,0
DA:224,0
DA:231,0
DA:236,0
DA:241,0
DA:242,0
DA:243,0
DA:244,0
DA:245,0
DA:247,0
DA:260,0
DA:261,0
DA:263,0
DA:264,0
DA:265,0
DA:272,0
DA:273,0
DA:275,0
DA:282,0
DA:288,0
DA:293,0
DA:297,0
DA:298,0
DA:299,0
DA:300,0
DA:301,0
DA:304,0
DA:305,0
DA:312,0
DA:313,0
DA:317,0
DA:318,0
DA:322,0
DA:323,0
DA:329,0
DA:330,0
DA:341,0
DA:345,0
DA:348,0
DA:349,0
LF:86
LH:0
BRDA:130,0,0,0
BRDA:130,0,1,0
BRDA:150,1,0,0
BRDA:150,2,0,0
BRDA:152,3,0,0
BRDA:152,3,1,0
BRDA:158,4,0,0
BRDA:158,4,1,0
BRDA:167,5,0,0
BRDA:167,5,1,0
BRDA:180,6,0,0
BRDA:180,6,1,0
BRDA:190,7,0,0
BRDA:190,7,1,0
BRDA:199,8,0,0
BRDA:200,9,0,0
BRDA:200,9,1,0
BRDA:209,10,0,0
BRDA:211,11,0,0
BRDA:211,11,1,0
BRDA:223,12,0,0
BRDA:223,13,0,0
BRDA:264,14,0,0
BRDA:264,14,1,0
BRDA:281,15,0,0
BRDA:298,16,0,0
BRDA:298,16,1,0
BRDA:298,17,0,0
BRDA:298,17,1,0
BRDA:299,18,0,0
BRDA:299,18,1,0
BRDA:304,19,0,0
BRDA:304,19,1,0
BRDA:311,20,0,0
BRDA:348,21,0,0
BRDA:348,21,1,0
BRF:36
BRH:0
end_of_record
TN:
SF:src/utils/dataIndexer.js
FN:14,(anonymous_0)
FN:51,(anonymous_1)
FN:65,(anonymous_2)
FN:74,(anonymous_3)
FN:86,(anonymous_4)
FN:95,(anonymous_5)
FN:98,(anonymous_6)
FN:100,(anonymous_7)
FN:107,(anonymous_8)
FN:134,(anonymous_9)
FN:148,(anonymous_10)
FN:157,(anonymous_11)
FN:162,(anonymous_12)
FN:167,(anonymous_13)
FN:171,(anonymous_14)
FN:192,(anonymous_15)
FN:205,(anonymous_16)
FN:213,(anonymous_17)
FN:218,(anonymous_18)
FN:222,(anonymous_19)
FN:245,(anonymous_20)
FN:247,(anonymous_21)
FN:248,(anonymous_22)
FN:258,(anonymous_23)
FN:260,(anonymous_24)
FN:262,(anonymous_25)
FN:263,(anonymous_26)
FN:268,(anonymous_27)
FN:277,(anonymous_28)
FN:290,(anonymous_29)
FN:293,(anonymous_30)
FN:294,(anonymous_31)
FN:298,(anonymous_32)
FN:305,(anonymous_33)
FN:309,(anonymous_34)
FN:318,(anonymous_35)
FN:321,(anonymous_36)
FN:322,(anonymous_37)
FN:324,(anonymous_38)
FN:347,(anonymous_39)
FN:350,(anonymous_40)
FN:352,(anonymous_41)
FN:354,(anonymous_42)
FN:365,(anonymous_43)
FN:375,(anonymous_44)
FN:409,(anonymous_45)
FN:414,(anonymous_46)
FN:415,(anonymous_47)
FN:422,(anonymous_48)
FN:431,(anonymous_49)
FN:435,(anonymous_50)
FN:451,(anonymous_51)
FN:454,(anonymous_52)
FN:455,(anonymous_53)
FN:455,(anonymous_54)
FN:456,(anonymous_55)
FN:457,(anonymous_56)
FN:457,(anonymous_57)
FN:467,(anonymous_58)
FN:476,(anonymous_59)
FN:511,(anonymous_60)
FN:512,(anonymous_61)
FN:520,(anonymous_62)
FN:521,(anonymous_63)
FN:522,(anonymous_64)
FN:523,(anonymous_65)
FN:524,(anonymous_66)
FN:532,(anonymous_67)
FN:553,(anonymous_68)
FN:557,(anonymous_69)
FN:564,(anonymous_70)
FN:569,(anonymous_71)
FN:578,(anonymous_72)
FN:583,(anonymous_73)
FN:605,(anonymous_74)
FN:616,(anonymous_75)
FN:620,(anonymous_76)
FN:625,(anonymous_77)
FN:626,(anonymous_78)
FN:632,(anonymous_79)
FN:640,(anonymous_80)
FN:643,(anonymous_81)
FN:646,(anonymous_82)
FN:659,(anonymous_83)
FN:661,(anonymous_84)
FN:663,(anonymous_85)
FN:666,(anonymous_86)
FN:667,(anonymous_87)
FN:677,(anonymous_88)
FN:684,(anonymous_89)
FNF:90
FNH:0
FNDA:0,(anonymous_0)
FNDA:0,(anonymous_1)
FNDA:0,(anonymous_2)
FNDA:0,(anonymous_3)
FNDA:0,(anonymous_4)
FNDA:0,(anonymous_5)
FNDA:0,(anonymous_6)
FNDA:0,(anonymous_7)
FNDA:0,(anonymous_8)
FNDA:0,(anonymous_9)
FNDA:0,(anonymous_10)
FNDA:0,(anonymous_11)
FNDA:0,(anonymous_12)
FNDA:0,(anonymous_13)
FNDA:0,(anonymous_14)
FNDA:0,(anonymous_15)
FNDA:0,(anonymous_16)
FNDA:0,(anonymous_17)
FNDA:0,(anonymous_18)
FNDA:0,(anonymous_19)
FNDA:0,(anonymous_20)
FNDA:0,(anonymous_21)
FNDA:0,(anonymous_22)
FNDA:0,(anonymous_23)
FNDA:0,(anonymous_24)
FNDA:0,(anonymous_25)
FNDA:0,(anonymous_26)
FNDA:0,(anonymous_27)
FNDA:0,(anonymous_28)
FNDA:0,(anonymous_29)
FNDA:0,(anonymous_30)
FNDA:0,(anonymous_31)
FNDA:0,(anonymous_32)
FNDA:0,(anonymous_33)
FNDA:0,(anonymous_34)
FNDA:0,(anonymous_35)
FNDA:0,(anonymous_36)
FNDA:0,(anonymous_37)
FNDA:0,(anonymous_38)
FNDA:0,(anonymous_39)
FNDA:0,(anonymous_40)
FNDA:0,(anonymous_41)
FNDA:0,(anonymous_42)
FNDA:0,(anonymous_43)
FNDA:0,(anonymous_44)
FNDA:0,(anonymous_45)
FNDA:0,(anonymous_46)
FNDA:0,(anonymous_47)
FNDA:0,(anonymous_48)
FNDA:0,(anonymous_49)
FNDA:0,(anonymous_50)
FNDA:0,(anonymous_51)
FNDA:0,(anonymous_52)
FNDA:0,(anonymous_53)
FNDA:0,(anonymous_54)
FNDA:0,(anonymous_55)
FNDA:0,(anonymous_56)
FNDA:0,(anonymous_57)
FNDA:0,(anonymous_58)
FNDA:0,(anonymous_59)
FNDA:0,(anonymous_60)
FNDA:0,(anonymous_61)
FNDA:0,(anonymous_62)
FNDA:0,(anonymous_63)
FNDA:0,(anonymous_64)
FNDA:0,(anonymous_65)
FNDA:0,(anonymous_66)
FNDA:0,(anonymous_67)
FNDA:0,(anonymous_68)
FNDA:0,(anonymous_69)
FNDA:0,(anonymous_70)
FNDA:0,(anonymous_71)
FNDA:0,(anonymous_72)
FNDA:0,(anonymous_73)
FNDA:0,(anonymous_74)
FNDA:0,(anonymous_75)
FNDA:0,(anonymous_76)
FNDA:0,(anonymous_77)
FNDA:0,(anonymous_78)
FNDA:0,(anonymous_79)
FNDA:0,(anonymous_80)
FNDA:0,(anonymous_81)
FNDA:0,(anonymous_82)
FNDA:0,(anonymous_83)
FNDA:0,(anonymous_84)
FNDA:0,(anonymous_85)
FNDA:0,(anonymous_86)
FNDA:0,(anonymous_87)
FNDA:0,(anonymous_88)
FNDA:0,(anonymous_89)
DA:14,1
DA:15,0
DA:17,0
DA:51,0
DA:53,0
DA:56,0
DA:57,0
DA:58,0
DA:59,0
DA:60,0
DA:61,0
DA:65,0
DA:66,0
DA:67,0
DA:69,0
DA:74,0
DA:76,0
DA:79,0
DA:80,0
DA:82,0
DA:83,0
DA:86,0
DA:87,0
DA:88,0
DA:90,0
DA:95,0
DA:96,0
DA:98,0
DA:99,0
DA:100,0
DA:103,0
DA:107,0
DA:108,0
DA:109,0
DA:110,0
DA:112,0
DA:119,0
DA:123,0
DA:125,0
DA:134,1
DA:141,0
DA:143,0
DA:146,0
DA:147,0
DA:148,0
DA:149,0
DA:156,0
DA:157,0
DA:161,0
DA:162,0
DA:166,0
DA:167,0
DA:171,0
DA:172,0
DA:174,0
DA:176,0
DA:179,0
DA:183,0
DA:192,1
DA:198,0
DA:200,0
DA:203,0
DA:204,0
DA:205,0
DA:206,0
DA:212,0
DA:213,0
DA:217,0
DA:218,0
DA:222,0
DA:223,0
DA:225,0
DA:227,0
DA:229,0
DA:232,0
DA:236,0
DA:245,1
DA:246,0
DA:247,0
DA:248,0
DA:258,1
DA:259,0
DA:260,0
DA:262,0
DA:263,0
DA:264,0
DA:267,0
DA:268,0
DA:269,0
DA:270,0
DA:274,0
DA:278,0
DA:290,1
DA:291,0
DA:293,0
DA:294,0
DA:295,0
DA:298,0
DA:299,0
DA:302,0
DA:306,0
DA:309,0
DA:318,1
DA:319,0
DA:321,0
DA:322,0
DA:323,0
DA:324,0
DA:325,0
DA:328,0
DA:329,0
DA:339,0
DA:347,1
DA:348,0
DA:350,0
DA:351,0
DA:352,0
DA:353,0
DA:354,0
DA:357,0
DA:365,0
DA:375,1
DA:376,0
DA:378,0
DA:397,0
DA:398,0
DA:402,0
DA:403,0
DA:407,0
DA:408,0
DA:409,0
DA:410,0
DA:412,0
DA:413,0
DA:414,0
DA:415,0
DA:420,0
DA:421,0
DA:422,0
DA:423,0
DA:425,0
DA:426,0
DA:427,0
DA:431,0
DA:432,0
DA:433,0
DA:435,0
DA:436,0
DA:437,0
DA:440,0
DA:441,0
DA:442,0
DA:443,0
DA:448,0
DA:451,0
DA:454,0
DA:455,0
DA:456,0
DA:457,0
DA:459,0
DA:467,1
DA:468,0
DA:476,0
DA:477,0
DA:488,0
DA:492,0
DA:493,0
DA:494,0
DA:495,0
DA:496,0
DA:499,0
DA:500,0
DA:508,0
DA:511,0
DA:512,0
DA:513,0
DA:514,0
DA:520,0
DA:521,0
DA:522,0
DA:523,0
DA:524,0
DA:526,0
DA:527,0
DA:531,0
DA:532,0
DA:533,0
DA:534,0
DA:535,0
DA:537,0
DA:540,0
DA:542,0
DA:553,1
DA:554,0
DA:555,0
DA:557,0
DA:558,0
DA:559,0
DA:560,0
DA:561,0
DA:564,0
DA:565,0
DA:569,0
DA:570,0
DA:571,0
DA:575,0
DA:578,0
DA:579,0
DA:580,0
DA:582,0
DA:583,0
DA:584,0
DA:588,0
DA:589,0
DA:590,0
DA:599,0
DA:605,0
DA:616,1
DA:617,0
DA:618,0
DA:620,0
DA:621,0
DA:624,0
DA:625,0
DA:626,0
DA:632,0
DA:635,0
DA:638,0
DA:639,0
DA:641,0
DA:643,0
DA:646,0
DA:653,0
DA:657,0
DA:658,0
DA:660,0
DA:661,0
DA:663,0
DA:664,0
DA:667,0
DA:668,0
DA:670,0
DA:677,0
DA:680,0
DA:683,0
DA:684,0
DA:687,0
LF:247
LH:12
BRDA:56,0,0,0
BRDA:56,0,1,0
BRDA:59,1,0,0
BRDA:59,1,1,0
BRDA:66,2,0,0
BRDA:66,2,1,0
BRDA:79,3,0,0
BRDA:79,3,1,0
BRDA:87,4,0,0
BRDA:87,4,1,0
BRDA:99,5,0,0
BRDA:99,5,1,0
BRDA:108,6,0,0
BRDA:108,6,1,0
BRDA:109,7,0,0
BRDA:109,7,1,0
BRDA:110,8,0,0
BRDA:110,8,1,0
BRDA:134,9,0,0
BRDA:136,10,0,0
BRDA:137,11,0,0
BRDA:138,12,0,0
BRDA:139,13,0,0
BRDA:140,14,0,0
BRDA:146,15,0,0
BRDA:146,15,1,0
BRDA:149,16,0,0
BRDA:149,16,1,0
BRDA:149,16,2,0
BRDA:156,17,0,0
BRDA:156,17,1,0
BRDA:161,18,0,0
BRDA:161,18,1,0
BRDA:166,19,0,0
BRDA:166,19,1,0
BRDA:172,20,0,0
BRDA:172,20,1,0
BRDA:172,20,2,0
BRDA:172,20,3,0
BRDA:192,21,0,0
BRDA:194,22,0,0
BRDA:195,23,0,0
BRDA:196,24,0,0
BRDA:197,25,0,0
BRDA:203,26,0,0
BRDA:203,26,1,0
BRDA:206,27,0,0
BRDA:206,27,1,0
BRDA:212,28,0,0
BRDA:212,28,1,0
BRDA:217,29,0,0
BRDA:217,29,1,0
BRDA:223,30,0,0
BRDA:223,30,1,0
BRDA:223,30,2,0
BRDA:223,30,3,0
BRDA:223,30,4,0
BRDA:229,31,0,0
BRDA:229,31,1,0
BRDA:246,32,0,0
BRDA:246,32,1,0
BRDA:259,33,0,0
BRDA:259,33,1,0
BRDA:264,34,0,0
BRDA:264,34,1,0
BRDA:268,35,0,0
BRDA:268,35,1,0
BRDA:269,36,0,0
BRDA:269,36,1,0
BRDA:277,37,0,0
BRDA:277,37,1,0
BRDA:291,38,0,0
BRDA:291,38,1,0
BRDA:295,39,0,0
BRDA:295,39,1,0
BRDA:322,40,0,0
BRDA:322,40,1,0
BRDA:328,41,0,0
BRDA:328,41,1,0
BRDA:353,42,0,0
BRDA:353,42,1,0
BRDA:376,43,0,0
BRDA:376,43,1,0
BRDA:397,44,0,0
BRDA:397,44,1,0
BRDA:397,45,0,0
BRDA:397,45,1,0
BRDA:402,46,0,0
BRDA:402,46,1,0
BRDA:412,47,0,0
BRDA:412,47,1,0
BRDA:415,48,0,0
BRDA:415,48,1,0
BRDA:420,49,0,0
BRDA:420,49,1,0
BRDA:421,50,0,0
BRDA:421,50,1,0
BRDA:425,51,0,0
BRDA:425,51,1,0
BRDA:433,52,0,0
BRDA:433,52,1,0
BRDA:437,53,0,0
BRDA:437,53,1,0
BRDA:440,54,0,0
BRDA:440,54,1,0
BRDA:440,55,0,0
BRDA:440,55,1,0
BRDA:455,56,0,0
BRDA:455,56,1,0
BRDA:457,57,0,0
BRDA:457,57,1,0
BRDA:499,58,0,0
BRDA:499,58,1,0
BRDA:505,59,0,0
BRDA:505,59,1,0
BRDA:505,60,0,0
BRDA:505,60,1,0
BRDA:513,61,0,0
BRDA:513,61,1,0
BRDA:514,62,0,0
BRDA:514,62,1,0
BRDA:521,63,0,0
BRDA:521,63,1,0
BRDA:534,64,0,0
BRDA:534,64,1,0
BRDA:553,65,0,0
BRDA:558,66,0,0
BRDA:558,66,1,0
BRDA:559,67,0,0
BRDA:559,67,1,0
BRDA:559,68,0,0
BRDA:559,68,1,0
BRDA:565,69,0,0
BRDA:565,69,1,0
BRDA:565,69,2,0
BRDA:566,70,0,0
BRDA:566,70,1,0
BRDA:570,71,0,0
BRDA:570,71,1,0
BRDA:584,72,0,0
BRDA:584,72,1,0
BRDA:584,72,2,0
BRDA:584,72,3,0
BRDA:588,73,0,0
BRDA:588,73,1,0
BRDA:616,74,0,0
BRDA:616,75,0,0
BRDA:621,76,0,0
BRDA:621,76,1,0
BRDA:625,77,0,0
BRDA:625,77,1,0
BRDA:627,78,0,0
BRDA:627,78,1,0
BRDA:638,79,0,0
BRDA:638,79,1,0
BRDA:638,80,0,0
BRDA:638,80,1,0
BRDA:641,81,0,0
BRDA:641,81,1,0
BRDA:641,81,2,0
BRDA:660,82,0,0
BRDA:660,82,1,0
BRDA:661,83,0,0
BRDA:661,83,1,0
BRDA:683,84,0,0
BRDA:683,84,1,0
BRF:166
BRH:0
end_of_record
TN:
SF:src/utils/dataParser.js
FN:12,(anonymous_0)
FN:33,(anonymous_1)
FN:94,(anonymous_2)
FN:97,(anonymous_3)
FN:100,(anonymous_4)
FN:116,(anonymous_5)
FN:160,(anonymous_6)
FN:177,(anonymous_7)
FN:193,(anonymous_8)
FN:208,(anonymous_9)
FN:232,(anonymous_10)
FN:266,(anonymous_11)
FN:291,(anonymous_12)
FN:664,(anonymous_13)
FN:677,(anonymous_14)
FN:679,(anonymous_15)
FN:680,(anonymous_16)
FN:686,(anonymous_17)
FN:689,(anonymous_18)
FN:698,(anonymous_19)
FN:782,(anonymous_20)
FN:792,(anonymous_21)
FN:812,(anonymous_22)
FN:849,(anonymous_23)
FN:851,(anonymous_24)
FN:895,(anonymous_25)
FN:928,(anonymous_26)
FN:945,(anonymous_27)
FN:957,(anonymous_28)
FN:977,(anonymous_29)
FN:996,(anonymous_30)
FN:1002,(anonymous_31)
FN:1009,(anonymous_32)
FN:1027,(anonymous_33)
FN:1034,(anonymous_34)
FN:1058,(anonymous_35)
FN:1066,(anonymous_36)
FN:1076,(anonymous_37)
FN:1090,(anonymous_38)
FN:1100,(anonymous_39)
FN:1444,(anonymous_40)
FN:1449,(anonymous_41)
FN:1454,(anonymous_42)
FN:1474,(anonymous_43)
FN:1476,(anonymous_44)
FN:1498,(anonymous_45)
FN:1504,(anonymous_46)
FNF:47
FNH:0
FNDA:0,(anonymous_0)
FNDA:0,(anonymous_1)
FNDA:0,(anonymous_2)
FNDA:0,(anonymous_3)
FNDA:0,(anonymous_4)
FNDA:0,(anonymous_5)
FNDA:0,(anonymous_6)
FNDA:0,(anonymous_7)
FNDA:0,(anonymous_8)
FNDA:0,(anonymous_9)
FNDA:0,(anonymous_10)
FNDA:0,(anonymous_11)
FNDA:0,(anonymous_12)
FNDA:0,(anonymous_13)
FNDA:0,(anonymous_14)
FNDA:0,(anonymous_15)
FNDA:0,(anonymous_16)
FNDA:0,(anonymous_17)
FNDA:0,(anonymous_18)
FNDA:0,(anonymous_19)
FNDA:0,(anonymous_20)
FNDA:0,(anonymous_21)
FNDA:0,(anonymous_22)
FNDA:0,(anonymous_23)
FNDA:0,(anonymous_24)
FNDA:0,(anonymous_25)
FNDA:0,(anonymous_26)
FNDA:0,(anonymous_27)
FNDA:0,(anonymous_28)
FNDA:0,(anonymous_29)
FNDA:0,(anonymous_30)
FNDA:0,(anonymous_31)
FNDA:0,(anonymous_32)
FNDA:0,(anonymous_33)
FNDA:0,(anonymous_34)
FNDA:0,(anonymous_35)
FNDA:0,(anonymous_36)
FNDA:0,(anonymous_37)
FNDA:0,(anonymous_38)
FNDA:0,(anonymous_39)
FNDA:0,(anonymous_40)
FNDA:0,(anonymous_41)
FNDA:0,(anonymous_42)
FNDA:0,(anonymous_43)
FNDA:0,(anonymous_44)
FNDA:0,(anonymous_45)
FNDA:0,(anonymous_46)
DA:12,1
DA:13,0
DA:14,0
DA:18,0
DA:21,0
DA:22,0
DA:25,0
DA:33,0
DA:34,0
DA:38,0
DA:39,0
DA:40,0
DA:41,0
DA:42,0
DA:45,0
DA:46,0
DA:47,0
DA:48,0
DA:52,0
DA:62,0
DA:80,0
DA:94,0
DA:95,0
DA:96,0
DA:97,0
DA:98,0
DA:99,0
DA:100,0
DA:101,0
DA:102,0
DA:106,0
DA:107,0
DA:108,0
DA:109,0
DA:110,0
DA:111,0
DA:112,0
DA:113,0
DA:114,0
DA:115,0
DA:116,0
DA:117,0
DA:121,0
DA:141,0
DA:143,0
DA:160,1
DA:161,0
DA:162,0
DA:165,0
DA:168,0
DA:177,0
DA:178,0
DA:182,0
DA:185,0
DA:188,0
DA:191,0
DA:193,0
DA:194,0
DA:195,0
DA:196,0
DA:200,0
DA:208,1
DA:209,0
DA:212,0
DA:215,0
DA:216,0
DA:219,0
DA:232,0
DA:233,0
DA:237,0
DA:248,0
DA:251,0
DA:253,0
DA:266,1
DA:267,0
DA:290,0
DA:291,0
DA:292,0
DA:296,0
DA:300,1
DA:664,1
DA:665,0
DA:666,0
DA:668,0
DA:669,0
DA:670,0
DA:671,0
DA:672,0
DA:673,0
DA:677,1
DA:678,0
DA:679,0
DA:680,0
DA:686,0
DA:689,1
DA:690,0
DA:691,0
DA:693,0
DA:695,0
DA:696,0
DA:698,0
DA:699,0
DA:700,0
DA:701,0
DA:704,0
DA:708,1
DA:727,1
DA:782,1
DA:783,0
DA:784,0
DA:787,0
DA:788,0
DA:789,0
DA:790,0
DA:792,0
DA:794,0
DA:805,0
DA:806,0
DA:807,0
DA:811,0
DA:812,0
DA:813,0
DA:814,0
DA:815,0
DA:818,0
DA:819,0
DA:829,0
DA:830,0
DA:834,0
DA:848,0
DA:849,0
DA:850,0
DA:851,0
DA:852,0
DA:853,0
DA:856,0
DA:857,0
DA:866,0
DA:867,0
DA:870,0
DA:871,0
DA:872,0
DA:880,0
DA:881,0
DA:885,0
DA:894,0
DA:895,0
DA:896,0
DA:897,0
DA:898,0
DA:899,0
DA:901,0
DA:921,0
DA:922,0
DA:924,0
DA:928,1
DA:929,0
DA:930,0
DA:932,0
DA:934,0
DA:936,0
DA:938,0
DA:940,0
DA:945,1
DA:946,0
DA:947,0
DA:950,0
DA:951,0
DA:952,0
DA:953,0
DA:957,1
DA:958,0
DA:959,0
DA:977,0
DA:978,0
DA:979,0
DA:980,0
DA:992,0
DA:996,1
DA:997,0
DA:999,0
DA:1002,0
DA:1003,0
DA:1004,0
DA:1005,0
DA:1006,0
DA:1009,0
DA:1010,0
DA:1011,0
DA:1012,0
DA:1013,0
DA:1019,0
DA:1027,0
DA:1028,0
DA:1029,0
DA:1030,0
DA:1031,0
DA:1034,0
DA:1035,0
DA:1036,0
DA:1037,0
DA:1038,0
DA:1045,0
DA:1052,0
DA:1056,1
DA:1058,0
DA:1066,0
DA:1076,0
DA:1090,0
DA:1100,1
DA:1101,0
DA:1102,0
DA:1104,0
DA:1431,1
DA:1444,1
DA:1445,0
DA:1446,0
DA:1447,0
DA:1449,0
DA:1450,0
DA:1453,0
DA:1454,0
DA:1455,0
DA:1456,0
DA:1457,0
DA:1458,0
DA:1465,0
DA:1466,0
DA:1467,0
DA:1473,0
DA:1474,0
DA:1475,0
DA:1476,0
DA:1477,0
DA:1478,0
DA:1479,0
DA:1487,0
DA:1488,0
DA:1489,0
DA:1490,0
DA:1498,0
DA:1504,0
DA:1510,0
LF:243
LH:19
BRDA:13,0,0,0
BRDA:13,0,1,0
BRDA:13,1,0,0
BRDA:13,1,1,0
BRDA:33,2,0,0
BRDA:33,2,1,0
BRDA:46,3,0,0
BRDA:46,3,1,0
BRDA:94,4,0,0
BRDA:94,4,1,0
BRDA:97,5,0,0
BRDA:97,5,1,0
BRDA:100,6,0,0
BRDA:100,6,1,0
BRDA:106,7,0,0
BRDA:106,7,1,0
BRDA:106,8,0,0
BRDA:106,8,1,0
BRDA:106,8,2,0
BRDA:109,9,0,0
BRDA:109,9,1,0
BRDA:109,10,0,0
BRDA:109,10,1,0
BRDA:109,10,2,0
BRDA:112,11,0,0
BRDA:112,11,1,0
BRDA:116,12,0,0
BRDA:116,12,1,0
BRDA:141,13,0,0
BRDA:141,13,1,0
BRDA:161,14,0,0
BRDA:161,14,1,0
BRDA:161,15,0,0
BRDA:161,15,1,0
BRDA:182,16,0,0
BRDA:182,16,1,0
BRDA:182,17,0,0
BRDA:182,17,1,0
BRDA:182,17,2,0
BRDA:195,18,0,0
BRDA:195,18,1,0
BRDA:209,19,0,0
BRDA:209,19,1,0
BRDA:209,20,0,0
BRDA:209,20,1,0
BRDA:232,21,0,0
BRDA:232,21,1,0
BRDA:248,22,0,0
BRDA:248,22,1,0
BRDA:291,23,0,0
BRDA:291,23,1,0
BRDA:291,24,0,0
BRDA:291,24,1,0
BRDA:666,25,0,0
BRDA:666,25,1,0
BRDA:668,26,0,0
BRDA:668,26,1,0
BRDA:668,26,2,0
BRDA:668,26,3,0
BRDA:668,26,4,0
BRDA:677,27,0,0
BRDA:693,28,0,0
BRDA:693,28,1,0
BRDA:693,29,0,0
BRDA:693,29,1,0
BRDA:701,30,0,0
BRDA:701,30,1,0
BRDA:801,31,0,0
BRDA:801,31,1,0
BRDA:805,32,0,0
BRDA:805,32,1,0
BRDA:811,33,0,0
BRDA:811,33,1,0
BRDA:814,34,0,0
BRDA:814,34,1,0
BRDA:814,35,0,0
BRDA:814,35,1,0
BRDA:818,36,0,0
BRDA:818,36,1,0
BRDA:840,37,0,0
BRDA:840,37,1,0
BRDA:848,38,0,0
BRDA:848,38,1,0
BRDA:852,39,0,0
BRDA:852,39,1,0
BRDA:852,40,0,0
BRDA:852,40,1,0
BRDA:856,41,0,0
BRDA:856,41,1,0
BRDA:863,42,0,0
BRDA:863,42,1,0
BRDA:871,43,0,0
BRDA:871,43,1,0
BRDA:877,44,0,0
BRDA:877,44,1,0
BRDA:894,45,0,0
BRDA:894,45,1,0
BRDA:897,46,0,0
BRDA:897,46,1,0
BRDA:897,47,0,0
BRDA:897,47,1,0
BRDA:930,48,0,0
BRDA:930,48,1,0
BRDA:932,49,0,0
BRDA:932,49,1,0
BRDA:932,49,2,0
BRDA:932,49,3,0
BRDA:947,50,0,0
BRDA:947,50,1,0
BRDA:947,51,0,0
BRDA:947,51,1,0
BRDA:951,52,0,0
BRDA:951,52,1,0
BRDA:952,53,0,0
BRDA:952,53,1,0
BRDA:979,54,0,0
BRDA:979,54,1,0
BRDA:979,55,0,0
BRDA:979,55,1,0
BRDA:1004,56,0,0
BRDA:1004,56,1,0
BRDA:1029,57,0,0
BRDA:1029,57,1,0
BRDA:1453,58,0,0
BRDA:1453,58,1,0
BRDA:1453,59,0,0
BRDA:1453,59,1,0
BRDA:1456,60,0,0
BRDA:1456,60,1,0
BRDA:1456,61,0,0
BRDA:1456,61,1,0
BRDA:1457,62,0,0
BRDA:1457,62,1,0
BRDA:1473,63,0,0
BRDA:1473,63,1,0
BRDA:1473,64,0,0
BRDA:1473,64,1,0
BRDA:1477,65,0,0
BRDA:1477,65,1,0
BRDA:1477,66,0,0
BRDA:1477,66,1,0
BRDA:1478,67,0,0
BRDA:1478,67,1,0
BRF:143
BRH:0
end_of_record
TN:
SF:src/utils/dataTransformation.js
FN:11,(anonymous_0)
FN:18,(anonymous_1)
FN:31,(anonymous_2)
FN:45,(anonymous_3)
FN:53,(anonymous_4)
FN:74,(anonymous_5)
FN:78,(anonymous_6)
FN:92,(anonymous_7)
FN:97,(anonymous_8)
FN:101,(anonymous_9)
FN:107,(anonymous_10)
FN:115,(anonymous_11)
FN:141,(anonymous_12)
FN:147,(anonymous_13)
FN:155,(anonymous_14)
FN:158,(anonymous_15)
FN:172,(anonymous_16)
FN:173,(anonymous_17)
FN:176,(anonymous_18)
FN:177,(anonymous_19)
FNF:20
FNH:0
FNDA:0,(anonymous_0)
FNDA:0,(anonymous_1)
FNDA:0,(anonymous_2)
FNDA:0,(anonymous_3)
FNDA:0,(anonymous_4)
FNDA:0,(anonymous_5)
FNDA:0,(anonymous_6)
FNDA:0,(anonymous_7)
FNDA:0,(anonymous_8)
FNDA:0,(anonymous_9)
FNDA:0,(anonymous_10)
FNDA:0,(anonymous_11)
FNDA:0,(anonymous_12)
FNDA:0,(anonymous_13)
FNDA:0,(anonymous_14)
FNDA:0,(anonymous_15)
FNDA:0,(anonymous_16)
FNDA:0,(anonymous_17)
FNDA:0,(anonymous_18)
FNDA:0,(anonymous_19)
DA:11,0
DA:12,0
DA:13,0
DA:16,0
DA:18,0
DA:19,0
DA:20,0
DA:23,0
DA:31,0
DA:32,0
DA:33,0
DA:37,0
DA:45,0
DA:46,0
DA:47,0
DA:50,0
DA:51,0
DA:53,0
DA:55,0
DA:57,0
DA:60,0
DA:65,0
DA:67,0
DA:72,0
DA:73,0
DA:74,0
DA:75,0
DA:76,0
DA:78,0
DA:79,0
DA:80,0
DA:84,0
DA:92,0
DA:93,0
DA:94,0
DA:97,0
DA:99,0
DA:103,0
DA:104,0
DA:107,0
DA:115,0
DA:116,0
DA:118,0
DA:141,0
DA:142,0
DA:143,0
DA:144,0
DA:147,0
DA:155,0
DA:156,0
DA:158,0
DA:159,0
DA:160,0
DA:161,0
DA:163,0
DA:172,0
DA:173,0
DA:174,0
DA:176,0
DA:177,0
DA:180,0
LF:61
LH:0
BRDA:12,0,0,0
BRDA:12,0,1,0
BRDA:19,1,0,0
BRDA:19,1,1,0
BRDA:32,2,0,0
BRDA:32,2,1,0
BRDA:32,3,0,0
BRDA:32,3,1,0
BRDA:46,4,0,0
BRDA:46,4,1,0
BRDA:57,5,0,0
BRDA:57,5,1,0
BRDA:60,6,0,0
BRDA:60,6,1,0
BRDA:60,7,0,0
BRDA:60,7,1,0
BRDA:60,7,2,0
BRDA:60,7,3,0
BRDA:60,7,4,0
BRDA:72,8,0,0
BRDA:72,8,1,0
BRDA:72,9,0,0
BRDA:72,9,1,0
BRDA:72,9,2,0
BRDA:76,10,0,0
BRDA:76,10,1,0
BRDA:80,11,0,0
BRDA:80,11,1,0
BRDA:93,12,0,0
BRDA:93,12,1,0
BRDA:103,13,0,0
BRDA:103,13,1,0
BRDA:116,14,0,0
BRDA:116,14,1,0
BRDA:122,15,0,0
BRDA:122,15,1,0
BRDA:123,16,0,0
BRDA:123,16,1,0
BRDA:124,17,0,0
BRDA:124,17,1,0
BRDA:125,18,0,0
BRDA:125,18,1,0
BRDA:142,19,0,0
BRDA:142,19,1,0
BRDA:160,20,0,0
BRDA:160,20,1,0
BRDA:161,21,0,0
BRDA:161,21,1,0
BRF:48
BRH:0
end_of_record
TN:
SF:src/utils/recommendationEngine.js
FN:10,(anonymous_0)
FN:26,(anonymous_1)
FN:29,(anonymous_2)
FN:53,(anonymous_3)
FN:55,(anonymous_4)
FN:57,(anonymous_5)
FN:67,(anonymous_6)
FN:71,(anonymous_7)
FN:82,(anonymous_8)
FN:89,(anonymous_9)
FN:102,(anonymous_10)
FN:112,(anonymous_11)
FN:122,(anonymous_12)
FN:129,(anonymous_13)
FN:133,(anonymous_14)
FN:134,(anonymous_15)
FN:139,(anonymous_16)
FN:151,(anonymous_17)
FN:154,(anonymous_18)
FN:156,(anonymous_19)
FN:165,(anonymous_20)
FN:171,(anonymous_21)
FN:182,(anonymous_22)
FN:189,(anonymous_23)
FN:203,(anonymous_24)
FN:222,(anonymous_25)
FN:230,(anonymous_26)
FN:232,(anonymous_27)
FN:242,(anonymous_28)
FN:249,(anonymous_29)
FN:250,(anonymous_30)
FN:266,(anonymous_31)
FN:285,(anonymous_32)
FN:287,(anonymous_33)
FN:288,(anonymous_34)
FN:289,(anonymous_35)
FN:290,(anonymous_36)
FN:291,(anonymous_37)
FN:298,(anonymous_38)
FNF:39
FNH:0
FNDA:0,(anonymous_0)
FNDA:0,(anonymous_1)
FNDA:0,(anonymous_2)
FNDA:0,(anonymous_3)
FNDA:0,(anonymous_4)
FNDA:0,(anonymous_5)
FNDA:0,(anonymous_6)
FNDA:0,(anonymous_7)
FNDA:0,(anonymous_8)
FNDA:0,(anonymous_9)
FNDA:0,(anonymous_10)
FNDA:0,(anonymous_11)
FNDA:0,(anonymous_12)
FNDA:0,(anonymous_13)
FNDA:0,(anonymous_14)
FNDA:0,(anonymous_15)
FNDA:0,(anonymous_16)
FNDA:0,(anonymous_17)
FNDA:0,(anonymous_18)
FNDA:0,(anonymous_19)
FNDA:0,(anonymous_20)
FNDA:0,(anonymous_21)
FNDA:0,(anonymous_22)
FNDA:0,(anonymous_23)
FNDA:0,(anonymous_24)
FNDA:0,(anonymous_25)
FNDA:0,(anonymous_26)
FNDA:0,(anonymous_27)
FNDA:0,(anonymous_28)
FNDA:0,(anonymous_29)
FNDA:0,(anonymous_30)
FNDA:0,(anonymous_31)
FNDA:0,(anonymous_32)
FNDA:0,(anonymous_33)
FNDA:0,(anonymous_34)
FNDA:0,(anonymous_35)
FNDA:0,(anonymous_36)
FNDA:0,(anonymous_37)
FNDA:0,(anonymous_38)
DA:10,0
DA:11,0
DA:12,0
DA:21,0
DA:22,0
DA:23,0
DA:24,0
DA:26,0
DA:28,0
DA:29,0
DA:31,0
DA:32,0
DA:37,0
DA:38,0
DA:45,0
DA:49,0
DA:51,0
DA:53,0
DA:55,0
DA:57,0
DA:67,0
DA:68,0
DA:71,0
DA:72,0
DA:74,0
DA:75,0
DA:76,0
DA:82,0
DA:83,0
DA:85,0
DA:88,0
DA:89,0
DA:97,0
DA:98,0
DA:102,0
DA:111,0
DA:112,0
DA:120,0
DA:121,0
DA:122,0
DA:129,0
DA:130,0
DA:132,0
DA:133,0
DA:136,0
DA:139,0
DA:140,0
DA:143,0
DA:151,0
DA:152,0
DA:154,0
DA:156,0
DA:157,0
DA:165,0
DA:166,0
DA:168,0
DA:170,0
DA:172,0
DA:173,0
DA:182,0
DA:183,0
DA:186,0
DA:189,0
DA:190,0
DA:192,0
DA:195,0
DA:197,0
DA:203,0
DA:204,0
DA:207,0
DA:208,0
DA:212,0
DA:213,0
DA:216,0
DA:222,0
DA:223,0
DA:224,0
DA:230,0
DA:231,0
DA:232,0
DA:233,0
DA:234,0
DA:235,0
DA:242,0
DA:243,0
DA:245,0
DA:247,0
DA:249,0
DA:250,0
DA:252,0
DA:258,0
DA:265,0
DA:266,0
DA:267,0
DA:268,0
DA:269,0
DA:279,0
DA:285,0
DA:286,0
DA:287,0
DA:288,0
DA:289,0
DA:290,0
DA:292,0
DA:297,0
DA:298,0
LF:106
LH:0
BRDA:11,0,0,0
BRDA:11,0,1,0
BRDA:11,1,0,0
BRDA:11,1,1,0
BRDA:28,2,0,0
BRDA:28,2,1,0
BRDA:31,3,0,0
BRDA:31,3,1,0
BRDA:32,4,0,0
BRDA:32,4,1,0
BRDA:37,5,0,0
BRDA:37,5,1,0
BRDA:40,6,0,0
BRDA:40,6,1,0
BRDA:45,7,0,0
BRDA:45,7,1,0
BRDA:56,8,0,0
BRDA:56,8,1,0
BRDA:68,9,0,0
BRDA:68,9,1,0
BRDA:74,10,0,0
BRDA:74,10,1,0
BRDA:75,11,0,0
BRDA:75,11,1,0
BRDA:83,12,0,0
BRDA:83,12,1,0
BRDA:83,13,0,0
BRDA:83,13,1,0
BRDA:97,14,0,0
BRDA:97,14,1,0
BRDA:130,15,0,0
BRDA:130,15,1,0
BRDA:136,16,0,0
BRDA:136,16,1,0
BRDA:139,17,0,0
BRDA:139,17,1,0
BRDA:152,18,0,0
BRDA:152,18,1,0
BRDA:166,19,0,0
BRDA:166,19,1,0
BRDA:168,20,0,0
BRDA:168,20,1,0
BRDA:172,21,0,0
BRDA:172,21,1,0
BRDA:173,22,0,0
BRDA:173,22,1,0
BRDA:186,23,0,0
BRDA:186,23,1,0
BRDA:189,24,0,0
BRDA:189,24,1,0
BRDA:195,25,0,0
BRDA:195,25,1,0
BRDA:207,26,0,0
BRDA:207,26,1,0
BRDA:212,27,0,0
BRDA:212,27,1,0
BRDA:223,28,0,0
BRDA:223,28,1,0
BRDA:233,29,0,0
BRDA:233,29,1,0
BRDA:243,30,0,0
BRDA:243,30,1,0
BRDA:247,31,0,0
BRDA:247,31,1,0
BRDA:249,32,0,0
BRDA:249,32,1,0
BRDA:250,33,0,0
BRDA:250,33,1,0
BRDA:265,34,0,0
BRDA:265,34,1,0
BRDA:268,35,0,0
BRDA:268,35,1,0
BRF:72
BRH:0
end_of_record
TN:
SF:src/utils/transformRboData.js
FN:73,(anonymous_0)
FN:96,(anonymous_1)
FNF:2
FNH:0
FNDA:0,(anonymous_0)
FNDA:0,(anonymous_1)
DA:9,0
DA:73,0
DA:74,0
DA:77,0
DA:80,0
DA:83,0
DA:84,0
DA:86,0
DA:88,0
DA:89,0
DA:96,0
DA:97,0
DA:109,0
DA:111,0
DA:115,0
LF:15
LH:0
BRF:0
BRH:0
end_of_record
