TN:
SF:src/App.js
FN:21,(anonymous_0)
FN:22,(anonymous_1)
FN:23,(anonymous_2)
FN:24,(anonymous_3)
FN:30,(anonymous_4)
FN:145,(anonymous_5)
FN:156,(anonymous_6)
FN:167,(anonymous_7)
FN:181,App
FNF:9
FNH:2
FNDA:0,(anonymous_0)
FNDA:0,(anonymous_1)
FNDA:0,(anonymous_2)
FNDA:0,(anonymous_3)
FNDA:28,(anonymous_4)
FNDA:0,(anonymous_5)
FNDA:0,(anonymous_6)
FNDA:0,(anonymous_7)
FNDA:19,App
DA:21,1
DA:22,1
DA:23,1
DA:24,1
DA:30,1
DA:31,28
DA:48,28
DA:50,28
DA:52,28
DA:53,28
DA:54,28
DA:56,28
DA:145,0
DA:156,0
DA:167,0
DA:182,19
LF:16
LH:13
BRDA:73,0,0,28
BRDA:73,0,1,20
BRDA:79,1,0,28
BRDA:79,1,1,6
BRDA:90,2,0,28
BRDA:90,2,1,2
BRDA:99,3,0,28
BRDA:99,3,1,0
BRDA:108,4,0,28
BRDA:108,4,1,0
BRDA:118,5,0,28
BRDA:118,5,1,0
BRDA:126,6,0,28
BRDA:126,6,1,0
BRDA:137,7,0,28
BRDA:137,7,1,0
BRDA:151,8,0,28
BRDA:151,8,1,0
BRDA:162,9,0,28
BRDA:162,9,1,0
BRF:20
BRH:13
end_of_record
TN:
SF:src/index.js
FNF:0
FNH:0
DA:6,0
DA:7,0
LF:2
LH:0
BRF:0
BRH:0
end_of_record
TN:
SF:src/components/AntibioticExplorer.js
FN:10,(anonymous_0)
FN:45,(anonymous_1)
FN:98,(anonymous_2)
FN:101,(anonymous_3)
FN:126,(anonymous_4)
FN:139,(anonymous_5)
FN:143,(anonymous_6)
FN:155,(anonymous_7)
FN:178,(anonymous_8)
FN:181,(anonymous_9)
FN:205,(anonymous_10)
FN:208,(anonymous_11)
FN:255,(anonymous_12)
FN:264,(anonymous_13)
FN:280,(anonymous_14)
FN:283,(anonymous_15)
FN:298,(anonymous_16)
FN:317,(anonymous_17)
FN:321,(anonymous_18)
FN:324,(anonymous_19)
FN:348,(anonymous_20)
FN:357,(anonymous_21)
FNF:22
FNH:0
FNDA:0,(anonymous_0)
FNDA:0,(anonymous_1)
FNDA:0,(anonymous_2)
FNDA:0,(anonymous_3)
FNDA:0,(anonymous_4)
FNDA:0,(anonymous_5)
FNDA:0,(anonymous_6)
FNDA:0,(anonymous_7)
FNDA:0,(anonymous_8)
FNDA:0,(anonymous_9)
FNDA:0,(anonymous_10)
FNDA:0,(anonymous_11)
FNDA:0,(anonymous_12)
FNDA:0,(anonymous_13)
FNDA:0,(anonymous_14)
FNDA:0,(anonymous_15)
FNDA:0,(anonymous_16)
FNDA:0,(anonymous_17)
FNDA:0,(anonymous_18)
FNDA:0,(anonymous_19)
FNDA:0,(anonymous_20)
FNDA:0,(anonymous_21)
DA:10,0
DA:35,0
DA:37,0
DA:38,0
DA:45,0
DA:46,0
DA:56,0
DA:59,0
DA:99,0
DA:101,0
DA:126,0
DA:139,0
DA:144,0
DA:155,0
DA:179,0
DA:181,0
DA:206,0
DA:208,0
DA:256,0
DA:257,0
DA:265,0
DA:281,0
DA:283,0
DA:299,0
DA:318,0
DA:319,0
DA:322,0
DA:324,0
DA:349,0
DA:350,0
DA:358,0
LF:31
LH:0
BRDA:37,0,0,0
BRDA:37,0,1,0
BRDA:56,1,0,0
BRDA:56,1,1,0
BRDA:72,2,0,0
BRDA:72,2,1,0
BRDA:94,3,0,0
BRDA:94,3,1,0
BRDA:174,4,0,0
BRDA:174,4,1,0
BRDA:210,5,0,0
BRDA:210,5,1,0
BRDA:234,6,0,0
BRDA:234,6,1,0
BRDA:257,7,0,0
BRDA:257,7,1,0
BRDA:295,8,0,0
BRDA:295,8,1,0
BRDA:295,8,2,0
BRDA:300,9,0,0
BRDA:300,9,1,0
BRDA:350,10,0,0
BRDA:350,10,1,0
BRDA:365,11,0,0
BRDA:365,11,1,0
BRF:25
BRH:0
end_of_record
TN:
SF:src/components/AntibioticList.js
FN:10,(anonymous_0)
FN:26,(anonymous_1)
FN:62,(anonymous_2)
FN:73,(anonymous_3)
FN:116,(anonymous_4)
FN:137,(anonymous_5)
FN:140,(anonymous_6)
FN:191,(anonymous_7)
FNF:8
FNH:0
FNDA:0,(anonymous_0)
FNDA:0,(anonymous_1)
FNDA:0,(anonymous_2)
FNDA:0,(anonymous_3)
FNDA:0,(anonymous_4)
FNDA:0,(anonymous_5)
FNDA:0,(anonymous_6)
FNDA:0,(anonymous_7)
DA:10,0
DA:16,0
DA:17,0
DA:26,0
DA:27,0
DA:29,0
DA:35,0
DA:41,0
DA:47,0
DA:53,0
DA:62,0
DA:63,0
DA:64,0
DA:65,0
DA:67,0
DA:68,0
DA:72,0
DA:73,0
DA:75,0
DA:117,0
DA:118,0
DA:120,0
DA:138,0
DA:140,0
DA:191,0
LF:25
LH:0
BRDA:16,0,0,0
BRDA:16,0,1,0
BRDA:16,1,0,0
BRDA:16,1,1,0
BRDA:16,1,2,0
BRDA:27,2,0,0
BRDA:27,2,1,0
BRDA:27,2,2,0
BRDA:27,2,3,0
BRDA:27,2,4,0
BRDA:64,3,0,0
BRDA:64,3,1,0
BRDA:88,4,0,0
BRDA:88,4,1,0
BRDA:130,5,0,0
BRDA:130,5,1,0
BRDA:140,6,0,0
BRDA:140,6,1,0
BRDA:142,7,0,0
BRDA:142,7,1,0
BRDA:158,8,0,0
BRDA:158,8,1,0
BRDA:170,9,0,0
BRDA:170,9,1,0
BRDA:188,10,0,0
BRDA:188,10,1,0
BRDA:191,11,0,0
BRDA:191,11,1,0
BRF:28
BRH:0
end_of_record
TN:
SF:src/components/ConditionDetailModal.js
FN:16,(anonymous_0)
FN:18,(anonymous_1)
FN:19,(anonymous_2)
FN:31,(anonymous_3)
FN:38,(anonymous_4)
FN:69,(anonymous_5)
FN:72,(anonymous_6)
FN:98,(anonymous_7)
FN:104,(anonymous_8)
FN:121,(anonymous_9)
FN:125,(anonymous_10)
FN:154,(anonymous_11)
FN:194,(anonymous_12)
FN:230,(anonymous_13)
FN:243,(anonymous_14)
FN:270,(anonymous_15)
FN:283,(anonymous_16)
FN:308,(anonymous_17)
FN:314,(anonymous_18)
FN:340,(anonymous_19)
FN:346,(anonymous_20)
FNF:21
FNH:11
FNDA:14,(anonymous_0)
FNDA:14,(anonymous_1)
FNDA:2,(anonymous_2)
FNDA:14,(anonymous_3)
FNDA:14,(anonymous_4)
FNDA:0,(anonymous_5)
FNDA:0,(anonymous_6)
FNDA:0,(anonymous_7)
FNDA:0,(anonymous_8)
FNDA:0,(anonymous_9)
FNDA:0,(anonymous_10)
FNDA:3,(anonymous_11)
FNDA:1,(anonymous_12)
FNDA:34,(anonymous_13)
FNDA:22,(anonymous_14)
FNDA:11,(anonymous_15)
FNDA:11,(anonymous_16)
FNDA:0,(anonymous_17)
FNDA:0,(anonymous_18)
FNDA:0,(anonymous_19)
FNDA:0,(anonymous_20)
DA:16,2
DA:18,14
DA:19,14
DA:20,2
DA:21,1
DA:25,14
DA:26,12
DA:28,12
DA:31,14
DA:32,14
DA:33,14
DA:38,14
DA:40,14
DA:41,14
DA:44,0
DA:47,0
DA:48,0
DA:50,0
DA:51,0
DA:55,0
DA:56,0
DA:57,0
DA:61,0
DA:64,0
DA:67,0
DA:68,0
DA:69,0
DA:70,0
DA:71,0
DA:72,0
DA:73,0
DA:74,0
DA:80,0
DA:82,0
DA:85,0
DA:92,0
DA:96,0
DA:97,0
DA:98,0
DA:99,0
DA:100,0
DA:101,0
DA:102,0
DA:103,0
DA:104,0
DA:105,0
DA:107,0
DA:108,0
DA:115,0
DA:119,0
DA:120,0
DA:121,0
DA:122,0
DA:123,0
DA:124,0
DA:125,0
DA:126,0
DA:128,0
DA:129,0
DA:135,0
DA:138,0
DA:145,0
DA:146,0
DA:151,14
DA:154,12
DA:155,3
DA:156,1
DA:160,12
DA:195,1
DA:196,1
DA:197,1
DA:231,34
DA:244,22
DA:271,11
DA:284,11
DA:309,0
DA:315,0
DA:341,0
DA:347,0
LF:79
LH:26
BRDA:16,0,0,14
BRDA:16,1,0,14
BRDA:20,2,0,1
BRDA:20,2,1,1
BRDA:25,3,0,12
BRDA:25,3,1,2
BRDA:40,4,0,14
BRDA:40,4,1,0
BRDA:40,5,0,14
BRDA:40,5,1,12
BRDA:40,5,2,12
BRDA:40,5,3,12
BRDA:55,6,0,0
BRDA:55,6,1,0
BRDA:55,7,0,0
BRDA:55,7,1,0
BRDA:55,7,2,0
BRDA:61,8,0,0
BRDA:61,8,1,0
BRDA:68,9,0,0
BRDA:68,9,1,0
BRDA:68,10,0,0
BRDA:68,10,1,0
BRDA:70,11,0,0
BRDA:70,11,1,0
BRDA:80,12,0,0
BRDA:80,12,1,0
BRDA:80,13,0,0
BRDA:80,13,1,0
BRDA:80,13,2,0
BRDA:99,14,0,0
BRDA:99,14,1,0
BRDA:101,15,0,0
BRDA:101,15,1,0
BRDA:101,16,0,0
BRDA:101,16,1,0
BRDA:101,16,2,0
BRDA:103,17,0,0
BRDA:103,17,1,0
BRDA:105,18,0,0
BRDA:105,18,1,0
BRDA:107,19,0,0
BRDA:107,19,1,0
BRDA:122,20,0,0
BRDA:122,20,1,0
BRDA:122,21,0,0
BRDA:122,21,1,0
BRDA:122,21,2,0
BRDA:124,22,0,0
BRDA:124,22,1,0
BRDA:126,23,0,0
BRDA:126,23,1,0
BRDA:128,24,0,0
BRDA:128,24,1,0
BRDA:151,25,0,2
BRDA:151,25,1,12
BRDA:155,26,0,1
BRDA:155,26,1,2
BRDA:176,27,0,12
BRDA:176,27,1,0
BRDA:179,28,0,0
BRDA:179,28,1,0
BRDA:184,29,0,0
BRDA:184,29,1,0
BRDA:186,30,0,0
BRDA:186,30,1,0
BRDA:195,31,0,1
BRDA:195,31,1,0
BRDA:195,32,0,1
BRDA:195,32,1,0
BRDA:210,33,0,12
BRDA:210,33,1,12
BRDA:217,34,0,12
BRDA:217,34,1,12
BRDA:230,35,0,12
BRDA:230,35,1,0
BRDA:243,36,0,12
BRDA:243,36,1,11
BRDA:259,37,0,12
BRDA:259,37,1,1
BRDA:270,38,0,12
BRDA:270,38,1,1
BRDA:283,39,0,12
BRDA:283,39,1,1
BRDA:295,40,0,12
BRDA:295,40,1,0
BRDA:295,40,2,0
BRDA:295,40,3,0
BRDA:301,41,0,0
BRDA:301,41,1,0
BRDA:320,42,0,0
BRDA:320,42,1,0
BRDA:333,43,0,0
BRDA:333,43,1,0
BRDA:352,44,0,0
BRDA:352,44,1,0
BRF:96
BRH:32
end_of_record
TN:
SF:src/components/ConditionsTab.js
FN:17,(anonymous_0)
FN:27,(anonymous_1)
FN:43,(anonymous_2)
FN:49,(anonymous_3)
FN:63,(anonymous_4)
FN:80,(anonymous_5)
FN:88,(anonymous_6)
FN:92,(anonymous_7)
FN:95,(anonymous_8)
FNF:9
FNH:8
FNDA:54,(anonymous_0)
FNDA:29,(anonymous_1)
FNDA:1,(anonymous_2)
FNDA:180,(anonymous_3)
FNDA:0,(anonymous_4)
FNDA:7,(anonymous_5)
FNDA:139,(anonymous_6)
FNDA:1,(anonymous_7)
FNDA:1,(anonymous_8)
DA:17,2
DA:23,54
DA:24,54
DA:27,54
DA:28,29
DA:29,24
DA:34,54
DA:35,30
DA:43,1
DA:50,180
DA:58,24
DA:59,0
DA:64,0
DA:65,0
DA:71,24
DA:80,7
DA:89,139
DA:92,1
DA:96,1
DA:97,1
DA:98,1
LF:21
LH:18
BRDA:28,0,0,24
BRDA:28,0,1,5
BRDA:34,1,0,30
BRDA:34,1,1,24
BRDA:58,2,0,0
BRDA:58,2,1,24
BRDA:88,3,0,24
BRDA:88,3,1,0
BRDA:96,4,0,1
BRDA:96,4,1,0
BRDA:96,5,0,1
BRDA:96,5,1,0
BRDA:116,6,0,139
BRDA:116,6,1,0
BRDA:117,7,0,139
BRDA:117,7,1,0
BRDA:117,8,0,139
BRDA:117,8,1,0
BRDA:124,9,0,24
BRDA:124,9,1,3
BRDA:124,10,0,24
BRDA:124,10,1,0
BRF:22
BRH:14
end_of_record
TN:
SF:src/components/ErrorBoundary.js
FN:4,(anonymous_0)
FN:9,(anonymous_1)
FN:14,(anonymous_2)
FN:25,(anonymous_3)
FN:54,(anonymous_4)
FNF:5
FNH:2
FNDA:65,(anonymous_0)
FNDA:0,(anonymous_1)
FNDA:0,(anonymous_2)
FNDA:84,(anonymous_3)
FNDA:0,(anonymous_4)
DA:5,65
DA:6,65
DA:11,0
DA:16,0
DA:17,0
DA:19,0
DA:26,84
DA:28,0
DA:54,0
DA:65,84
LF:10
LH:4
BRDA:26,0,0,0
BRDA:26,0,1,84
BRDA:39,1,0,0
BRDA:39,1,1,0
BRDA:42,2,0,0
BRDA:42,2,1,0
BRF:6
BRH:1
end_of_record
TN:
SF:src/components/ErrorMessage.js
FN:8,(anonymous_0)
FN:61,(anonymous_1)
FN:72,(anonymous_2)
FN:81,(anonymous_3)
FN:91,(anonymous_4)
FN:101,(anonymous_5)
FN:108,(anonymous_6)
FN:125,(anonymous_7)
FNF:8
FNH:0
FNDA:0,(anonymous_0)
FNDA:0,(anonymous_1)
FNDA:0,(anonymous_2)
FNDA:0,(anonymous_3)
FNDA:0,(anonymous_4)
FNDA:0,(anonymous_5)
FNDA:0,(anonymous_6)
FNDA:0,(anonymous_7)
DA:8,3
DA:18,0
DA:24,0
DA:61,3
DA:62,0
DA:72,3
DA:73,0
DA:81,3
DA:82,0
DA:91,3
DA:92,0
DA:101,3
DA:102,0
DA:108,3
DA:109,0
DA:125,0
LF:16
LH:7
BRDA:9,0,0,0
BRDA:10,1,0,0
BRDA:11,2,0,0
BRDA:12,3,0,0
BRDA:13,4,0,0
BRDA:14,5,0,0
BRDA:15,6,0,0
BRDA:16,7,0,0
BRDA:32,8,0,0
BRDA:32,8,1,0
BRDA:32,8,2,0
BRDA:34,9,0,0
BRDA:34,9,1,0
BRDA:34,9,2,0
BRDA:43,10,0,0
BRDA:43,10,1,0
BRDA:43,10,2,0
BRDA:81,11,0,0
BRDA:101,12,0,0
BRF:19
BRH:0
end_of_record
TN:
SF:src/components/Header.js
FN:28,(anonymous_0)
FN:49,(anonymous_1)
FN:50,(anonymous_2)
FN:56,(anonymous_3)
FN:67,(anonymous_4)
FN:85,(anonymous_5)
FN:93,(anonymous_6)
FN:94,(anonymous_7)
FN:111,(anonymous_8)
FN:125,(anonymous_9)
FN:133,(anonymous_10)
FN:137,(anonymous_11)
FNF:12
FNH:11
FNDA:50,(anonymous_0)
FNDA:40,(anonymous_1)
FNDA:1,(anonymous_2)
FNDA:1,(anonymous_3)
FNDA:40,(anonymous_4)
FNDA:360,(anonymous_5)
FNDA:12,(anonymous_6)
FNDA:2,(anonymous_7)
FNDA:1,(anonymous_8)
FNDA:54,(anonymous_9)
FNDA:1,(anonymous_10)
FNDA:0,(anonymous_11)
DA:28,2
DA:36,50
DA:49,50
DA:50,40
DA:51,1
DA:52,1
DA:56,40
DA:57,1
DA:58,1
DA:62,40
DA:63,6
DA:64,6
DA:67,40
DA:68,40
DA:69,40
DA:73,50
DA:86,360
DA:93,12
DA:95,2
DA:96,2
DA:97,2
DA:111,1
DA:126,54
DA:134,1
DA:135,1
DA:138,0
DA:139,0
DA:140,0
DA:141,0
LF:29
LH:25
BRDA:51,0,0,1
BRDA:51,0,1,0
BRDA:51,1,0,1
BRDA:51,1,1,1
BRDA:57,2,0,1
BRDA:57,2,1,0
BRDA:57,3,0,1
BRDA:57,3,1,1
BRDA:62,4,0,6
BRDA:62,4,1,34
BRDA:83,5,0,50
BRDA:83,5,1,40
BRDA:91,6,0,40
BRDA:91,6,1,320
BRDA:95,7,0,2
BRDA:95,7,1,0
BRDA:95,8,0,2
BRDA:95,8,1,1
BRDA:109,9,0,50
BRDA:109,9,1,10
BRDA:116,10,0,6
BRDA:116,10,1,4
BRDA:122,11,0,50
BRDA:122,11,1,10
BRDA:122,11,2,6
BRDA:131,12,0,6
BRDA:131,12,1,48
BRDA:138,13,0,0
BRDA:138,13,1,0
BRDA:138,14,0,0
BRDA:138,14,1,0
BRF:31
BRH:24
end_of_record
TN:
SF:src/components/HomeTab.js
FN:13,(anonymous_0)
FN:23,(anonymous_1)
FN:31,(anonymous_2)
FN:50,(anonymous_3)
FN:51,(anonymous_4)
FNF:5
FNH:5
FNDA:36,(anonymous_0)
FNDA:6,(anonymous_1)
FNDA:2,(anonymous_2)
FNDA:4,(anonymous_3)
FNDA:2,(anonymous_4)
DA:13,2
DA:15,36
DA:23,36
DA:24,6
DA:25,6
DA:27,1
DA:31,36
DA:32,2
DA:33,2
DA:34,2
DA:38,36
DA:50,4
DA:51,2
LF:13
LH:13
BRDA:32,0,0,2
BRDA:32,0,1,0
BRDA:32,1,0,2
BRDA:32,1,1,1
BRDA:58,2,0,36
BRDA:58,2,1,36
BRF:6
BRH:5
end_of_record
TN:
SF:src/components/LoadingSpinner.js
FN:8,(anonymous_0)
FN:39,(anonymous_1)
FN:48,(anonymous_2)
FNF:3
FNH:1
FNDA:8,(anonymous_0)
FNDA:0,(anonymous_1)
FNDA:0,(anonymous_2)
DA:8,2
DA:15,8
DA:21,8
DA:22,8
DA:24,8
DA:39,2
DA:40,0
DA:48,2
DA:49,0
DA:54,2
LF:10
LH:8
BRDA:9,0,0,3
BRDA:10,1,0,8
BRDA:11,2,0,8
BRDA:12,3,0,8
BRDA:13,4,0,8
BRDA:22,5,0,0
BRDA:22,5,1,8
BRDA:22,6,0,0
BRDA:22,6,1,8
BRDA:31,7,0,8
BRDA:31,7,1,8
BRDA:39,8,0,0
BRDA:39,9,0,0
BRDA:48,10,0,0
BRF:14
BRH:9
end_of_record
TN:
SF:src/components/PathogenCard.js
FN:10,(anonymous_0)
FN:21,(anonymous_1)
FN:33,(anonymous_2)
FN:47,(anonymous_3)
FN:121,(anonymous_4)
FNF:5
FNH:0
FNDA:0,(anonymous_0)
FNDA:0,(anonymous_1)
FNDA:0,(anonymous_2)
FNDA:0,(anonymous_3)
FNDA:0,(anonymous_4)
DA:10,0
DA:11,0
DA:12,0
DA:21,0
DA:22,0
DA:24,0
DA:26,0
DA:28,0
DA:33,0
DA:34,0
DA:36,0
DA:38,0
DA:40,0
DA:42,0
DA:47,0
DA:48,0
DA:50,0
DA:52,0
DA:54,0
DA:56,0
DA:60,0
DA:122,0
LF:22
LH:0
BRDA:11,0,0,0
BRDA:11,0,1,0
BRDA:22,1,0,0
BRDA:22,1,1,0
BRDA:22,1,2,0
BRDA:34,2,0,0
BRDA:34,2,1,0
BRDA:34,2,2,0
BRDA:34,2,3,0
BRDA:48,3,0,0
BRDA:48,3,1,0
BRDA:48,3,2,0
BRDA:48,3,3,0
BRDA:79,4,0,0
BRDA:79,4,1,0
BRDA:92,5,0,0
BRDA:92,5,1,0
BRF:17
BRH:0
end_of_record
TN:
SF:src/components/PathogenConnectionExplorer.js
FN:15,(anonymous_0)
FN:36,(anonymous_1)
FN:46,(anonymous_2)
FN:51,(anonymous_3)
FN:57,(anonymous_4)
FN:67,(anonymous_5)
FN:80,(anonymous_6)
FN:83,(anonymous_7)
FN:84,(anonymous_8)
FN:95,(anonymous_9)
FN:112,(anonymous_10)
FN:121,(anonymous_11)
FN:122,(anonymous_12)
FN:123,(anonymous_13)
FN:128,(anonymous_14)
FN:136,(anonymous_15)
FN:141,(anonymous_16)
FN:145,(anonymous_17)
FN:156,(anonymous_18)
FN:159,(anonymous_19)
FN:160,(anonymous_20)
FN:164,(anonymous_21)
FN:170,(anonymous_22)
FN:193,(anonymous_23)
FN:213,(anonymous_24)
FN:216,(anonymous_25)
FN:261,(anonymous_26)
FN:272,(anonymous_27)
FN:273,(anonymous_28)
FN:279,(anonymous_29)
FN:330,(anonymous_30)
FN:338,(anonymous_31)
FN:352,(anonymous_32)
FN:355,(anonymous_33)
FN:371,(anonymous_34)
FN:374,(anonymous_35)
FN:417,(anonymous_36)
FN:420,(anonymous_37)
FN:431,(anonymous_38)
FN:433,(anonymous_39)
FN:434,(anonymous_40)
FN:436,(anonymous_41)
FNF:42
FNH:0
FNDA:0,(anonymous_0)
FNDA:0,(anonymous_1)
FNDA:0,(anonymous_2)
FNDA:0,(anonymous_3)
FNDA:0,(anonymous_4)
FNDA:0,(anonymous_5)
FNDA:0,(anonymous_6)
FNDA:0,(anonymous_7)
FNDA:0,(anonymous_8)
FNDA:0,(anonymous_9)
FNDA:0,(anonymous_10)
FNDA:0,(anonymous_11)
FNDA:0,(anonymous_12)
FNDA:0,(anonymous_13)
FNDA:0,(anonymous_14)
FNDA:0,(anonymous_15)
FNDA:0,(anonymous_16)
FNDA:0,(anonymous_17)
FNDA:0,(anonymous_18)
FNDA:0,(anonymous_19)
FNDA:0,(anonymous_20)
FNDA:0,(anonymous_21)
FNDA:0,(anonymous_22)
FNDA:0,(anonymous_23)
FNDA:0,(anonymous_24)
FNDA:0,(anonymous_25)
FNDA:0,(anonymous_26)
FNDA:0,(anonymous_27)
FNDA:0,(anonymous_28)
FNDA:0,(anonymous_29)
FNDA:0,(anonymous_30)
FNDA:0,(anonymous_31)
FNDA:0,(anonymous_32)
FNDA:0,(anonymous_33)
FNDA:0,(anonymous_34)
FNDA:0,(anonymous_35)
FNDA:0,(anonymous_36)
FNDA:0,(anonymous_37)
FNDA:0,(anonymous_38)
FNDA:0,(anonymous_39)
FNDA:0,(anonymous_40)
FNDA:0,(anonymous_41)
DA:15,0
DA:25,0
DA:26,0
DA:27,0
DA:28,0
DA:29,0
DA:30,0
DA:31,0
DA:32,0
DA:33,0
DA:36,0
DA:37,0
DA:38,0
DA:39,0
DA:41,0
DA:44,0
DA:46,0
DA:47,0
DA:49,0
DA:51,0
DA:52,0
DA:54,0
DA:57,0
DA:58,0
DA:61,0
DA:67,0
DA:68,0
DA:69,0
DA:75,0
DA:80,0
DA:81,0
DA:83,0
DA:84,0
DA:85,0
DA:87,0
DA:95,0
DA:96,0
DA:97,0
DA:98,0
DA:100,0
DA:101,0
DA:107,0
DA:108,0
DA:112,0
DA:113,0
DA:121,0
DA:122,0
DA:123,0
DA:125,0
DA:128,0
DA:129,0
DA:130,0
DA:131,0
DA:132,0
DA:133,0
DA:136,0
DA:137,0
DA:138,0
DA:139,0
DA:140,0
DA:141,0
DA:145,0
DA:146,0
DA:148,0
DA:157,0
DA:160,0
DA:161,0
DA:164,0
DA:170,0
DA:193,0
DA:194,0
DA:196,0
DA:214,0
DA:216,0
DA:261,0
DA:262,0
DA:264,0
DA:273,0
DA:274,0
DA:276,0
DA:279,0
DA:302,0
DA:303,0
DA:313,0
DA:330,0
DA:338,0
DA:353,0
DA:355,0
DA:372,0
DA:374,0
DA:418,0
DA:419,0
DA:420,0
DA:421,0
DA:433,0
DA:434,0
DA:436,0
DA:437,0
DA:440,0
DA:441,0
LF:100
LH:0
BRDA:21,0,0,0
BRDA:22,1,0,0
BRDA:23,2,0,0
BRDA:37,3,0,0
BRDA:37,3,1,0
BRDA:37,4,0,0
BRDA:37,4,1,0
BRDA:37,4,2,0
BRDA:41,5,0,0
BRDA:41,5,1,0
BRDA:44,6,0,0
BRDA:44,6,1,0
BRDA:44,6,2,0
BRDA:44,6,3,0
BRDA:47,7,0,0
BRDA:47,7,1,0
BRDA:52,8,0,0
BRDA:52,8,1,0
BRDA:58,9,0,0
BRDA:58,9,1,0
BRDA:68,10,0,0
BRDA:68,10,1,0
BRDA:68,11,0,0
BRDA:68,11,1,0
BRDA:81,12,0,0
BRDA:81,12,1,0
BRDA:84,13,0,0
BRDA:84,13,1,0
BRDA:91,14,0,0
BRDA:91,14,1,0
BRDA:95,15,0,0
BRDA:100,16,0,0
BRDA:100,16,1,0
BRDA:112,17,0,0
BRDA:112,18,0,0
BRDA:137,19,0,0
BRDA:137,19,1,0
BRDA:146,20,0,0
BRDA:146,20,1,0
BRDA:146,21,0,0
BRDA:146,21,1,0
BRDA:161,22,0,0
BRDA:161,22,1,0
BRDA:164,23,0,0
BRDA:164,23,1,0
BRDA:170,24,0,0
BRDA:170,24,1,0
BRDA:177,25,0,0
BRDA:177,25,1,0
BRDA:184,26,0,0
BRDA:184,26,1,0
BRDA:194,27,0,0
BRDA:194,27,1,0
BRDA:194,28,0,0
BRDA:194,28,1,0
BRDA:218,29,0,0
BRDA:218,29,1,0
BRDA:229,30,0,0
BRDA:229,30,1,0
BRDA:243,31,0,0
BRDA:243,31,1,0
BRDA:262,32,0,0
BRDA:262,32,1,0
BRDA:274,33,0,0
BRDA:274,33,1,0
BRDA:302,34,0,0
BRDA:302,34,1,0
BRDA:328,35,0,0
BRDA:328,35,1,0
BRDA:349,36,0,0
BRDA:349,36,1,0
BRDA:360,37,0,0
BRDA:360,37,1,0
BRDA:376,38,0,0
BRDA:376,38,1,0
BRDA:395,39,0,0
BRDA:395,39,1,0
BRDA:406,40,0,0
BRDA:406,40,1,0
BRDA:406,40,2,0
BRDA:409,41,0,0
BRDA:409,41,1,0
BRDA:418,42,0,0
BRDA:418,42,1,0
BRDA:421,43,0,0
BRDA:421,43,1,0
BRDA:437,44,0,0
BRDA:437,44,1,0
BRDA:437,45,0,0
BRDA:437,45,1,0
BRDA:440,46,0,0
BRDA:440,46,1,0
BRF:92
BRH:0
end_of_record
TN:
SF:src/components/PathogenDetailPanel.js
FN:15,(anonymous_0)
FN:32,(anonymous_1)
FN:35,(anonymous_2)
FN:55,(anonymous_3)
FN:66,(anonymous_4)
FN:82,(anonymous_5)
FN:94,(anonymous_6)
FN:102,(anonymous_7)
FN:175,(anonymous_8)
FN:180,(anonymous_9)
FN:202,(anonymous_10)
FN:245,(anonymous_11)
FN:306,(anonymous_12)
FN:309,(anonymous_13)
FN:345,(anonymous_14)
FN:356,(anonymous_15)
FN:394,(anonymous_16)
FN:397,(anonymous_17)
FN:449,(anonymous_18)
FNF:19
FNH:0
FNDA:0,(anonymous_0)
FNDA:0,(anonymous_1)
FNDA:0,(anonymous_2)
FNDA:0,(anonymous_3)
FNDA:0,(anonymous_4)
FNDA:0,(anonymous_5)
FNDA:0,(anonymous_6)
FNDA:0,(anonymous_7)
FNDA:0,(anonymous_8)
FNDA:0,(anonymous_9)
FNDA:0,(anonymous_10)
FNDA:0,(anonymous_11)
FNDA:0,(anonymous_12)
FNDA:0,(anonymous_13)
FNDA:0,(anonymous_14)
FNDA:0,(anonymous_15)
FNDA:0,(anonymous_16)
FNDA:0,(anonymous_17)
FNDA:0,(anonymous_18)
DA:15,0
DA:26,0
DA:27,0
DA:28,0
DA:29,0
DA:32,0
DA:33,0
DA:35,0
DA:36,0
DA:37,0
DA:38,0
DA:44,0
DA:45,0
DA:55,0
DA:56,0
DA:57,0
DA:58,0
DA:60,0
DA:62,0
DA:66,0
DA:67,0
DA:68,0
DA:69,0
DA:71,0
DA:82,0
DA:83,0
DA:85,0
DA:87,0
DA:89,0
DA:94,0
DA:95,0
DA:96,0
DA:97,0
DA:98,0
DA:102,0
DA:103,0
DA:104,0
DA:106,0
DA:120,0
DA:176,0
DA:177,0
DA:180,0
DA:202,0
DA:245,0
DA:307,0
DA:309,0
DA:345,0
DA:357,0
DA:395,0
DA:397,0
DA:449,0
LF:51
LH:0
BRDA:18,0,0,0
BRDA:19,1,0,0
BRDA:20,2,0,0
BRDA:24,3,0,0
BRDA:33,4,0,0
BRDA:33,4,1,0
BRDA:37,5,0,0
BRDA:37,5,1,0
BRDA:44,6,0,0
BRDA:44,6,1,0
BRDA:57,7,0,0
BRDA:57,7,1,0
BRDA:83,8,0,0
BRDA:83,8,1,0
BRDA:83,8,2,0
BRDA:95,9,0,0
BRDA:95,9,1,0
BRDA:96,10,0,0
BRDA:96,10,1,0
BRDA:97,11,0,0
BRDA:97,11,1,0
BRDA:104,12,0,0
BRDA:104,12,1,0
BRDA:104,13,0,0
BRDA:104,13,1,0
BRDA:133,14,0,0
BRDA:133,14,1,0
BRDA:137,15,0,0
BRDA:137,15,1,0
BRDA:141,16,0,0
BRDA:141,16,1,0
BRDA:182,17,0,0
BRDA:182,17,1,0
BRDA:197,18,0,0
BRDA:197,18,1,0
BRDA:209,19,0,0
BRDA:209,19,1,0
BRDA:212,20,0,0
BRDA:212,20,1,0
BRDA:220,21,0,0
BRDA:220,21,1,0
BRDA:224,22,0,0
BRDA:224,22,1,0
BRDA:252,23,0,0
BRDA:252,23,1,0
BRDA:255,24,0,0
BRDA:255,24,1,0
BRDA:282,25,0,0
BRDA:282,25,1,0
BRDA:283,26,0,0
BRDA:283,26,1,0
BRDA:286,27,0,0
BRDA:286,27,1,0
BRDA:286,28,0,0
BRDA:286,28,1,0
BRDA:298,29,0,0
BRDA:298,29,1,0
BRDA:316,30,0,0
BRDA:316,30,1,0
BRDA:323,31,0,0
BRDA:323,31,1,0
BRDA:323,31,2,0
BRDA:327,32,0,0
BRDA:327,32,1,0
BRDA:337,33,0,0
BRDA:337,33,1,0
BRDA:361,34,0,0
BRDA:361,34,1,0
BRDA:374,35,0,0
BRDA:374,35,1,0
BRDA:374,35,2,0
BRDA:377,36,0,0
BRDA:377,36,1,0
BRDA:386,37,0,0
BRDA:386,37,1,0
BRDA:405,38,0,0
BRDA:405,38,1,0
BRDA:408,39,0,0
BRDA:408,39,1,0
BRDA:422,40,0,0
BRDA:422,40,1,0
BRDA:425,41,0,0
BRDA:425,41,1,0
BRDA:433,42,0,0
BRDA:433,42,1,0
BRDA:446,43,0,0
BRDA:446,43,1,0
BRDA:446,43,2,0
BRF:88
BRH:0
end_of_record
TN:
SF:src/components/PathogenExplorer.js
FN:16,(anonymous_0)
FN:17,(anonymous_1)
FN:18,(anonymous_2)
FN:20,(anonymous_3)
FN:58,(anonymous_4)
FN:64,(anonymous_5)
FN:75,(anonymous_6)
FN:77,(anonymous_7)
FN:85,(anonymous_8)
FN:89,(anonymous_9)
FN:105,(anonymous_10)
FN:122,(anonymous_11)
FN:130,(anonymous_12)
FN:159,(anonymous_13)
FN:162,(anonymous_14)
FN:215,(anonymous_15)
FN:245,(anonymous_16)
FN:258,(anonymous_17)
FN:274,(anonymous_18)
FN:290,(anonymous_19)
FN:322,(anonymous_20)
FN:325,(anonymous_21)
FN:365,(anonymous_22)
FN:397,(anonymous_23)
FN:398,(anonymous_24)
FN:429,(anonymous_25)
FN:437,(anonymous_26)
FN:438,(anonymous_27)
FN:444,(anonymous_28)
FNF:29
FNH:0
FNDA:0,(anonymous_0)
FNDA:0,(anonymous_1)
FNDA:0,(anonymous_2)
FNDA:0,(anonymous_3)
FNDA:0,(anonymous_4)
FNDA:0,(anonymous_5)
FNDA:0,(anonymous_6)
FNDA:0,(anonymous_7)
FNDA:0,(anonymous_8)
FNDA:0,(anonymous_9)
FNDA:0,(anonymous_10)
FNDA:0,(anonymous_11)
FNDA:0,(anonymous_12)
FNDA:0,(anonymous_13)
FNDA:0,(anonymous_14)
FNDA:0,(anonymous_15)
FNDA:0,(anonymous_16)
FNDA:0,(anonymous_17)
FNDA:0,(anonymous_18)
FNDA:0,(anonymous_19)
FNDA:0,(anonymous_20)
FNDA:0,(anonymous_21)
FNDA:0,(anonymous_22)
FNDA:0,(anonymous_23)
FNDA:0,(anonymous_24)
FNDA:0,(anonymous_25)
FNDA:0,(anonymous_26)
FNDA:0,(anonymous_27)
FNDA:0,(anonymous_28)
DA:16,0
DA:17,0
DA:18,0
DA:20,0
DA:46,0
DA:49,0
DA:50,0
DA:51,0
DA:52,0
DA:55,0
DA:58,0
DA:59,0
DA:60,0
DA:64,0
DA:65,0
DA:67,0
DA:68,0
DA:69,0
DA:71,0
DA:75,0
DA:77,0
DA:85,0
DA:86,0
DA:89,0
DA:99,0
DA:100,0
DA:105,0
DA:106,0
DA:109,0
DA:110,0
DA:114,0
DA:115,0
DA:122,0
DA:123,0
DA:124,0
DA:125,0
DA:126,0
DA:130,0
DA:131,0
DA:132,0
DA:133,0
DA:134,0
DA:138,0
DA:160,0
DA:162,0
DA:215,0
DA:245,0
DA:258,0
DA:274,0
DA:290,0
DA:323,0
DA:325,0
DA:365,0
DA:397,0
DA:398,0
DA:429,0
DA:438,0
DA:439,0
DA:441,0
DA:444,0
LF:60
LH:0
BRDA:23,0,0,0
BRDA:59,1,0,0
BRDA:59,1,1,0
BRDA:65,2,0,0
BRDA:65,2,1,0
BRDA:65,3,0,0
BRDA:65,3,1,0
BRDA:77,4,0,0
BRDA:77,4,1,0
BRDA:99,5,0,0
BRDA:99,5,1,0
BRDA:109,6,0,0
BRDA:109,6,1,0
BRDA:109,7,0,0
BRDA:109,7,1,0
BRDA:109,7,2,0
BRDA:114,8,0,0
BRDA:114,8,1,0
BRDA:123,9,0,0
BRDA:123,9,1,0
BRDA:123,9,2,0
BRDA:131,10,0,0
BRDA:131,10,1,0
BRDA:131,10,2,0
BRDA:164,11,0,0
BRDA:164,11,1,0
BRDA:178,12,0,0
BRDA:178,12,1,0
BRDA:213,13,0,0
BRDA:213,13,1,0
BRDA:217,14,0,0
BRDA:217,14,1,0
BRDA:230,15,0,0
BRDA:230,15,1,0
BRDA:301,16,0,0
BRDA:301,16,1,0
BRDA:327,17,0,0
BRDA:327,17,1,0
BRDA:335,18,0,0
BRDA:335,18,1,0
BRDA:354,19,0,0
BRDA:354,19,1,0
BRDA:362,20,0,0
BRDA:362,20,1,0
BRDA:376,21,0,0
BRDA:376,21,1,0
BRDA:377,22,0,0
BRDA:377,22,1,0
BRDA:378,23,0,0
BRDA:378,23,1,0
BRDA:389,24,0,0
BRDA:389,24,1,0
BRDA:408,25,0,0
BRDA:408,25,1,0
BRDA:409,26,0,0
BRDA:409,26,1,0
BRDA:410,27,0,0
BRDA:410,27,1,0
BRDA:421,28,0,0
BRDA:421,28,1,0
BRDA:421,28,2,0
BRDA:439,29,0,0
BRDA:439,29,1,0
BRDA:450,30,0,0
BRDA:450,30,1,0
BRF:65
BRH:0
end_of_record
TN:
SF:src/components/PathogenList.js
FN:10,(anonymous_0)
FN:22,(anonymous_1)
FN:27,(anonymous_2)
FN:32,(anonymous_3)
FN:37,(anonymous_4)
FN:49,(anonymous_5)
FN:123,(anonymous_6)
FN:126,(anonymous_7)
FNF:8
FNH:0
FNDA:0,(anonymous_0)
FNDA:0,(anonymous_1)
FNDA:0,(anonymous_2)
FNDA:0,(anonymous_3)
FNDA:0,(anonymous_4)
FNDA:0,(anonymous_5)
FNDA:0,(anonymous_6)
FNDA:0,(anonymous_7)
DA:10,0
DA:22,0
DA:23,0
DA:27,0
DA:28,0
DA:32,0
DA:33,0
DA:37,0
DA:38,0
DA:40,0
DA:42,0
DA:44,0
DA:49,0
DA:50,0
DA:52,0
DA:54,0
DA:56,0
DA:58,0
DA:62,0
DA:124,0
DA:126,0
LF:21
LH:0
BRDA:38,0,0,0
BRDA:38,0,1,0
BRDA:38,0,2,0
BRDA:50,1,0,0
BRDA:50,1,1,0
BRDA:50,1,2,0
BRDA:50,1,3,0
BRDA:115,2,0,0
BRDA:115,2,1,0
BRDA:128,3,0,0
BRDA:128,3,1,0
BRDA:140,4,0,0
BRDA:140,4,1,0
BRDA:162,5,0,0
BRDA:162,5,1,0
BRDA:175,6,0,0
BRDA:175,6,1,0
BRDA:177,7,0,0
BRDA:177,7,1,0
BRF:19
BRH:0
end_of_record
TN:
SF:src/components/ProgressIndicator.js
FN:8,(anonymous_0)
FN:54,(anonymous_1)
FN:62,(anonymous_2)
FN:104,(anonymous_3)
FN:173,(anonymous_4)
FN:221,(anonymous_5)
FN:226,(anonymous_6)
FN:246,(anonymous_7)
FNF:8
FNH:2
FNDA:36,(anonymous_0)
FNDA:0,(anonymous_1)
FNDA:0,(anonymous_2)
FNDA:36,(anonymous_3)
FNDA:0,(anonymous_4)
FNDA:0,(anonymous_5)
FNDA:0,(anonymous_6)
FNDA:0,(anonymous_7)
DA:8,3
DA:16,36
DA:18,36
DA:26,36
DA:54,3
DA:60,0
DA:63,0
DA:64,0
DA:65,0
DA:66,0
DA:68,0
DA:104,3
DA:112,36
DA:113,36
DA:115,36
DA:121,36
DA:122,36
DA:123,36
DA:124,36
DA:126,36
DA:134,36
DA:173,3
DA:180,0
DA:181,0
DA:183,0
DA:221,3
DA:225,0
DA:226,0
DA:227,0
DA:229,0
DA:247,0
LF:31
LH:17
BRDA:9,0,0,0
BRDA:10,1,0,0
BRDA:11,2,0,36
BRDA:12,3,0,0
BRDA:13,4,0,36
BRDA:14,5,0,0
BRDA:29,6,0,36
BRDA:29,6,1,36
BRDA:34,7,0,36
BRDA:34,7,1,36
BRDA:55,8,0,0
BRDA:56,9,0,0
BRDA:57,10,0,0
BRDA:58,11,0,0
BRDA:66,12,0,0
BRDA:66,12,1,0
BRDA:72,13,0,0
BRDA:72,13,1,0
BRDA:74,14,0,0
BRDA:74,14,1,0
BRDA:78,15,0,0
BRDA:78,15,1,0
BRDA:88,16,0,0
BRDA:88,16,1,0
BRDA:90,17,0,0
BRDA:90,17,1,0
BRDA:105,18,0,0
BRDA:106,19,0,0
BRDA:107,20,0,0
BRDA:108,21,0,36
BRDA:109,22,0,0
BRDA:110,23,0,36
BRDA:158,24,0,36
BRDA:158,24,1,36
BRDA:174,25,0,0
BRDA:175,26,0,0
BRDA:176,27,0,0
BRDA:177,28,0,0
BRDA:178,29,0,0
BRDA:181,30,0,0
BRDA:181,30,1,0
BRDA:201,31,0,0
BRDA:201,31,1,0
BRDA:201,31,2,0
BRDA:222,32,0,0
BRDA:223,33,0,0
BRDA:227,34,0,0
BRDA:227,34,1,0
BRDA:250,35,0,0
BRDA:250,35,1,0
BRDA:256,36,0,0
BRDA:256,36,1,0
BRF:52
BRH:10
end_of_record
TN:
SF:src/components/QuizAnalyticsDashboard.js
FN:35,(anonymous_0)
FN:41,(anonymous_1)
FN:91,(anonymous_2)
FN:93,(anonymous_3)
FN:94,(anonymous_4)
FN:116,(anonymous_5)
FN:171,(anonymous_6)
FN:179,(anonymous_7)
FN:224,(anonymous_8)
FN:244,(anonymous_9)
FN:267,(anonymous_10)
FN:287,(anonymous_11)
FN:302,(anonymous_12)
FN:328,(anonymous_13)
FN:343,(anonymous_14)
FN:367,(anonymous_15)
FN:373,(anonymous_16)
FN:401,(anonymous_17)
FN:417,(anonymous_18)
FN:456,(anonymous_19)
FN:486,(anonymous_20)
FN:522,(anonymous_21)
FN:541,filterByTimeRange
FN:561,(anonymous_23)
FN:564,calculateCategoryPerformance
FN:569,(anonymous_25)
FN:575,(anonymous_26)
FN:576,(anonymous_27)
FN:591,(anonymous_28)
FN:598,calculateDifficultyBreakdown
FN:602,(anonymous_30)
FN:612,(anonymous_31)
FN:619,calculateWeeklyProgress
FN:630,(anonymous_33)
FN:636,(anonymous_34)
FN:649,calculateTopicAnalysis
FN:652,(anonymous_36)
FN:653,(anonymous_37)
FN:656,(anonymous_38)
FN:669,(anonymous_39)
FN:676,(anonymous_40)
FN:676,(anonymous_41)
FN:677,(anonymous_42)
FN:677,(anonymous_43)
FN:681,extractTopicsFromQuestion
FN:698,generateRecommendations
FNF:46
FNH:39
FNDA:14,(anonymous_0)
FNDA:12,(anonymous_1)
FNDA:11,(anonymous_2)
FNDA:0,(anonymous_3)
FNDA:11,(anonymous_4)
FNDA:1,(anonymous_5)
FNDA:42,(anonymous_6)
FNDA:2,(anonymous_7)
FNDA:0,(anonymous_8)
FNDA:0,(anonymous_9)
FNDA:22,(anonymous_10)
FNDA:16,(anonymous_11)
FNDA:56,(anonymous_12)
FNDA:12,(anonymous_13)
FNDA:88,(anonymous_14)
FNDA:1,(anonymous_15)
FNDA:3,(anonymous_16)
FNDA:1,(anonymous_17)
FNDA:5,(anonymous_18)
FNDA:0,(anonymous_19)
FNDA:22,(anonymous_20)
FNDA:16,(anonymous_21)
FNDA:11,filterByTimeRange
FNDA:2,(anonymous_23)
FNDA:11,calculateCategoryPerformance
FNDA:50,(anonymous_25)
FNDA:18,(anonymous_26)
FNDA:90,(anonymous_27)
FNDA:41,(anonymous_28)
FNDA:11,calculateDifficultyBreakdown
FNDA:18,(anonymous_30)
FNDA:33,(anonymous_31)
FNDA:11,calculateWeeklyProgress
FNDA:144,(anonymous_33)
FNDA:0,(anonymous_34)
FNDA:11,calculateTopicAnalysis
FNDA:18,(anonymous_36)
FNDA:90,(anonymous_37)
FNDA:90,(anonymous_38)
FNDA:45,(anonymous_39)
FNDA:45,(anonymous_40)
FNDA:0,(anonymous_41)
FNDA:45,(anonymous_42)
FNDA:0,(anonymous_43)
FNDA:90,extractTopicsFromQuestion
FNDA:14,generateRecommendations
DA:35,2
DA:36,14
DA:37,14
DA:38,14
DA:41,14
DA:42,12
DA:43,1
DA:57,11
DA:58,11
DA:61,11
DA:64,11
DA:67,11
DA:70,11
DA:73,11
DA:75,11
DA:91,14
DA:92,11
DA:93,11
DA:94,11
DA:98,14
DA:116,1
DA:172,42
DA:179,2
DA:225,0
DA:245,0
DA:268,22
DA:288,16
DA:302,2
DA:303,56
DA:310,56
DA:328,2
DA:329,12
DA:330,1
DA:341,11
DA:344,88
DA:367,2
DA:368,1
DA:369,1
DA:371,1
DA:374,3
DA:375,3
DA:401,2
DA:402,1
DA:404,1
DA:405,0
DA:415,1
DA:418,5
DA:456,2
DA:457,0
DA:463,0
DA:486,2
DA:487,22
DA:490,22
DA:522,2
DA:523,16
DA:542,11
DA:544,1
DA:545,1
DA:547,1
DA:549,1
DA:550,1
DA:552,0
DA:553,0
DA:555,0
DA:556,0
DA:558,0
DA:561,2
DA:565,11
DA:568,11
DA:569,11
DA:570,50
DA:571,50
DA:575,11
DA:576,18
DA:577,90
DA:579,90
DA:580,41
DA:583,90
DA:584,90
DA:585,81
DA:590,11
DA:591,11
DA:592,41
DA:595,11
DA:599,11
DA:600,11
DA:602,11
DA:604,18
DA:605,18
DA:607,18
DA:608,0
DA:609,0
DA:612,11
DA:613,33
DA:616,11
DA:620,11
DA:621,11
DA:623,11
DA:624,88
DA:625,88
DA:627,88
DA:628,88
DA:630,88
DA:631,144
DA:632,144
DA:635,88
DA:636,0
DA:639,88
DA:646,11
DA:650,11
DA:652,11
DA:653,18
DA:654,90
DA:656,90
DA:657,90
DA:658,45
DA:661,90
DA:662,90
DA:663,81
DA:669,45
DA:675,11
DA:676,45
DA:677,45
DA:682,90
DA:683,90
DA:686,90
DA:687,90
DA:688,90
DA:689,90
DA:690,90
DA:691,90
DA:692,90
DA:693,90
DA:695,90
DA:699,14
DA:701,14
DA:702,2
DA:709,14
DA:710,0
DA:717,14
DA:718,0
DA:725,14
DA:726,14
DA:733,14
LF:144
LH:129
BRDA:35,0,0,0
BRDA:42,1,0,1
BRDA:42,1,1,11
BRDA:42,2,0,12
BRDA:42,2,1,11
BRDA:92,3,0,11
BRDA:92,3,1,0
BRDA:175,4,0,14
BRDA:175,4,1,28
BRDA:187,5,0,14
BRDA:187,5,1,12
BRDA:193,6,0,14
BRDA:193,6,1,1
BRDA:199,7,0,14
BRDA:199,7,1,1
BRDA:312,8,0,56
BRDA:312,8,1,0
BRDA:329,9,0,1
BRDA:329,9,1,11
BRDA:329,10,0,12
BRDA:329,10,1,12
BRDA:350,11,0,88
BRDA:350,11,1,0
BRDA:374,12,0,3
BRDA:374,12,1,2
BRDA:383,13,0,3
BRDA:383,13,1,0
BRDA:404,14,0,0
BRDA:404,14,1,1
BRDA:438,15,0,5
BRDA:438,15,1,0
BRDA:471,16,0,0
BRDA:471,16,1,0
BRDA:487,17,0,22
BRDA:487,17,1,0
BRDA:488,18,0,0
BRDA:488,18,1,0
BRDA:492,19,0,22
BRDA:492,19,1,0
BRDA:497,20,0,22
BRDA:497,20,1,0
BRDA:498,21,0,0
BRDA:498,21,1,0
BRDA:525,22,0,16
BRDA:525,22,1,0
BRDA:542,23,0,10
BRDA:542,23,1,1
BRDA:547,24,0,1
BRDA:547,24,1,0
BRDA:547,24,2,0
BRDA:547,24,3,0
BRDA:570,25,0,50
BRDA:570,25,1,0
BRDA:577,26,0,90
BRDA:577,26,1,10
BRDA:579,27,0,41
BRDA:579,27,1,49
BRDA:584,28,0,81
BRDA:584,28,1,9
BRDA:607,29,0,18
BRDA:607,29,1,0
BRDA:608,30,0,0
BRDA:608,30,1,0
BRDA:613,31,0,27
BRDA:613,31,1,6
BRDA:632,32,0,144
BRDA:632,32,1,0
BRDA:635,33,0,0
BRDA:635,33,1,88
BRDA:657,34,0,45
BRDA:657,34,1,45
BRDA:662,35,0,81
BRDA:662,35,1,9
BRDA:676,36,0,45
BRDA:676,36,1,36
BRDA:677,37,0,45
BRDA:677,37,1,9
BRDA:686,38,0,18
BRDA:686,38,1,72
BRDA:687,39,0,18
BRDA:687,39,1,72
BRDA:687,40,0,90
BRDA:687,40,1,72
BRDA:688,41,0,18
BRDA:688,41,1,72
BRDA:688,42,0,90
BRDA:688,42,1,72
BRDA:689,43,0,18
BRDA:689,43,1,72
BRDA:690,44,0,18
BRDA:690,44,1,72
BRDA:691,45,0,0
BRDA:691,45,1,90
BRDA:692,46,0,0
BRDA:692,46,1,90
BRDA:692,47,0,90
BRDA:692,47,1,90
BRDA:693,48,0,0
BRDA:693,48,1,90
BRDA:695,49,0,90
BRDA:695,49,1,0
BRDA:701,50,0,2
BRDA:701,50,1,12
BRDA:709,51,0,0
BRDA:709,51,1,14
BRDA:717,52,0,0
BRDA:717,52,1,14
BRDA:725,53,0,14
BRDA:725,53,1,0
BRF:109
BRH:76
end_of_record
TN:
SF:src/components/QuizTab.js
FN:16,(anonymous_0)
FN:32,(anonymous_1)
FN:36,(anonymous_2)
FN:40,(anonymous_3)
FN:42,(anonymous_4)
FN:51,(anonymous_5)
FN:59,(anonymous_6)
FN:64,(anonymous_7)
FN:75,(anonymous_8)
FN:87,(anonymous_9)
FN:97,(anonymous_10)
FN:113,(anonymous_11)
FN:134,(anonymous_12)
FN:138,(anonymous_13)
FN:168,(anonymous_14)
FN:181,(anonymous_15)
FN:189,(anonymous_16)
FN:202,(anonymous_17)
FN:317,(anonymous_18)
FN:331,(anonymous_19)
FN:368,(anonymous_20)
FN:393,(anonymous_21)
FNF:22
FNH:5
FNDA:43,(anonymous_0)
FNDA:0,(anonymous_1)
FNDA:0,(anonymous_2)
FNDA:25,(anonymous_3)
FNDA:250,(anonymous_4)
FNDA:0,(anonymous_5)
FNDA:18,(anonymous_6)
FNDA:0,(anonymous_7)
FNDA:0,(anonymous_8)
FNDA:0,(anonymous_9)
FNDA:0,(anonymous_10)
FNDA:0,(anonymous_11)
FNDA:0,(anonymous_12)
FNDA:0,(anonymous_13)
FNDA:0,(anonymous_14)
FNDA:100,(anonymous_15)
FNDA:0,(anonymous_16)
FNDA:0,(anonymous_17)
FNDA:0,(anonymous_18)
FNDA:0,(anonymous_19)
FNDA:0,(anonymous_20)
FNDA:0,(anonymous_21)
DA:16,2
DA:18,43
DA:19,43
DA:20,43
DA:21,43
DA:22,43
DA:23,43
DA:24,43
DA:27,43
DA:28,43
DA:29,43
DA:32,43
DA:33,0
DA:34,0
DA:36,0
DA:40,43
DA:41,25
DA:42,25
DA:43,250
DA:44,250
DA:45,250
DA:47,25
DA:51,43
DA:52,0
DA:53,0
DA:54,0
DA:55,0
DA:59,43
DA:60,18
DA:61,18
DA:64,18
DA:65,0
DA:66,0
DA:67,0
DA:68,0
DA:69,0
DA:70,0
DA:75,43
DA:77,0
DA:78,0
DA:79,0
DA:82,0
DA:83,0
DA:87,0
DA:88,0
DA:89,0
DA:91,0
DA:97,43
DA:98,0
DA:99,0
DA:100,0
DA:101,0
DA:102,0
DA:103,0
DA:107,43
DA:110,43
DA:113,43
DA:114,0
DA:115,0
DA:119,43
DA:120,18
DA:128,25
DA:129,0
DA:135,0
DA:136,0
DA:138,0
DA:146,25
DA:168,0
DA:182,100
DA:189,0
DA:203,0
DA:204,0
DA:205,0
DA:317,0
DA:331,0
DA:369,0
DA:370,0
DA:371,0
DA:372,0
DA:375,0
DA:377,0
DA:378,0
DA:379,0
DA:380,0
DA:381,0
DA:383,0
DA:386,0
DA:389,0
DA:393,0
LF:89
LH:34
BRDA:33,0,0,0
BRDA:33,0,1,0
BRDA:44,1,0,250
BRDA:44,1,1,250
BRDA:45,2,0,250
BRDA:45,2,1,24
BRDA:82,3,0,0
BRDA:82,3,1,0
BRDA:88,4,0,0
BRDA:88,4,1,0
BRDA:107,5,0,42
BRDA:107,5,1,1
BRDA:110,6,0,42
BRDA:110,6,1,1
BRDA:119,7,0,18
BRDA:119,7,1,25
BRDA:128,8,0,0
BRDA:128,8,1,25
BRDA:149,9,0,25
BRDA:149,9,1,0
BRDA:185,10,0,25
BRDA:185,10,1,75
BRDA:193,11,0,100
BRDA:193,11,1,52
BRDA:198,12,0,25
BRDA:198,12,1,0
BRDA:203,13,0,0
BRDA:203,13,1,0
BRDA:212,14,0,0
BRDA:212,14,1,0
BRDA:213,15,0,0
BRDA:213,15,1,0
BRDA:248,16,0,0
BRDA:248,16,1,25
BRDA:249,17,0,25
BRDA:249,17,1,24
BRDA:253,18,0,0
BRDA:253,18,1,0
BRDA:258,19,0,0
BRDA:258,19,1,0
BRDA:274,20,0,0
BRDA:274,20,1,0
BRDA:274,21,0,0
BRDA:274,21,1,0
BRDA:283,22,0,0
BRDA:283,22,1,0
BRDA:284,23,0,0
BRDA:284,23,1,0
BRDA:288,24,0,0
BRDA:288,24,1,0
BRDA:289,25,0,0
BRDA:289,25,1,0
BRDA:292,26,0,0
BRDA:292,26,1,0
BRDA:293,27,0,0
BRDA:293,27,1,0
BRDA:297,28,0,0
BRDA:297,28,1,0
BRDA:298,29,0,0
BRDA:298,29,1,0
BRDA:301,30,0,0
BRDA:301,30,1,0
BRDA:302,31,0,0
BRDA:302,31,1,0
BRDA:326,32,0,0
BRDA:326,32,1,0
BRDA:354,33,0,0
BRDA:354,33,1,0
BRDA:355,34,0,0
BRDA:355,34,1,0
BRDA:358,35,0,0
BRDA:358,35,1,0
BRDA:377,36,0,0
BRDA:377,36,1,0
BRDA:378,37,0,0
BRDA:378,37,1,0
BRDA:380,38,0,0
BRDA:380,38,1,0
BRDA:380,39,0,0
BRDA:380,39,1,0
BRDA:393,40,0,0
BRDA:393,40,1,0
BRDA:401,41,0,0
BRDA:401,41,1,0
BRDA:401,41,2,0
BRDA:404,42,0,0
BRDA:404,42,1,0
BRDA:404,42,2,0
BRDA:404,42,3,0
BRDA:414,43,0,0
BRDA:414,43,1,0
BRF:91
BRH:20
end_of_record
TN:
SF:src/components/SimpleNetworkView.js
FN:10,(anonymous_0)
FN:27,(anonymous_1)
FN:33,(anonymous_2)
FN:45,(anonymous_3)
FN:59,(anonymous_4)
FN:61,(anonymous_5)
FN:81,(anonymous_6)
FN:97,(anonymous_7)
FN:112,(anonymous_8)
FN:119,(anonymous_9)
FN:119,(anonymous_10)
FN:120,(anonymous_11)
FN:120,(anonymous_12)
FN:121,(anonymous_13)
FN:154,(anonymous_14)
FN:221,(anonymous_15)
FN:242,(anonymous_16)
FN:263,(anonymous_17)
FN:264,(anonymous_18)
FN:265,(anonymous_19)
FN:277,(anonymous_20)
FNF:21
FNH:0
FNDA:0,(anonymous_0)
FNDA:0,(anonymous_1)
FNDA:0,(anonymous_2)
FNDA:0,(anonymous_3)
FNDA:0,(anonymous_4)
FNDA:0,(anonymous_5)
FNDA:0,(anonymous_6)
FNDA:0,(anonymous_7)
FNDA:0,(anonymous_8)
FNDA:0,(anonymous_9)
FNDA:0,(anonymous_10)
FNDA:0,(anonymous_11)
FNDA:0,(anonymous_12)
FNDA:0,(anonymous_13)
FNDA:0,(anonymous_14)
FNDA:0,(anonymous_15)
FNDA:0,(anonymous_16)
FNDA:0,(anonymous_17)
FNDA:0,(anonymous_18)
FNDA:0,(anonymous_19)
FNDA:0,(anonymous_20)
DA:10,0
DA:16,0
DA:17,0
DA:18,0
DA:21,0
DA:22,0
DA:23,0
DA:24,0
DA:27,0
DA:28,0
DA:30,0
DA:31,0
DA:33,0
DA:34,0
DA:35,0
DA:41,0
DA:45,0
DA:46,0
DA:48,0
DA:50,0
DA:51,0
DA:52,0
DA:53,0
DA:55,0
DA:56,0
DA:59,0
DA:60,0
DA:62,0
DA:66,0
DA:67,0
DA:77,0
DA:81,0
DA:82,0
DA:83,0
DA:86,0
DA:88,0
DA:90,0
DA:92,0
DA:97,0
DA:98,0
DA:99,0
DA:101,0
DA:103,0
DA:105,0
DA:107,0
DA:112,0
DA:113,0
DA:114,0
DA:119,0
DA:120,0
DA:121,0
DA:123,0
DA:124,0
DA:132,0
DA:154,0
DA:222,0
DA:223,0
DA:225,0
DA:227,0
DA:243,0
DA:244,0
DA:246,0
DA:247,0
DA:248,0
DA:249,0
DA:251,0
DA:263,0
DA:264,0
DA:265,0
DA:277,0
LF:70
LH:0
BRDA:28,0,0,0
BRDA:28,0,1,0
BRDA:28,1,0,0
BRDA:28,1,1,0
BRDA:46,2,0,0
BRDA:46,2,1,0
BRDA:46,3,0,0
BRDA:46,3,1,0
BRDA:55,4,0,0
BRDA:55,4,1,0
BRDA:56,5,0,0
BRDA:56,5,1,0
BRDA:60,6,0,0
BRDA:60,6,1,0
BRDA:62,7,0,0
BRDA:62,7,1,0
BRDA:66,8,0,0
BRDA:66,8,1,0
BRDA:82,9,0,0
BRDA:82,9,1,0
BRDA:86,10,0,0
BRDA:86,10,1,0
BRDA:86,10,2,0
BRDA:99,11,0,0
BRDA:99,11,1,0
BRDA:99,11,2,0
BRDA:99,11,3,0
BRDA:113,12,0,0
BRDA:113,12,1,0
BRDA:123,13,0,0
BRDA:123,13,1,0
BRDA:123,14,0,0
BRDA:123,14,1,0
BRDA:155,15,0,0
BRDA:155,15,1,0
BRDA:225,16,0,0
BRDA:225,16,1,0
BRDA:225,17,0,0
BRDA:225,17,1,0
BRDA:244,18,0,0
BRDA:244,18,1,0
BRDA:259,19,0,0
BRDA:259,19,1,0
BRDA:260,20,0,0
BRDA:260,20,1,0
BRDA:261,21,0,0
BRDA:261,21,1,0
BRDA:269,22,0,0
BRDA:269,22,1,0
BRDA:289,23,0,0
BRDA:289,23,1,0
BRDA:301,24,0,0
BRDA:301,24,1,0
BRF:53
BRH:0
end_of_record
TN:
SF:src/components/SimplePathogenExplorer.js
FN:19,(anonymous_0)
FN:29,(anonymous_1)
FN:39,(anonymous_2)
FN:44,(anonymous_3)
FN:51,(anonymous_4)
FN:57,(anonymous_5)
FN:67,(anonymous_6)
FN:73,(anonymous_7)
FN:78,(anonymous_8)
FN:84,(anonymous_9)
FN:107,(anonymous_10)
FN:118,(anonymous_11)
FN:200,(anonymous_12)
FN:230,(anonymous_13)
FN:272,(anonymous_14)
FNF:15
FNH:0
FNDA:0,(anonymous_0)
FNDA:0,(anonymous_1)
FNDA:0,(anonymous_2)
FNDA:0,(anonymous_3)
FNDA:0,(anonymous_4)
FNDA:0,(anonymous_5)
FNDA:0,(anonymous_6)
FNDA:0,(anonymous_7)
FNDA:0,(anonymous_8)
FNDA:0,(anonymous_9)
FNDA:0,(anonymous_10)
FNDA:0,(anonymous_11)
FNDA:0,(anonymous_12)
FNDA:0,(anonymous_13)
FNDA:0,(anonymous_14)
DA:19,0
DA:21,0
DA:22,0
DA:23,0
DA:24,0
DA:25,0
DA:26,0
DA:29,0
DA:30,0
DA:33,0
DA:34,0
DA:38,0
DA:39,0
DA:43,0
DA:44,0
DA:47,0
DA:51,0
DA:52,0
DA:54,0
DA:57,0
DA:58,0
DA:59,0
DA:67,0
DA:68,0
DA:69,0
DA:73,0
DA:74,0
DA:78,0
DA:79,0
DA:80,0
DA:84,0
DA:85,0
DA:86,0
DA:87,0
DA:90,0
DA:107,0
DA:118,0
DA:200,0
DA:230,0
DA:272,0
LF:40
LH:0
BRDA:33,0,0,0
BRDA:33,0,1,0
BRDA:38,1,0,0
BRDA:38,1,1,0
BRDA:43,2,0,0
BRDA:43,2,1,0
BRDA:52,3,0,0
BRDA:52,3,1,0
BRDA:109,4,0,0
BRDA:109,4,1,0
BRDA:120,5,0,0
BRDA:120,5,1,0
BRDA:156,6,0,0
BRDA:156,6,1,0
BRDA:156,6,2,0
BRDA:156,6,3,0
BRDA:156,6,4,0
BRDA:158,7,0,0
BRDA:158,7,1,0
BRDA:166,8,0,0
BRDA:166,8,1,0
BRDA:166,8,2,0
BRDA:166,8,3,0
BRDA:179,9,0,0
BRDA:179,9,1,0
BRDA:233,10,0,0
BRDA:233,10,1,0
BRDA:246,11,0,0
BRDA:246,11,1,0
BRDA:267,12,0,0
BRDA:267,12,1,0
BRF:31
BRH:0
end_of_record
TN:
SF:src/components/SkeletonLoader.js
FN:9,(anonymous_0)
FN:14,(anonymous_1)
FN:29,(anonymous_2)
FN:31,(anonymous_3)
FN:45,(anonymous_4)
FN:51,(anonymous_5)
FN:59,(anonymous_6)
FN:63,(anonymous_7)
FN:65,(anonymous_8)
FN:75,(anonymous_9)
FN:78,(anonymous_10)
FN:85,(anonymous_11)
FNF:12
FNH:4
FNDA:0,(anonymous_0)
FNDA:180,(anonymous_1)
FNDA:0,(anonymous_2)
FNDA:0,(anonymous_3)
FNDA:18,(anonymous_4)
FNDA:72,(anonymous_5)
FNDA:0,(anonymous_6)
FNDA:0,(anonymous_7)
FNDA:0,(anonymous_8)
FNDA:0,(anonymous_9)
FNDA:0,(anonymous_10)
FNDA:18,(anonymous_11)
DA:9,3
DA:10,0
DA:14,3
DA:15,180
DA:29,3
DA:30,0
DA:32,0
DA:45,3
DA:46,18
DA:52,72
DA:59,3
DA:60,0
DA:64,0
DA:66,0
DA:75,3
DA:76,0
DA:79,0
DA:85,3
DA:86,18
DA:88,0
DA:90,0
DA:92,18
DA:94,0
DA:96,0
LF:24
LH:12
BRDA:9,0,0,0
BRDA:59,1,0,0
BRDA:59,2,0,0
BRDA:75,3,0,0
BRDA:75,4,0,0
BRDA:77,5,0,0
BRDA:77,5,1,0
BRDA:85,6,0,0
BRDA:86,7,0,0
BRDA:86,7,1,0
BRDA:86,7,2,18
BRDA:86,7,3,0
BRDA:86,7,4,0
BRF:13
BRH:1
end_of_record
TN:
SF:src/components/UserProgress.js
FN:16,(anonymous_0)
FN:34,(anonymous_1)
FN:41,(anonymous_2)
FN:52,(anonymous_3)
FN:129,(anonymous_4)
FN:166,(anonymous_5)
FN:192,(anonymous_6)
FN:195,(anonymous_7)
FNF:8
FNH:0
FNDA:0,(anonymous_0)
FNDA:0,(anonymous_1)
FNDA:0,(anonymous_2)
FNDA:0,(anonymous_3)
FNDA:0,(anonymous_4)
FNDA:0,(anonymous_5)
FNDA:0,(anonymous_6)
FNDA:0,(anonymous_7)
DA:16,1
DA:23,0
DA:32,0
DA:34,0
DA:35,0
DA:36,0
DA:37,0
DA:38,0
DA:41,0
DA:42,0
DA:44,0
DA:46,0
DA:48,0
DA:52,0
DA:53,0
DA:55,0
DA:57,0
DA:59,0
DA:61,0
DA:66,0
DA:75,0
DA:130,0
DA:167,0
DA:193,0
DA:195,0
LF:25
LH:1
BRDA:18,0,0,0
BRDA:23,1,0,0
BRDA:23,1,1,0
BRDA:32,2,0,0
BRDA:32,2,1,0
BRDA:35,3,0,0
BRDA:35,3,1,0
BRDA:36,4,0,0
BRDA:36,4,1,0
BRDA:37,5,0,0
BRDA:37,5,1,0
BRDA:42,6,0,0
BRDA:42,6,1,0
BRDA:42,6,2,0
BRDA:53,7,0,0
BRDA:53,7,1,0
BRDA:53,7,2,0
BRDA:53,7,3,0
BRDA:127,8,0,0
BRDA:127,8,1,0
BRDA:158,9,0,0
BRDA:158,9,1,0
BRDA:158,9,2,0
BRDA:190,10,0,0
BRDA:190,10,1,0
BRDA:216,11,0,0
BRDA:216,11,1,0
BRF:27
BRH:0
end_of_record
TN:
SF:src/components/VisualizationsTab.js
FN:24,(anonymous_0)
FN:26,(anonymous_1)
FN:41,(anonymous_2)
FN:42,(anonymous_3)
FN:46,(anonymous_4)
FN:52,(anonymous_5)
FN:90,(anonymous_6)
FN:183,(anonymous_7)
FN:185,(anonymous_8)
FN:199,(anonymous_9)
FN:208,(anonymous_10)
FN:209,(anonymous_11)
FN:238,(anonymous_12)
FN:246,(anonymous_13)
FN:247,(anonymous_14)
FN:277,(anonymous_15)
FN:318,(anonymous_16)
FN:331,(anonymous_17)
FN:347,(anonymous_18)
FN:385,(anonymous_19)
FN:396,(anonymous_20)
FN:401,(anonymous_21)
FNF:22
FNH:0
FNDA:0,(anonymous_0)
FNDA:0,(anonymous_1)
FNDA:0,(anonymous_2)
FNDA:0,(anonymous_3)
FNDA:0,(anonymous_4)
FNDA:0,(anonymous_5)
FNDA:0,(anonymous_6)
FNDA:0,(anonymous_7)
FNDA:0,(anonymous_8)
FNDA:0,(anonymous_9)
FNDA:0,(anonymous_10)
FNDA:0,(anonymous_11)
FNDA:0,(anonymous_12)
FNDA:0,(anonymous_13)
FNDA:0,(anonymous_14)
FNDA:0,(anonymous_15)
FNDA:0,(anonymous_16)
FNDA:0,(anonymous_17)
FNDA:0,(anonymous_18)
FNDA:0,(anonymous_19)
FNDA:0,(anonymous_20)
FNDA:0,(anonymous_21)
DA:24,0
DA:26,0
DA:33,0
DA:34,0
DA:37,0
DA:41,0
DA:42,0
DA:46,0
DA:47,0
DA:48,0
DA:52,0
DA:53,0
DA:54,0
DA:57,0
DA:90,0
DA:91,0
DA:183,0
DA:186,0
DA:199,0
DA:200,0
DA:208,0
DA:210,0
DA:211,0
DA:238,0
DA:239,0
DA:246,0
DA:248,0
DA:249,0
DA:258,0
DA:277,0
DA:278,0
DA:318,0
DA:319,0
DA:331,0
DA:347,0
DA:348,0
DA:350,0
DA:352,0
DA:354,0
DA:356,0
DA:358,0
DA:360,0
DA:364,0
DA:385,0
DA:397,0
DA:398,0
DA:401,0
LF:47
LH:0
BRDA:38,0,0,0
BRDA:38,0,1,0
BRDA:39,1,0,0
BRDA:39,1,1,0
BRDA:40,2,0,0
BRDA:40,2,1,0
BRDA:41,3,0,0
BRDA:41,3,1,0
BRDA:42,4,0,0
BRDA:42,4,1,0
BRDA:46,5,0,0
BRDA:46,5,1,0
BRDA:47,6,0,0
BRDA:47,6,1,0
BRDA:52,7,0,0
BRDA:52,7,1,0
BRDA:53,8,0,0
BRDA:53,8,1,0
BRDA:249,9,0,0
BRDA:249,9,1,0
BRDA:326,10,0,0
BRDA:326,10,1,0
BRDA:348,11,0,0
BRDA:348,11,1,0
BRDA:348,11,2,0
BRDA:348,11,3,0
BRDA:348,11,4,0
BRDA:348,11,5,0
BRDA:403,12,0,0
BRDA:403,12,1,0
BRDA:409,13,0,0
BRDA:409,13,1,0
BRF:32
BRH:0
end_of_record
TN:
SF:src/contexts/AppContext.js
FN:21,(anonymous_0)
FN:32,(anonymous_1)
FN:38,(anonymous_2)
FN:44,(anonymous_3)
FN:50,(anonymous_4)
FN:56,(anonymous_5)
FN:64,(anonymous_6)
FN:105,(anonymous_7)
FNF:8
FNH:8
FNDA:36,(anonymous_0)
FNDA:36,(anonymous_1)
FNDA:36,(anonymous_2)
FNDA:36,(anonymous_3)
FNDA:36,(anonymous_4)
FNDA:36,(anonymous_5)
FNDA:36,(anonymous_6)
FNDA:39,(anonymous_7)
DA:15,2
DA:21,2
DA:23,36
DA:24,36
DA:25,36
DA:28,36
DA:31,36
DA:32,36
DA:37,36
DA:38,36
DA:43,36
DA:44,36
DA:49,36
DA:50,36
DA:55,36
DA:56,36
DA:62,36
DA:63,36
DA:64,36
DA:70,36
DA:93,36
DA:105,2
DA:106,39
DA:108,39
DA:109,4
DA:112,35
LF:26
LH:26
BRDA:108,0,0,4
BRDA:108,0,1,35
BRF:2
BRH:2
end_of_record
TN:
SF:src/data/SimpleAntibioticData.js
FN:191,(anonymous_0)
FN:192,(anonymous_1)
FN:195,(anonymous_2)
FN:196,(anonymous_3)
FN:201,(anonymous_4)
FN:202,(anonymous_5)
FN:205,(anonymous_6)
FN:206,(anonymous_7)
FN:209,(anonymous_8)
FN:213,(anonymous_9)
FN:220,(anonymous_10)
FN:221,(anonymous_11)
FN:225,(anonymous_12)
FN:226,(anonymous_13)
FN:231,(anonymous_14)
FN:234,(anonymous_15)
FNF:16
FNH:6
FNDA:9,(anonymous_0)
FNDA:60,(anonymous_1)
FNDA:0,(anonymous_2)
FNDA:0,(anonymous_3)
FNDA:0,(anonymous_4)
FNDA:0,(anonymous_5)
FNDA:0,(anonymous_6)
FNDA:0,(anonymous_7)
FNDA:1,(anonymous_8)
FNDA:15,(anonymous_9)
FNDA:0,(anonymous_10)
FNDA:0,(anonymous_11)
FNDA:0,(anonymous_12)
FNDA:0,(anonymous_13)
FNDA:1,(anonymous_14)
FNDA:15,(anonymous_15)
DA:7,1
DA:191,1
DA:192,60
DA:195,1
DA:196,0
DA:197,0
DA:201,1
DA:202,0
DA:205,1
DA:206,0
DA:209,1
DA:210,1
DA:212,1
DA:213,1
DA:214,15
DA:220,1
DA:221,0
DA:222,0
DA:225,1
DA:226,0
DA:227,0
DA:231,1
DA:232,1
DA:234,1
DA:235,15
DA:236,15
DA:237,15
DA:240,1
LF:28
LH:20
BRDA:210,0,0,0
BRDA:210,0,1,1
BRDA:214,1,0,15
BRDA:214,1,1,14
BRDA:214,1,2,12
BRDA:235,2,0,0
BRDA:235,2,1,15
BRDA:236,3,0,0
BRDA:236,3,1,15
BRDA:237,4,0,0
BRDA:237,4,1,15
BRDA:240,5,0,1
BRDA:240,5,1,0
BRF:13
BRH:8
end_of_record
TN:
SF:src/data/SimplePathogenData.js
FN:121,(anonymous_0)
FN:122,(anonymous_1)
FN:125,(anonymous_2)
FN:126,(anonymous_3)
FN:132,(anonymous_4)
FN:133,(anonymous_5)
FN:136,(anonymous_6)
FN:137,(anonymous_7)
FN:140,(anonymous_8)
FN:144,(anonymous_9)
FN:152,(anonymous_10)
FN:155,(anonymous_11)
FNF:12
FNH:6
FNDA:3,(anonymous_0)
FNDA:12,(anonymous_1)
FNDA:0,(anonymous_2)
FNDA:0,(anonymous_3)
FNDA:0,(anonymous_4)
FNDA:0,(anonymous_5)
FNDA:0,(anonymous_6)
FNDA:0,(anonymous_7)
FNDA:1,(anonymous_8)
FNDA:10,(anonymous_9)
FNDA:1,(anonymous_10)
FNDA:10,(anonymous_11)
DA:7,1
DA:121,1
DA:122,12
DA:125,1
DA:126,0
DA:127,0
DA:132,1
DA:133,0
DA:136,1
DA:137,0
DA:140,1
DA:141,1
DA:143,1
DA:144,1
DA:145,10
DA:152,1
DA:153,1
DA:155,1
DA:156,10
DA:157,10
DA:158,10
DA:161,1
LF:22
LH:18
BRDA:127,0,0,0
BRDA:127,0,1,0
BRDA:141,1,0,0
BRDA:141,1,1,1
BRDA:145,2,0,10
BRDA:145,2,1,9
BRDA:145,2,2,9
BRDA:156,3,0,0
BRDA:156,3,1,10
BRDA:157,4,0,0
BRDA:157,4,1,10
BRDA:158,5,0,0
BRDA:158,5,1,10
BRDA:161,6,0,1
BRDA:161,6,1,0
BRF:15
BRH:8
end_of_record
TN:
SF:src/data/medicalConditions.js
FNF:0
FNH:0
DA:12,2
LF:1
LH:1
BRF:0
BRH:0
end_of_record
TN:
SF:src/data/pathogenAntibioticMap.js
FN:133,(anonymous_0)
FN:137,(anonymous_1)
FN:141,(anonymous_2)
FN:145,(anonymous_3)
FN:147,(anonymous_4)
FN:150,(anonymous_5)
FN:152,(anonymous_6)
FN:155,(anonymous_7)
FN:158,(anonymous_8)
FN:160,(anonymous_9)
FN:175,(anonymous_10)
FN:183,(anonymous_11)
FN:184,(anonymous_12)
FN:193,(anonymous_13)
FN:196,(anonymous_14)
FN:207,(anonymous_15)
FNF:16
FNH:4
FNDA:4,(anonymous_0)
FNDA:0,(anonymous_1)
FNDA:0,(anonymous_2)
FNDA:0,(anonymous_3)
FNDA:0,(anonymous_4)
FNDA:0,(anonymous_5)
FNDA:0,(anonymous_6)
FNDA:0,(anonymous_7)
FNDA:0,(anonymous_8)
FNDA:0,(anonymous_9)
FNDA:0,(anonymous_10)
FNDA:0,(anonymous_11)
FNDA:0,(anonymous_12)
FNDA:2,(anonymous_13)
FNDA:20,(anonymous_14)
FNDA:106,(anonymous_15)
DA:7,1
DA:133,1
DA:134,4
DA:137,1
DA:138,0
DA:139,0
DA:141,0
DA:142,0
DA:145,1
DA:146,0
DA:147,0
DA:150,1
DA:151,0
DA:152,0
DA:155,1
DA:156,0
DA:158,0
DA:159,0
DA:160,0
DA:162,0
DA:163,0
DA:172,0
DA:175,1
DA:176,0
DA:183,0
DA:184,0
DA:185,0
DA:189,0
DA:193,1
DA:194,2
DA:196,2
DA:197,20
DA:199,20
DA:200,0
DA:203,20
DA:204,0
DA:207,20
DA:208,106
DA:209,0
DA:211,106
DA:212,0
DA:214,106
DA:215,0
DA:220,2
LF:44
LH:19
BRDA:134,0,0,4
BRDA:134,0,1,1
BRDA:139,1,0,0
BRDA:139,1,1,0
BRDA:142,2,0,0
BRDA:142,2,1,0
BRDA:162,3,0,0
BRDA:162,3,1,0
BRDA:199,4,0,0
BRDA:199,4,1,20
BRDA:203,5,0,0
BRDA:203,5,1,20
BRDA:203,6,0,20
BRDA:203,6,1,20
BRDA:208,7,0,0
BRDA:208,7,1,106
BRDA:211,8,0,0
BRDA:211,8,1,106
BRDA:214,9,0,0
BRDA:214,9,1,106
BRDA:220,10,0,2
BRDA:220,10,1,0
BRF:22
BRH:10
end_of_record
TN:
SF:src/data/quizQuestions.js
FNF:0
FNH:0
DA:12,1
LF:1
LH:1
BRF:0
BRH:0
end_of_record
TN:
SF:src/data/quizQuestionsWithDifficulty.js
FNF:0
FNH:0
DA:11,0
LF:1
LH:0
BRF:0
BRH:0
end_of_record
TN:
SF:src/hooks/useAntibioticData.js
FN:10,(anonymous_0)
FN:17,(anonymous_1)
FN:25,(anonymous_2)
FN:36,(anonymous_3)
FN:42,(anonymous_4)
FN:48,(anonymous_5)
FN:54,(anonymous_6)
FN:58,(anonymous_7)
FN:61,(anonymous_8)
FN:66,(anonymous_9)
FN:79,(anonymous_10)
FN:81,(anonymous_11)
FN:92,(anonymous_12)
FN:96,(anonymous_13)
FN:100,(anonymous_14)
FN:104,(anonymous_15)
FN:108,(anonymous_16)
FN:112,(anonymous_17)
FN:119,(anonymous_18)
FN:121,(anonymous_19)
FN:125,(anonymous_20)
FN:129,(anonymous_21)
FN:130,(anonymous_22)
FN:137,(anonymous_23)
FN:140,(anonymous_24)
FN:146,(anonymous_25)
FN:147,(anonymous_26)
FN:154,(anonymous_27)
FN:160,(anonymous_28)
FN:165,(anonymous_29)
FN:184,(anonymous_30)
FN:189,(anonymous_31)
FNF:32
FNH:12
FNDA:28,(anonymous_0)
FNDA:19,(anonymous_1)
FNDA:19,(anonymous_2)
FNDA:19,(anonymous_3)
FNDA:19,(anonymous_4)
FNDA:19,(anonymous_5)
FNDA:19,(anonymous_6)
FNDA:722,(anonymous_7)
FNDA:722,(anonymous_8)
FNDA:2679,(anonymous_9)
FNDA:19,(anonymous_10)
FNDA:722,(anonymous_11)
FNDA:0,(anonymous_12)
FNDA:0,(anonymous_13)
FNDA:0,(anonymous_14)
FNDA:0,(anonymous_15)
FNDA:0,(anonymous_16)
FNDA:0,(anonymous_17)
FNDA:0,(anonymous_18)
FNDA:0,(anonymous_19)
FNDA:0,(anonymous_20)
FNDA:0,(anonymous_21)
FNDA:0,(anonymous_22)
FNDA:0,(anonymous_23)
FNDA:0,(anonymous_24)
FNDA:0,(anonymous_25)
FNDA:0,(anonymous_26)
FNDA:0,(anonymous_27)
FNDA:0,(anonymous_28)
FNDA:0,(anonymous_29)
FNDA:0,(anonymous_30)
FNDA:0,(anonymous_31)
DA:10,1
DA:11,28
DA:12,28
DA:13,28
DA:14,28
DA:17,28
DA:18,19
DA:19,0
DA:21,19
DA:25,28
DA:26,19
DA:28,19
DA:36,28
DA:37,19
DA:38,0
DA:42,28
DA:43,19
DA:44,19
DA:48,28
DA:49,19
DA:50,19
DA:54,28
DA:55,19
DA:57,19
DA:58,722
DA:59,19
DA:60,19
DA:61,722
DA:65,19
DA:66,2679
DA:69,19
DA:79,28
DA:80,19
DA:81,19
DA:82,722
DA:85,19
DA:92,28
DA:93,0
DA:96,28
DA:97,0
DA:100,28
DA:101,0
DA:104,28
DA:105,0
DA:108,28
DA:109,0
DA:112,28
DA:113,0
DA:114,0
DA:115,0
DA:119,28
DA:120,0
DA:121,0
DA:125,28
DA:126,0
DA:128,0
DA:129,0
DA:132,0
DA:133,0
DA:137,0
DA:138,0
DA:142,0
DA:143,0
DA:146,0
DA:147,0
DA:148,0
DA:154,28
DA:155,0
DA:158,0
DA:160,0
DA:161,0
DA:164,0
DA:165,0
DA:166,0
DA:168,0
DA:169,0
DA:174,0
DA:180,0
DA:184,28
DA:185,0
DA:187,0
DA:189,0
DA:190,0
DA:192,0
DA:193,0
DA:195,0
DA:196,0
DA:198,0
DA:199,0
DA:203,0
DA:206,28
LF:91
LH:45
BRDA:18,0,0,0
BRDA:18,0,1,19
BRDA:18,1,0,19
BRDA:18,1,1,19
BRDA:26,2,0,0
BRDA:26,2,1,19
BRDA:37,3,0,19
BRDA:37,3,1,0
BRDA:37,4,0,19
BRDA:37,4,1,19
BRDA:43,5,0,0
BRDA:43,5,1,19
BRDA:49,6,0,0
BRDA:49,6,1,19
BRDA:55,7,0,0
BRDA:55,7,1,19
BRDA:60,8,0,19
BRDA:60,8,1,0
BRDA:82,9,0,722
BRDA:82,9,1,247
BRDA:120,10,0,0
BRDA:120,10,1,0
BRDA:126,11,0,0
BRDA:126,11,1,0
BRDA:126,12,0,0
BRDA:126,12,1,0
BRDA:132,13,0,0
BRDA:132,13,1,0
BRDA:142,14,0,0
BRDA:142,14,1,0
BRDA:142,15,0,0
BRDA:142,15,1,0
BRDA:143,16,0,0
BRDA:143,16,1,0
BRDA:143,17,0,0
BRDA:143,17,1,0
BRDA:155,18,0,0
BRDA:155,18,1,0
BRDA:155,19,0,0
BRDA:155,19,1,0
BRDA:164,20,0,0
BRDA:164,20,1,0
BRDA:164,21,0,0
BRDA:164,21,1,0
BRDA:166,22,0,0
BRDA:166,22,1,0
BRDA:166,23,0,0
BRDA:166,23,1,0
BRDA:168,24,0,0
BRDA:168,24,1,0
BRDA:185,25,0,0
BRDA:185,25,1,0
BRDA:185,26,0,0
BRDA:185,26,1,0
BRDA:192,27,0,0
BRDA:192,27,1,0
BRDA:192,28,0,0
BRDA:192,28,1,0
BRDA:195,29,0,0
BRDA:195,29,1,0
BRDA:195,30,0,0
BRDA:195,30,1,0
BRDA:198,31,0,0
BRDA:198,31,1,0
BRDA:198,32,0,0
BRDA:198,32,1,0
BRDA:203,33,0,0
BRDA:203,33,1,0
BRF:68
BRH:13
end_of_record
TN:
SF:src/hooks/useBookmarks.js
FN:11,(anonymous_0)
FN:15,(anonymous_1)
FN:16,(anonymous_2)
FN:18,(anonymous_3)
FN:35,(anonymous_4)
FN:36,(anonymous_5)
FN:37,(anonymous_6)
FN:42,(anonymous_7)
FN:43,(anonymous_8)
FN:55,(anonymous_9)
FN:56,(anonymous_10)
FN:60,(anonymous_11)
FN:65,(anonymous_12)
FN:66,(anonymous_13)
FN:74,(anonymous_14)
FN:76,(anonymous_15)
FN:79,(anonymous_16)
FN:86,(anonymous_17)
FN:97,(anonymous_18)
FN:107,(anonymous_19)
FN:108,(anonymous_20)
FN:109,(anonymous_21)
FNF:22
FNH:1
FNDA:28,(anonymous_0)
FNDA:0,(anonymous_1)
FNDA:0,(anonymous_2)
FNDA:0,(anonymous_3)
FNDA:0,(anonymous_4)
FNDA:0,(anonymous_5)
FNDA:0,(anonymous_6)
FNDA:0,(anonymous_7)
FNDA:0,(anonymous_8)
FNDA:0,(anonymous_9)
FNDA:0,(anonymous_10)
FNDA:0,(anonymous_11)
FNDA:0,(anonymous_12)
FNDA:0,(anonymous_13)
FNDA:0,(anonymous_14)
FNDA:0,(anonymous_15)
FNDA:0,(anonymous_16)
FNDA:0,(anonymous_17)
FNDA:0,(anonymous_18)
FNDA:0,(anonymous_19)
FNDA:0,(anonymous_20)
FNDA:0,(anonymous_21)
DA:11,1
DA:12,28
DA:15,28
DA:16,0
DA:18,0
DA:19,0
DA:20,0
DA:24,0
DA:30,0
DA:35,28
DA:36,0
DA:37,0
DA:42,28
DA:43,0
DA:45,0
DA:46,0
DA:48,0
DA:51,0
DA:55,28
DA:56,0
DA:60,28
DA:61,0
DA:65,28
DA:66,0
DA:67,0
DA:72,28
DA:74,0
DA:76,0
DA:80,0
DA:86,28
DA:87,0
DA:93,0
DA:97,28
DA:98,0
DA:99,0
DA:101,0
DA:102,0
DA:105,0
DA:107,0
DA:108,0
DA:109,0
DA:110,0
DA:114,0
DA:117,0
DA:123,0
DA:131,28
LF:46
LH:12
BRDA:19,0,0,0
BRDA:19,0,1,0
BRDA:45,1,0,0
BRDA:45,1,1,0
BRDA:78,2,0,0
BRDA:78,2,1,28
BRDA:80,3,0,0
BRDA:80,3,1,0
BRDA:97,4,0,0
BRDA:101,5,0,0
BRDA:101,5,1,0
BRDA:101,6,0,0
BRDA:101,6,1,0
BRDA:105,7,0,0
BRDA:105,7,1,0
BRF:15
BRH:1
end_of_record
TN:
SF:src/hooks/useErrorHandler.js
FN:7,(anonymous_0)
FN:15,(anonymous_1)
FN:33,(anonymous_2)
FN:51,(anonymous_3)
FN:52,(anonymous_4)
FN:53,(anonymous_5)
FN:58,(anonymous_6)
FN:59,(anonymous_7)
FN:73,(anonymous_8)
FN:74,(anonymous_9)
FN:75,(anonymous_10)
FN:76,(anonymous_11)
FN:77,(anonymous_12)
FN:78,(anonymous_13)
FN:79,(anonymous_14)
FN:80,(anonymous_15)
FN:95,(anonymous_16)
FN:96,(anonymous_17)
FN:97,(anonymous_18)
FN:98,(anonymous_19)
FN:99,(anonymous_20)
FN:100,(anonymous_21)
FN:101,(anonymous_22)
FN:102,(anonymous_23)
FN:103,(anonymous_24)
FN:104,(anonymous_25)
FN:108,(anonymous_26)
FN:110,(anonymous_27)
FNF:28
FNH:7
FNDA:40,(anonymous_0)
FNDA:176,(anonymous_1)
FNDA:170,(anonymous_2)
FNDA:0,(anonymous_3)
FNDA:0,(anonymous_4)
FNDA:0,(anonymous_5)
FNDA:2,(anonymous_6)
FNDA:1,(anonymous_7)
FNDA:0,(anonymous_8)
FNDA:0,(anonymous_9)
FNDA:0,(anonymous_10)
FNDA:0,(anonymous_11)
FNDA:0,(anonymous_12)
FNDA:0,(anonymous_13)
FNDA:0,(anonymous_14)
FNDA:0,(anonymous_15)
FNDA:0,(anonymous_16)
FNDA:0,(anonymous_17)
FNDA:0,(anonymous_18)
FNDA:0,(anonymous_19)
FNDA:0,(anonymous_20)
FNDA:0,(anonymous_21)
FNDA:0,(anonymous_22)
FNDA:0,(anonymous_23)
FNDA:0,(anonymous_24)
FNDA:0,(anonymous_25)
FNDA:29,(anonymous_26)
FNDA:1,(anonymous_27)
DA:7,2
DA:15,40
DA:16,176
DA:17,176
DA:18,172
DA:19,172
DA:21,4
DA:22,4
DA:33,40
DA:34,170
DA:40,40
DA:53,0
DA:58,2
DA:80,0
DA:101,0
DA:102,0
DA:103,0
DA:104,0
DA:108,29
DA:115,40
LF:20
LH:14
BRDA:15,0,0,1
BRDA:108,1,0,0
BRF:2
BRH:1
end_of_record
TN:
SF:src/hooks/useLocalStorage.js
FN:12,(anonymous_0)
FN:20,(anonymous_1)
FN:39,(anonymous_2)
FN:67,(anonymous_3)
FN:68,(anonymous_4)
FN:82,(anonymous_5)
FN:88,(anonymous_6)
FN:93,(anonymous_7)
FNF:8
FNH:8
FNDA:112,(anonymous_0)
FNDA:68,(anonymous_1)
FNDA:25,(anonymous_2)
FNDA:68,(anonymous_3)
FNDA:4,(anonymous_4)
FNDA:68,(anonymous_5)
FNDA:1,(anonymous_6)
FNDA:2,(anonymous_7)
DA:12,2
DA:14,112
DA:15,3
DA:16,3
DA:20,112
DA:21,68
DA:23,68
DA:24,1
DA:27,67
DA:29,67
DA:32,1
DA:33,1
DA:39,112
DA:40,25
DA:42,25
DA:45,25
DA:46,1
DA:50,23
DA:53,23
DA:54,22
DA:55,2
DA:57,20
DA:62,2
DA:67,112
DA:68,68
DA:69,4
DA:70,3
DA:71,3
DA:73,0
DA:79,68
DA:82,68
DA:83,68
DA:88,112
DA:89,1
DA:93,112
DA:94,2
DA:95,2
DA:97,0
DA:101,112
LF:39
LH:37
BRDA:14,0,0,3
BRDA:14,0,1,109
BRDA:14,1,0,112
BRDA:14,1,1,109
BRDA:23,2,0,1
BRDA:23,2,1,67
BRDA:29,3,0,3
BRDA:29,3,1,64
BRDA:42,4,0,12
BRDA:42,4,1,13
BRDA:45,5,0,1
BRDA:45,5,1,23
BRDA:53,6,0,22
BRDA:53,6,1,1
BRDA:54,7,0,2
BRDA:54,7,1,20
BRDA:69,8,0,3
BRDA:69,8,1,1
BRDA:69,9,0,4
BRDA:69,9,1,3
BRF:20
BRH:20
end_of_record
TN:
SF:src/hooks/usePathogenData.js
FN:10,(anonymous_0)
FN:18,(anonymous_1)
FN:26,(anonymous_2)
FN:38,(anonymous_3)
FN:44,(anonymous_4)
FN:50,(anonymous_5)
FN:58,(anonymous_6)
FN:61,(anonymous_7)
FN:75,(anonymous_8)
FN:76,(anonymous_9)
FN:77,(anonymous_10)
FN:78,(anonymous_11)
FN:89,(anonymous_12)
FN:93,(anonymous_13)
FN:97,(anonymous_14)
FN:101,(anonymous_15)
FN:105,(anonymous_16)
FN:109,(anonymous_17)
FN:113,(anonymous_18)
FN:121,(anonymous_19)
FN:123,(anonymous_20)
FN:127,(anonymous_21)
FN:131,(anonymous_22)
FN:132,(anonymous_23)
FN:139,(anonymous_24)
FN:142,(anonymous_25)
FN:144,(anonymous_26)
FN:145,(anonymous_27)
FNF:28
FNH:12
FNDA:28,(anonymous_0)
FNDA:19,(anonymous_1)
FNDA:19,(anonymous_2)
FNDA:19,(anonymous_3)
FNDA:19,(anonymous_4)
FNDA:19,(anonymous_5)
FNDA:570,(anonymous_6)
FNDA:570,(anonymous_7)
FNDA:19,(anonymous_8)
FNDA:570,(anonymous_9)
FNDA:570,(anonymous_10)
FNDA:570,(anonymous_11)
FNDA:0,(anonymous_12)
FNDA:0,(anonymous_13)
FNDA:0,(anonymous_14)
FNDA:0,(anonymous_15)
FNDA:0,(anonymous_16)
FNDA:0,(anonymous_17)
FNDA:0,(anonymous_18)
FNDA:0,(anonymous_19)
FNDA:0,(anonymous_20)
FNDA:0,(anonymous_21)
FNDA:0,(anonymous_22)
FNDA:0,(anonymous_23)
FNDA:0,(anonymous_24)
FNDA:0,(anonymous_25)
FNDA:0,(anonymous_26)
FNDA:0,(anonymous_27)
DA:10,1
DA:11,28
DA:12,28
DA:13,28
DA:14,28
DA:15,28
DA:18,28
DA:19,19
DA:20,0
DA:22,19
DA:26,28
DA:27,19
DA:29,19
DA:38,28
DA:39,19
DA:40,0
DA:44,28
DA:45,19
DA:46,0
DA:50,28
DA:51,19
DA:53,19
DA:54,19
DA:55,19
DA:58,570
DA:59,19
DA:60,19
DA:61,570
DA:64,19
DA:75,28
DA:76,570
DA:77,570
DA:78,570
DA:80,19
DA:89,28
DA:90,0
DA:93,28
DA:94,0
DA:97,28
DA:98,0
DA:101,28
DA:102,0
DA:105,28
DA:106,0
DA:109,28
DA:110,0
DA:113,28
DA:114,0
DA:115,0
DA:116,0
DA:117,0
DA:121,28
DA:122,0
DA:123,0
DA:127,28
DA:128,0
DA:130,0
DA:131,0
DA:134,0
DA:135,0
DA:139,0
DA:140,0
DA:144,0
DA:145,0
DA:146,0
DA:151,28
LF:66
LH:41
BRDA:19,0,0,0
BRDA:19,0,1,19
BRDA:19,1,0,19
BRDA:19,1,1,19
BRDA:27,2,0,0
BRDA:27,2,1,19
BRDA:39,3,0,19
BRDA:39,3,1,0
BRDA:39,4,0,19
BRDA:39,4,1,19
BRDA:45,5,0,19
BRDA:45,5,1,0
BRDA:45,6,0,19
BRDA:45,6,1,19
BRDA:51,7,0,0
BRDA:51,7,1,19
BRDA:60,8,0,19
BRDA:60,8,1,0
BRDA:122,9,0,0
BRDA:122,9,1,0
BRDA:128,10,0,0
BRDA:128,10,1,0
BRDA:128,11,0,0
BRDA:128,11,1,0
BRDA:134,12,0,0
BRDA:134,12,1,0
BRDA:134,13,0,0
BRDA:134,13,1,0
BRF:28
BRH:12
end_of_record
TN:
SF:src/hooks/usePathogenRecommendations.js
FN:16,(anonymous_0)
FN:31,(anonymous_1)
FN:36,(anonymous_2)
FN:53,(anonymous_3)
FN:69,(anonymous_4)
FN:74,(anonymous_5)
FN:79,(anonymous_6)
FNF:7
FNH:0
FNDA:0,(anonymous_0)
FNDA:0,(anonymous_1)
FNDA:0,(anonymous_2)
FNDA:0,(anonymous_3)
FNDA:0,(anonymous_4)
FNDA:0,(anonymous_5)
FNDA:0,(anonymous_6)
DA:16,0
DA:17,0
DA:18,0
DA:28,0
DA:31,0
DA:32,0
DA:36,0
DA:37,0
DA:38,0
DA:39,0
DA:42,0
DA:49,0
DA:53,0
DA:54,0
DA:55,0
DA:56,0
DA:59,0
DA:65,0
DA:69,0
DA:70,0
DA:74,0
DA:75,0
DA:79,0
DA:80,0
DA:83,0
LF:25
LH:0
BRDA:16,0,0,0
BRDA:37,1,0,0
BRDA:37,1,1,0
BRDA:37,2,0,0
BRDA:37,2,1,0
BRDA:54,3,0,0
BRDA:54,3,1,0
BRF:7
BRH:0
end_of_record
TN:
SF:src/hooks/useQuizProgress.js
FN:11,(anonymous_0)
FN:16,(anonymous_1)
FN:19,(anonymous_2)
FN:22,(anonymous_3)
FN:38,(anonymous_4)
FN:51,(anonymous_5)
FN:63,(anonymous_6)
FN:71,(anonymous_7)
FN:75,(anonymous_8)
FN:88,(anonymous_9)
FN:97,(anonymous_10)
FN:102,(anonymous_11)
FN:107,(anonymous_12)
FN:108,(anonymous_13)
FN:109,(anonymous_14)
FN:116,(anonymous_15)
FN:117,(anonymous_16)
FN:122,(anonymous_17)
FN:123,(anonymous_18)
FN:153,calculateDuration
FN:162,calculateImprovementTrend
FN:170,(anonymous_21)
FN:171,(anonymous_22)
FN:180,identifyWeakAreas
FN:183,(anonymous_24)
FN:184,(anonymous_25)
FN:188,(anonymous_26)
FN:203,(anonymous_27)
FN:208,(anonymous_28)
FN:209,(anonymous_29)
FN:212,extractTopicsFromQuestion
FN:226,calculateStreakCount
FNF:32
FNH:5
FNDA:28,(anonymous_0)
FNDA:19,(anonymous_1)
FNDA:0,(anonymous_2)
FNDA:0,(anonymous_3)
FNDA:0,(anonymous_4)
FNDA:0,(anonymous_5)
FNDA:0,(anonymous_6)
FNDA:0,(anonymous_7)
FNDA:0,(anonymous_8)
FNDA:0,(anonymous_9)
FNDA:0,(anonymous_10)
FNDA:0,(anonymous_11)
FNDA:0,(anonymous_12)
FNDA:0,(anonymous_13)
FNDA:0,(anonymous_14)
FNDA:0,(anonymous_15)
FNDA:0,(anonymous_16)
FNDA:0,(anonymous_17)
FNDA:0,(anonymous_18)
FNDA:0,calculateDuration
FNDA:19,calculateImprovementTrend
FNDA:0,(anonymous_21)
FNDA:0,(anonymous_22)
FNDA:19,identifyWeakAreas
FNDA:0,(anonymous_24)
FNDA:0,(anonymous_25)
FNDA:0,(anonymous_26)
FNDA:0,(anonymous_27)
FNDA:0,(anonymous_28)
FNDA:0,(anonymous_29)
FNDA:0,extractTopicsFromQuestion
FNDA:19,calculateStreakCount
DA:11,1
DA:12,28
DA:13,28
DA:16,28
DA:17,19
DA:18,19
DA:19,0
DA:21,19
DA:22,0
DA:24,19
DA:26,19
DA:38,28
DA:39,0
DA:46,0
DA:47,0
DA:51,28
DA:52,0
DA:54,0
DA:63,0
DA:71,28
DA:72,0
DA:74,0
DA:75,0
DA:76,0
DA:78,0
DA:88,0
DA:91,0
DA:93,0
DA:97,28
DA:98,0
DA:102,28
DA:103,0
DA:107,28
DA:108,0
DA:109,0
DA:110,0
DA:114,0
DA:116,0
DA:117,0
DA:118,0
DA:122,0
DA:123,0
DA:124,0
DA:128,0
DA:136,28
DA:154,0
DA:155,0
DA:156,0
DA:157,0
DA:158,0
DA:159,0
DA:163,19
DA:165,0
DA:166,0
DA:168,0
DA:170,0
DA:171,0
DA:173,0
DA:175,0
DA:176,0
DA:177,0
DA:181,19
DA:183,19
DA:184,0
DA:186,0
DA:188,0
DA:189,0
DA:190,0
DA:193,0
DA:194,0
DA:195,0
DA:202,19
DA:203,0
DA:208,0
DA:209,0
DA:213,0
DA:214,0
DA:217,0
DA:218,0
DA:219,0
DA:220,0
DA:221,0
DA:223,0
DA:227,19
DA:229,0
DA:231,0
DA:232,0
DA:233,0
DA:235,0
DA:239,0
LF:90
LH:21
BRDA:18,0,0,0
BRDA:18,0,1,19
BRDA:21,1,0,0
BRDA:21,1,1,19
BRDA:52,2,0,0
BRDA:52,2,1,0
BRDA:72,3,0,0
BRDA:72,3,1,0
BRDA:72,4,0,0
BRDA:72,4,1,0
BRDA:114,5,0,0
BRDA:114,5,1,0
BRDA:124,6,0,0
BRDA:124,6,1,0
BRDA:163,7,0,19
BRDA:163,7,1,0
BRDA:168,8,0,0
BRDA:168,8,1,0
BRDA:175,9,0,0
BRDA:175,9,1,0
BRDA:176,10,0,0
BRDA:176,10,1,0
BRDA:189,11,0,0
BRDA:189,11,1,0
BRDA:194,12,0,0
BRDA:194,12,1,0
BRDA:208,13,0,0
BRDA:208,13,1,0
BRDA:217,14,0,0
BRDA:217,14,1,0
BRDA:218,15,0,0
BRDA:218,15,1,0
BRDA:218,16,0,0
BRDA:218,16,1,0
BRDA:219,17,0,0
BRDA:219,17,1,0
BRDA:220,18,0,0
BRDA:220,18,1,0
BRDA:221,19,0,0
BRDA:221,19,1,0
BRDA:221,20,0,0
BRDA:221,20,1,0
BRDA:223,21,0,0
BRDA:223,21,1,0
BRDA:227,22,0,19
BRDA:227,22,1,0
BRDA:232,23,0,0
BRDA:232,23,1,0
BRF:48
BRH:4
end_of_record
TN:
SF:src/hooks/useResponsive.js
FN:12,(anonymous_0)
FN:15,(anonymous_1)
FN:17,(anonymous_2)
FN:28,(anonymous_3)
FNF:4
FNH:4
FNDA:18,(anonymous_0)
FNDA:11,(anonymous_1)
FNDA:12,(anonymous_2)
FNDA:11,(anonymous_3)
DA:12,1
DA:13,18
DA:15,18
DA:17,11
DA:18,12
DA:22,11
DA:25,11
DA:28,11
DA:31,18
LF:9
LH:9
BRF:0
BRH:0
end_of_record
TN:
SF:src/hooks/useSearch.js
FN:13,(anonymous_0)
FN:14,(anonymous_1)
FN:19,(anonymous_2)
FN:23,(anonymous_3)
FN:30,(anonymous_4)
FN:31,(anonymous_5)
FN:36,(anonymous_6)
FN:48,(anonymous_7)
FNF:8
FNH:8
FNDA:3978,(anonymous_0)
FNDA:3979,(anonymous_1)
FNDA:88,(anonymous_2)
FNDA:87,(anonymous_3)
FNDA:1119,(anonymous_4)
FNDA:3978,(anonymous_5)
FNDA:1922,(anonymous_6)
FNDA:1,(anonymous_7)
DA:13,2
DA:14,3978
DA:15,3979
DA:19,2
DA:20,88
DA:23,88
DA:24,87
DA:25,54
DA:28,33
DA:30,33
DA:31,1119
DA:32,3978
DA:34,3978
DA:36,955
DA:37,1922
DA:42,3023
DA:48,88
DA:49,1
DA:53,88
DA:60,88
LF:20
LH:20
BRDA:15,0,0,3977
BRDA:15,0,1,2
BRDA:15,1,0,3979
BRDA:15,1,1,3979
BRDA:19,2,0,1
BRDA:19,3,0,0
BRDA:24,4,0,54
BRDA:24,4,1,33
BRDA:34,5,0,955
BRDA:34,5,1,3023
BRF:10
BRH:9
end_of_record
TN:
SF:src/hooks/useUserSession.js
FN:9,(anonymous_0)
FN:29,(anonymous_1)
FN:30,(anonymous_2)
FN:43,(anonymous_3)
FN:44,(anonymous_4)
FN:65,(anonymous_5)
FN:78,(anonymous_6)
FN:79,(anonymous_7)
FNF:8
FNH:0
FNDA:0,(anonymous_0)
FNDA:0,(anonymous_1)
FNDA:0,(anonymous_2)
FNDA:0,(anonymous_3)
FNDA:0,(anonymous_4)
FNDA:0,(anonymous_5)
FNDA:0,(anonymous_6)
FNDA:0,(anonymous_7)
DA:9,0
DA:10,0
DA:18,0
DA:29,0
DA:30,0
DA:31,0
DA:38,0
DA:39,0
DA:42,0
DA:43,0
DA:44,0
DA:45,0
DA:46,0
DA:47,0
DA:53,0
DA:54,0
DA:55,0
DA:58,0
DA:65,0
DA:66,0
DA:78,0
DA:79,0
DA:85,0
LF:23
LH:0
BRDA:29,0,0,0
BRDA:29,1,0,0
BRDA:42,2,0,0
BRDA:42,2,1,0
BRDA:45,3,0,0
BRDA:45,3,1,0
BRDA:46,4,0,0
BRDA:46,4,1,0
BRDA:53,5,0,0
BRDA:53,5,1,0
BRDA:54,6,0,0
BRDA:54,6,1,0
BRF:12
BRH:0
end_of_record
TN:
SF:src/utils/animations.js
FN:125,(anonymous_0)
FN:143,(anonymous_1)
FN:150,(anonymous_2)
FN:151,(anonymous_3)
FN:166,(anonymous_4)
FN:179,(anonymous_5)
FN:188,(anonymous_6)
FN:198,(anonymous_7)
FN:208,(anonymous_8)
FN:209,(anonymous_9)
FN:210,(anonymous_10)
FN:223,(anonymous_11)
FN:224,(anonymous_12)
FN:235,(anonymous_13)
FN:236,(anonymous_14)
FN:240,(anonymous_15)
FN:263,(anonymous_16)
FN:271,(anonymous_17)
FN:272,(anonymous_18)
FN:281,(anonymous_19)
FN:296,(anonymous_20)
FN:297,(anonymous_21)
FN:311,(anonymous_22)
FN:316,(anonymous_23)
FN:321,(anonymous_24)
FN:329,(anonymous_25)
FNF:26
FNH:0
FNDA:0,(anonymous_0)
FNDA:0,(anonymous_1)
FNDA:0,(anonymous_2)
FNDA:0,(anonymous_3)
FNDA:0,(anonymous_4)
FNDA:0,(anonymous_5)
FNDA:0,(anonymous_6)
FNDA:0,(anonymous_7)
FNDA:0,(anonymous_8)
FNDA:0,(anonymous_9)
FNDA:0,(anonymous_10)
FNDA:0,(anonymous_11)
FNDA:0,(anonymous_12)
FNDA:0,(anonymous_13)
FNDA:0,(anonymous_14)
FNDA:0,(anonymous_15)
FNDA:0,(anonymous_16)
FNDA:0,(anonymous_17)
FNDA:0,(anonymous_18)
FNDA:0,(anonymous_19)
FNDA:0,(anonymous_20)
FNDA:0,(anonymous_21)
FNDA:0,(anonymous_22)
FNDA:0,(anonymous_23)
FNDA:0,(anonymous_24)
FNDA:0,(anonymous_25)
DA:8,0
DA:125,0
DA:126,0
DA:129,0
DA:130,0
DA:131,0
DA:135,0
DA:136,0
DA:137,0
DA:138,0
DA:144,0
DA:145,0
DA:146,0
DA:151,0
DA:152,0
DA:153,0
DA:154,0
DA:158,0
DA:159,0
DA:163,0
DA:166,0
DA:167,0
DA:168,0
DA:170,0
DA:171,0
DA:172,0
DA:175,0
DA:176,0
DA:179,0
DA:180,0
DA:181,0
DA:189,0
DA:190,0
DA:191,0
DA:192,0
DA:193,0
DA:199,0
DA:200,0
DA:201,0
DA:203,0
DA:209,0
DA:210,0
DA:211,0
DA:212,0
DA:214,0
DA:215,0
DA:219,0
DA:224,0
DA:231,0
DA:236,0
DA:241,0
DA:242,0
DA:243,0
DA:244,0
DA:245,0
DA:247,0
DA:260,0
DA:261,0
DA:263,0
DA:264,0
DA:265,0
DA:272,0
DA:273,0
DA:275,0
DA:282,0
DA:288,0
DA:293,0
DA:297,0
DA:298,0
DA:299,0
DA:300,0
DA:301,0
DA:304,0
DA:305,0
DA:312,0
DA:313,0
DA:317,0
DA:318,0
DA:322,0
DA:323,0
DA:329,0
DA:330,0
DA:341,0
DA:345,0
DA:348,0
DA:349,0
LF:86
LH:0
BRDA:130,0,0,0
BRDA:130,0,1,0
BRDA:150,1,0,0
BRDA:150,2,0,0
BRDA:152,3,0,0
BRDA:152,3,1,0
BRDA:158,4,0,0
BRDA:158,4,1,0
BRDA:167,5,0,0
BRDA:167,5,1,0
BRDA:180,6,0,0
BRDA:180,6,1,0
BRDA:190,7,0,0
BRDA:190,7,1,0
BRDA:199,8,0,0
BRDA:200,9,0,0
BRDA:200,9,1,0
BRDA:209,10,0,0
BRDA:211,11,0,0
BRDA:211,11,1,0
BRDA:223,12,0,0
BRDA:223,13,0,0
BRDA:264,14,0,0
BRDA:264,14,1,0
BRDA:281,15,0,0
BRDA:298,16,0,0
BRDA:298,16,1,0
BRDA:298,17,0,0
BRDA:298,17,1,0
BRDA:299,18,0,0
BRDA:299,18,1,0
BRDA:304,19,0,0
BRDA:304,19,1,0
BRDA:311,20,0,0
BRDA:348,21,0,0
BRDA:348,21,1,0
BRF:36
BRH:0
end_of_record
TN:
SF:src/utils/dataIndexer.js
FN:14,(anonymous_0)
FN:51,(anonymous_1)
FN:65,(anonymous_2)
FN:74,(anonymous_3)
FN:86,(anonymous_4)
FN:95,(anonymous_5)
FN:98,(anonymous_6)
FN:100,(anonymous_7)
FN:107,(anonymous_8)
FN:134,(anonymous_9)
FN:148,(anonymous_10)
FN:157,(anonymous_11)
FN:162,(anonymous_12)
FN:167,(anonymous_13)
FN:171,(anonymous_14)
FN:192,(anonymous_15)
FN:205,(anonymous_16)
FN:213,(anonymous_17)
FN:218,(anonymous_18)
FN:222,(anonymous_19)
FN:245,(anonymous_20)
FN:247,(anonymous_21)
FN:248,(anonymous_22)
FN:258,(anonymous_23)
FN:260,(anonymous_24)
FN:262,(anonymous_25)
FN:263,(anonymous_26)
FN:268,(anonymous_27)
FN:277,(anonymous_28)
FN:290,(anonymous_29)
FN:293,(anonymous_30)
FN:294,(anonymous_31)
FN:298,(anonymous_32)
FN:305,(anonymous_33)
FN:309,(anonymous_34)
FN:318,(anonymous_35)
FN:321,(anonymous_36)
FN:322,(anonymous_37)
FN:324,(anonymous_38)
FN:347,(anonymous_39)
FN:350,(anonymous_40)
FN:352,(anonymous_41)
FN:354,(anonymous_42)
FN:365,(anonymous_43)
FN:375,(anonymous_44)
FN:409,(anonymous_45)
FN:414,(anonymous_46)
FN:415,(anonymous_47)
FN:422,(anonymous_48)
FN:431,(anonymous_49)
FN:435,(anonymous_50)
FN:451,(anonymous_51)
FN:454,(anonymous_52)
FN:455,(anonymous_53)
FN:455,(anonymous_54)
FN:456,(anonymous_55)
FN:457,(anonymous_56)
FN:457,(anonymous_57)
FN:467,(anonymous_58)
FN:476,(anonymous_59)
FN:511,(anonymous_60)
FN:512,(anonymous_61)
FN:520,(anonymous_62)
FN:521,(anonymous_63)
FN:522,(anonymous_64)
FN:523,(anonymous_65)
FN:524,(anonymous_66)
FN:532,(anonymous_67)
FN:553,(anonymous_68)
FN:557,(anonymous_69)
FN:564,(anonymous_70)
FN:569,(anonymous_71)
FN:578,(anonymous_72)
FN:583,(anonymous_73)
FN:605,(anonymous_74)
FN:616,(anonymous_75)
FN:620,(anonymous_76)
FN:625,(anonymous_77)
FN:626,(anonymous_78)
FN:632,(anonymous_79)
FN:640,(anonymous_80)
FN:643,(anonymous_81)
FN:646,(anonymous_82)
FN:659,(anonymous_83)
FN:661,(anonymous_84)
FN:663,(anonymous_85)
FN:666,(anonymous_86)
FN:667,(anonymous_87)
FN:677,(anonymous_88)
FN:684,(anonymous_89)
FNF:90
FNH:18
FNDA:38,(anonymous_0)
FNDA:1140,(anonymous_1)
FNDA:2850,(anonymous_2)
FNDA:1444,(anonymous_3)
FNDA:4028,(anonymous_4)
FNDA:1140,(anonymous_5)
FNDA:2850,(anonymous_6)
FNDA:14744,(anonymous_7)
FNDA:760,(anonymous_8)
FNDA:19,(anonymous_9)
FNDA:0,(anonymous_10)
FNDA:0,(anonymous_11)
FNDA:0,(anonymous_12)
FNDA:0,(anonymous_13)
FNDA:2147,(anonymous_14)
FNDA:19,(anonymous_15)
FNDA:0,(anonymous_16)
FNDA:0,(anonymous_17)
FNDA:0,(anonymous_18)
FNDA:2964,(anonymous_19)
FNDA:0,(anonymous_20)
FNDA:0,(anonymous_21)
FNDA:0,(anonymous_22)
FNDA:0,(anonymous_23)
FNDA:0,(anonymous_24)
FNDA:0,(anonymous_25)
FNDA:0,(anonymous_26)
FNDA:0,(anonymous_27)
FNDA:0,(anonymous_28)
FNDA:0,(anonymous_29)
FNDA:0,(anonymous_30)
FNDA:0,(anonymous_31)
FNDA:0,(anonymous_32)
FNDA:0,(anonymous_33)
FNDA:0,(anonymous_34)
FNDA:0,(anonymous_35)
FNDA:0,(anonymous_36)
FNDA:0,(anonymous_37)
FNDA:0,(anonymous_38)
FNDA:19,(anonymous_39)
FNDA:247,(anonymous_40)
FNDA:722,(anonymous_41)
FNDA:2014,(anonymous_42)
FNDA:589,(anonymous_43)
FNDA:0,(anonymous_44)
FNDA:0,(anonymous_45)
FNDA:0,(anonymous_46)
FNDA:0,(anonymous_47)
FNDA:0,(anonymous_48)
FNDA:0,(anonymous_49)
FNDA:0,(anonymous_50)
FNDA:0,(anonymous_51)
FNDA:0,(anonymous_52)
FNDA:0,(anonymous_53)
FNDA:0,(anonymous_54)
FNDA:0,(anonymous_55)
FNDA:0,(anonymous_56)
FNDA:0,(anonymous_57)
FNDA:0,(anonymous_58)
FNDA:0,(anonymous_59)
FNDA:0,(anonymous_60)
FNDA:0,(anonymous_61)
FNDA:0,(anonymous_62)
FNDA:0,(anonymous_63)
FNDA:0,(anonymous_64)
FNDA:0,(anonymous_65)
FNDA:0,(anonymous_66)
FNDA:0,(anonymous_67)
FNDA:0,(anonymous_68)
FNDA:0,(anonymous_69)
FNDA:0,(anonymous_70)
FNDA:0,(anonymous_71)
FNDA:0,(anonymous_72)
FNDA:0,(anonymous_73)
FNDA:0,(anonymous_74)
FNDA:0,(anonymous_75)
FNDA:0,(anonymous_76)
FNDA:0,(anonymous_77)
FNDA:0,(anonymous_78)
FNDA:0,(anonymous_79)
FNDA:0,(anonymous_80)
FNDA:0,(anonymous_81)
FNDA:0,(anonymous_82)
FNDA:0,(anonymous_83)
FNDA:0,(anonymous_84)
FNDA:0,(anonymous_85)
FNDA:0,(anonymous_86)
FNDA:0,(anonymous_87)
FNDA:0,(anonymous_88)
FNDA:0,(anonymous_89)
DA:14,2
DA:15,38
DA:17,38
DA:51,38
DA:53,1140
DA:56,1140
DA:57,342
DA:58,342
DA:59,798
DA:60,342
DA:61,342
DA:65,1140
DA:66,2850
DA:67,760
DA:69,2850
DA:74,38
DA:76,1444
DA:79,1444
DA:80,494
DA:82,1444
DA:83,1444
DA:86,1444
DA:87,4028
DA:88,760
DA:90,4028
DA:95,38
DA:96,1140
DA:98,1140
DA:99,2850
DA:100,14744
DA:103,1140
DA:107,38
DA:108,760
DA:109,760
DA:110,760
DA:112,760
DA:119,760
DA:123,38
DA:125,38
DA:134,2
DA:141,19
DA:143,19
DA:146,19
DA:147,0
DA:148,0
DA:149,0
DA:156,19
DA:157,0
DA:161,19
DA:162,0
DA:166,19
DA:167,0
DA:171,19
DA:172,2147
DA:174,0
DA:176,0
DA:179,2147
DA:183,19
DA:192,2
DA:198,19
DA:200,19
DA:203,19
DA:204,0
DA:205,0
DA:206,0
DA:212,19
DA:213,0
DA:217,19
DA:218,0
DA:222,19
DA:223,2964
DA:225,0
DA:227,0
DA:229,0
DA:232,2964
DA:236,19
DA:245,2
DA:246,0
DA:247,0
DA:248,0
DA:258,2
DA:259,0
DA:260,0
DA:262,0
DA:263,0
DA:264,0
DA:267,0
DA:268,0
DA:269,0
DA:270,0
DA:274,0
DA:278,0
DA:290,2
DA:291,0
DA:293,0
DA:294,0
DA:295,0
DA:298,0
DA:299,0
DA:302,0
DA:306,0
DA:309,0
DA:318,2
DA:319,0
DA:321,0
DA:322,0
DA:323,0
DA:324,0
DA:325,0
DA:328,0
DA:329,0
DA:339,0
DA:347,2
DA:348,19
DA:350,19
DA:351,247
DA:352,247
DA:353,722
DA:354,2014
DA:357,247
DA:365,589
DA:375,2
DA:376,0
DA:378,0
DA:397,0
DA:398,0
DA:402,0
DA:403,0
DA:407,0
DA:408,0
DA:409,0
DA:410,0
DA:412,0
DA:413,0
DA:414,0
DA:415,0
DA:420,0
DA:421,0
DA:422,0
DA:423,0
DA:425,0
DA:426,0
DA:427,0
DA:431,0
DA:432,0
DA:433,0
DA:435,0
DA:436,0
DA:437,0
DA:440,0
DA:441,0
DA:442,0
DA:443,0
DA:448,0
DA:451,0
DA:454,0
DA:455,0
DA:456,0
DA:457,0
DA:459,0
DA:467,2
DA:468,0
DA:476,0
DA:477,0
DA:488,0
DA:492,0
DA:493,0
DA:494,0
DA:495,0
DA:496,0
DA:499,0
DA:500,0
DA:508,0
DA:511,0
DA:512,0
DA:513,0
DA:514,0
DA:520,0
DA:521,0
DA:522,0
DA:523,0
DA:524,0
DA:526,0
DA:527,0
DA:531,0
DA:532,0
DA:533,0
DA:534,0
DA:535,0
DA:537,0
DA:540,0
DA:542,0
DA:553,2
DA:554,0
DA:555,0
DA:557,0
DA:558,0
DA:559,0
DA:560,0
DA:561,0
DA:564,0
DA:565,0
DA:569,0
DA:570,0
DA:571,0
DA:575,0
DA:578,0
DA:579,0
DA:580,0
DA:582,0
DA:583,0
DA:584,0
DA:588,0
DA:589,0
DA:590,0
DA:599,0
DA:605,0
DA:616,2
DA:617,0
DA:618,0
DA:620,0
DA:621,0
DA:624,0
DA:625,0
DA:626,0
DA:632,0
DA:635,0
DA:638,0
DA:639,0
DA:641,0
DA:643,0
DA:646,0
DA:653,0
DA:657,0
DA:658,0
DA:660,0
DA:661,0
DA:663,0
DA:664,0
DA:667,0
DA:668,0
DA:670,0
DA:677,0
DA:680,0
DA:683,0
DA:684,0
DA:687,0
LF:247
LH:77
BRDA:56,0,0,342
BRDA:56,0,1,798
BRDA:59,1,0,342
BRDA:59,1,1,456
BRDA:66,2,0,760
BRDA:66,2,1,2090
BRDA:79,3,0,494
BRDA:79,3,1,950
BRDA:87,4,0,760
BRDA:87,4,1,3268
BRDA:99,5,0,2850
BRDA:99,5,1,0
BRDA:108,6,0,760
BRDA:108,6,1,0
BRDA:109,7,0,760
BRDA:109,7,1,0
BRDA:110,8,0,760
BRDA:110,8,1,0
BRDA:134,9,0,0
BRDA:136,10,0,0
BRDA:137,11,0,0
BRDA:138,12,0,0
BRDA:139,13,0,19
BRDA:140,14,0,0
BRDA:146,15,0,0
BRDA:146,15,1,19
BRDA:149,16,0,0
BRDA:149,16,1,0
BRDA:149,16,2,0
BRDA:156,17,0,0
BRDA:156,17,1,19
BRDA:161,18,0,0
BRDA:161,18,1,19
BRDA:166,19,0,0
BRDA:166,19,1,19
BRDA:172,20,0,0
BRDA:172,20,1,0
BRDA:172,20,2,2147
BRDA:172,20,3,2147
BRDA:192,21,0,0
BRDA:194,22,0,0
BRDA:195,23,0,0
BRDA:196,24,0,19
BRDA:197,25,0,0
BRDA:203,26,0,0
BRDA:203,26,1,19
BRDA:206,27,0,0
BRDA:206,27,1,0
BRDA:212,28,0,0
BRDA:212,28,1,19
BRDA:217,29,0,0
BRDA:217,29,1,19
BRDA:223,30,0,0
BRDA:223,30,1,0
BRDA:223,30,2,0
BRDA:223,30,3,2964
BRDA:223,30,4,2964
BRDA:229,31,0,0
BRDA:229,31,1,0
BRDA:246,32,0,0
BRDA:246,32,1,0
BRDA:259,33,0,0
BRDA:259,33,1,0
BRDA:264,34,0,0
BRDA:264,34,1,0
BRDA:268,35,0,0
BRDA:268,35,1,0
BRDA:269,36,0,0
BRDA:269,36,1,0
BRDA:277,37,0,0
BRDA:277,37,1,0
BRDA:291,38,0,0
BRDA:291,38,1,0
BRDA:295,39,0,0
BRDA:295,39,1,0
BRDA:322,40,0,0
BRDA:322,40,1,0
BRDA:328,41,0,0
BRDA:328,41,1,0
BRDA:353,42,0,722
BRDA:353,42,1,0
BRDA:376,43,0,0
BRDA:376,43,1,0
BRDA:397,44,0,0
BRDA:397,44,1,0
BRDA:397,45,0,0
BRDA:397,45,1,0
BRDA:402,46,0,0
BRDA:402,46,1,0
BRDA:412,47,0,0
BRDA:412,47,1,0
BRDA:415,48,0,0
BRDA:415,48,1,0
BRDA:420,49,0,0
BRDA:420,49,1,0
BRDA:421,50,0,0
BRDA:421,50,1,0
BRDA:425,51,0,0
BRDA:425,51,1,0
BRDA:433,52,0,0
BRDA:433,52,1,0
BRDA:437,53,0,0
BRDA:437,53,1,0
BRDA:440,54,0,0
BRDA:440,54,1,0
BRDA:440,55,0,0
BRDA:440,55,1,0
BRDA:455,56,0,0
BRDA:455,56,1,0
BRDA:457,57,0,0
BRDA:457,57,1,0
BRDA:499,58,0,0
BRDA:499,58,1,0
BRDA:505,59,0,0
BRDA:505,59,1,0
BRDA:505,60,0,0
BRDA:505,60,1,0
BRDA:513,61,0,0
BRDA:513,61,1,0
BRDA:514,62,0,0
BRDA:514,62,1,0
BRDA:521,63,0,0
BRDA:521,63,1,0
BRDA:534,64,0,0
BRDA:534,64,1,0
BRDA:553,65,0,0
BRDA:558,66,0,0
BRDA:558,66,1,0
BRDA:559,67,0,0
BRDA:559,67,1,0
BRDA:559,68,0,0
BRDA:559,68,1,0
BRDA:565,69,0,0
BRDA:565,69,1,0
BRDA:565,69,2,0
BRDA:566,70,0,0
BRDA:566,70,1,0
BRDA:570,71,0,0
BRDA:570,71,1,0
BRDA:584,72,0,0
BRDA:584,72,1,0
BRDA:584,72,2,0
BRDA:584,72,3,0
BRDA:588,73,0,0
BRDA:588,73,1,0
BRDA:616,74,0,0
BRDA:616,75,0,0
BRDA:621,76,0,0
BRDA:621,76,1,0
BRDA:625,77,0,0
BRDA:625,77,1,0
BRDA:627,78,0,0
BRDA:627,78,1,0
BRDA:638,79,0,0
BRDA:638,79,1,0
BRDA:638,80,0,0
BRDA:638,80,1,0
BRDA:641,81,0,0
BRDA:641,81,1,0
BRDA:641,81,2,0
BRDA:660,82,0,0
BRDA:660,82,1,0
BRDA:661,83,0,0
BRDA:661,83,1,0
BRDA:683,84,0,0
BRDA:683,84,1,0
BRF:166
BRH:28
end_of_record
TN:
SF:src/utils/dataParser.js
FN:12,(anonymous_0)
FN:33,(anonymous_1)
FN:94,(anonymous_2)
FN:97,(anonymous_3)
FN:100,(anonymous_4)
FN:116,(anonymous_5)
FN:160,(anonymous_6)
FN:177,(anonymous_7)
FN:193,(anonymous_8)
FN:208,(anonymous_9)
FN:232,(anonymous_10)
FN:266,(anonymous_11)
FN:291,(anonymous_12)
FN:664,(anonymous_13)
FN:677,(anonymous_14)
FN:679,(anonymous_15)
FN:680,(anonymous_16)
FN:686,(anonymous_17)
FN:689,(anonymous_18)
FN:698,(anonymous_19)
FN:782,(anonymous_20)
FN:792,(anonymous_21)
FN:812,(anonymous_22)
FN:849,(anonymous_23)
FN:851,(anonymous_24)
FN:895,(anonymous_25)
FN:928,(anonymous_26)
FN:945,(anonymous_27)
FN:957,(anonymous_28)
FN:977,(anonymous_29)
FN:996,(anonymous_30)
FN:1002,(anonymous_31)
FN:1009,(anonymous_32)
FN:1027,(anonymous_33)
FN:1034,(anonymous_34)
FN:1058,(anonymous_35)
FN:1066,(anonymous_36)
FN:1076,(anonymous_37)
FN:1090,(anonymous_38)
FN:1100,(anonymous_39)
FN:1444,(anonymous_40)
FN:1449,(anonymous_41)
FN:1454,(anonymous_42)
FN:1474,(anonymous_43)
FN:1476,(anonymous_44)
FN:1498,(anonymous_45)
FN:1504,(anonymous_46)
FNF:47
FNH:20
FNDA:2926,(anonymous_0)
FNDA:14364,(anonymous_1)
FNDA:28082,(anonymous_2)
FNDA:17556,(anonymous_3)
FNDA:30096,(anonymous_4)
FNDA:26562,(anonymous_5)
FNDA:2090,(anonymous_6)
FNDA:12312,(anonymous_7)
FNDA:5016,(anonymous_8)
FNDA:5016,(anonymous_9)
FNDA:48488,(anonymous_10)
FNDA:4750,(anonymous_11)
FNDA:71402,(anonymous_12)
FNDA:0,(anonymous_13)
FNDA:0,(anonymous_14)
FNDA:0,(anonymous_15)
FNDA:0,(anonymous_16)
FNDA:0,(anonymous_17)
FNDA:0,(anonymous_18)
FNDA:0,(anonymous_19)
FNDA:0,(anonymous_20)
FNDA:0,(anonymous_21)
FNDA:0,(anonymous_22)
FNDA:0,(anonymous_23)
FNDA:0,(anonymous_24)
FNDA:0,(anonymous_25)
FNDA:0,(anonymous_26)
FNDA:0,(anonymous_27)
FNDA:0,(anonymous_28)
FNDA:0,(anonymous_29)
FNDA:0,(anonymous_30)
FNDA:0,(anonymous_31)
FNDA:0,(anonymous_32)
FNDA:0,(anonymous_33)
FNDA:0,(anonymous_34)
FNDA:0,(anonymous_35)
FNDA:0,(anonymous_36)
FNDA:0,(anonymous_37)
FNDA:0,(anonymous_38)
FNDA:0,(anonymous_39)
FNDA:38,(anonymous_40)
FNDA:760,(anonymous_41)
FNDA:2926,(anonymous_42)
FNDA:2090,(anonymous_43)
FNDA:4750,(anonymous_44)
FNDA:1140,(anonymous_45)
FNDA:1444,(anonymous_46)
DA:12,2
DA:13,2926
DA:14,0
DA:18,2926
DA:21,2926
DA:22,2926
DA:25,2926
DA:33,14364
DA:34,76
DA:38,2850
DA:39,2850
DA:40,2850
DA:41,2850
DA:42,2850
DA:45,2850
DA:46,2850
DA:47,190
DA:48,190
DA:52,2850
DA:62,2850
DA:80,2850
DA:94,28082
DA:95,76
DA:96,76
DA:97,17556
DA:98,380
DA:99,380
DA:100,30096
DA:101,380
DA:102,380
DA:106,2850
DA:107,114
DA:108,114
DA:109,2736
DA:110,0
DA:111,0
DA:112,2736
DA:113,38
DA:114,38
DA:115,38
DA:116,26562
DA:117,76
DA:121,2850
DA:141,2850
DA:143,2850
DA:160,2
DA:161,2090
DA:162,38
DA:165,2052
DA:168,2052
DA:177,2052
DA:178,12312
DA:182,2052
DA:185,76
DA:188,1976
DA:191,1976
DA:193,1976
DA:194,5016
DA:195,5016
DA:196,4750
DA:200,1976
DA:208,2
DA:209,5016
DA:212,5016
DA:215,5016
DA:216,5016
DA:219,5016
DA:232,48488
DA:233,266
DA:237,4750
DA:248,4750
DA:251,4750
DA:253,4750
DA:266,2
DA:267,4750
DA:290,4750
DA:291,71402
DA:292,4674
DA:296,76
DA:300,2
DA:664,2
DA:665,0
DA:666,0
DA:668,0
DA:669,0
DA:670,0
DA:671,0
DA:672,0
DA:673,0
DA:677,2
DA:678,0
DA:679,0
DA:680,0
DA:686,0
DA:689,2
DA:690,0
DA:691,0
DA:693,0
DA:695,0
DA:696,0
DA:698,0
DA:699,0
DA:700,0
DA:701,0
DA:704,0
DA:708,2
DA:727,2
DA:782,2
DA:783,0
DA:784,0
DA:787,0
DA:788,0
DA:789,0
DA:790,0
DA:792,0
DA:794,0
DA:805,0
DA:806,0
DA:807,0
DA:811,0
DA:812,0
DA:813,0
DA:814,0
DA:815,0
DA:818,0
DA:819,0
DA:829,0
DA:830,0
DA:834,0
DA:848,0
DA:849,0
DA:850,0
DA:851,0
DA:852,0
DA:853,0
DA:856,0
DA:857,0
DA:866,0
DA:867,0
DA:870,0
DA:871,0
DA:872,0
DA:880,0
DA:881,0
DA:885,0
DA:894,0
DA:895,0
DA:896,0
DA:897,0
DA:898,0
DA:899,0
DA:901,0
DA:921,0
DA:922,0
DA:924,0
DA:928,2
DA:929,0
DA:930,0
DA:932,0
DA:934,0
DA:936,0
DA:938,0
DA:940,0
DA:945,2
DA:946,0
DA:947,0
DA:950,0
DA:951,0
DA:952,0
DA:953,0
DA:957,2
DA:958,0
DA:959,0
DA:977,0
DA:978,0
DA:979,0
DA:980,0
DA:992,0
DA:996,2
DA:997,0
DA:999,0
DA:1002,0
DA:1003,0
DA:1004,0
DA:1005,0
DA:1006,0
DA:1009,0
DA:1010,0
DA:1011,0
DA:1012,0
DA:1013,0
DA:1019,0
DA:1027,0
DA:1028,0
DA:1029,0
DA:1030,0
DA:1031,0
DA:1034,0
DA:1035,0
DA:1036,0
DA:1037,0
DA:1038,0
DA:1045,0
DA:1052,0
DA:1056,2
DA:1058,0
DA:1066,0
DA:1076,0
DA:1090,0
DA:1100,2
DA:1101,0
DA:1102,0
DA:1104,0
DA:1431,2
DA:1444,2
DA:1445,38
DA:1446,38
DA:1447,38
DA:1449,38
DA:1450,760
DA:1453,760
DA:1454,760
DA:1455,2926
DA:1456,2926
DA:1457,2850
DA:1458,1140
DA:1465,2850
DA:1466,2850
DA:1467,2850
DA:1473,760
DA:1474,760
DA:1475,2090
DA:1476,2090
DA:1477,4750
DA:1478,4750
DA:1479,1444
DA:1487,4750
DA:1488,4750
DA:1489,4750
DA:1490,4750
DA:1498,1140
DA:1504,1444
DA:1510,38
LF:243
LH:119
BRDA:13,0,0,0
BRDA:13,0,1,2926
BRDA:13,1,0,2926
BRDA:13,1,1,2926
BRDA:33,2,0,76
BRDA:33,2,1,2850
BRDA:46,3,0,190
BRDA:46,3,1,2660
BRDA:94,4,0,76
BRDA:94,4,1,2774
BRDA:97,5,0,380
BRDA:97,5,1,2394
BRDA:100,6,0,380
BRDA:100,6,1,2014
BRDA:106,7,0,114
BRDA:106,7,1,2736
BRDA:106,8,0,2850
BRDA:106,8,1,2812
BRDA:106,8,2,2812
BRDA:109,9,0,0
BRDA:109,9,1,2736
BRDA:109,10,0,2736
BRDA:109,10,1,2736
BRDA:109,10,2,2736
BRDA:112,11,0,38
BRDA:112,11,1,2698
BRDA:116,12,0,76
BRDA:116,12,1,2622
BRDA:141,13,0,2850
BRDA:141,13,1,1178
BRDA:161,14,0,38
BRDA:161,14,1,2052
BRDA:161,15,0,2090
BRDA:161,15,1,2052
BRDA:182,16,0,76
BRDA:182,16,1,1976
BRDA:182,17,0,2052
BRDA:182,17,1,2052
BRDA:182,17,2,1976
BRDA:195,18,0,4750
BRDA:195,18,1,266
BRDA:209,19,0,0
BRDA:209,19,1,5016
BRDA:209,20,0,5016
BRDA:209,20,1,5016
BRDA:232,21,0,266
BRDA:232,21,1,4750
BRDA:248,22,0,4750
BRDA:248,22,1,4484
BRDA:291,23,0,4674
BRDA:291,23,1,13148
BRDA:291,24,0,71402
BRDA:291,24,1,66728
BRDA:666,25,0,0
BRDA:666,25,1,0
BRDA:668,26,0,0
BRDA:668,26,1,0
BRDA:668,26,2,0
BRDA:668,26,3,0
BRDA:668,26,4,0
BRDA:677,27,0,0
BRDA:693,28,0,0
BRDA:693,28,1,0
BRDA:693,29,0,0
BRDA:693,29,1,0
BRDA:701,30,0,0
BRDA:701,30,1,0
BRDA:801,31,0,0
BRDA:801,31,1,0
BRDA:805,32,0,0
BRDA:805,32,1,0
BRDA:811,33,0,0
BRDA:811,33,1,0
BRDA:814,34,0,0
BRDA:814,34,1,0
BRDA:814,35,0,0
BRDA:814,35,1,0
BRDA:818,36,0,0
BRDA:818,36,1,0
BRDA:840,37,0,0
BRDA:840,37,1,0
BRDA:848,38,0,0
BRDA:848,38,1,0
BRDA:852,39,0,0
BRDA:852,39,1,0
BRDA:852,40,0,0
BRDA:852,40,1,0
BRDA:856,41,0,0
BRDA:856,41,1,0
BRDA:863,42,0,0
BRDA:863,42,1,0
BRDA:871,43,0,0
BRDA:871,43,1,0
BRDA:877,44,0,0
BRDA:877,44,1,0
BRDA:894,45,0,0
BRDA:894,45,1,0
BRDA:897,46,0,0
BRDA:897,46,1,0
BRDA:897,47,0,0
BRDA:897,47,1,0
BRDA:930,48,0,0
BRDA:930,48,1,0
BRDA:932,49,0,0
BRDA:932,49,1,0
BRDA:932,49,2,0
BRDA:932,49,3,0
BRDA:947,50,0,0
BRDA:947,50,1,0
BRDA:947,51,0,0
BRDA:947,51,1,0
BRDA:951,52,0,0
BRDA:951,52,1,0
BRDA:952,53,0,0
BRDA:952,53,1,0
BRDA:979,54,0,0
BRDA:979,54,1,0
BRDA:979,55,0,0
BRDA:979,55,1,0
BRDA:1004,56,0,0
BRDA:1004,56,1,0
BRDA:1029,57,0,0
BRDA:1029,57,1,0
BRDA:1453,58,0,760
BRDA:1453,58,1,0
BRDA:1453,59,0,760
BRDA:1453,59,1,760
BRDA:1456,60,0,2850
BRDA:1456,60,1,76
BRDA:1456,61,0,2926
BRDA:1456,61,1,2850
BRDA:1457,62,0,1140
BRDA:1457,62,1,1710
BRDA:1473,63,0,760
BRDA:1473,63,1,0
BRDA:1473,64,0,760
BRDA:1473,64,1,760
BRDA:1477,65,0,4750
BRDA:1477,65,1,0
BRDA:1477,66,0,4750
BRDA:1477,66,1,4750
BRDA:1478,67,0,1444
BRDA:1478,67,1,3306
BRF:143
BRH:67
end_of_record
TN:
SF:src/utils/dataTransformation.js
FN:11,(anonymous_0)
FN:18,(anonymous_1)
FN:31,(anonymous_2)
FN:45,(anonymous_3)
FN:53,(anonymous_4)
FN:74,(anonymous_5)
FN:78,(anonymous_6)
FN:92,(anonymous_7)
FN:97,(anonymous_8)
FN:101,(anonymous_9)
FN:107,(anonymous_10)
FN:115,(anonymous_11)
FN:141,(anonymous_12)
FN:147,(anonymous_13)
FN:155,(anonymous_14)
FN:158,(anonymous_15)
FN:172,(anonymous_16)
FN:173,(anonymous_17)
FN:176,(anonymous_18)
FN:177,(anonymous_19)
FNF:20
FNH:0
FNDA:0,(anonymous_0)
FNDA:0,(anonymous_1)
FNDA:0,(anonymous_2)
FNDA:0,(anonymous_3)
FNDA:0,(anonymous_4)
FNDA:0,(anonymous_5)
FNDA:0,(anonymous_6)
FNDA:0,(anonymous_7)
FNDA:0,(anonymous_8)
FNDA:0,(anonymous_9)
FNDA:0,(anonymous_10)
FNDA:0,(anonymous_11)
FNDA:0,(anonymous_12)
FNDA:0,(anonymous_13)
FNDA:0,(anonymous_14)
FNDA:0,(anonymous_15)
FNDA:0,(anonymous_16)
FNDA:0,(anonymous_17)
FNDA:0,(anonymous_18)
FNDA:0,(anonymous_19)
DA:11,0
DA:12,0
DA:13,0
DA:16,0
DA:18,0
DA:19,0
DA:20,0
DA:23,0
DA:31,0
DA:32,0
DA:33,0
DA:37,0
DA:45,0
DA:46,0
DA:47,0
DA:50,0
DA:51,0
DA:53,0
DA:55,0
DA:57,0
DA:60,0
DA:65,0
DA:67,0
DA:72,0
DA:73,0
DA:74,0
DA:75,0
DA:76,0
DA:78,0
DA:79,0
DA:80,0
DA:84,0
DA:92,0
DA:93,0
DA:94,0
DA:97,0
DA:99,0
DA:103,0
DA:104,0
DA:107,0
DA:115,0
DA:116,0
DA:118,0
DA:141,0
DA:142,0
DA:143,0
DA:144,0
DA:147,0
DA:155,0
DA:156,0
DA:158,0
DA:159,0
DA:160,0
DA:161,0
DA:163,0
DA:172,0
DA:173,0
DA:174,0
DA:176,0
DA:177,0
DA:180,0
LF:61
LH:0
BRDA:12,0,0,0
BRDA:12,0,1,0
BRDA:19,1,0,0
BRDA:19,1,1,0
BRDA:32,2,0,0
BRDA:32,2,1,0
BRDA:32,3,0,0
BRDA:32,3,1,0
BRDA:46,4,0,0
BRDA:46,4,1,0
BRDA:57,5,0,0
BRDA:57,5,1,0
BRDA:60,6,0,0
BRDA:60,6,1,0
BRDA:60,7,0,0
BRDA:60,7,1,0
BRDA:60,7,2,0
BRDA:60,7,3,0
BRDA:60,7,4,0
BRDA:72,8,0,0
BRDA:72,8,1,0
BRDA:72,9,0,0
BRDA:72,9,1,0
BRDA:72,9,2,0
BRDA:76,10,0,0
BRDA:76,10,1,0
BRDA:80,11,0,0
BRDA:80,11,1,0
BRDA:93,12,0,0
BRDA:93,12,1,0
BRDA:103,13,0,0
BRDA:103,13,1,0
BRDA:116,14,0,0
BRDA:116,14,1,0
BRDA:122,15,0,0
BRDA:122,15,1,0
BRDA:123,16,0,0
BRDA:123,16,1,0
BRDA:124,17,0,0
BRDA:124,17,1,0
BRDA:125,18,0,0
BRDA:125,18,1,0
BRDA:142,19,0,0
BRDA:142,19,1,0
BRDA:160,20,0,0
BRDA:160,20,1,0
BRDA:161,21,0,0
BRDA:161,21,1,0
BRF:48
BRH:0
end_of_record
TN:
SF:src/utils/recommendationEngine.js
FN:10,(anonymous_0)
FN:26,(anonymous_1)
FN:29,(anonymous_2)
FN:53,(anonymous_3)
FN:55,(anonymous_4)
FN:57,(anonymous_5)
FN:67,(anonymous_6)
FN:71,(anonymous_7)
FN:82,(anonymous_8)
FN:89,(anonymous_9)
FN:102,(anonymous_10)
FN:112,(anonymous_11)
FN:122,(anonymous_12)
FN:129,(anonymous_13)
FN:133,(anonymous_14)
FN:134,(anonymous_15)
FN:139,(anonymous_16)
FN:151,(anonymous_17)
FN:154,(anonymous_18)
FN:156,(anonymous_19)
FN:165,(anonymous_20)
FN:171,(anonymous_21)
FN:182,(anonymous_22)
FN:189,(anonymous_23)
FN:203,(anonymous_24)
FN:222,(anonymous_25)
FN:230,(anonymous_26)
FN:232,(anonymous_27)
FN:242,(anonymous_28)
FN:249,(anonymous_29)
FN:250,(anonymous_30)
FN:266,(anonymous_31)
FN:285,(anonymous_32)
FN:287,(anonymous_33)
FN:288,(anonymous_34)
FN:289,(anonymous_35)
FN:290,(anonymous_36)
FN:291,(anonymous_37)
FN:298,(anonymous_38)
FNF:39
FNH:0
FNDA:0,(anonymous_0)
FNDA:0,(anonymous_1)
FNDA:0,(anonymous_2)
FNDA:0,(anonymous_3)
FNDA:0,(anonymous_4)
FNDA:0,(anonymous_5)
FNDA:0,(anonymous_6)
FNDA:0,(anonymous_7)
FNDA:0,(anonymous_8)
FNDA:0,(anonymous_9)
FNDA:0,(anonymous_10)
FNDA:0,(anonymous_11)
FNDA:0,(anonymous_12)
FNDA:0,(anonymous_13)
FNDA:0,(anonymous_14)
FNDA:0,(anonymous_15)
FNDA:0,(anonymous_16)
FNDA:0,(anonymous_17)
FNDA:0,(anonymous_18)
FNDA:0,(anonymous_19)
FNDA:0,(anonymous_20)
FNDA:0,(anonymous_21)
FNDA:0,(anonymous_22)
FNDA:0,(anonymous_23)
FNDA:0,(anonymous_24)
FNDA:0,(anonymous_25)
FNDA:0,(anonymous_26)
FNDA:0,(anonymous_27)
FNDA:0,(anonymous_28)
FNDA:0,(anonymous_29)
FNDA:0,(anonymous_30)
FNDA:0,(anonymous_31)
FNDA:0,(anonymous_32)
FNDA:0,(anonymous_33)
FNDA:0,(anonymous_34)
FNDA:0,(anonymous_35)
FNDA:0,(anonymous_36)
FNDA:0,(anonymous_37)
FNDA:0,(anonymous_38)
DA:10,0
DA:11,0
DA:12,0
DA:21,0
DA:22,0
DA:23,0
DA:24,0
DA:26,0
DA:28,0
DA:29,0
DA:31,0
DA:32,0
DA:37,0
DA:38,0
DA:45,0
DA:49,0
DA:51,0
DA:53,0
DA:55,0
DA:57,0
DA:67,0
DA:68,0
DA:71,0
DA:72,0
DA:74,0
DA:75,0
DA:76,0
DA:82,0
DA:83,0
DA:85,0
DA:88,0
DA:89,0
DA:97,0
DA:98,0
DA:102,0
DA:111,0
DA:112,0
DA:120,0
DA:121,0
DA:122,0
DA:129,0
DA:130,0
DA:132,0
DA:133,0
DA:136,0
DA:139,0
DA:140,0
DA:143,0
DA:151,0
DA:152,0
DA:154,0
DA:156,0
DA:157,0
DA:165,0
DA:166,0
DA:168,0
DA:170,0
DA:172,0
DA:173,0
DA:182,0
DA:183,0
DA:186,0
DA:189,0
DA:190,0
DA:192,0
DA:195,0
DA:197,0
DA:203,0
DA:204,0
DA:207,0
DA:208,0
DA:212,0
DA:213,0
DA:216,0
DA:222,0
DA:223,0
DA:224,0
DA:230,0
DA:231,0
DA:232,0
DA:233,0
DA:234,0
DA:235,0
DA:242,0
DA:243,0
DA:245,0
DA:247,0
DA:249,0
DA:250,0
DA:252,0
DA:258,0
DA:265,0
DA:266,0
DA:267,0
DA:268,0
DA:269,0
DA:279,0
DA:285,0
DA:286,0
DA:287,0
DA:288,0
DA:289,0
DA:290,0
DA:292,0
DA:297,0
DA:298,0
LF:106
LH:0
BRDA:11,0,0,0
BRDA:11,0,1,0
BRDA:11,1,0,0
BRDA:11,1,1,0
BRDA:28,2,0,0
BRDA:28,2,1,0
BRDA:31,3,0,0
BRDA:31,3,1,0
BRDA:32,4,0,0
BRDA:32,4,1,0
BRDA:37,5,0,0
BRDA:37,5,1,0
BRDA:40,6,0,0
BRDA:40,6,1,0
BRDA:45,7,0,0
BRDA:45,7,1,0
BRDA:56,8,0,0
BRDA:56,8,1,0
BRDA:68,9,0,0
BRDA:68,9,1,0
BRDA:74,10,0,0
BRDA:74,10,1,0
BRDA:75,11,0,0
BRDA:75,11,1,0
BRDA:83,12,0,0
BRDA:83,12,1,0
BRDA:83,13,0,0
BRDA:83,13,1,0
BRDA:97,14,0,0
BRDA:97,14,1,0
BRDA:130,15,0,0
BRDA:130,15,1,0
BRDA:136,16,0,0
BRDA:136,16,1,0
BRDA:139,17,0,0
BRDA:139,17,1,0
BRDA:152,18,0,0
BRDA:152,18,1,0
BRDA:166,19,0,0
BRDA:166,19,1,0
BRDA:168,20,0,0
BRDA:168,20,1,0
BRDA:172,21,0,0
BRDA:172,21,1,0
BRDA:173,22,0,0
BRDA:173,22,1,0
BRDA:186,23,0,0
BRDA:186,23,1,0
BRDA:189,24,0,0
BRDA:189,24,1,0
BRDA:195,25,0,0
BRDA:195,25,1,0
BRDA:207,26,0,0
BRDA:207,26,1,0
BRDA:212,27,0,0
BRDA:212,27,1,0
BRDA:223,28,0,0
BRDA:223,28,1,0
BRDA:233,29,0,0
BRDA:233,29,1,0
BRDA:243,30,0,0
BRDA:243,30,1,0
BRDA:247,31,0,0
BRDA:247,31,1,0
BRDA:249,32,0,0
BRDA:249,32,1,0
BRDA:250,33,0,0
BRDA:250,33,1,0
BRDA:265,34,0,0
BRDA:265,34,1,0
BRDA:268,35,0,0
BRDA:268,35,1,0
BRF:72
BRH:0
end_of_record
TN:
SF:src/utils/transformRboData.js
FN:73,(anonymous_0)
FN:96,(anonymous_1)
FNF:2
FNH:0
FNDA:0,(anonymous_0)
FNDA:0,(anonymous_1)
DA:9,0
DA:73,0
DA:74,0
DA:77,0
DA:80,0
DA:83,0
DA:84,0
DA:86,0
DA:88,0
DA:89,0
DA:96,0
DA:97,0
DA:109,0
DA:111,0
DA:115,0
LF:15
LH:0
BRF:0
BRH:0
end_of_record
